#
# A fatal error has been detected by the Java Runtime Environment:
#
#  SIGSEGV (0xb) at pc=0x000000011e2c92ae, pid=8533, tid=8195
#
# JRE version: OpenJDK Runtime Environment AdoptOpenJDK-11.0.11+9 (11.0.11+9) (build 11.0.11+9)
# Java VM: OpenJDK 64-Bit Server VM AdoptOpenJDK-11.0.11+9 (11.0.11+9, mixed mode, tiered, compressed oops, g1 gc, bsd-amd64)
# Problematic frame:
# J 3004 c2 org.processmining.framework.plugin.impl.PluginManagerImpl.checkIfRequestedReturnTypeIsPresent(Lorg/processmining/framework/plugin/PluginDescriptor;Ljava/lang/Class;)I (50 bytes) @ 0x000000011e2c92ae [0x000000011e2c9180+0x000000000000012e]
#
# No core dump will be written. Core dumps have been disabled. To enable core dumping, try "ulimit -c unlimited" before starting Java again
#
# If you would like to submit a bug report, please visit:
#   https://github.com/AdoptOpenJDK/openjdk-support/issues
#

---------------  S U M M A R Y ------------

Command Line: -Xmx4G -da -Djava.library.path=./lib -Djava.system.class.loader=org.processmining.framework.util.ProMClassLoader -Djava.util.Arrays.useLegacyMergeSort=true org.processmining.contexts.uitopia.UI

Host: MacBookPro17,1 x86_64 2400 MHz, 8 cores, 8G, Darwin 21.5.0
Time: Mon May 30 10:16:03 2022 PKT elapsed time: 12.395556 seconds (0d 0h 0m 12s)

---------------  T H R E A D  ---------------

Current thread (0x00007fdfcf808800):  JavaThread "main" [_thread_in_Java, id=8195, stack(0x0000000309404000,0x0000000309504000)]

Stack: [0x0000000309404000,0x0000000309504000],  sp=0x0000000309502e60,  free space=1019k
Native frames: (J=compiled Java code, A=aot compiled Java code, j=interpreted, Vv=VM code, C=native code)
J 3004 c2 org.processmining.framework.plugin.impl.PluginManagerImpl.checkIfRequestedReturnTypeIsPresent(Lorg/processmining/framework/plugin/PluginDescriptor;Ljava/lang/Class;)I (50 bytes) @ 0x000000011e2c92ae [0x000000011e2c9180+0x000000000000012e]
J 2978 c1 org.processmining.framework.plugin.impl.PluginManagerImpl.find(Ljava/lang/Class;Ljava/lang/Class;Ljava/lang/Class;ZZZ[Ljava/lang/Class;)Ljava/util/Set; (271 bytes) @ 0x000000011724f704 [0x000000011724e820+0x0000000000000ee4]
J 2999 c1 org.processmining.contexts.uitopia.hub.ProMViewManager.registerResourceType(Lorg/deckfour/uitopia/api/model/ResourceType;)V (266 bytes) @ 0x00000001172592ac [0x0000000117258700+0x0000000000000bac]
j  org.processmining.contexts.uitopia.hub.ProMViewManager.<init>(Lorg/processmining/contexts/uitopia/UIContext;)V+65
j  org.processmining.contexts.uitopia.hub.ProMViewManager.initialize(Lorg/processmining/contexts/uitopia/UIContext;)Lorg/processmining/contexts/uitopia/hub/ProMViewManager;+11
j  org.processmining.contexts.uitopia.UIContext.initialize()V+26
j  org.processmining.contexts.uitopia.UI.main(Lorg/processmining/framework/util/CommandLineArgumentList;)Ljava/lang/Object;+9
v  ~StubRoutines::call_stub
V  [libjvm.dylib+0x3b09e0]  _ZN9JavaCalls11call_helperEP9JavaValueRK12methodHandleP17JavaCallArgumentsP6Thread+0x21a
V  [libjvm.dylib+0x67e9e5]  _ZL6invokeP13InstanceKlassRK12methodHandle6Handleb14objArrayHandle9BasicTypeS5_bP6Thread+0x541
V  [libjvm.dylib+0x67e45a]  _ZN10Reflection13invoke_methodEP7oopDesc6Handle14objArrayHandleP6Thread+0xf4
V  [libjvm.dylib+0x43a631]  JVM_InvokeMethod+0x21e
j  jdk.internal.reflect.NativeMethodAccessorImpl.invoke0(Ljava/lang/reflect/Method;Ljava/lang/Object;[Ljava/lang/Object;)Ljava/lang/Object;+0 java.base@11.0.11
j  jdk.internal.reflect.NativeMethodAccessorImpl.invoke(Ljava/lang/Object;[Ljava/lang/Object;)Ljava/lang/Object;+100 java.base@11.0.11
J 2165 c1 jdk.internal.reflect.DelegatingMethodAccessorImpl.invoke(Ljava/lang/Object;[Ljava/lang/Object;)Ljava/lang/Object; java.base@11.0.11 (10 bytes) @ 0x00000001170372cc [0x00000001170371c0+0x000000000000010c]
J 2235 c1 java.lang.reflect.Method.invoke(Ljava/lang/Object;[Ljava/lang/Object;)Ljava/lang/Object; java.base@11.0.11 (65 bytes) @ 0x0000000117065ae4 [0x00000001170657a0+0x0000000000000344]
j  org.processmining.framework.boot.Boot.boot(Ljava/lang/Class;[Ljava/lang/String;)Ljava/lang/Object;+159
j  org.processmining.framework.boot.Boot.boot(Ljava/lang/Class;Ljava/lang/Class;[Ljava/lang/String;)V+786
j  org.processmining.contexts.uitopia.UI.main([Ljava/lang/String;)V+463
v  ~StubRoutines::call_stub
V  [libjvm.dylib+0x3b09e0]  _ZN9JavaCalls11call_helperEP9JavaValueRK12methodHandleP17JavaCallArgumentsP6Thread+0x21a
V  [libjvm.dylib+0x3f5d12]  _ZL17jni_invoke_staticP7JNIEnv_P9JavaValueP8_jobject11JNICallTypeP10_jmethodIDP18JNI_ArgumentPusherP6Thread+0x10a
V  [libjvm.dylib+0x3f9502]  jni_CallStaticVoidMethod+0x1d2
C  [libjli.dylib+0x4b29]  JavaMain+0xab0
C  [libsystem_pthread.dylib+0x64e1]  _pthread_start+0x7d
C  [libsystem_pthread.dylib+0x1f6b]  thread_start+0xf


siginfo: si_signo: 11 (SIGSEGV), si_code: 1 (SEGV_MAPERR), si_addr: 0xe0162f1600000010

Register to memory mapping:

RAX=0x0000000000000001 is an unknown value
RBX=0x0000000000000001 is an unknown value
RCX=0x000000080001f170 is a pointer to class: 
java.util.RandomAccess {0x000000080001f170}
RDX=3759550215 is a compressed pointer to object: [I 
{0x0000000700b17838} - klass: {type array int}
 - length: 0
RSP=0x0000000309502e60 is pointing into the stack for thread: 0x00007fdfcf808800
RBP=0x0 is NULL
RSI=0x00000008000b5510 is a pointer to class: 
java.util.Arrays$ArrayList {0x00000008000b5510}
RDI=0x000000000000157f is an unknown value
R8 =0xe0162f1600000000 is an unknown value
R9 =0x0000000000000048 is an unknown value
R10=0x0 is NULL
R11=742672 is a compressed pointer to class: 0x00000008000b5510
java.util.Arrays$ArrayList {0x00000008000b5510}
R12=0x0 is NULL
R13=0x0000000702020d20 is an oop: java.util.Arrays$ArrayList 
{0x0000000702020d20} - klass: 'java/util/Arrays$ArrayList'
R14=0x0000000702020d38 is an oop: [Ljava.lang.Class; 
{0x0000000702020d38} - klass: 'java/lang/Class'[]
 - length: 1
R15=0x00007fdfcf808800 is a thread


Registers:
RAX=0x0000000000000001, RBX=0x0000000000000001, RCX=0x000000080001f170, RDX=0x00000000e0162f07
RSP=0x0000000309502e60, RBP=0x0000000000000000, RSI=0x00000008000b5510, RDI=0x000000000000157f
R8 =0xe0162f1600000000, R9 =0x0000000000000048, R10=0x0000000000000000, R11=0x00000000000b5510
R12=0x0000000000000000, R13=0x0000000702020d20, R14=0x0000000702020d38, R15=0x00007fdfcf808800
RIP=0x000000011e2c92ae, EFLAGS=0x0000000000000297, ERR=0x0000000000000004
  TRAPNO=0x000000000000000e

Top of Stack: (sp=0x0000000309502e60)
0x0000000309502e60:   000000080016bf40 e0162f1600000000
0x0000000309502e70:   0000000309502eb0 0000000309502ea0
0x0000000309502e80:   0000000133161eb0 000000070201f210
0x0000000309502e90:   0000000700b17700 000000011e2c91a0
0x0000000309502ea0:   00000000000b5510 0000000000000202
0x0000000309502eb0:   0000000309503150 000000011724f704
0x0000000309502ec0:   0000000000000106 00000001331619d8
0x0000000309502ed0:   0000000702a16f20 000000070680e528
0x0000000309502ee0:   0000000000000000 000000070680e470
0x0000000309502ef0:   0000000309503150 00000001172544f4
0x0000000309502f00:   0000000704ac70b8 000000011e23f120
0x0000000309502f10:   0000000704ac70b8 000000016c8ce6be
0x0000000309502f20:   0000000702a16f20 000000070680e528
0x0000000309502f30:   00000001000002be 000000070752c8e0
0x0000000309502f40:   000000070680e490 000000011e1500a4
0x0000000309502f50:   0000000309503150 00000007002e4d38
0x0000000309502f60:   0000000700b17700 00000007002b9d60
0x0000000309502f70:   0000000000000001 00000007068179c0
0x0000000309502f80:   0000000706817a00 000000070201f210
0x0000000309502f90:   0000000000000001 0000000706830458
0x0000000309502fa0:   00000007012013e8 00000007068179a8
0x0000000309502fb0:   0000000309503150 00000001172592ac
0x0000000309502fc0:   0000000700000001 00000007068179a8
0x0000000309502fd0:   0000000700860950 0000000130842e60
0x0000000309502fe0:   0000000000000000 0000000309503008
0x0000000309502ff0:   0000000309503060 0000000116613fac
0x0000000309503000:   0000000000000000 00000007062043f0
0x0000000309503010:   00000007063c33a8 0000000309503018
0x0000000309503020:   000000013076dde2 0000000309503078
0x0000000309503030:   0000000130772960 00000001395faf98
0x0000000309503040:   0000000704ac70b8 0000000702a16f20
0x0000000309503050:   000000070680e528 0000000704b43a60 

Instructions: (pc=0x000000011e2c92ae)
0x000000011e2c91ae:   f1 66 48 0f 6e c6 44 8b 5a 08 41 81 fb 98 47 17
0x000000011e2c91be:   00 0f 85 83 0a 00 00 44 8b 52 1c 47 8b 5c d4 08
0x000000011e2c91ce:   48 be 00 00 00 00 08 00 00 00 49 03 f3 4c 8b 46
0x000000011e2c91de:   20 49 b9 70 f1 01 00 08 00 00 00 4d 3b c1 0f 85
0x000000011e2c91ee:   18 04 00 00 4f 8d 2c d4 41 81 fb 10 55 0b 00 74
0x000000011e2c91fe:   16 41 81 fb b8 02 03 00 0f 85 c8 0a 00 00 4d 8b
0x000000011e2c920e:   d5 41 8b 5a 10 eb 0c 4d 8b d5 45 8b 4a 10 43 8b
0x000000011e2c921e:   5c cc 0c 85 db 0f 8e d0 01 00 00 49 8b c6 48 8b
0x000000011e2c922e:   48 50 44 8b 49 10 41 81 fb 10 55 0b 00 0f 85 2d
0x000000011e2c923e:   0a 00 00 4d 8b d5 45 8b 52 10 43 8b 6c d4 0c 66
0x000000011e2c924e:   48 0f 6e d2 48 89 0c 24 66 48 0f 6e c8 8b 51 08
0x000000011e2c925e:   66 0f 6e ea 4f 8d 34 d4 45 33 d2 49 63 d1 66 48
0x000000011e2c926e:   0f 6e e2 66 0f 6e dd ff cd 48 8b c8 8b 51 24 48
0x000000011e2c927e:   b9 70 f1 01 00 08 00 00 00 4c 3b c1 0f 85 e1 03
0x000000011e2c928e:   00 00 66 0f 7e d8 85 c0 0f 86 f0 09 00 00 3b e8
0x000000011e2c929e:   0f 83 c0 09 00 00 4d 8b 44 d4 50 4c 89 44 24 08
0x000000011e2c92ae:   45 8b 40 10 89 44 24 10 49 63 d0 41 81 fb b8 02
0x000000011e2c92be:   03 00 0f 85 64 01 00 00 45 8b 5d 10 45 85 db 0f
0x000000011e2c92ce:   8c e9 09 00 00 45 85 db 0f 84 bc 09 00 00 41 3b
0x000000011e2c92de:   eb 0f 83 bf 09 00 00 45 8b 5d 14 43 8b 7c dc 0c
0x000000011e2c92ee:   85 ff 0f 86 d2 09 00 00 3b ef 0f 83 b2 09 00 00
0x000000011e2c92fe:   4b 8d 1c dc 41 83 f9 20 0f 84 f6 01 00 00 44 8b
0x000000011e2c930e:   5c 24 10 45 2b da 41 b9 e8 03 00 00 45 3b d9 b9
0x000000011e2c931e:   e8 03 00 00 44 0f 4f d9 45 03 da eb 11 0f 1f 44
0x000000011e2c932e:   00 00 41 ff c2 45 3b d3 0f 8d a8 00 00 00 46 8b
0x000000011e2c933e:   4c 93 10 43 8b 4c cc 08 4f 8d 2c cc 81 f9 70 20
0x000000011e2c934e:   00 00 0f 85 9a 0a 00 00 49 8b 75 50 48 85 f6 0f
0x000000011e2c935e:   84 b8 08 00 00 66 48 0f 7e e5 4c 8b 0c 2e 48 8b
0x000000011e2c936e:   0c 24 49 3b c9 0f 84 8b 00 00 00 66 41 0f 7e e9
0x000000011e2c937e:   45 85 c9 7d ad 48 8b 0c 16 48 8b 7c 24 08 48 3b
0x000000011e2c938e:   f9 74 33 41 83 f8 20 75 99 48 3b f7 74 28 48 8b
0x000000011e2c939e:   c7 50 48 8b c0 48 8b 7e 28 8b 0f 48 83 c7 08 48 


Stack slot to memory mapping:
stack at sp + 0 slots: 0x000000080016bf40 is a pointer to class: 
javax.swing.JComponent {0x000000080016bf40}
stack at sp + 1 slots: 0xe0162f1600000000 is an unknown value
stack at sp + 2 slots: 0x0000000309502eb0 is pointing into the stack for thread: 0x00007fdfcf808800
stack at sp + 3 slots: 0x0000000309502ea0 is pointing into the stack for thread: 0x00007fdfcf808800
stack at sp + 4 slots: {method} {0x0000000133161eb0} 'checkIfRequestedReturnTypeIsPresent' '(Lorg/processmining/framework/plugin/PluginDescriptor;Ljava/lang/Class;)I' in 'org/processmining/framework/plugin/impl/PluginManagerImpl'
stack at sp + 5 slots: 0x000000070201f210 is an oop: org.processmining.framework.plugin.impl.PluginDescriptorImpl 
{0x000000070201f210} - klass: 'org/processmining/framework/plugin/impl/PluginDescriptorImpl'
stack at sp + 6 slots: 0x0000000700b17700 is an oop: java.lang.Class 
{0x0000000700b17700} - klass: 'java/lang/Class'
stack at sp + 7 slots: 0x000000011e2c91a0 is at entry_point+32 in (nmethod*)0x000000011e2c8f90



---------------  P R O C E S S  ---------------

Threads class SMR info:
_java_thread_list=0x000060000141b600, length=14, elements={
0x00007fdfcf808800, 0x00007fdfcf81d000, 0x00007fdfcf822000, 0x00007fdfcf81f000,
0x00007fdfcf825800, 0x00007fdfce918800, 0x00007fdfce912800, 0x00007fdfce928000,
0x00007fdfcf8b1800, 0x00007fdfcfa3e800, 0x00007fdfce973000, 0x00007fdf884e4800,
0x00007fdfbf477000, 0x00007fdf78c2e000
}

Java Threads: ( => current thread )
=>0x00007fdfcf808800 JavaThread "main" [_thread_in_Java, id=8195, stack(0x0000000309404000,0x0000000309504000)]
  0x00007fdfcf81d000 JavaThread "Reference Handler" daemon [_thread_blocked, id=16131, stack(0x0000000309b19000,0x0000000309c19000)]
  0x00007fdfcf822000 JavaThread "Finalizer" daemon [_thread_blocked, id=21763, stack(0x0000000309c1c000,0x0000000309d1c000)]
  0x00007fdfcf81f000 JavaThread "Signal Dispatcher" daemon [_thread_blocked, id=23299, stack(0x0000000309e2f000,0x0000000309f2f000)]
  0x00007fdfcf825800 JavaThread "Service Thread" daemon [_thread_blocked, id=40707, stack(0x0000000309f32000,0x000000030a032000)]
  0x00007fdfce918800 JavaThread "C2 CompilerThread0" daemon [_thread_blocked, id=24323, stack(0x000000030a035000,0x000000030a135000)]
  0x00007fdfce912800 JavaThread "C1 CompilerThread0" daemon [_thread_blocked, id=40195, stack(0x000000030a138000,0x000000030a238000)]
  0x00007fdfce928000 JavaThread "Sweeper thread" daemon [_thread_blocked, id=39939, stack(0x000000030a23b000,0x000000030a33b000)]
  0x00007fdfcf8b1800 JavaThread "Common-Cleaner" daemon [_thread_blocked, id=38915, stack(0x000000030a33e000,0x000000030a43e000)]
  0x00007fdfcfa3e800 JavaThread "Timer-0" daemon [_thread_blocked, id=37635, stack(0x000000030a647000,0x000000030a747000)]
  0x00007fdfce973000 JavaThread "Java2D Disposer" daemon [_thread_blocked, id=44299, stack(0x000000030ac59000,0x000000030ad59000)]
  0x00007fdf884e4800 JavaThread "AppKit Thread" daemon [_thread_in_native, id=259, stack(0x0000000308b81000,0x0000000309381000)]
  0x00007fdfbf477000 JavaThread "C2 CompilerThread1" daemon [_thread_in_native, id=65035, stack(0x000000030a544000,0x000000030a644000)]
  0x00007fdf78c2e000 JavaThread "C2 CompilerThread2" daemon [_thread_blocked, id=64799, stack(0x000000030ad5c000,0x000000030ae5c000)]

Other Threads:
  0x00007fdfce907800 VMThread "VM Thread" [stack: 0x0000000309a16000,0x0000000309b16000] [id=17923]
  0x00007fdfce8b9000 WatcherThread [stack: 0x000000030a441000,0x000000030a541000] [id=38191]
  0x00007fdfce814800 GCTaskThread "GC Thread#0" [stack: 0x0000000309507000,0x0000000309607000] [id=13059]
  0x00007fdfbe94c000 GCTaskThread "GC Thread#1" [stack: 0x000000030a84d000,0x000000030a94d000] [id=37035]
  0x00007fdfbeb87800 GCTaskThread "GC Thread#2" [stack: 0x000000030a950000,0x000000030aa50000] [id=36611]
  0x00007fdfcfc48000 GCTaskThread "GC Thread#3" [stack: 0x000000030ab56000,0x000000030ac56000] [id=32051]
  0x00007fdfcfc49000 GCTaskThread "GC Thread#4" [stack: 0x000000030ae5f000,0x000000030af5f000] [id=45611]
  0x00007fdfcfc49800 GCTaskThread "GC Thread#5" [stack: 0x000000030b065000,0x000000030b165000] [id=43843]
  0x00007fdfcfc4a800 GCTaskThread "GC Thread#6" [stack: 0x000000030b168000,0x000000030b268000] [id=33799]
  0x00007fdfcfc4b000 GCTaskThread "GC Thread#7" [stack: 0x000000030b471000,0x000000030b571000] [id=31791]
  0x00007fdfce857000 ConcurrentGCThread "G1 Main Marker" [stack: 0x000000030960a000,0x000000030970a000] [id=19203]
  0x00007fdfce857800 ConcurrentGCThread "G1 Conc#0" [stack: 0x000000030970d000,0x000000030980d000] [id=14083]
  0x00007fdfcfd77800 ConcurrentGCThread "G1 Conc#1" [stack: 0x000000030a74a000,0x000000030a84a000] [id=166943]
  0x00007fdfce8b8800 ConcurrentGCThread "G1 Refine#0" [stack: 0x0000000309810000,0x0000000309910000] [id=14339]
  0x00007fdfbe808800 ConcurrentGCThread "G1 Refine#1" [stack: 0x000000030aa53000,0x000000030ab53000] [id=35843]
  0x00007fdfcf80a800 ConcurrentGCThread "G1 Young RemSet Sampling" [stack: 0x0000000309913000,0x0000000309a13000] [id=14595]

Threads with active compile tasks:
C2 CompilerThread1  12404 2986 %     4       org.processmining.framework.plugin.impl.PluginManagerImpl::find @ 41 (271 bytes)

VM state:not at safepoint (normal execution)

VM Mutex/Monitor currently owned by a thread: None

Heap address: 0x0000000700000000, size: 4096 MB, Compressed Oops mode: Zero based, Oop shift amount: 3
Narrow klass base: 0x0000000800000000, Narrow klass shift: 0
Compressed class space size: 1073741824 Address: 0x0000000800000000

Heap:
 garbage-first heap   total 131072K, used 74365K [0x0000000700000000, 0x0000000800000000)
  region size 1024K, 26 young (26624K), 2 survivors (2048K)
 Metaspace       used 36394K, capacity 36783K, committed 37376K, reserved 1081344K
  class space    used 5147K, capacity 5287K, committed 5376K, reserved 1048576K
Heap Regions: E=young(eden), S=young(survivor), O=old, HS=humongous(starts), HC=humongous(continues), CS=collection set, F=free, A=archive, TAMS=top-at-mark-start (previous, next)
|   0|0x0000000700000000, 0x0000000700100000, 0x0000000700100000|100%| O|  |TAMS 0x0000000700100000, 0x0000000700000000| Untracked 
|   1|0x0000000700100000, 0x0000000700200000, 0x0000000700200000|100%| O|  |TAMS 0x0000000700200000, 0x0000000700100000| Untracked 
|   2|0x0000000700200000, 0x0000000700300000, 0x0000000700300000|100%| O|  |TAMS 0x0000000700300000, 0x0000000700200000| Untracked 
|   3|0x0000000700300000, 0x0000000700400000, 0x0000000700400000|100%|HS|  |TAMS 0x0000000700400000, 0x0000000700300000| Complete 
|   4|0x0000000700400000, 0x0000000700500000, 0x0000000700500000|100%|HC|  |TAMS 0x0000000700500000, 0x0000000700400000| Complete 
|   5|0x0000000700500000, 0x0000000700600000, 0x0000000700600000|100%|HS|  |TAMS 0x0000000700600000, 0x0000000700500000| Complete 
|   6|0x0000000700600000, 0x0000000700700000, 0x0000000700700000|100%|HC|  |TAMS 0x0000000700700000, 0x0000000700600000| Complete 
|   7|0x0000000700700000, 0x0000000700800000, 0x0000000700800000|100%| O|  |TAMS 0x0000000700800000, 0x0000000700700000| Untracked 
|   8|0x0000000700800000, 0x0000000700900000, 0x0000000700900000|100%| O|  |TAMS 0x0000000700900000, 0x0000000700800000| Untracked 
|   9|0x0000000700900000, 0x0000000700a00000, 0x0000000700a00000|100%| O|  |TAMS 0x0000000700a00000, 0x0000000700900000| Untracked 
|  10|0x0000000700a00000, 0x0000000700b00000, 0x0000000700b00000|100%|HS|  |TAMS 0x0000000700b00000, 0x0000000700a00000| Complete 
|  11|0x0000000700b00000, 0x0000000700c00000, 0x0000000700c00000|100%| O|  |TAMS 0x0000000700c00000, 0x0000000700b00000| Untracked 
|  12|0x0000000700c00000, 0x0000000700d00000, 0x0000000700d00000|100%| O|  |TAMS 0x0000000700d00000, 0x0000000700c00000| Untracked 
|  13|0x0000000700d00000, 0x0000000700e00000, 0x0000000700e00000|100%| O|  |TAMS 0x0000000700e00000, 0x0000000700d00000| Untracked 
|  14|0x0000000700e00000, 0x0000000700f00000, 0x0000000700f00000|100%| O|  |TAMS 0x0000000700f00000, 0x0000000700e00000| Untracked 
|  15|0x0000000700f00000, 0x0000000701000000, 0x0000000701000000|100%|HS|  |TAMS 0x0000000701000000, 0x0000000700f00000| Complete 
|  16|0x0000000701000000, 0x0000000701100000, 0x0000000701100000|100%|HC|  |TAMS 0x0000000701100000, 0x0000000701000000| Complete 
|  17|0x0000000701100000, 0x0000000701200000, 0x0000000701200000|100%|HC|  |TAMS 0x0000000701200000, 0x0000000701100000| Complete 
|  18|0x0000000701200000, 0x0000000701300000, 0x0000000701300000|100%| O|  |TAMS 0x0000000701300000, 0x0000000701200000| Untracked 
|  19|0x0000000701300000, 0x0000000701400000, 0x0000000701400000|100%| O|  |TAMS 0x0000000701400000, 0x0000000701300000| Untracked 
|  20|0x0000000701400000, 0x0000000701500000, 0x0000000701500000|100%| O|  |TAMS 0x0000000701500000, 0x0000000701400000| Untracked 
|  21|0x0000000701500000, 0x0000000701600000, 0x0000000701600000|100%| O|  |TAMS 0x0000000701600000, 0x0000000701500000| Untracked 
|  22|0x0000000701600000, 0x0000000701700000, 0x0000000701700000|100%| O|  |TAMS 0x0000000701700000, 0x0000000701600000| Untracked 
|  23|0x0000000701700000, 0x0000000701800000, 0x0000000701800000|100%| O|  |TAMS 0x0000000701800000, 0x0000000701700000| Untracked 
|  24|0x0000000701800000, 0x0000000701900000, 0x0000000701900000|100%|HS|  |TAMS 0x0000000701900000, 0x0000000701800000| Complete 
|  25|0x0000000701900000, 0x0000000701a00000, 0x0000000701a00000|100%| O|  |TAMS 0x0000000701a00000, 0x0000000701900000| Untracked 
|  26|0x0000000701a00000, 0x0000000701b00000, 0x0000000701b00000|100%| O|  |TAMS 0x0000000701b00000, 0x0000000701a00000| Untracked 
|  27|0x0000000701b00000, 0x0000000701c00000, 0x0000000701c00000|100%| O|  |TAMS 0x0000000701c00000, 0x0000000701b00000| Untracked 
|  28|0x0000000701c00000, 0x0000000701d00000, 0x0000000701d00000|100%| O|  |TAMS 0x0000000701d00000, 0x0000000701c00000| Untracked 
|  29|0x0000000701d00000, 0x0000000701e00000, 0x0000000701e00000|100%| O|  |TAMS 0x0000000701e00000, 0x0000000701d00000| Untracked 
|  30|0x0000000701e00000, 0x0000000701effff8, 0x0000000701f00000| 99%| O|  |TAMS 0x0000000701effff8, 0x0000000701e00000| Untracked 
|  31|0x0000000701f00000, 0x0000000702000000, 0x0000000702000000|100%| O|  |TAMS 0x0000000702000000, 0x0000000701f00000| Untracked 
|  32|0x0000000702000000, 0x0000000702100000, 0x0000000702100000|100%| O|  |TAMS 0x0000000702100000, 0x0000000702000000| Untracked 
|  33|0x0000000702100000, 0x0000000702200000, 0x0000000702200000|100%| O|  |TAMS 0x0000000702200000, 0x0000000702100000| Untracked 
|  34|0x0000000702200000, 0x0000000702300000, 0x0000000702300000|100%| O|  |TAMS 0x0000000702300000, 0x0000000702200000| Untracked 
|  35|0x0000000702300000, 0x0000000702400000, 0x0000000702400000|100%| O|  |TAMS 0x0000000702400000, 0x0000000702300000| Untracked 
|  36|0x0000000702400000, 0x0000000702500000, 0x0000000702500000|100%| O|  |TAMS 0x0000000702500000, 0x0000000702400000| Untracked 
|  37|0x0000000702500000, 0x0000000702600000, 0x0000000702600000|100%| O|  |TAMS 0x0000000702600000, 0x0000000702500000| Untracked 
|  38|0x0000000702600000, 0x0000000702700000, 0x0000000702700000|100%|HS|  |TAMS 0x0000000702700000, 0x0000000702600000| Complete 
|  39|0x0000000702700000, 0x0000000702800000, 0x0000000702800000|100%| O|  |TAMS 0x0000000702800000, 0x0000000702700000| Untracked 
|  40|0x0000000702800000, 0x0000000702900000, 0x0000000702900000|100%| O|  |TAMS 0x0000000702849400, 0x0000000702800000| Untracked 
|  41|0x0000000702900000, 0x0000000702a00000, 0x0000000702a00000|100%| O|  |TAMS 0x0000000702900000, 0x0000000702900000| Untracked 
|  42|0x0000000702a00000, 0x0000000702b00000, 0x0000000702b00000|100%| O|  |TAMS 0x0000000702a00000, 0x0000000702a00000| Untracked 
|  43|0x0000000702b00000, 0x0000000702c00000, 0x0000000702c00000|100%| O|  |TAMS 0x0000000702b00000, 0x0000000702b00000| Untracked 
|  44|0x0000000702c00000, 0x0000000702d00000, 0x0000000702d00000|100%| O|  |TAMS 0x0000000702c00000, 0x0000000702c00000| Untracked 
|  45|0x0000000702d00000, 0x0000000702e00000, 0x0000000702e00000|100%| O|  |TAMS 0x0000000702d00000, 0x0000000702d00000| Untracked 
|  46|0x0000000702e00000, 0x0000000702f00000, 0x0000000702f00000|100%| O|  |TAMS 0x0000000702e00000, 0x0000000702e00000| Untracked 
|  47|0x0000000702f00000, 0x0000000702f9f800, 0x0000000703000000| 62%| O|  |TAMS 0x0000000702f00000, 0x0000000702f00000| Untracked 
|  48|0x0000000703000000, 0x0000000703000000, 0x0000000703100000|  0%| F|  |TAMS 0x0000000703000000, 0x0000000703000000| Untracked 
|  49|0x0000000703100000, 0x0000000703100000, 0x0000000703200000|  0%| F|  |TAMS 0x0000000703100000, 0x0000000703100000| Untracked 
|  50|0x0000000703200000, 0x0000000703200000, 0x0000000703300000|  0%| F|  |TAMS 0x0000000703200000, 0x0000000703200000| Untracked 
|  51|0x0000000703300000, 0x0000000703300000, 0x0000000703400000|  0%| F|  |TAMS 0x0000000703300000, 0x0000000703300000| Untracked 
|  52|0x0000000703400000, 0x0000000703400000, 0x0000000703500000|  0%| F|  |TAMS 0x0000000703400000, 0x0000000703400000| Untracked 
|  53|0x0000000703500000, 0x0000000703500000, 0x0000000703600000|  0%| F|  |TAMS 0x0000000703500000, 0x0000000703500000| Untracked 
|  54|0x0000000703600000, 0x0000000703600000, 0x0000000703700000|  0%| F|  |TAMS 0x0000000703600000, 0x0000000703600000| Untracked 
|  55|0x0000000703700000, 0x0000000703700000, 0x0000000703800000|  0%| F|  |TAMS 0x0000000703700000, 0x0000000703700000| Untracked 
|  56|0x0000000703800000, 0x0000000703800000, 0x0000000703900000|  0%| F|  |TAMS 0x0000000703800000, 0x0000000703800000| Untracked 
|  57|0x0000000703900000, 0x0000000703900000, 0x0000000703a00000|  0%| F|  |TAMS 0x0000000703900000, 0x0000000703900000| Untracked 
|  58|0x0000000703a00000, 0x0000000703a00000, 0x0000000703b00000|  0%| F|  |TAMS 0x0000000703a00000, 0x0000000703a00000| Untracked 
|  59|0x0000000703b00000, 0x0000000703b00000, 0x0000000703c00000|  0%| F|  |TAMS 0x0000000703b00000, 0x0000000703b00000| Untracked 
|  60|0x0000000703c00000, 0x0000000703c00000, 0x0000000703d00000|  0%| F|  |TAMS 0x0000000703c00000, 0x0000000703c00000| Untracked 
|  61|0x0000000703d00000, 0x0000000703d00000, 0x0000000703e00000|  0%| F|  |TAMS 0x0000000703d00000, 0x0000000703d00000| Untracked 
|  62|0x0000000703e00000, 0x0000000703e00000, 0x0000000703f00000|  0%| F|  |TAMS 0x0000000703e00000, 0x0000000703e00000| Untracked 
|  63|0x0000000703f00000, 0x0000000703f00000, 0x0000000704000000|  0%| F|  |TAMS 0x0000000703f00000, 0x0000000703f00000| Untracked 
|  64|0x0000000704000000, 0x0000000704000000, 0x0000000704100000|  0%| F|  |TAMS 0x0000000704000000, 0x0000000704000000| Untracked 
|  65|0x0000000704100000, 0x0000000704100000, 0x0000000704200000|  0%| F|  |TAMS 0x0000000704100000, 0x0000000704100000| Untracked 
|  66|0x0000000704200000, 0x0000000704200000, 0x0000000704300000|  0%| F|  |TAMS 0x0000000704200000, 0x0000000704200000| Untracked 
|  67|0x0000000704300000, 0x0000000704300000, 0x0000000704400000|  0%| F|  |TAMS 0x0000000704300000, 0x0000000704300000| Untracked 
|  68|0x0000000704400000, 0x0000000704400000, 0x0000000704500000|  0%| F|  |TAMS 0x0000000704400000, 0x0000000704400000| Untracked 
|  69|0x0000000704500000, 0x0000000704500000, 0x0000000704600000|  0%| F|  |TAMS 0x0000000704500000, 0x0000000704500000| Untracked 
|  70|0x0000000704600000, 0x0000000704600000, 0x0000000704700000|  0%| F|  |TAMS 0x0000000704600000, 0x0000000704600000| Untracked 
|  71|0x0000000704700000, 0x0000000704700000, 0x0000000704800000|  0%| F|  |TAMS 0x0000000704700000, 0x0000000704700000| Untracked 
|  72|0x0000000704800000, 0x0000000704800000, 0x0000000704900000|  0%| F|  |TAMS 0x0000000704800000, 0x0000000704800000| Untracked 
|  73|0x0000000704900000, 0x0000000704900000, 0x0000000704a00000|  0%| F|  |TAMS 0x0000000704900000, 0x0000000704900000| Untracked 
|  74|0x0000000704a00000, 0x0000000704b00000, 0x0000000704b00000|100%| S|CS|TAMS 0x0000000704a00000, 0x0000000704a00000| Complete 
|  75|0x0000000704b00000, 0x0000000704c00000, 0x0000000704c00000|100%| S|CS|TAMS 0x0000000704b00000, 0x0000000704b00000| Complete 
|  76|0x0000000704c00000, 0x0000000704c00000, 0x0000000704d00000|  0%| F|  |TAMS 0x0000000704c00000, 0x0000000704c00000| Untracked 
|  77|0x0000000704d00000, 0x0000000704d00000, 0x0000000704e00000|  0%| F|  |TAMS 0x0000000704d00000, 0x0000000704d00000| Untracked 
|  78|0x0000000704e00000, 0x0000000704e00000, 0x0000000704f00000|  0%| F|  |TAMS 0x0000000704e00000, 0x0000000704e00000| Untracked 
|  79|0x0000000704f00000, 0x0000000704f00000, 0x0000000705000000|  0%| F|  |TAMS 0x0000000704f00000, 0x0000000704f00000| Untracked 
|  80|0x0000000705000000, 0x0000000705000000, 0x0000000705100000|  0%| F|  |TAMS 0x0000000705000000, 0x0000000705000000| Untracked 
|  81|0x0000000705100000, 0x0000000705100000, 0x0000000705200000|  0%| F|  |TAMS 0x0000000705100000, 0x0000000705100000| Untracked 
|  82|0x0000000705200000, 0x0000000705200000, 0x0000000705300000|  0%| F|  |TAMS 0x0000000705200000, 0x0000000705200000| Untracked 
|  83|0x0000000705300000, 0x0000000705300000, 0x0000000705400000|  0%| F|  |TAMS 0x0000000705300000, 0x0000000705300000| Untracked 
|  84|0x0000000705400000, 0x0000000705400000, 0x0000000705500000|  0%| F|  |TAMS 0x0000000705400000, 0x0000000705400000| Untracked 
|  85|0x0000000705500000, 0x0000000705500000, 0x0000000705600000|  0%| F|  |TAMS 0x0000000705500000, 0x0000000705500000| Untracked 
|  86|0x0000000705600000, 0x0000000705600000, 0x0000000705700000|  0%| F|  |TAMS 0x0000000705600000, 0x0000000705600000| Untracked 
|  87|0x0000000705700000, 0x0000000705700000, 0x0000000705800000|  0%| F|  |TAMS 0x0000000705700000, 0x0000000705700000| Untracked 
|  88|0x0000000705800000, 0x0000000705800000, 0x0000000705900000|  0%| F|  |TAMS 0x0000000705800000, 0x0000000705800000| Untracked 
|  89|0x0000000705900000, 0x0000000705900000, 0x0000000705a00000|  0%| F|  |TAMS 0x0000000705900000, 0x0000000705900000| Untracked 
|  90|0x0000000705a00000, 0x0000000705a00000, 0x0000000705b00000|  0%| F|  |TAMS 0x0000000705a00000, 0x0000000705a00000| Untracked 
|  91|0x0000000705b00000, 0x0000000705b00000, 0x0000000705c00000|  0%| F|  |TAMS 0x0000000705b00000, 0x0000000705b00000| Untracked 
|  92|0x0000000705c00000, 0x0000000705c00000, 0x0000000705d00000|  0%| F|  |TAMS 0x0000000705c00000, 0x0000000705c00000| Untracked 
|  93|0x0000000705d00000, 0x0000000705d00000, 0x0000000705e00000|  0%| F|  |TAMS 0x0000000705d00000, 0x0000000705d00000| Untracked 
|  94|0x0000000705e00000, 0x0000000705e00000, 0x0000000705f00000|  0%| F|  |TAMS 0x0000000705e00000, 0x0000000705e00000| Untracked 
|  95|0x0000000705f00000, 0x0000000705f00000, 0x0000000706000000|  0%| F|  |TAMS 0x0000000705f00000, 0x0000000705f00000| Untracked 
|  96|0x0000000706000000, 0x0000000706000000, 0x0000000706100000|  0%| F|  |TAMS 0x0000000706000000, 0x0000000706000000| Untracked 
|  97|0x0000000706100000, 0x0000000706100000, 0x0000000706200000|  0%| F|  |TAMS 0x0000000706100000, 0x0000000706100000| Untracked 
|  98|0x0000000706200000, 0x0000000706200000, 0x0000000706300000|  0%| F|  |TAMS 0x0000000706200000, 0x0000000706200000| Untracked 
|  99|0x0000000706300000, 0x0000000706300000, 0x0000000706400000|  0%| F|  |TAMS 0x0000000706300000, 0x0000000706300000| Untracked 
| 100|0x0000000706400000, 0x0000000706400000, 0x0000000706500000|  0%| F|  |TAMS 0x0000000706400000, 0x0000000706400000| Untracked 
| 101|0x0000000706500000, 0x0000000706500000, 0x0000000706600000|  0%| F|  |TAMS 0x0000000706500000, 0x0000000706500000| Untracked 
| 102|0x0000000706600000, 0x0000000706600000, 0x0000000706700000|  0%| F|  |TAMS 0x0000000706600000, 0x0000000706600000| Untracked 
| 103|0x0000000706700000, 0x0000000706700000, 0x0000000706800000|  0%| F|  |TAMS 0x0000000706700000, 0x0000000706700000| Untracked 
| 104|0x0000000706800000, 0x0000000706880800, 0x0000000706900000| 50%| E|  |TAMS 0x0000000706800000, 0x0000000706800000| Complete 
| 105|0x0000000706900000, 0x0000000706a00000, 0x0000000706a00000|100%| E|CS|TAMS 0x0000000706900000, 0x0000000706900000| Complete 
| 106|0x0000000706a00000, 0x0000000706b00000, 0x0000000706b00000|100%| E|CS|TAMS 0x0000000706a00000, 0x0000000706a00000| Complete 
| 107|0x0000000706b00000, 0x0000000706c00000, 0x0000000706c00000|100%| E|CS|TAMS 0x0000000706b00000, 0x0000000706b00000| Complete 
| 108|0x0000000706c00000, 0x0000000706d00000, 0x0000000706d00000|100%| E|CS|TAMS 0x0000000706c00000, 0x0000000706c00000| Complete 
| 109|0x0000000706d00000, 0x0000000706e00000, 0x0000000706e00000|100%| E|CS|TAMS 0x0000000706d00000, 0x0000000706d00000| Complete 
| 110|0x0000000706e00000, 0x0000000706f00000, 0x0000000706f00000|100%| E|CS|TAMS 0x0000000706e00000, 0x0000000706e00000| Complete 
| 111|0x0000000706f00000, 0x0000000707000000, 0x0000000707000000|100%| E|CS|TAMS 0x0000000706f00000, 0x0000000706f00000| Complete 
| 112|0x0000000707000000, 0x0000000707100000, 0x0000000707100000|100%| E|CS|TAMS 0x0000000707000000, 0x0000000707000000| Complete 
| 113|0x0000000707100000, 0x0000000707200000, 0x0000000707200000|100%| E|CS|TAMS 0x0000000707100000, 0x0000000707100000| Complete 
| 114|0x0000000707200000, 0x0000000707300000, 0x0000000707300000|100%| E|CS|TAMS 0x0000000707200000, 0x0000000707200000| Complete 
| 115|0x0000000707300000, 0x0000000707400000, 0x0000000707400000|100%| E|CS|TAMS 0x0000000707300000, 0x0000000707300000| Complete 
| 116|0x0000000707400000, 0x0000000707500000, 0x0000000707500000|100%| E|CS|TAMS 0x0000000707400000, 0x0000000707400000| Complete 
| 117|0x0000000707500000, 0x0000000707600000, 0x0000000707600000|100%| E|CS|TAMS 0x0000000707500000, 0x0000000707500000| Complete 
| 118|0x0000000707600000, 0x0000000707700000, 0x0000000707700000|100%| E|CS|TAMS 0x0000000707600000, 0x0000000707600000| Complete 
| 119|0x0000000707700000, 0x0000000707800000, 0x0000000707800000|100%| E|CS|TAMS 0x0000000707700000, 0x0000000707700000| Complete 
| 120|0x0000000707800000, 0x0000000707900000, 0x0000000707900000|100%| E|CS|TAMS 0x0000000707800000, 0x0000000707800000| Complete 
| 121|0x0000000707900000, 0x0000000707a00000, 0x0000000707a00000|100%| E|CS|TAMS 0x0000000707900000, 0x0000000707900000| Complete 
| 122|0x0000000707a00000, 0x0000000707b00000, 0x0000000707b00000|100%| E|CS|TAMS 0x0000000707a00000, 0x0000000707a00000| Complete 
| 123|0x0000000707b00000, 0x0000000707c00000, 0x0000000707c00000|100%| E|CS|TAMS 0x0000000707b00000, 0x0000000707b00000| Complete 
| 124|0x0000000707c00000, 0x0000000707d00000, 0x0000000707d00000|100%| E|CS|TAMS 0x0000000707c00000, 0x0000000707c00000| Complete 
| 125|0x0000000707d00000, 0x0000000707e00000, 0x0000000707e00000|100%| E|CS|TAMS 0x0000000707d00000, 0x0000000707d00000| Complete 
| 126|0x0000000707e00000, 0x0000000707f00000, 0x0000000707f00000|100%| E|CS|TAMS 0x0000000707e00000, 0x0000000707e00000| Complete 
| 127|0x0000000707f00000, 0x0000000708000000, 0x0000000708000000|100%| E|CS|TAMS 0x0000000707f00000, 0x0000000707f00000| Complete 

Card table byte_map: [0x000000012560a000,0x0000000125e0a000] _byte_map_base: 0x0000000121e0a000

Marking Bits (Prev, Next): (CMBitMap*) 0x00007fdfce846418, (CMBitMap*) 0x00007fdfce846450
 Prev Bits: [0x000000012660a000, 0x000000012a60a000)
 Next Bits: [0x000000012a60a000, 0x000000012e60a000)

Polling page: 0x0000000102894000

Metaspace:

Usage:
  Non-class:     30.76 MB capacity,    30.51 MB (>99%) used,   198.02 KB ( <1%) free+waste,    51.50 KB ( <1%) overhead. 
      Class:      5.16 MB capacity,     5.03 MB ( 97%) used,   116.47 KB (  2%) free+waste,    22.75 KB ( <1%) overhead. 
       Both:     35.92 MB capacity,    35.54 MB ( 99%) used,   314.48 KB ( <1%) free+waste,    74.25 KB ( <1%) overhead. 

Virtual space:
  Non-class space:       32.00 MB reserved,      31.25 MB ( 98%) committed 
      Class space:        1.00 GB reserved,       5.25 MB ( <1%) committed 
             Both:        1.03 GB reserved,      36.50 MB (  3%) committed 

Chunk freelists:
   Non-Class:  448.00 KB
       Class:  25.00 KB
        Both:  473.00 KB

MaxMetaspaceSize: unlimited
CompressedClassSpaceSize: 1.00 GB

CodeHeap 'non-profiled nmethods': size=120032Kb used=2016Kb max_used=2016Kb free=118015Kb
 bounds [0x000000011e0d2000, 0x000000011e342000, 0x000000012560a000]
CodeHeap 'profiled nmethods': size=120028Kb used=6932Kb max_used=6932Kb free=113095Kb
 bounds [0x0000000116b9b000, 0x000000011726b000, 0x000000011e0d2000]
CodeHeap 'non-nmethods': size=5700Kb used=1134Kb max_used=1189Kb free=4565Kb
 bounds [0x000000011660a000, 0x000000011687a000, 0x0000000116b9b000]
 total_blobs=3504 nmethods=3012 adapters=405
 compilation: enabled
              stopped_count=0, restarted_count=0
 full_count=0

Compilation events (20 events):
Event: 12.376 Thread 0x00007fdfce918800 3004       4       org.processmining.framework.plugin.impl.PluginManagerImpl::checkIfRequestedReturnTypeIsPresent (50 bytes)
Event: 12.380 Thread 0x00007fdfce912800 3005       3       java.util.Arrays::legacyMergeSort (37 bytes)
Event: 12.380 Thread 0x00007fdfce912800 nmethod 3005 0x000000011725d490 code [0x000000011725d680, 0x000000011725d920]
Event: 12.386 Thread 0x00007fdf78c2e000 3006       4       org.processmining.framework.plugin.impl.PluginDescriptorImpl::equals (28 bytes)
Event: 12.386 Thread 0x00007fdfce912800 3007       3       org.processmining.framework.util.Pair::equals (26 bytes)
Event: 12.387 Thread 0x00007fdfce912800 nmethod 3007 0x000000011725da90 code [0x000000011725dc60, 0x000000011725df00]
Event: 12.387 Thread 0x00007fdfce912800 3008       3       org.processmining.contexts.uitopia.model.ProMViewType::getPrimaryType (28 bytes)
Event: 12.387 Thread 0x00007fdfce912800 nmethod 3008 0x000000011725e010 code [0x000000011725e1e0, 0x000000011725e5c0]
Event: 12.388 Thread 0x00007fdf78c2e000 nmethod 3006 0x000000011e2c8990 code [0x000000011e2c8b40, 0x000000011e2c8db8]
Event: 12.390 Thread 0x00007fdfce912800 3009       3       java.lang.Integer::compareTo (9 bytes)
Event: 12.390 Thread 0x00007fdfce912800 nmethod 3009 0x000000011725e710 code [0x000000011725e8e0, 0x000000011725ec50]
Event: 12.390 Thread 0x00007fdfce912800 3010       3       java.lang.Integer::compareTo (12 bytes)
Event: 12.390 Thread 0x00007fdfce912800 nmethod 3010 0x000000011725ed90 code [0x000000011725ef60, 0x000000011725f170]
Event: 12.390 Thread 0x00007fdfce912800 3011       3       java.lang.Integer::compare (20 bytes)
Event: 12.390 Thread 0x00007fdfce912800 nmethod 3011 0x000000011725f290 code [0x000000011725f440, 0x000000011725f5d0]
Event: 12.390 Thread 0x00007fdfce912800 3012       3       org.processmining.framework.plugin.PluginParameterBinding::compareTo (9 bytes)
Event: 12.390 Thread 0x00007fdfce912800 nmethod 3012 0x000000011725f690 code [0x000000011725f860, 0x000000011725faa0]
Event: 12.390 Thread 0x00007fdfce912800 3013       3       org.processmining.framework.plugin.PluginParameterBinding::compareTo (59 bytes)
Event: 12.391 Thread 0x00007fdfce912800 nmethod 3013 0x000000011725fb90 code [0x000000011725fd80, 0x00000001172600f0]
Event: 12.394 Thread 0x00007fdfce918800 nmethod 3004 0x000000011e2c8f90 code [0x000000011e2c9180, 0x000000011e2c9ef8]

GC Heap History (20 events):
Event: 8.157 GC heap before
{Heap before GC invocations=13 (full 0):
 garbage-first heap   total 131072K, used 105389K [0x0000000700000000, 0x0000000800000000)
  region size 1024K, 73 young (74752K), 7 survivors (7168K)
 Metaspace       used 31612K, capacity 32099K, committed 32768K, reserved 1077248K
  class space    used 4331K, capacity 4517K, committed 4608K, reserved 1048576K
}
Event: 8.159 GC heap after
{Heap after GC invocations=14 (full 0):
 garbage-first heap   total 131072K, used 40484K [0x0000000700000000, 0x0000000800000000)
  region size 1024K, 7 young (7168K), 7 survivors (7168K)
 Metaspace       used 31612K, capacity 32099K, committed 32768K, reserved 1077248K
  class space    used 4331K, capacity 4517K, committed 4608K, reserved 1048576K
}
Event: 8.819 GC heap before
{Heap before GC invocations=14 (full 0):
 garbage-first heap   total 131072K, used 107044K [0x0000000700000000, 0x0000000800000000)
  region size 1024K, 73 young (74752K), 7 survivors (7168K)
 Metaspace       used 32340K, capacity 32835K, committed 33408K, reserved 1077248K
  class space    used 4493K, capacity 4677K, committed 4736K, reserved 1048576K
}
Event: 8.822 GC heap after
{Heap after GC invocations=15 (full 0):
 garbage-first heap   total 131072K, used 42017K [0x0000000700000000, 0x0000000800000000)
  region size 1024K, 6 young (6144K), 6 survivors (6144K)
 Metaspace       used 32340K, capacity 32835K, committed 33408K, reserved 1077248K
  class space    used 4493K, capacity 4677K, committed 4736K, reserved 1048576K
}
Event: 9.454 GC heap before
{Heap before GC invocations=15 (full 0):
 garbage-first heap   total 131072K, used 107553K [0x0000000700000000, 0x0000000800000000)
  region size 1024K, 71 young (72704K), 6 survivors (6144K)
 Metaspace       used 33260K, capacity 33763K, committed 34432K, reserved 1079296K
  class space    used 4700K, capacity 4901K, committed 4992K, reserved 1048576K
}
Event: 9.457 GC heap after
{Heap after GC invocations=16 (full 0):
 garbage-first heap   total 131072K, used 42238K [0x0000000700000000, 0x0000000800000000)
  region size 1024K, 4 young (4096K), 4 survivors (4096K)
 Metaspace       used 33260K, capacity 33763K, committed 34432K, reserved 1079296K
  class space    used 4700K, capacity 4901K, committed 4992K, reserved 1048576K
}
Event: 10.113 GC heap before
{Heap before GC invocations=16 (full 0):
 garbage-first heap   total 131072K, used 108798K [0x0000000700000000, 0x0000000800000000)
  region size 1024K, 69 young (70656K), 4 survivors (4096K)
 Metaspace       used 34060K, capacity 34595K, committed 35328K, reserved 1079296K
  class space    used 4828K, capacity 5029K, committed 5120K, reserved 1048576K
}
Event: 10.114 GC heap after
{Heap after GC invocations=17 (full 0):
 garbage-first heap   total 131072K, used 42783K [0x0000000700000000, 0x0000000800000000)
  region size 1024K, 4 young (4096K), 4 survivors (4096K)
 Metaspace       used 34060K, capacity 34595K, committed 35328K, reserved 1079296K
  class space    used 4828K, capacity 5029K, committed 5120K, reserved 1048576K
}
Event: 10.751 GC heap before
{Heap before GC invocations=17 (full 0):
 garbage-first heap   total 131072K, used 110367K [0x0000000700000000, 0x0000000800000000)
  region size 1024K, 70 young (71680K), 4 survivors (4096K)
 Metaspace       used 34765K, capacity 35267K, committed 35840K, reserved 1079296K
  class space    used 4936K, capacity 5125K, committed 5248K, reserved 1048576K
}
Event: 10.753 GC heap after
{Heap after GC invocations=18 (full 0):
 garbage-first heap   total 131072K, used 46380K [0x0000000700000000, 0x0000000800000000)
  region size 1024K, 7 young (7168K), 7 survivors (7168K)
 Metaspace       used 34765K, capacity 35267K, committed 35840K, reserved 1079296K
  class space    used 4936K, capacity 5125K, committed 5248K, reserved 1048576K
}
Event: 10.811 GC heap before
{Heap before GC invocations=18 (full 0):
 garbage-first heap   total 131072K, used 51500K [0x0000000700000000, 0x0000000800000000)
  region size 1024K, 13 young (13312K), 7 survivors (7168K)
 Metaspace       used 34818K, capacity 35267K, committed 35840K, reserved 1079296K
  class space    used 4943K, capacity 5125K, committed 5248K, reserved 1048576K
}
Event: 10.813 GC heap after
{Heap after GC invocations=19 (full 0):
 garbage-first heap   total 131072K, used 46188K [0x0000000700000000, 0x0000000800000000)
  region size 1024K, 5 young (5120K), 5 survivors (5120K)
 Metaspace       used 34818K, capacity 35267K, committed 35840K, reserved 1079296K
  class space    used 4943K, capacity 5125K, committed 5248K, reserved 1048576K
}
Event: 11.329 GC heap before
{Heap before GC invocations=20 (full 0):
 garbage-first heap   total 131072K, used 95340K [0x0000000700000000, 0x0000000800000000)
  region size 1024K, 54 young (55296K), 5 survivors (5120K)
 Metaspace       used 35324K, capacity 35811K, committed 36480K, reserved 1081344K
  class space    used 5036K, capacity 5221K, committed 5248K, reserved 1048576K
}
Event: 11.331 GC heap after
{Heap after GC invocations=21 (full 0):
 garbage-first heap   total 131072K, used 46676K [0x0000000700000000, 0x0000000800000000)
  region size 1024K, 4 young (4096K), 4 survivors (4096K)
 Metaspace       used 35324K, capacity 35811K, committed 36480K, reserved 1081344K
  class space    used 5036K, capacity 5221K, committed 5248K, reserved 1048576K
}
Event: 11.982 GC heap before
{Heap before GC invocations=21 (full 0):
 garbage-first heap   total 131072K, used 97876K [0x0000000700000000, 0x0000000800000000)
  region size 1024K, 55 young (56320K), 4 survivors (4096K)
 Metaspace       used 36152K, capacity 36591K, committed 37376K, reserved 1081344K
  class space    used 5132K, capacity 5287K, committed 5376K, reserved 1048576K
}
Event: 11.986 GC heap after
{Heap after GC invocations=22 (full 0):
 garbage-first heap   total 131072K, used 49441K [0x0000000700000000, 0x0000000800000000)
  region size 1024K, 7 young (7168K), 7 survivors (7168K)
 Metaspace       used 36152K, capacity 36591K, committed 37376K, reserved 1081344K
  class space    used 5132K, capacity 5287K, committed 5376K, reserved 1048576K
}
Event: 12.238 GC heap before
{Heap before GC invocations=22 (full 0):
 garbage-first heap   total 131072K, used 99617K [0x0000000700000000, 0x0000000800000000)
  region size 1024K, 57 young (58368K), 7 survivors (7168K)
 Metaspace       used 36378K, capacity 36783K, committed 37376K, reserved 1081344K
  class space    used 5147K, capacity 5287K, committed 5376K, reserved 1048576K
}
Event: 12.243 GC heap after
{Heap after GC invocations=23 (full 0):
 garbage-first heap   total 131072K, used 50638K [0x0000000700000000, 0x0000000800000000)
  region size 1024K, 5 young (5120K), 5 survivors (5120K)
 Metaspace       used 36378K, capacity 36783K, committed 37376K, reserved 1081344K
  class space    used 5147K, capacity 5287K, committed 5376K, reserved 1048576K
}
Event: 12.352 GC heap before
{Heap before GC invocations=23 (full 0):
 garbage-first heap   total 131072K, used 102862K [0x0000000700000000, 0x0000000800000000)
  region size 1024K, 56 young (57344K), 5 survivors (5120K)
 Metaspace       used 36389K, capacity 36783K, committed 37376K, reserved 1081344K
  class space    used 5147K, capacity 5287K, committed 5376K, reserved 1048576K
}
Event: 12.354 GC heap after
{Heap after GC invocations=24 (full 0):
 garbage-first heap   total 131072K, used 50813K [0x0000000700000000, 0x0000000800000000)
  region size 1024K, 2 young (2048K), 2 survivors (2048K)
 Metaspace       used 36389K, capacity 36783K, committed 37376K, reserved 1081344K
  class space    used 5147K, capacity 5287K, committed 5376K, reserved 1048576K
}

Deoptimization events (20 events):
Event: 12.259 Thread 0x00007fdfcf808800 DEOPT PACKING pc=0x000000011724a4b5 sp=0x0000000309502d30
Event: 12.259 Thread 0x00007fdfcf808800 DEOPT UNPACKING pc=0x000000011662f9ab sp=0x00000003095022a8 mode 0
Event: 12.264 Thread 0x00007fdfcf808800 DEOPT PACKING pc=0x000000011724a4f7 sp=0x0000000309502d30
Event: 12.264 Thread 0x00007fdfcf808800 DEOPT UNPACKING pc=0x000000011662f9ab sp=0x00000003095022a8 mode 0
Event: 12.267 Thread 0x00007fdfcf808800 Uncommon trap: trap_request=0xffffffbe fr.pc=0x000000011e2be5b8 relative=0x0000000000002238
Event: 12.267 Thread 0x00007fdfcf808800 Uncommon trap: reason=profile_predicate action=maybe_recompile pc=0x000000011e2be5b8 method=org.processmining.framework.plugin.PluginParameterBinding$Factory.tryToBind(Lorg/processmining/framework/plugin/PluginManager;Lorg/processmining/framework/plugin/P
Event: 12.267 Thread 0x00007fdfcf808800 DEOPT PACKING pc=0x000000011e2be5b8 sp=0x0000000309502e80
Event: 12.267 Thread 0x00007fdfcf808800 DEOPT UNPACKING pc=0x000000011662f59f sp=0x0000000309502e20 mode 2
Event: 12.268 Thread 0x00007fdfcf808800 Uncommon trap: trap_request=0xffffffbe fr.pc=0x000000011e2be5b8 relative=0x0000000000002238
Event: 12.268 Thread 0x00007fdfcf808800 Uncommon trap: reason=profile_predicate action=maybe_recompile pc=0x000000011e2be5b8 method=org.processmining.framework.plugin.PluginParameterBinding$Factory.tryToBind(Lorg/processmining/framework/plugin/PluginManager;Lorg/processmining/framework/plugin/P
Event: 12.268 Thread 0x00007fdfcf808800 DEOPT PACKING pc=0x000000011e2be5b8 sp=0x0000000309502e80
Event: 12.268 Thread 0x00007fdfcf808800 DEOPT UNPACKING pc=0x000000011662f59f sp=0x0000000309502e20 mode 2
Event: 12.268 Thread 0x00007fdfcf808800 Uncommon trap: trap_request=0xffffffbe fr.pc=0x000000011e2be5b8 relative=0x0000000000002238
Event: 12.268 Thread 0x00007fdfcf808800 Uncommon trap: reason=profile_predicate action=maybe_recompile pc=0x000000011e2be5b8 method=org.processmining.framework.plugin.PluginParameterBinding$Factory.tryToBind(Lorg/processmining/framework/plugin/PluginManager;Lorg/processmining/framework/plugin/P
Event: 12.268 Thread 0x00007fdfcf808800 DEOPT PACKING pc=0x000000011e2be5b8 sp=0x0000000309502e80
Event: 12.268 Thread 0x00007fdfcf808800 DEOPT UNPACKING pc=0x000000011662f59f sp=0x0000000309502e20 mode 2
Event: 12.268 Thread 0x00007fdfcf808800 Uncommon trap: trap_request=0xffffffbe fr.pc=0x000000011e2be5b8 relative=0x0000000000002238
Event: 12.268 Thread 0x00007fdfcf808800 Uncommon trap: reason=profile_predicate action=maybe_recompile pc=0x000000011e2be5b8 method=org.processmining.framework.plugin.PluginParameterBinding$Factory.tryToBind(Lorg/processmining/framework/plugin/PluginManager;Lorg/processmining/framework/plugin/P
Event: 12.268 Thread 0x00007fdfcf808800 DEOPT PACKING pc=0x000000011e2be5b8 sp=0x0000000309502e80
Event: 12.268 Thread 0x00007fdfcf808800 DEOPT UNPACKING pc=0x000000011662f59f sp=0x0000000309502e20 mode 2

Classes redefined (0 events):
No events

Internal exceptions (20 events):
Event: 1.446 Thread 0x00007fdf8e820800 Exception <a 'java/security/PrivilegedActionException'{0x00000007075b3c50}> (0x00000007075b3c50) thrown at [./src/hotspot/share/prims/jvm.cpp, line 1306]
Event: 1.446 Thread 0x00007fdf8e820800 Exception <a 'java/security/PrivilegedActionException'{0x00000007075b3f20}> (0x00000007075b3f20) thrown at [./src/hotspot/share/prims/jvm.cpp, line 1306]
Event: 1.446 Thread 0x00007fdf8e820800 Exception <a 'java/security/PrivilegedActionException'{0x00000007075b49b0}> (0x00000007075b49b0) thrown at [./src/hotspot/share/prims/jvm.cpp, line 1306]
Event: 1.446 Thread 0x00007fdf8e820800 Exception <a 'java/security/PrivilegedActionException'{0x00000007075b4c80}> (0x00000007075b4c80) thrown at [./src/hotspot/share/prims/jvm.cpp, line 1306]
Event: 1.446 Thread 0x00007fdf8e820800 Exception <a 'java/security/PrivilegedActionException'{0x00000007075b5700}> (0x00000007075b5700) thrown at [./src/hotspot/share/prims/jvm.cpp, line 1306]
Event: 1.446 Thread 0x00007fdf8e820800 Exception <a 'java/security/PrivilegedActionException'{0x00000007075b59d0}> (0x00000007075b59d0) thrown at [./src/hotspot/share/prims/jvm.cpp, line 1306]
Event: 1.455 Thread 0x00007fdf8e820800 Implicit null exception at 0x000000011e1787b4 to 0x000000011e179cfc
Event: 1.459 Thread 0x00007fdf8e820800 Exception <a 'java/security/PrivilegedActionException'{0x0000000707460ae0}> (0x0000000707460ae0) thrown at [./src/hotspot/share/prims/jvm.cpp, line 1306]
Event: 1.459 Thread 0x00007fdf8e820800 Exception <a 'java/security/PrivilegedActionException'{0x0000000707460db0}> (0x0000000707460db0) thrown at [./src/hotspot/share/prims/jvm.cpp, line 1306]
Event: 1.766 Thread 0x00007fdf8e820800 Exception <a 'java/lang/ClassNotFoundException'{0x0000000705a27260}: sun/awt/resources/spi/awtProvider> (0x0000000705a27260) thrown at [./src/hotspot/share/classfile/systemDictionary.cpp, line 231]
Event: 1.805 Thread 0x00007fdf8e820800 Exception <a 'java/io/FileNotFoundException'{0x0000000705a71e10}> (0x0000000705a71e10) thrown at [./src/hotspot/share/prims/jni.cpp, line 615]
Event: 1.805 Thread 0x00007fdf8e820800 Exception <a 'java/io/FileNotFoundException'{0x0000000705a75938}> (0x0000000705a75938) thrown at [./src/hotspot/share/prims/jni.cpp, line 615]
Event: 1.899 Thread 0x00007fdf8e820800 Exception <a 'java/lang/ClassNotFoundException'{0x00000007059dffd0}: sun/awt/resources/spi/awtosxProvider> (0x00000007059dffd0) thrown at [./src/hotspot/share/classfile/systemDictionary.cpp, line 231]
Event: 1.920 Thread 0x00007fdf8e820800 Exception <a 'java/lang/NoSuchMethodError'{0x0000000705808808}: 'java.lang.Object java.lang.invoke.DirectMethodHandle$Holder.invokeStatic(java.lang.Object, java.lang.Object, java.lang.Object, java.lang.Object, java.lang.Object, java.lang.Object, java.lang.Object, java.lang.Object, int)'> (0x0000000705808808) thrown at [./src/hotspot/share/interpreter/linkResolver.cpp, line 773]
Event: 1.924 Thread 0x00007fdf8e820800 Exception <a 'java/lang/NoSuchMethodError'{0x0000000705822768}: 'java.lang.Object java.lang.invoke.DirectMethodHandle$Holder.invokeStatic(java.lang.Object, java.lang.Object, java.lang.Object, java.lang.Object, java.lang.Object, java.lang.Object, java.lang.Object, java.lang.Object, int, int)'> (0x0000000705822768) thrown at [./src/hotspot/share/interpreter/linkResolver.cpp, line 773]
Event: 5.478 Thread 0x00007fdfcfeb7000 Exception <a 'java/security/PrivilegedActionException'{0x0000000704a04a38}> (0x0000000704a04a38) thrown at [./src/hotspot/share/prims/jvm.cpp, line 1306]
Event: 5.479 Thread 0x00007fdfcfeb7000 Exception <a 'java/security/PrivilegedActionException'{0x0000000704a04d08}> (0x0000000704a04d08) thrown at [./src/hotspot/share/prims/jvm.cpp, line 1306]
Event: 7.456 Thread 0x00007fdfbf6fc000 Exception <a 'java/security/PrivilegedActionException'{0x000000070427aee0}> (0x000000070427aee0) thrown at [./src/hotspot/share/prims/jvm.cpp, line 1306]
Event: 7.456 Thread 0x00007fdfbf6fc000 Exception <a 'java/security/PrivilegedActionException'{0x000000070427b1b0}> (0x000000070427b1b0) thrown at [./src/hotspot/share/prims/jvm.cpp, line 1306]
Event: 11.617 Thread 0x00007fdfcf808800 Implicit null exception at 0x000000011e1f3889 to 0x000000011e1f3fb4

Events (20 events):
Event: 12.253 Executing VM operation: RevokeBias
Event: 12.253 Executing VM operation: RevokeBias done
Event: 12.254 Executing VM operation: RevokeBias
Event: 12.254 Executing VM operation: RevokeBias done
Event: 12.254 Executing VM operation: RevokeBias
Event: 12.254 Executing VM operation: RevokeBias done
Event: 12.255 Executing VM operation: RevokeBias
Event: 12.255 Executing VM operation: RevokeBias done
Event: 12.255 Executing VM operation: RevokeBias
Event: 12.255 Executing VM operation: RevokeBias done
Event: 12.255 Executing VM operation: RevokeBias
Event: 12.256 Executing VM operation: RevokeBias done
Event: 12.256 Executing VM operation: RevokeBias
Event: 12.256 Executing VM operation: RevokeBias done
Event: 12.257 Executing VM operation: RevokeBias
Event: 12.257 Executing VM operation: RevokeBias done
Event: 12.257 Executing VM operation: BulkRevokeBias
Event: 12.257 Executing VM operation: BulkRevokeBias done
Event: 12.352 Executing VM operation: G1CollectForAllocation
Event: 12.354 Executing VM operation: G1CollectForAllocation done


Dynamic libraries:
0x000000010aec3000 	/Library/Java/JavaVirtualMachines/adoptopenjdk-11.jdk/Contents/Home/lib/jli/libjli.dylib
0x00007ff834390000 	/System/Library/Frameworks/Cocoa.framework/Versions/A/Cocoa
0x00007ff81fa7c000 	/System/Library/Frameworks/AppKit.framework/Versions/C/AppKit
0x00007ff822fed000 	/System/Library/Frameworks/CoreData.framework/Versions/A/CoreData
0x00007ff81de80000 	/System/Library/Frameworks/Foundation.framework/Versions/C/Foundation
0x00007ff828267000 	/usr/lib/libSystem.B.dylib
0x00007ff82090b000 	/System/Library/PrivateFrameworks/UIFoundation.framework/Versions/A/UIFoundation
0x00007ff82e294000 	/System/Library/PrivateFrameworks/RemoteViewServices.framework/Versions/A/RemoteViewServices
0x00007ff826533000 	/System/Library/PrivateFrameworks/XCTTargetBootstrap.framework/Versions/A/XCTTargetBootstrap
0x00007ff82a12c000 	/System/Library/PrivateFrameworks/InternationalSupport.framework/Versions/A/InternationalSupport
0x00007ff82a1b6000 	/System/Library/PrivateFrameworks/UserActivity.framework/Versions/A/UserActivity
0x00007ff829510000 	/usr/lib/libspindump.dylib
0x00007ff820b99000 	/System/Library/Frameworks/UniformTypeIdentifiers.framework/Versions/A/UniformTypeIdentifiers
0x00007ff824c5b000 	/usr/lib/libapp_launch_measurement.dylib
0x00007ff8239ce000 	/System/Library/PrivateFrameworks/CoreAnalytics.framework/Versions/A/CoreAnalytics
0x00007ff824c5e000 	/System/Library/PrivateFrameworks/CoreAutoLayout.framework/Versions/A/CoreAutoLayout
0x00007ff825e8d000 	/System/Library/Frameworks/Metal.framework/Versions/A/Metal
0x00007ff826bb9000 	/usr/lib/liblangid.dylib
0x00007ff826538000 	/System/Library/PrivateFrameworks/CoreSVG.framework/Versions/A/CoreSVG
0x00007ff821f84000 	/System/Library/PrivateFrameworks/SkyLight.framework/Versions/A/SkyLight
0x00007ff822322000 	/System/Library/Frameworks/CoreGraphics.framework/Versions/A/CoreGraphics
0x00007ff82e954000 	/System/Library/Frameworks/Accelerate.framework/Versions/A/Accelerate
0x00007ff828f8f000 	/System/Library/PrivateFrameworks/IconServices.framework/Versions/A/IconServices
0x00007ff825e72000 	/System/Library/Frameworks/IOSurface.framework/Versions/A/IOSurface
0x00007ff8239fc000 	/usr/lib/libDiagnosticMessagesClient.dylib
0x00007ff828181000 	/usr/lib/libz.1.dylib
0x00007ff832034000 	/System/Library/Frameworks/ApplicationServices.framework/Versions/A/ApplicationServices
0x00007ff82651f000 	/System/Library/PrivateFrameworks/DFRFoundation.framework/Versions/A/DFRFoundation
0x00007ff81f364000 	/usr/lib/libicucore.A.dylib
0x00007ff82af21000 	/System/Library/Frameworks/AudioToolbox.framework/Versions/A/AudioToolbox
0x00007ff82a138000 	/System/Library/PrivateFrameworks/DataDetectorsCore.framework/Versions/A/DataDetectorsCore
0x00007ff926230000 	/System/Library/PrivateFrameworks/TextInput.framework/Versions/A/TextInput
0x00007ff821f07000 	/usr/lib/libMobileGestalt.dylib
0x00007ff82622b000 	/System/Library/Frameworks/Carbon.framework/Versions/A/Frameworks/HIToolbox.framework/Versions/A/HIToolbox
0x00007ff824661000 	/System/Library/Frameworks/QuartzCore.framework/Versions/A/QuartzCore
0x00007ff81f009000 	/System/Library/Frameworks/Security.framework/Versions/A/Security
0x00007ff82e2cc000 	/System/Library/Frameworks/Carbon.framework/Versions/A/Frameworks/SpeechRecognition.framework/Versions/A/SpeechRecognition
0x00007ff8249bb000 	/System/Library/PrivateFrameworks/CoreUI.framework/Versions/A/CoreUI
0x00007ff81e8d4000 	/System/Library/Frameworks/CoreAudio.framework/Versions/A/CoreAudio
0x00007ff823aeb000 	/System/Library/Frameworks/DiskArbitration.framework/Versions/A/DiskArbitration
0x00007ff8298fc000 	/System/Library/PrivateFrameworks/MultitouchSupport.framework/Versions/A/MultitouchSupport
0x00007ff821f06000 	/usr/lib/libenergytrace.dylib
0x00007ff81f968000 	/System/Library/Frameworks/IOKit.framework/Versions/A/IOKit
0x00007ff82e6bc000 	/System/Library/Frameworks/CoreServices.framework/Versions/A/CoreServices
0x00007ff824bf5000 	/System/Library/PrivateFrameworks/PerformanceAnalysis.framework/Versions/A/PerformanceAnalysis
0x00007ffa35e61000 	/System/Library/Frameworks/OpenGL.framework/Versions/A/OpenGL
0x00007ff82779d000 	/System/Library/PrivateFrameworks/MobileKeyBag.framework/Versions/A/MobileKeyBag
0x00007ff81cf0e000 	/usr/lib/libobjc.A.dylib
0x00007ff822a4c000 	/System/Library/Frameworks/ColorSync.framework/Versions/A/ColorSync
0x00007ff81d0c8000 	/System/Library/Frameworks/CoreFoundation.framework/Versions/A/CoreFoundation
0x00007ff8267af000 	/System/Library/Frameworks/CoreImage.framework/Versions/A/CoreImage
0x00007ff81e6e8000 	/System/Library/Frameworks/CoreText.framework/Versions/A/CoreText
0x00007ff826568000 	/System/Library/Frameworks/ImageIO.framework/Versions/A/ImageIO
0x00007ff82826d000 	/System/Library/PrivateFrameworks/SoftLinking.framework/Versions/A/SoftLinking
0x00007ff824ca6000 	/usr/lib/libxml2.2.dylib
0x00007ff81cfd4000 	/usr/lib/libc++.1.dylib
0x00007ff8284ee000 	/usr/lib/libcompression.dylib
0x00007ff82a05f000 	/System/Library/PrivateFrameworks/TextureIO.framework/Versions/A/TextureIO
0x00007ff828c08000 	/usr/lib/libate.dylib
0x00007ff828262000 	/usr/lib/system/libcache.dylib
0x00007ff82821e000 	/usr/lib/system/libcommonCrypto.dylib
0x00007ff828247000 	/usr/lib/system/libcompiler_rt.dylib
0x00007ff82823d000 	/usr/lib/system/libcopyfile.dylib
0x00007ff81ce09000 	/usr/lib/system/libcorecrypto.dylib
0x00007ff81cec7000 	/usr/lib/system/libdispatch.dylib
0x00007ff81d087000 	/usr/lib/system/libdyld.dylib
0x00007ff828259000 	/usr/lib/system/libkeymgr.dylib
0x00007ff8281fc000 	/usr/lib/system/libmacho.dylib
0x00007ff827877000 	/usr/lib/system/libquarantine.dylib
0x00007ff828257000 	/usr/lib/system/libremovefile.dylib
0x00007ff821f54000 	/usr/lib/system/libsystem_asl.dylib
0x00007ff81cdb2000 	/usr/lib/system/libsystem_blocks.dylib
0x00007ff81cf4b000 	/usr/lib/system/libsystem_c.dylib
0x00007ff82824f000 	/usr/lib/system/libsystem_collections.dylib
0x00007ff826ba9000 	/usr/lib/system/libsystem_configuration.dylib
0x00007ff825e55000 	/usr/lib/system/libsystem_containermanager.dylib
0x00007ff827f2e000 	/usr/lib/system/libsystem_coreservices.dylib
0x00007ff81f5f8000 	/usr/lib/system/libsystem_darwin.dylib
0x00007ff82825a000 	/usr/lib/system/libsystem_dnssd.dylib
0x00007ff81cf48000 	/usr/lib/system/libsystem_featureflags.dylib
0x00007ff81d09d000 	/usr/lib/system/libsystem_info.dylib
0x00007ff828194000 	/usr/lib/system/libsystem_m.dylib
0x00007ff81ce9b000 	/usr/lib/system/libsystem_malloc.dylib
0x00007ff821eef000 	/usr/lib/system/libsystem_networkextension.dylib
0x00007ff81fa1e000 	/usr/lib/system/libsystem_notify.dylib
0x00007ff82e591000 	/usr/lib/system/libsystem_product_info_filter.dylib
0x00007ff826bad000 	/usr/lib/system/libsystem_sandbox.dylib
0x00007ff828254000 	/usr/lib/system/libsystem_secinit.dylib
0x00007ff81d043000 	/usr/lib/system/libsystem_kernel.dylib
0x00007ff81d093000 	/usr/lib/system/libsystem_platform.dylib
0x00007ff81d07b000 	/usr/lib/system/libsystem_pthread.dylib
0x00007ff82380e000 	/usr/lib/system/libsystem_symptoms.dylib
0x00007ff81cdf0000 	/usr/lib/system/libsystem_trace.dylib
0x00007ff82822a000 	/usr/lib/system/libunwind.dylib
0x00007ff81cdb4000 	/usr/lib/system/libxpc.dylib
0x00007ff81d02d000 	/usr/lib/libc++abi.dylib
0x00007ff828235000 	/usr/lib/liboah.dylib
0x00007ff8289c6000 	/usr/lib/liblzma.5.dylib
0x00007ff81db8f000 	/System/Library/Frameworks/SystemConfiguration.framework/Versions/A/SystemConfiguration
0x00007ff828269000 	/usr/lib/libfakelink.dylib
0x00007ff821a60000 	/System/Library/Frameworks/CFNetwork.framework/Versions/A/CFNetwork
0x00007ff8283aa000 	/usr/lib/libarchive.2.dylib
0x00007ff826bb5000 	/System/Library/PrivateFrameworks/AppleSystemInfo.framework/Versions/A/AppleSystemInfo
0x00007ff82789e000 	/usr/lib/libbsm.0.dylib
0x00007ff82106f000 	/usr/lib/libnetwork.dylib
0x00007ff828202000 	/usr/lib/system/libkxld.dylib
0x00007ff8274d1000 	/System/Library/PrivateFrameworks/IOMobileFramebuffer.framework/Versions/A/IOMobileFramebuffer
0x00007ffb35225000 	/usr/lib/libCoreEntitlements.dylib
0x00007ff827f10000 	/System/Library/PrivateFrameworks/AppleFSCompression.framework/Versions/A/AppleFSCompression
0x00007ff827886000 	/usr/lib/libcoretls.dylib
0x00007ff8289e0000 	/usr/lib/libcoretls_cfhelpers.dylib
0x00007ff8284e9000 	/usr/lib/libpam.2.dylib
0x00007ff823431000 	/usr/lib/libsqlite3.dylib
0x00007ff828a4f000 	/usr/lib/libxar.1.dylib
0x00007ff827f20000 	/usr/lib/libbz2.1.0.dylib
0x00007ff82826e000 	/usr/lib/libpcap.A.dylib
0x00007ff823806000 	/usr/lib/libdns_services.dylib
0x00007ff8284bc000 	/usr/lib/libapple_nghttp2.dylib
0x00007ff8282a8000 	/usr/lib/libiconv.2.dylib
0x00007ff8281fb000 	/usr/lib/libcharset.1.dylib
0x00007ff824c29000 	/System/Library/Frameworks/CoreServices.framework/Versions/A/Frameworks/FSEvents.framework/Versions/A/FSEvents
0x00007ff81f602000 	/System/Library/Frameworks/CoreServices.framework/Versions/A/Frameworks/CarbonCore.framework/Versions/A/CarbonCore
0x00007ff823a4f000 	/System/Library/Frameworks/CoreServices.framework/Versions/A/Frameworks/Metadata.framework/Versions/A/Metadata
0x00007ff827f33000 	/System/Library/Frameworks/CoreServices.framework/Versions/A/Frameworks/OSServices.framework/Versions/A/OSServices
0x00007ff828431000 	/System/Library/Frameworks/CoreServices.framework/Versions/A/Frameworks/SearchKit.framework/Versions/A/SearchKit
0x00007ff823799000 	/System/Library/Frameworks/CoreServices.framework/Versions/A/Frameworks/AE.framework/Versions/A/AE
0x00007ff81d5c9000 	/System/Library/Frameworks/CoreServices.framework/Versions/A/Frameworks/LaunchServices.framework/Versions/A/LaunchServices
0x00007ff828977000 	/System/Library/Frameworks/CoreServices.framework/Versions/A/Frameworks/DictionaryServices.framework/Versions/A/DictionaryServices
0x00007ff824c36000 	/System/Library/Frameworks/CoreServices.framework/Versions/A/Frameworks/SharedFileList.framework/Versions/A/SharedFileList
0x00007ff82787a000 	/usr/lib/libCheckFix.dylib
0x00007ff821f6b000 	/System/Library/PrivateFrameworks/TCC.framework/Versions/A/TCC
0x00007ff826bbb000 	/System/Library/PrivateFrameworks/CoreNLP.framework/Versions/A/CoreNLP
0x00007ff8239ff000 	/System/Library/PrivateFrameworks/MetadataUtilities.framework/Versions/A/MetadataUtilities
0x00007ff81dc43000 	/usr/lib/libmecabra.dylib
0x00007ff8278ae000 	/usr/lib/libmecab.dylib
0x00007ff81dc0e000 	/usr/lib/libCRFSuite.dylib
0x00007ff827908000 	/usr/lib/libgermantok.dylib
0x00007ff828497000 	/usr/lib/libThaiTokenizer.dylib
0x00007ff823af2000 	/System/Library/Frameworks/Accelerate.framework/Versions/A/Frameworks/vImage.framework/Versions/A/vImage
0x00007ff82e693000 	/System/Library/Frameworks/Accelerate.framework/Versions/A/Frameworks/vecLib.framework/Versions/A/vecLib
0x00007ff828a90000 	/System/Library/Frameworks/Accelerate.framework/Versions/A/Frameworks/vecLib.framework/Versions/A/libvMisc.dylib
0x00007ff8272d0000 	/System/Library/Frameworks/Accelerate.framework/Versions/A/Frameworks/vecLib.framework/Versions/A/libvDSP.dylib
0x00007ff81d947000 	/System/Library/Frameworks/Accelerate.framework/Versions/A/Frameworks/vecLib.framework/Versions/A/libBLAS.dylib
0x00007ff8285cc000 	/System/Library/Frameworks/Accelerate.framework/Versions/A/Frameworks/vecLib.framework/Versions/A/libLAPACK.dylib
0x00007ff82790b000 	/System/Library/Frameworks/Accelerate.framework/Versions/A/Frameworks/vecLib.framework/Versions/A/libLinearAlgebra.dylib
0x00007ff8284d4000 	/System/Library/Frameworks/Accelerate.framework/Versions/A/Frameworks/vecLib.framework/Versions/A/libSparseBLAS.dylib
0x00007ff8285c6000 	/System/Library/Frameworks/Accelerate.framework/Versions/A/Frameworks/vecLib.framework/Versions/A/libQuadrature.dylib
0x00007ff826ca6000 	/System/Library/Frameworks/Accelerate.framework/Versions/A/Frameworks/vecLib.framework/Versions/A/libBNNS.dylib
0x00007ff81db19000 	/System/Library/Frameworks/Accelerate.framework/Versions/A/Frameworks/vecLib.framework/Versions/A/libSparse.dylib
0x00007ff826c9f000 	/System/Library/PrivateFrameworks/LinguisticData.framework/Versions/A/LinguisticData
0x00007ff81dacf000 	/System/Library/PrivateFrameworks/Lexicon.framework/Versions/A/Lexicon
0x00007ff828a89000 	/usr/lib/libChineseTokenizer.dylib
0x00007ff81e23d000 	/System/Library/PrivateFrameworks/LanguageModeling.framework/Versions/A/LanguageModeling
0x00007ff828499000 	/System/Library/PrivateFrameworks/AppleSauce.framework/Versions/A/AppleSauce
0x00007ff8274bf000 	/System/Library/PrivateFrameworks/CoreEmoji.framework/Versions/A/CoreEmoji
0x00007ff828399000 	/usr/lib/libcmph.dylib
0x00007ff824c0d000 	/System/Library/Frameworks/OpenDirectory.framework/Versions/A/Frameworks/CFOpenDirectory.framework/Versions/A/CFOpenDirectory
0x00007ff824c01000 	/System/Library/Frameworks/OpenDirectory.framework/Versions/A/OpenDirectory
0x00007ff8289e2000 	/System/Library/PrivateFrameworks/APFS.framework/Versions/A/APFS
0x00007ff8277d5000 	/System/Library/Frameworks/SecurityFoundation.framework/Versions/A/SecurityFoundation
0x00007ff828a5d000 	/usr/lib/libutil.dylib
0x00007ff81f92c000 	/System/Library/PrivateFrameworks/CoreServicesStore.framework/Versions/A/CoreServicesStore
0x00007ff828a61000 	/usr/lib/libxslt.1.dylib
0x00007ff827862000 	/System/Library/PrivateFrameworks/BackgroundTaskManagement.framework/Versions/A/BackgroundTaskManagement
0x00007ff829f80000 	/System/Library/Frameworks/ImageIO.framework/Versions/A/Resources/libRadiance.dylib
0x00007ff829f89000 	/System/Library/Frameworks/ImageIO.framework/Versions/A/Resources/libJPEG.dylib
0x00007ff829edb000 	/System/Library/Frameworks/ImageIO.framework/Versions/A/Resources/libPng.dylib
0x00007ff829efc000 	/System/Library/Frameworks/ImageIO.framework/Versions/A/Resources/libTIFF.dylib
0x00007ff829fe8000 	/System/Library/Frameworks/ImageIO.framework/Versions/A/Resources/libGIF.dylib
0x00007ff829818000 	/System/Library/Frameworks/ImageIO.framework/Versions/A/Resources/libJP2.dylib
0x00007ff828f56000 	/usr/lib/libexpat.1.dylib
0x00007ff8297cd000 	/System/Library/PrivateFrameworks/AppleJPEG.framework/Versions/A/AppleJPEG
0x00007ff8260ef000 	/System/Library/PrivateFrameworks/FontServices.framework/libFontParser.dylib
0x00007ff823743000 	/System/Library/PrivateFrameworks/RunningBoardServices.framework/Versions/A/RunningBoardServices
0x00007ff83494b000 	/System/Library/PrivateFrameworks/IOSurfaceAccelerator.framework/Versions/A/IOSurfaceAccelerator
0x00007ff8298f8000 	/System/Library/PrivateFrameworks/WatchdogClient.framework/Versions/A/WatchdogClient
0x00007ff81e32b000 	/System/Library/Frameworks/CoreDisplay.framework/Versions/A/CoreDisplay
0x00007ff825fed000 	/System/Library/Frameworks/CoreMedia.framework/Versions/A/CoreMedia
0x00007ff825e84000 	/System/Library/PrivateFrameworks/IOAccelerator.framework/Versions/A/IOAccelerator
0x00007ff824d8a000 	/System/Library/Frameworks/CoreVideo.framework/Versions/A/CoreVideo
0x00007ff8284e7000 	/System/Library/Frameworks/MetalPerformanceShaders.framework/Versions/A/MetalPerformanceShaders
0x00007ff829935000 	/System/Library/Frameworks/VideoToolbox.framework/Versions/A/VideoToolbox
0x00007ff82368d000 	/System/Library/PrivateFrameworks/BaseBoard.framework/Versions/A/BaseBoard
0x00007ff823417000 	/System/Library/PrivateFrameworks/ProtocolBuffer.framework/Versions/A/ProtocolBuffer
0x00007ff829f79000 	/System/Library/PrivateFrameworks/GPUWrangler.framework/Versions/A/GPUWrangler
0x00007ff829f5d000 	/System/Library/PrivateFrameworks/IOPresentment.framework/Versions/A/IOPresentment
0x00007ff829f83000 	/System/Library/PrivateFrameworks/DSExternalDisplay.framework/Versions/A/DSExternalDisplay
0x00007ffa35e55000 	/System/Library/Frameworks/OpenGL.framework/Versions/A/Libraries/libCoreFSCache.dylib
0x00007ffb22949000 	/System/Library/PrivateFrameworks/GPUCompiler.framework/Versions/31001/Libraries/libGPUCompilerUtils.dylib
0x00007ff829fed000 	/System/Library/PrivateFrameworks/CMCaptureCore.framework/Versions/A/CMCaptureCore
0x00007ff8294fe000 	/System/Library/PrivateFrameworks/AppServerSupport.framework/Versions/A/AppServerSupport
0x00007ff82b7b9000 	/System/Library/PrivateFrameworks/perfdata.framework/Versions/A/perfdata
0x00007ff81e457000 	/System/Library/PrivateFrameworks/AudioToolboxCore.framework/Versions/A/AudioToolboxCore
0x00007ff825fcb000 	/System/Library/PrivateFrameworks/caulk.framework/Versions/A/caulk
0x00007ff82b0cb000 	/usr/lib/libAudioStatistics.dylib
0x00007ff9229d3000 	/System/Library/PrivateFrameworks/SystemPolicy.framework/Versions/A/SystemPolicy
0x00007ff82b326000 	/usr/lib/libSMC.dylib
0x00007ff834243000 	/System/Library/Frameworks/CoreMIDI.framework/Versions/A/CoreMIDI
0x00007ff829eaa000 	/usr/lib/libAudioToolboxUtility.dylib
0x00007ff91ec08000 	/System/Library/PrivateFrameworks/OSAServicesClient.framework/Versions/A/OSAServicesClient
0x00007ff82b7c6000 	/usr/lib/libperfcheck.dylib
0x00007ff92347d000 	/usr/lib/libmis.dylib
0x00007ffa35eb0000 	/System/Library/Frameworks/OpenGL.framework/Versions/A/Libraries/libGLU.dylib
0x00007ffa35e74000 	/System/Library/Frameworks/OpenGL.framework/Versions/A/Libraries/libGFXShared.dylib
0x00007ffa3607d000 	/System/Library/Frameworks/OpenGL.framework/Versions/A/Libraries/libGL.dylib
0x00007ffa35e7d000 	/System/Library/Frameworks/OpenGL.framework/Versions/A/Libraries/libGLImage.dylib
0x00007ffa35e71000 	/System/Library/Frameworks/OpenGL.framework/Versions/A/Libraries/libCVMSPluginSupport.dylib
0x00007ffa35e5c000 	/System/Library/Frameworks/OpenGL.framework/Versions/A/Libraries/libCoreVMClient.dylib
0x00007ff826b37000 	/System/Library/Frameworks/MetalPerformanceShaders.framework/Versions/A/Frameworks/MPSCore.framework/Versions/A/MPSCore
0x00007ff827e7b000 	/System/Library/Frameworks/MetalPerformanceShaders.framework/Versions/A/Frameworks/MPSImage.framework/Versions/A/MPSImage
0x00007ff827921000 	/System/Library/Frameworks/MetalPerformanceShaders.framework/Versions/A/Frameworks/MPSNeuralNetwork.framework/Versions/A/MPSNeuralNetwork
0x00007ff827d95000 	/System/Library/Frameworks/MetalPerformanceShaders.framework/Versions/A/Frameworks/MPSMatrix.framework/Versions/A/MPSMatrix
0x00007ff827b50000 	/System/Library/Frameworks/MetalPerformanceShaders.framework/Versions/A/Frameworks/MPSRayIntersector.framework/Versions/A/MPSRayIntersector
0x00007ff827dcd000 	/System/Library/Frameworks/MetalPerformanceShaders.framework/Versions/A/Frameworks/MPSNDArray.framework/Versions/A/MPSNDArray
0x00007ffa3b077000 	/System/Library/Frameworks/MetalPerformanceShaders.framework/Versions/A/Frameworks/MPSFunctions.framework/Versions/A/MPSFunctions
0x00007ff81d820000 	/System/Library/PrivateFrameworks/MetalTools.framework/Versions/A/MetalTools
0x00007ff826bb3000 	/System/Library/PrivateFrameworks/AggregateDictionary.framework/Versions/A/AggregateDictionary
0x00007ff828d38000 	/usr/lib/libIOReport.dylib
0x00007ffa3748c000 	/System/Library/Frameworks/OpenCL.framework/Versions/A/OpenCL
0x00007ff82909c000 	/System/Library/PrivateFrameworks/FaceCore.framework/Versions/A/FaceCore
0x00007ff82908d000 	/System/Library/PrivateFrameworks/GraphVisualizer.framework/Versions/A/GraphVisualizer
0x00007ffb22854000 	/System/Library/PrivateFrameworks/FontServices.framework/Versions/A/FontServices
0x00007ff8294b6000 	/System/Library/PrivateFrameworks/OTSVG.framework/Versions/A/OTSVG
0x00007ff824971000 	/System/Library/Frameworks/ApplicationServices.framework/Versions/A/Frameworks/ATS.framework/Versions/A/Resources/libFontRegistry.dylib
0x00007ff829506000 	/System/Library/PrivateFrameworks/FontServices.framework/libhvf.dylib
0x00007ffb22855000 	/System/Library/PrivateFrameworks/FontServices.framework/libXTFontStaticRegistryData.dylib
0x00007ff828f06000 	/System/Library/PrivateFrameworks/AppleVA.framework/Versions/A/AppleVA
0x00007ff82b0eb000 	/System/Library/Frameworks/ApplicationServices.framework/Versions/A/Frameworks/ATS.framework/Versions/A/ATS
0x00007ff822b4a000 	/System/Library/Frameworks/ApplicationServices.framework/Versions/A/Frameworks/HIServices.framework/Versions/A/HIServices
0x00007ff829ff7000 	/System/Library/Frameworks/ApplicationServices.framework/Versions/A/Frameworks/PrintCore.framework/Versions/A/PrintCore
0x00007ff82b479000 	/System/Library/Frameworks/ApplicationServices.framework/Versions/A/Frameworks/QD.framework/Versions/A/QD
0x00007ff82b471000 	/System/Library/Frameworks/ApplicationServices.framework/Versions/A/Frameworks/ColorSyncLegacy.framework/Versions/A/ColorSyncLegacy
0x00007ff82b0db000 	/System/Library/Frameworks/ApplicationServices.framework/Versions/A/Frameworks/SpeechSynthesis.framework/Versions/A/SpeechSynthesis
0x00007ff829fb8000 	/System/Library/Frameworks/ApplicationServices.framework/Versions/A/Frameworks/ATSUI.framework/Versions/A/ATSUI
0x00007ff82b406000 	/usr/lib/libcups.2.dylib
0x00007ff82b7d5000 	/System/Library/Frameworks/Kerberos.framework/Versions/A/Kerberos
0x00007ff82b7e4000 	/System/Library/Frameworks/GSS.framework/Versions/A/GSS
0x00007ff82b157000 	/usr/lib/libresolv.9.dylib
0x00007ff829515000 	/System/Library/PrivateFrameworks/Heimdal.framework/Versions/A/Heimdal
0x00007ff8323c6000 	/System/Library/Frameworks/Kerberos.framework/Versions/A/Libraries/libHeimdalProxy.dylib
0x00007ff823816000 	/System/Library/Frameworks/Network.framework/Versions/A/Network
0x00007ff828f70000 	/usr/lib/libheimdal-asn1.dylib
0x00007ff82b82f000 	/System/Library/PrivateFrameworks/CommonAuth.framework/Versions/A/CommonAuth
0x00007ff82b05d000 	/System/Library/PrivateFrameworks/AudioSession.framework/Versions/A/AudioSession
0x00007ff829000000 	/System/Library/PrivateFrameworks/MediaExperience.framework/Versions/A/MediaExperience
0x00007ff82aef0000 	/System/Library/PrivateFrameworks/AudioSession.framework/libSessionUtility.dylib
0x00007ff82b485000 	/System/Library/PrivateFrameworks/AudioResourceArbitration.framework/Versions/A/AudioResourceArbitration
0x00007ff82f506000 	/System/Library/PrivateFrameworks/PowerLog.framework/Versions/A/PowerLog
0x00007ff828f79000 	/System/Library/PrivateFrameworks/IconFoundation.framework/Versions/A/IconFoundation
0x00007ff82e2bc000 	/System/Library/PrivateFrameworks/SpeechRecognitionCore.framework/Versions/A/SpeechRecognitionCore
0x000000010bcbd000 	/Library/Java/JavaVirtualMachines/adoptopenjdk-11.jdk/Contents/Home/lib/server/libjvm.dylib
0x000000010afa1000 	/Library/Java/JavaVirtualMachines/adoptopenjdk-11.jdk/Contents/Home/lib/libverify.dylib
0x000000010afc6000 	/Library/Java/JavaVirtualMachines/adoptopenjdk-11.jdk/Contents/Home/lib/libjava.dylib
0x000000010af33000 	/Library/Java/JavaVirtualMachines/adoptopenjdk-11.jdk/Contents/Home/lib/libjimage.dylib
0x000000010b079000 	/Library/Java/JavaVirtualMachines/adoptopenjdk-11.jdk/Contents/Home/lib/libzip.dylib
0x0000000132b88000 	/Library/Java/JavaVirtualMachines/adoptopenjdk-11.jdk/Contents/Home/lib/libnio.dylib
0x0000000132bcd000 	/Library/Java/JavaVirtualMachines/adoptopenjdk-11.jdk/Contents/Home/lib/libnet.dylib
0x0000000132c67000 	/Library/Java/JavaVirtualMachines/adoptopenjdk-11.jdk/Contents/Home/lib/libextnet.dylib
0x0000000132cb2000 	/Library/Java/JavaVirtualMachines/adoptopenjdk-11.jdk/Contents/Home/lib/libsunec.dylib
0x000000013326a000 	/Library/Java/JavaVirtualMachines/adoptopenjdk-11.jdk/Contents/Home/lib/libprefs.dylib
0x0000000133d2b000 	/Library/Java/JavaVirtualMachines/adoptopenjdk-11.jdk/Contents/Home/lib/libawt.dylib
0x0000000133e70000 	/Library/Java/JavaVirtualMachines/adoptopenjdk-11.jdk/Contents/Home/lib/libmlib_image.dylib
0x00007ffa3afd4000 	/System/Library/Frameworks/JavaNativeFoundation.framework/Versions/A/JavaNativeFoundation
0x00007ffa3afe0000 	/System/Library/Frameworks/JavaRuntimeSupport.framework/Versions/A/JavaRuntimeSupport
0x00007ff9224f7000 	/System/Library/Frameworks/Carbon.framework/Versions/A/Carbon
0x00007ff830780000 	/System/Library/PrivateFrameworks/CoreSymbolication.framework/Versions/A/CoreSymbolication
0x00007ff835ce2000 	/System/Library/Frameworks/Carbon.framework/Versions/A/Frameworks/CommonPanels.framework/Versions/A/CommonPanels
0x00007ff831db4000 	/System/Library/Frameworks/Carbon.framework/Versions/A/Frameworks/Help.framework/Versions/A/Help
0x00007ff835ce6000 	/System/Library/Frameworks/Carbon.framework/Versions/A/Frameworks/ImageCapture.framework/Versions/A/ImageCapture
0x00007ff835cb6000 	/System/Library/Frameworks/Carbon.framework/Versions/A/Frameworks/OpenScripting.framework/Versions/A/OpenScripting
0x00007ff835cde000 	/System/Library/Frameworks/Carbon.framework/Versions/A/Frameworks/Ink.framework/Versions/A/Ink
0x00007ff9224f3000 	/System/Library/Frameworks/Carbon.framework/Versions/A/Frameworks/Print.framework/Versions/A/Print
0x00007ff835cda000 	/System/Library/Frameworks/Carbon.framework/Versions/A/Frameworks/SecurityHI.framework/Versions/A/SecurityHI
0x00007ff830745000 	/System/Library/PrivateFrameworks/DebugSymbols.framework/Versions/A/DebugSymbols
0x0000000134005000 	/Library/Java/JavaVirtualMachines/adoptopenjdk-11.jdk/Contents/Home/lib/libawt_lwawt.dylib
0x0000000133cd6000 	/Library/Java/JavaVirtualMachines/adoptopenjdk-11.jdk/Contents/Home/lib/libosxapp.dylib
0x00007ff9217c9000 	/System/Library/Frameworks/ExceptionHandling.framework/Versions/A/ExceptionHandling
0x0000000133f75000 	/Library/Java/JavaVirtualMachines/adoptopenjdk-11.jdk/Contents/Home/lib/libfontmanager.dylib
0x000000013446e000 	/Library/Java/JavaVirtualMachines/adoptopenjdk-11.jdk/Contents/Home/lib/libharfbuzz.dylib
0x0000000134684000 	/Library/Java/JavaVirtualMachines/adoptopenjdk-11.jdk/Contents/Home/lib/libfreetype.dylib
0x00007ff81f8ee000 	/System/Library/PrivateFrameworks/CoreServicesInternal.framework/Versions/A/CoreServicesInternal
0x00007ff82faf7000 	/System/Library/Frameworks/FileProvider.framework/Versions/A/FileProvider
0x00007ff8235fa000 	/System/Library/Frameworks/Accounts.framework/Versions/A/Accounts
0x00007ff82fc70000 	/System/Library/PrivateFrameworks/GenerationalStorage.framework/Versions/A/GenerationalStorage
0x00007ff82f4fb000 	/System/Library/PrivateFrameworks/SymptomDiagnosticReporter.framework/Versions/A/SymptomDiagnosticReporter
0x00007ff820bad000 	/System/Library/PrivateFrameworks/DesktopServicesPriv.framework/Versions/A/DesktopServicesPriv
0x00007ff81fa2d000 	/usr/lib/libsandbox.1.dylib
0x00007ff824e09000 	/System/Library/PrivateFrameworks/UserManagement.framework/Versions/A/UserManagement
0x00007ff82b466000 	/System/Library/PrivateFrameworks/NetAuth.framework/Versions/A/NetAuth
0x00007ff82c375000 	/System/Library/PrivateFrameworks/Sharing.framework/Versions/A/Sharing
0x00007ff824ddc000 	/System/Library/PrivateFrameworks/login.framework/Versions/A/Frameworks/loginsupport.framework/Versions/A/loginsupport
0x00007ff8318e3000 	/System/Library/PrivateFrameworks/Apple80211.framework/Versions/A/Apple80211
0x00007ff827f60000 	/System/Library/PrivateFrameworks/AuthKit.framework/Versions/A/AuthKit
0x00007ff8275b5000 	/System/Library/PrivateFrameworks/CoreUtils.framework/Versions/A/CoreUtils
0x00007ff8274dc000 	/System/Library/Frameworks/CoreWLAN.framework/Versions/A/CoreWLAN
0x00007ff82c4d4000 	/System/Library/Frameworks/IOBluetooth.framework/Versions/A/IOBluetooth
0x00007ff83194b000 	/System/Library/PrivateFrameworks/CoreWiFi.framework/Versions/A/CoreWiFi
0x00007ff83031a000 	/System/Library/PrivateFrameworks/FrontBoardServices.framework/Versions/A/FrontBoardServices
0x00007ff8303ab000 	/System/Library/PrivateFrameworks/BoardServices.framework/Versions/A/BoardServices
0x00007ff8277c4000 	/System/Library/PrivateFrameworks/AssertionServices.framework/Versions/A/AssertionServices
0x00007ff831ace000 	/System/Library/PrivateFrameworks/BackBoardServices.framework/Versions/A/BackBoardServices
0x00007ff82b8c0000 	/System/Library/PrivateFrameworks/CorePhoneNumbers.framework/Versions/A/CorePhoneNumbers
0x00007ff82b184000 	/System/Library/PrivateFrameworks/MultiverseSupport.framework/Versions/A/MultiverseSupport
0x00007ff831d41000 	/System/Library/PrivateFrameworks/RemoteServiceDiscovery.framework/Versions/A/RemoteServiceDiscovery
0x00007ff82f618000 	/System/Library/PrivateFrameworks/DiskManagement.framework/Versions/A/DiskManagement
0x00007ff82f52c000 	/System/Library/PrivateFrameworks/AppleIDAuthSupport.framework/Versions/A/AppleIDAuthSupport
0x00007ffb1d1eb000 	/System/Library/PrivateFrameworks/AAAFoundation.framework/Versions/A/AAAFoundation
0x00007ff82b8a1000 	/System/Library/PrivateFrameworks/KeychainCircle.framework/Versions/A/KeychainCircle
0x00007ff831d51000 	/System/Library/PrivateFrameworks/RemoteXPC.framework/Versions/A/RemoteXPC
0x00007ff82f5e4000 	/System/Library/PrivateFrameworks/MediaKit.framework/Versions/A/MediaKit
0x00007ff82f538000 	/System/Library/Frameworks/DiscRecording.framework/Versions/A/DiscRecording
0x00007ff828e7e000 	/usr/lib/libCoreStorage.dylib
0x00007ff831dbc000 	/usr/lib/libcsfde.dylib
0x00007ff82c5a1000 	/System/Library/PrivateFrameworks/ProtectedCloudStorage.framework/Versions/A/ProtectedCloudStorage
0x00007ff831db8000 	/System/Library/PrivateFrameworks/EFILogin.framework/Versions/A/EFILogin
0x00007ff82fc96000 	/System/Library/PrivateFrameworks/OctagonTrust.framework/Versions/A/OctagonTrust
0x00007ffb21ab7000 	/System/Library/PrivateFrameworks/CoreUtilsExtras.framework/Versions/A/CoreUtilsExtras
0x00007ff82f45f000 	/System/Library/Frameworks/CoreBluetooth.framework/Versions/A/CoreBluetooth
0x00007ff83244b000 	/System/Library/Frameworks/AudioUnit.framework/Versions/A/AudioUnit
0x00007ff828e76000 	/usr/lib/libMatch.1.dylib
0x00007ff92a265000 	/System/Library/CoreServices/RawCamera.bundle/Contents/MacOS/RawCamera
0x00007ff82b83f000 	/System/Library/PrivateFrameworks/MobileAsset.framework/Versions/A/MobileAsset
0x00007ff832472000 	/System/Library/PrivateFrameworks/StreamingZip.framework/Versions/A/StreamingZip
0x00007ffb1edab000 	/System/Library/PrivateFrameworks/CMPhoto.framework/Versions/A/CMPhoto
0x00007ff83061b000 	/System/Library/PrivateFrameworks/AppleVPA.framework/Versions/A/AppleVPA
0x00007ff82a221000 	/System/Library/Frameworks/MediaToolbox.framework/Versions/A/MediaToolbox
0x00007ff82fac7000 	/System/Library/PrivateFrameworks/CoreAVCHD.framework/Versions/A/CoreAVCHD
0x00007ff82e99c000 	/System/Library/Frameworks/MediaAccessibility.framework/Versions/A/MediaAccessibility
0x00007ff82fac3000 	/System/Library/PrivateFrameworks/Mangrove.framework/Versions/A/Mangrove
0x00007ff82e9a7000 	/System/Library/PrivateFrameworks/AlgosScoreFramework.framework/Versions/A/AlgosScoreFramework
0x00007ff82f708000 	/System/Library/PrivateFrameworks/CoreAUC.framework/Versions/A/CoreAUC
0x00007ff927a8f000 	/System/Library/Frameworks/Accelerate.framework/Versions/A/Frameworks/vImage.framework/Versions/A/Libraries/libCGInterfaces.dylib
0x0000000136af7000 	/usr/lib/libobjc-trampolines.dylib
0x00007ff824b01000 	/System/Library/PrivateFrameworks/ViewBridge.framework/Versions/A/ViewBridge
0x00007ff8295cc000 	/System/Library/PrivateFrameworks/login.framework/Versions/A/login


VM Arguments:
jvm_args: -Xmx4G -da -Djava.library.path=./lib -Djava.system.class.loader=org.processmining.framework.util.ProMClassLoader -Djava.util.Arrays.useLegacyMergeSort=true 
java_command: org.processmining.contexts.uitopia.UI
java_class_path (initial): ./dist/ProM-Framework-6.11.121.jar:./dist/ProM-Contexts-6.11.67.jar:./dist/ProM-Models-6.10.43.jar:./dist/ProM-Plugins-6.9.75.jar:./lib/Spex-1.1.jar:./lib/TableLayout-20050920.jar:./lib/UITopiaResources-0.6-20190913.jar:./lib/Uitopia-0.6-20190913.jar:./lib/bsh-2.0b4.jar:./lib/commons-compress-1.13.jar:./lib/commons-logging-1.1.3.jar:./lib/google-analytics-java-1.1.2.jar:./lib/guava-16.0.1.jar:./lib/httpclient-4.5.3.jar:./lib/httpcore-4.4.6.jar:./lib/jargs-latest.jar:./lib/jgraph-5.13.0.4.jar:./lib/junit-4.12.jar:./lib/log4j-api-2.8.1.jar:./lib/log4j-core-2.8.1.jar:./lib/log4j-slf4j-impl-2.8.1.jar:./lib/slf4j-api-1.7.25.jar:./lib/slickerbox-1.0rc1.jar
Launcher Type: SUN_STANDARD

[Global flags]
     intx CICompilerCount                          = 4                                         {product} {ergonomic}
     uint ConcGCThreads                            = 2                                         {product} {ergonomic}
     uint G1ConcRefinementThreads                  = 8                                         {product} {ergonomic}
   size_t G1HeapRegionSize                         = 1048576                                   {product} {ergonomic}
    uintx GCDrainStackTargetSize                   = 64                                        {product} {ergonomic}
   size_t InitialHeapSize                          = 134217728                                 {product} {ergonomic}
   size_t MarkStackSize                            = 4194304                                   {product} {ergonomic}
   size_t MaxHeapSize                              = 4294967296                                {product} {command line}
   size_t MaxNewSize                               = 2576351232                                {product} {ergonomic}
   size_t MinHeapDeltaBytes                        = 1048576                                   {product} {ergonomic}
    uintx NonNMethodCodeHeapSize                   = 5836300                                {pd product} {ergonomic}
    uintx NonProfiledCodeHeapSize                  = 122910970                              {pd product} {ergonomic}
    uintx ProfiledCodeHeapSize                     = 122910970                              {pd product} {ergonomic}
    uintx ReservedCodeCacheSize                    = 251658240                              {pd product} {ergonomic}
     bool SegmentedCodeCache                       = true                                      {product} {ergonomic}
     bool UseCompressedClassPointers               = true                                 {lp64_product} {ergonomic}
     bool UseCompressedOops                        = true                                 {lp64_product} {ergonomic}
     bool UseG1GC                                  = true                                      {product} {ergonomic}

Logging:
Log output configuration:
 #0: stdout all=warning uptime,level,tags
 #1: stderr all=off uptime,level,tags

Environment Variables:
PATH=/Library/Frameworks/Python.framework/Versions/3.9/bin:/Library/Frameworks/Python.framework/Versions/3.10/bin:/opt/homebrew/bin:/opt/homebrew/sbin:/usr/local/bin:/usr/bin:/bin:/usr/sbin:/sbin:/Library/Apple/usr/bin
SHELL=/bin/zsh
LC_CTYPE=UTF-8

Signal Handlers:
SIGSEGV: [libjvm.dylib+0x7bc7ea], sa_mask[0]=11111111111111111111111111111111, sa_flags=SA_ONSTACK|SA_RESTART|SA_SIGINFO
SIGBUS: [libjvm.dylib+0x7bc7ea], sa_mask[0]=11111111111111111111111111111111, sa_flags=SA_RESTART|SA_SIGINFO
SIGFPE: [libjvm.dylib+0x7bc7ea], sa_mask[0]=11111111111111111111111111111111, sa_flags=SA_RESTART|SA_SIGINFO
SIGPIPE: [libjvm.dylib+0x62226b], sa_mask[0]=11111111111111111111111111111111, sa_flags=SA_RESTART|SA_SIGINFO
SIGXFSZ: [libjvm.dylib+0x62226b], sa_mask[0]=11111111111111111111111111111111, sa_flags=SA_RESTART|SA_SIGINFO
SIGILL: [libjvm.dylib+0x7bc7ea], sa_mask[0]=11111111111111111111111111111111, sa_flags=SA_RESTART|SA_SIGINFO
SIGUSR2: [libjvm.dylib+0x622853], sa_mask[0]=00000000000000000000000000000000, sa_flags=SA_RESTART|SA_SIGINFO
SIGHUP: [libjvm.dylib+0x6213f1], sa_mask[0]=11111111111111111111111111111111, sa_flags=SA_RESTART|SA_SIGINFO
SIGINT: [libjvm.dylib+0x6213f1], sa_mask[0]=11111111111111111111111111111111, sa_flags=SA_RESTART|SA_SIGINFO
SIGTERM: [libjvm.dylib+0x6213f1], sa_mask[0]=11111111111111111111111111111111, sa_flags=SA_RESTART|SA_SIGINFO
SIGQUIT: [libjvm.dylib+0x6213f1], sa_mask[0]=11111111111111111111111111111111, sa_flags=SA_RESTART|SA_SIGINFO


---------------  S Y S T E M  ---------------

OS:uname:Darwin 21.5.0 Darwin Kernel Version 21.5.0: Tue Apr 26 21:08:29 PDT 2022; root:xnu-8020.121.3~4/RELEASE_ARM64_T8101 x86_64
OS uptime: 1 days 20:56 hours
rlimit (soft/hard): STACK 8176k/65520k , CORE 0k/infinity , NPROC 1333/2000 , NOFILE 10240/infinity , AS infinity/infinity , CPU infinity/infinity , DATA infinity/infinity , FSIZE infinity/infinity , MEMLOCK infinity/infinity , RSS infinity/infinity
load average:2.23 1.97 2.41

CPU:total 8 (initial active 8) (1 cores per cpu, 1 threads per core) family 6 model 44 stepping 0 microcode 0x0, cmov, cx8, fxsr, mmx, sse, sse2, sse3, ssse3, sse4.1, sse4.2, popcnt, aes, clmul, tsc, tscinvbit, tscinv

Memory: 4k page, physical 8388608k(694996k free), swap 1048576k(806144k free)

vm_info: OpenJDK 64-Bit Server VM (11.0.11+9) for bsd-amd64 JRE (11.0.11+9), built on Apr 20 2021 22:06:18 by "jenkins" with gcc 4.2.1 Compatible Apple LLVM 10.0.1 (clang-1001.0.46.4)

END.
