#
# A fatal error has been detected by the Java Runtime Environment:
#
#  SIGSEGV (0xb) at pc=0x000000011e4ae82e, pid=8619, tid=7427
#
# JRE version: OpenJDK Runtime Environment AdoptOpenJDK-11.0.11+9 (11.0.11+9) (build 11.0.11+9)
# Java VM: OpenJDK 64-Bit Server VM AdoptOpenJDK-11.0.11+9 (11.0.11+9, mixed mode, tiered, compressed oops, g1 gc, bsd-amd64)
# Problematic frame:
# J 3271 c2 org.processmining.framework.plugin.impl.PluginManagerImpl.checkIfRequestedReturnTypeIsPresent(Lorg/processmining/framework/plugin/PluginDescriptor;Ljava/lang/Class;)I (50 bytes) @ 0x000000011e4ae82e [0x000000011e4ae700+0x000000000000012e]
#
# No core dump will be written. Core dumps have been disabled. To enable core dumping, try "ulimit -c unlimited" before starting Java again
#
# If you would like to submit a bug report, please visit:
#   https://github.com/AdoptOpenJDK/openjdk-support/issues
#

---------------  S U M M A R Y ------------

Command Line: -Xmx4G -da -Djava.library.path=./lib -Djava.system.class.loader=org.processmining.framework.util.ProMClassLoader -Djava.util.Arrays.useLegacyMergeSort=true org.processmining.contexts.uitopia.UI

Host: MacBookPro17,1 x86_64 2400 MHz, 8 cores, 8G, Darwin 21.5.0
Time: Mon May 30 10:25:00 2022 PKT elapsed time: 15.285184 seconds (0d 0h 0m 15s)

---------------  T H R E A D  ---------------

Current thread (0x00007f9fe480d800):  JavaThread "main" [_thread_in_Java, id=7427, stack(0x000000030994e000,0x0000000309a4e000)]

Stack: [0x000000030994e000,0x0000000309a4e000],  sp=0x0000000309a4ce60,  free space=1019k
Native frames: (J=compiled Java code, A=aot compiled Java code, j=interpreted, Vv=VM code, C=native code)
J 3271 c2 org.processmining.framework.plugin.impl.PluginManagerImpl.checkIfRequestedReturnTypeIsPresent(Lorg/processmining/framework/plugin/PluginDescriptor;Ljava/lang/Class;)I (50 bytes) @ 0x000000011e4ae82e [0x000000011e4ae700+0x000000000000012e]
J 3244 c1 org.processmining.framework.plugin.impl.PluginManagerImpl.find(Ljava/lang/Class;Ljava/lang/Class;Ljava/lang/Class;ZZZ[Ljava/lang/Class;)Ljava/util/Set; (271 bytes) @ 0x000000011748c304 [0x000000011748b420+0x0000000000000ee4]
J 3270 c1 org.processmining.contexts.uitopia.hub.ProMViewManager.registerResourceType(Lorg/deckfour/uitopia/api/model/ResourceType;)V (266 bytes) @ 0x0000000117499354 [0x0000000117498d00+0x0000000000000654]
j  org.processmining.contexts.uitopia.hub.ProMViewManager.<init>(Lorg/processmining/contexts/uitopia/UIContext;)V+65
j  org.processmining.contexts.uitopia.hub.ProMViewManager.initialize(Lorg/processmining/contexts/uitopia/UIContext;)Lorg/processmining/contexts/uitopia/hub/ProMViewManager;+11
j  org.processmining.contexts.uitopia.UIContext.initialize()V+26
j  org.processmining.contexts.uitopia.UI.main(Lorg/processmining/framework/util/CommandLineArgumentList;)Ljava/lang/Object;+9
v  ~StubRoutines::call_stub
V  [libjvm.dylib+0x3b09e0]  _ZN9JavaCalls11call_helperEP9JavaValueRK12methodHandleP17JavaCallArgumentsP6Thread+0x21a
V  [libjvm.dylib+0x67e9e5]  _ZL6invokeP13InstanceKlassRK12methodHandle6Handleb14objArrayHandle9BasicTypeS5_bP6Thread+0x541
V  [libjvm.dylib+0x67e45a]  _ZN10Reflection13invoke_methodEP7oopDesc6Handle14objArrayHandleP6Thread+0xf4
V  [libjvm.dylib+0x43a631]  JVM_InvokeMethod+0x21e
j  jdk.internal.reflect.NativeMethodAccessorImpl.invoke0(Ljava/lang/reflect/Method;Ljava/lang/Object;[Ljava/lang/Object;)Ljava/lang/Object;+0 java.base@11.0.11
j  jdk.internal.reflect.NativeMethodAccessorImpl.invoke(Ljava/lang/Object;[Ljava/lang/Object;)Ljava/lang/Object;+100 java.base@11.0.11
J 2416 c1 jdk.internal.reflect.DelegatingMethodAccessorImpl.invoke(Ljava/lang/Object;[Ljava/lang/Object;)Ljava/lang/Object; java.base@11.0.11 (10 bytes) @ 0x000000011726e24c [0x000000011726e140+0x000000000000010c]
J 2492 c1 java.lang.reflect.Method.invoke(Ljava/lang/Object;[Ljava/lang/Object;)Ljava/lang/Object; java.base@11.0.11 (65 bytes) @ 0x00000001172a00e4 [0x000000011729fda0+0x0000000000000344]
j  org.processmining.framework.boot.Boot.boot(Ljava/lang/Class;[Ljava/lang/String;)Ljava/lang/Object;+159
j  org.processmining.framework.boot.Boot.boot(Ljava/lang/Class;Ljava/lang/Class;[Ljava/lang/String;)V+786
j  org.processmining.contexts.uitopia.UI.main([Ljava/lang/String;)V+463
v  ~StubRoutines::call_stub
V  [libjvm.dylib+0x3b09e0]  _ZN9JavaCalls11call_helperEP9JavaValueRK12methodHandleP17JavaCallArgumentsP6Thread+0x21a
V  [libjvm.dylib+0x3f5d12]  _ZL17jni_invoke_staticP7JNIEnv_P9JavaValueP8_jobject11JNICallTypeP10_jmethodIDP18JNI_ArgumentPusherP6Thread+0x10a
V  [libjvm.dylib+0x3f9502]  jni_CallStaticVoidMethod+0x1d2
C  [libjli.dylib+0x4b29]  JavaMain+0xab0
C  [libsystem_pthread.dylib+0x64e1]  _pthread_start+0x7d
C  [libsystem_pthread.dylib+0x1f6b]  thread_start+0xf


siginfo: si_signo: 11 (SIGSEGV), si_code: 1 (SEGV_MAPERR), si_addr: 0xe020a6dc00000010

Register to memory mapping:

RAX=0x0000000000000001 is an unknown value
RBX=0x0000000000000001 is an unknown value
RCX=0x000000080001f170 is a pointer to class: 
java.util.RandomAccess {0x000000080001f170}
RDX=3760236237 is a compressed pointer to object: [I 
{0x0000000701053668} - klass: {type array int}
 - length: 0
RSP=0x0000000309a4ce60 is pointing into the stack for thread: 0x00007f9fe480d800
RBP=0x0 is NULL
RSI=0x00000008000bb688 is a pointer to class: 
java.util.Arrays$ArrayList {0x00000008000bb688}
RDI=0x0000000000001508 is an unknown value
R8 =0xe020a6dc00000000 is an unknown value
R9 =0x0000000000000048 is an unknown value
R10=0x0 is NULL
R11=767624 is a compressed pointer to class: 0x00000008000bb688
java.util.Arrays$ArrayList {0x00000008000bb688}
R12=0x0 is NULL
R13=0x000000070215a0d0 is an oop: java.util.Arrays$ArrayList 
{0x000000070215a0d0} - klass: 'java/util/Arrays$ArrayList'
R14=0x000000070215a0e8 is an oop: [Ljava.lang.Class; 
{0x000000070215a0e8} - klass: 'java/lang/Class'[]
 - length: 1
R15=0x00007f9fe480d800 is a thread


Registers:
RAX=0x0000000000000001, RBX=0x0000000000000001, RCX=0x000000080001f170, RDX=0x00000000e020a6cd
RSP=0x0000000309a4ce60, RBP=0x0000000000000000, RSI=0x00000008000bb688, RDI=0x0000000000001508
R8 =0xe020a6dc00000000, R9 =0x0000000000000048, R10=0x0000000000000000, R11=0x00000000000bb688
R12=0x0000000000000000, R13=0x000000070215a0d0, R14=0x000000070215a0e8, R15=0x00007f9fe480d800
RIP=0x000000011e4ae82e, EFLAGS=0x0000000000000297, ERR=0x0000000000000004
  TRAPNO=0x000000000000000e

Top of Stack: (sp=0x0000000309a4ce60)
0x0000000309a4ce60:   00000008001c1438 e020a6dc00000000
0x0000000309a4ce70:   0000000309a4ceb0 0000000309a4cea0
0x0000000309a4ce80:   0000000133672db0 00000007021585c0
0x0000000309a4ce90:   000000070103cf78 000000011e4ae720
0x0000000309a4cea0:   ffffffffffffffff 0000000000000202
0x0000000309a4ceb0:   0000000309a4d150 000000011748c304
0x0000000309a4cec0:   0000000000000109 00000001336728d8
0x0000000309a4ced0:   0000000309a4ced0 0000000133a7eb99
0x0000000309a4cee0:   0000000309a4cf30 0000000133a7f098
0x0000000309a4cef0:   0000000000000000 0000000700ae5630
0x0000000309a4cf00:   0000000133a7ebc8 0000000037d142ba
0x0000000309a4cf10:   0000000701e7a8c0 0000000707690558
0x0000000309a4cf20:   0000000100000000 00000007076587d0
0x0000000309a4cf30:   0000000707690510 0000000100000000
0x0000000309a4cf40:   0000000707690528 000000010c84cae0
0x0000000309a4cf50:   0000000309a4d150 0000000700ab67b8
0x0000000309a4cf60:   000000070103cf78 0000000700ab6860
0x0000000309a4cf70:   0000000000000001 00000007076905a8
0x0000000309a4cf80:   00000007076905e8 00000007021585c0
0x0000000309a4cf90:   0000000000000001 0000000707694ef0
0x0000000309a4cfa0:   0000000701e7a8c0 0000000707690590
0x0000000309a4cfb0:   0000000309a4d150 0000000117499354
0x0000000309a4cfc0:   0000000700000001 0000000707690590
0x0000000309a4cfd0:   0000000000000001 0000000704656540
0x0000000309a4cfe0:   0000000704656580 000000070464d0a8
0x0000000309a4cff0:   0000000700000000 0000000139bac730
0x0000000309a4d000:   0000000309a4d0c8 00000001174983c5
0x0000000309a4d010:   0000000309a4d0c8 00000001174987a4
0x0000000309a4d020:   0000000703daed18 0000000701e0d498
0x0000000309a4d030:   0000000000000001 00000001167c7da2
0x0000000309a4d040:   0000000703cb1200 0000000701e7a8c0
0x0000000309a4d050:   0000000707690558 000000070454d948 

Instructions: (pc=0x000000011e4ae82e)
0x000000011e4ae72e:   f1 66 48 0f 6e c6 44 8b 5a 08 41 81 fb 98 c7 1c
0x000000011e4ae73e:   00 0f 85 73 0a 00 00 44 8b 52 1c 47 8b 5c d4 08
0x000000011e4ae74e:   48 be 00 00 00 00 08 00 00 00 49 03 f3 4c 8b 46
0x000000011e4ae75e:   20 49 b9 70 f1 01 00 08 00 00 00 4d 3b c1 0f 85
0x000000011e4ae76e:   05 04 00 00 4f 8d 2c d4 41 81 fb 88 b6 0b 00 74
0x000000011e4ae77e:   16 41 81 fb b8 02 03 00 0f 85 b8 0a 00 00 4d 8b
0x000000011e4ae78e:   d5 41 8b 5a 10 eb 0c 4d 8b d5 45 8b 4a 10 43 8b
0x000000011e4ae79e:   5c cc 0c 85 db 0f 8e d0 01 00 00 49 8b c6 48 8b
0x000000011e4ae7ae:   48 50 44 8b 49 10 41 81 fb 88 b6 0b 00 0f 85 1d
0x000000011e4ae7be:   0a 00 00 4d 8b d5 45 8b 52 10 43 8b 6c d4 0c 66
0x000000011e4ae7ce:   48 0f 6e d2 48 89 0c 24 66 48 0f 6e c8 8b 51 08
0x000000011e4ae7de:   66 0f 6e ea 4f 8d 34 d4 45 33 d2 49 63 d1 66 48
0x000000011e4ae7ee:   0f 6e e2 66 0f 6e dd ff cd 48 8b c8 8b 51 24 48
0x000000011e4ae7fe:   b9 70 f1 01 00 08 00 00 00 4c 3b c1 0f 85 c5 03
0x000000011e4ae80e:   00 00 66 0f 7e d8 85 c0 0f 86 e0 09 00 00 3b e8
0x000000011e4ae81e:   0f 83 b0 09 00 00 4d 8b 44 d4 50 4c 89 44 24 08
0x000000011e4ae82e:   45 8b 40 10 89 44 24 10 49 63 d0 41 81 fb b8 02
0x000000011e4ae83e:   03 00 0f 85 48 01 00 00 45 8b 5d 10 45 85 db 0f
0x000000011e4ae84e:   8c d9 09 00 00 45 85 db 0f 84 ac 09 00 00 41 3b
0x000000011e4ae85e:   eb 0f 83 af 09 00 00 45 8b 5d 14 43 8b 7c dc 0c
0x000000011e4ae86e:   85 ff 0f 86 c2 09 00 00 3b ef 0f 83 a2 09 00 00
0x000000011e4ae87e:   4b 8d 1c dc 41 83 f9 20 0f 84 ef 01 00 00 44 8b
0x000000011e4ae88e:   5c 24 10 45 2b da 41 b9 e8 03 00 00 45 3b d9 b9
0x000000011e4ae89e:   e8 03 00 00 44 0f 4f d9 45 03 da eb 11 0f 1f 44
0x000000011e4ae8ae:   00 00 41 ff c2 45 3b d3 0f 8d a8 00 00 00 46 8b
0x000000011e4ae8be:   4c 93 10 43 8b 4c cc 08 4f 8d 2c cc 81 f9 70 20
0x000000011e4ae8ce:   00 00 0f 85 8a 0a 00 00 49 8b 75 50 48 85 f6 0f
0x000000011e4ae8de:   84 a8 08 00 00 66 48 0f 7e e5 4c 8b 0c 2e 48 8b
0x000000011e4ae8ee:   0c 24 49 3b c9 0f 84 69 01 00 00 66 41 0f 7e e9
0x000000011e4ae8fe:   45 85 c9 7d ad 48 8b 0c 16 48 8b 7c 24 08 48 3b
0x000000011e4ae90e:   f9 74 33 41 83 f8 20 75 99 48 3b f7 74 28 48 8b
0x000000011e4ae91e:   c7 50 48 8b c0 48 8b 7e 28 8b 0f 48 83 c7 08 48 


Stack slot to memory mapping:
stack at sp + 0 slots: 0x00000008001c1438 is a pointer to class: 
javax.swing.JComponent {0x00000008001c1438}
stack at sp + 1 slots: 0xe020a6dc00000000 is an unknown value
stack at sp + 2 slots: 0x0000000309a4ceb0 is pointing into the stack for thread: 0x00007f9fe480d800
stack at sp + 3 slots: 0x0000000309a4cea0 is pointing into the stack for thread: 0x00007f9fe480d800
stack at sp + 4 slots: {method} {0x0000000133672db0} 'checkIfRequestedReturnTypeIsPresent' '(Lorg/processmining/framework/plugin/PluginDescriptor;Ljava/lang/Class;)I' in 'org/processmining/framework/plugin/impl/PluginManagerImpl'
stack at sp + 5 slots: 0x00000007021585c0 is an oop: org.processmining.framework.plugin.impl.PluginDescriptorImpl 
{0x00000007021585c0} - klass: 'org/processmining/framework/plugin/impl/PluginDescriptorImpl'
stack at sp + 6 slots: 0x000000070103cf78 is an oop: java.lang.Class 
{0x000000070103cf78} - klass: 'java/lang/Class'
stack at sp + 7 slots: 0x000000011e4ae720 is at entry_point+32 in (nmethod*)0x000000011e4ae510



---------------  P R O C E S S  ---------------

Threads class SMR info:
_java_thread_list=0x000060000271edc0, length=13, elements={
0x00007f9fe480d800, 0x00007f9fe4880800, 0x00007f9fe4883800, 0x00007f9fe5812000,
0x00007f9fe58bb000, 0x00007f9fe58bc000, 0x00007f9fe58bd000, 0x00007f9fd4808800,
0x00007f9fe5964000, 0x00007f9fe5aba000, 0x00007f9fe5fff000, 0x00007f9fe4fb0000,
0x00007f9fd5542800
}

Java Threads: ( => current thread )
=>0x00007f9fe480d800 JavaThread "main" [_thread_in_Java, id=7427, stack(0x000000030994e000,0x0000000309a4e000)]
  0x00007f9fe4880800 JavaThread "Reference Handler" daemon [_thread_blocked, id=15363, stack(0x000000030a063000,0x000000030a163000)]
  0x00007f9fe4883800 JavaThread "Finalizer" daemon [_thread_blocked, id=21763, stack(0x000000030a166000,0x000000030a266000)]
  0x00007f9fe5812000 JavaThread "Signal Dispatcher" daemon [_thread_blocked, id=23811, stack(0x000000030a377000,0x000000030a477000)]
  0x00007f9fe58bb000 JavaThread "Service Thread" daemon [_thread_blocked, id=41219, stack(0x000000030a47a000,0x000000030a57a000)]
  0x00007f9fe58bc000 JavaThread "C2 CompilerThread0" daemon [_thread_blocked, id=40707, stack(0x000000030a57d000,0x000000030a67d000)]
  0x00007f9fe58bd000 JavaThread "C1 CompilerThread0" daemon [_thread_blocked, id=40195, stack(0x000000030a680000,0x000000030a780000)]
  0x00007f9fd4808800 JavaThread "Sweeper thread" daemon [_thread_blocked, id=39427, stack(0x000000030a783000,0x000000030a883000)]
  0x00007f9fe5964000 JavaThread "Common-Cleaner" daemon [_thread_blocked, id=38147, stack(0x000000030a886000,0x000000030a986000)]
  0x00007f9fe5aba000 JavaThread "Timer-0" daemon [_thread_blocked, id=35471, stack(0x000000030ae98000,0x000000030af98000)]
  0x00007f9fe5fff000 JavaThread "Java2D Disposer" daemon [_thread_blocked, id=31283, stack(0x000000030b09e000,0x000000030b19e000)]
  0x00007f9fe4fb0000 JavaThread "AppKit Thread" daemon [_thread_in_native, id=259, stack(0x00000003090cb000,0x00000003098cb000)]
  0x00007f9fd5542800 JavaThread "C2 CompilerThread1" daemon [_thread_in_native, id=92491, stack(0x000000030aa8c000,0x000000030ab8c000)]

Other Threads:
  0x00007f9fe4879000 VMThread "VM Thread" [stack: 0x0000000309f60000,0x000000030a060000] [id=16899]
  0x00007f9fe596d000 WatcherThread [stack: 0x000000030a989000,0x000000030aa89000] [id=37191]
  0x00007f9fe5809800 GCTaskThread "GC Thread#0" [stack: 0x0000000309a51000,0x0000000309b51000] [id=19459]
  0x00007f9fd4843800 GCTaskThread "GC Thread#1" [stack: 0x000000030ac92000,0x000000030ad92000] [id=26139]
  0x00007f9fd4849800 GCTaskThread "GC Thread#2" [stack: 0x000000030ad95000,0x000000030ae95000] [id=34055]
  0x00007f9fc4bd0000 GCTaskThread "GC Thread#3" [stack: 0x000000030b3a7000,0x000000030b4a7000] [id=87203]
  0x00007f9fc4bd0800 GCTaskThread "GC Thread#4" [stack: 0x000000030b4aa000,0x000000030b5aa000] [id=45335]
  0x00007f9fc4bd1800 GCTaskThread "GC Thread#5" [stack: 0x000000030b5ad000,0x000000030b6ad000] [id=28975]
  0x00007f9fc4bd2000 GCTaskThread "GC Thread#6" [stack: 0x000000030b6b0000,0x000000030b7b0000] [id=85775]
  0x00007f9fe5adf800 GCTaskThread "GC Thread#7" [stack: 0x000000030b7b3000,0x000000030b8b3000] [id=29207]
  0x00007f9fe584d800 ConcurrentGCThread "G1 Main Marker" [stack: 0x0000000309b54000,0x0000000309c54000] [id=19203]
  0x00007f9fe584e800 ConcurrentGCThread "G1 Conc#0" [stack: 0x0000000309c57000,0x0000000309d57000] [id=18179]
  0x00007f9fe5add000 ConcurrentGCThread "G1 Conc#1" [stack: 0x000000030b1a1000,0x000000030b2a1000] [id=30151]
  0x00007f9fe58af000 ConcurrentGCThread "G1 Refine#0" [stack: 0x0000000309d5a000,0x0000000309e5a000] [id=13571]
  0x00007f9fe4f03000 ConcurrentGCThread "G1 Refine#1" [stack: 0x000000030b9b9000,0x000000030bab9000] [id=32067]
  0x00007f9fd484c800 ConcurrentGCThread "G1 Refine#2" [stack: 0x000000030babc000,0x000000030bbbc000] [id=27407]
  0x00007f9fe4818000 ConcurrentGCThread "G1 Young RemSet Sampling" [stack: 0x0000000309e5d000,0x0000000309f5d000] [id=17667]

Threads with active compile tasks:
C2 CompilerThread1  15291 3251 %     4       org.processmining.framework.plugin.impl.PluginManagerImpl::find @ 41 (271 bytes)

VM state:not at safepoint (normal execution)

VM Mutex/Monitor currently owned by a thread: None

Heap address: 0x0000000700000000, size: 4096 MB, Compressed Oops mode: Zero based, Oop shift amount: 3
Narrow klass base: 0x0000000800000000, Narrow klass shift: 0
Compressed class space size: 1073741824 Address: 0x0000000800000000

Heap:
 garbage-first heap   total 131072K, used 60392K [0x0000000700000000, 0x0000000800000000)
  region size 1024K, 15 young (15360K), 5 survivors (5120K)
 Metaspace       used 39172K, capacity 39646K, committed 40240K, reserved 1083392K
  class space    used 5481K, capacity 5646K, committed 5760K, reserved 1048576K
Heap Regions: E=young(eden), S=young(survivor), O=old, HS=humongous(starts), HC=humongous(continues), CS=collection set, F=free, A=archive, TAMS=top-at-mark-start (previous, next)
|   0|0x0000000700000000, 0x0000000700100000, 0x0000000700100000|100%| O|  |TAMS 0x0000000700100000, 0x0000000700000000| Untracked 
|   1|0x0000000700100000, 0x0000000700200000, 0x0000000700200000|100%| O|  |TAMS 0x0000000700200000, 0x0000000700100000| Untracked 
|   2|0x0000000700200000, 0x0000000700300000, 0x0000000700300000|100%| O|  |TAMS 0x0000000700300000, 0x0000000700200000| Untracked 
|   3|0x0000000700300000, 0x0000000700400000, 0x0000000700400000|100%|HS|  |TAMS 0x0000000700400000, 0x0000000700300000| Complete 
|   4|0x0000000700400000, 0x0000000700500000, 0x0000000700500000|100%|HC|  |TAMS 0x0000000700500000, 0x0000000700400000| Complete 
|   5|0x0000000700500000, 0x0000000700600000, 0x0000000700600000|100%|HS|  |TAMS 0x0000000700600000, 0x0000000700500000| Complete 
|   6|0x0000000700600000, 0x0000000700700000, 0x0000000700700000|100%|HC|  |TAMS 0x0000000700700000, 0x0000000700600000| Complete 
|   7|0x0000000700700000, 0x0000000700800000, 0x0000000700800000|100%| O|  |TAMS 0x0000000700800000, 0x0000000700700000| Untracked 
|   8|0x0000000700800000, 0x0000000700900000, 0x0000000700900000|100%| O|  |TAMS 0x0000000700900000, 0x0000000700800000| Untracked 
|   9|0x0000000700900000, 0x0000000700a00000, 0x0000000700a00000|100%| O|  |TAMS 0x0000000700a00000, 0x0000000700900000| Untracked 
|  10|0x0000000700a00000, 0x0000000700b00000, 0x0000000700b00000|100%| O|  |TAMS 0x0000000700b00000, 0x0000000700a00000| Untracked 
|  11|0x0000000700b00000, 0x0000000700c00000, 0x0000000700c00000|100%| O|  |TAMS 0x0000000700c00000, 0x0000000700b00000| Untracked 
|  12|0x0000000700c00000, 0x0000000700d00000, 0x0000000700d00000|100%| O|  |TAMS 0x0000000700d00000, 0x0000000700c00000| Untracked 
|  13|0x0000000700d00000, 0x0000000700e00000, 0x0000000700e00000|100%| O|  |TAMS 0x0000000700e00000, 0x0000000700d00000| Untracked 
|  14|0x0000000700e00000, 0x0000000700f00000, 0x0000000700f00000|100%| O|  |TAMS 0x0000000700f00000, 0x0000000700e00000| Untracked 
|  15|0x0000000700f00000, 0x0000000701000000, 0x0000000701000000|100%| O|  |TAMS 0x0000000701000000, 0x0000000700f00000| Untracked 
|  16|0x0000000701000000, 0x0000000701100000, 0x0000000701100000|100%| O|  |TAMS 0x0000000701100000, 0x0000000701000000| Untracked 
|  17|0x0000000701100000, 0x0000000701200000, 0x0000000701200000|100%| O|  |TAMS 0x0000000701200000, 0x0000000701100000| Untracked 
|  18|0x0000000701200000, 0x0000000701300000, 0x0000000701300000|100%| O|  |TAMS 0x0000000701300000, 0x0000000701200000| Untracked 
|  19|0x0000000701300000, 0x0000000701400000, 0x0000000701400000|100%|HS|  |TAMS 0x0000000701400000, 0x0000000701300000| Complete 
|  20|0x0000000701400000, 0x0000000701500000, 0x0000000701500000|100%|HS|  |TAMS 0x0000000701500000, 0x0000000701400000| Complete 
|  21|0x0000000701500000, 0x0000000701600000, 0x0000000701600000|100%|HC|  |TAMS 0x0000000701600000, 0x0000000701500000| Complete 
|  22|0x0000000701600000, 0x0000000701700000, 0x0000000701700000|100%|HC|  |TAMS 0x0000000701700000, 0x0000000701600000| Complete 
|  23|0x0000000701700000, 0x0000000701800000, 0x0000000701800000|100%|HS|  |TAMS 0x0000000701800000, 0x0000000701700000| Complete 
|  24|0x0000000701800000, 0x0000000701900000, 0x0000000701900000|100%| O|  |TAMS 0x0000000701900000, 0x0000000701800000| Untracked 
|  25|0x0000000701900000, 0x0000000701a00000, 0x0000000701a00000|100%| O|  |TAMS 0x0000000701a00000, 0x0000000701900000| Untracked 
|  26|0x0000000701a00000, 0x0000000701b00000, 0x0000000701b00000|100%| O|  |TAMS 0x0000000701b00000, 0x0000000701a00000| Untracked 
|  27|0x0000000701b00000, 0x0000000701c00000, 0x0000000701c00000|100%| O|  |TAMS 0x0000000701c00000, 0x0000000701b00000| Untracked 
|  28|0x0000000701c00000, 0x0000000701d00000, 0x0000000701d00000|100%| O|  |TAMS 0x0000000701d00000, 0x0000000701c00000| Untracked 
|  29|0x0000000701d00000, 0x0000000701e00000, 0x0000000701e00000|100%| O|  |TAMS 0x0000000701e00000, 0x0000000701d00000| Untracked 
|  30|0x0000000701e00000, 0x0000000701f00000, 0x0000000701f00000|100%| O|  |TAMS 0x0000000701f00000, 0x0000000701e00000| Untracked 
|  31|0x0000000701f00000, 0x0000000702000000, 0x0000000702000000|100%| O|  |TAMS 0x0000000702000000, 0x0000000701f00000| Untracked 
|  32|0x0000000702000000, 0x0000000702100000, 0x0000000702100000|100%| O|  |TAMS 0x0000000702100000, 0x0000000702000000| Untracked 
|  33|0x0000000702100000, 0x0000000702200000, 0x0000000702200000|100%| O|  |TAMS 0x0000000702200000, 0x0000000702100000| Untracked 
|  34|0x0000000702200000, 0x0000000702300000, 0x0000000702300000|100%| O|  |TAMS 0x0000000702300000, 0x0000000702200000| Untracked 
|  35|0x0000000702300000, 0x0000000702400000, 0x0000000702400000|100%| O|  |TAMS 0x00000007023d8400, 0x0000000702300000| Untracked 
|  36|0x0000000702400000, 0x0000000702500000, 0x0000000702500000|100%| O|  |TAMS 0x0000000702400000, 0x0000000702400000| Untracked 
|  37|0x0000000702500000, 0x0000000702600000, 0x0000000702600000|100%| O|  |TAMS 0x0000000702500000, 0x0000000702500000| Untracked 
|  38|0x0000000702600000, 0x0000000702700000, 0x0000000702700000|100%| O|  |TAMS 0x0000000702600000, 0x0000000702600000| Untracked 
|  39|0x0000000702700000, 0x0000000702800000, 0x0000000702800000|100%|HS|  |TAMS 0x0000000702700000, 0x0000000702700000| Complete 
|  40|0x0000000702800000, 0x0000000702900000, 0x0000000702900000|100%| O|  |TAMS 0x0000000702800000, 0x0000000702800000| Untracked 
|  41|0x0000000702900000, 0x0000000702a00000, 0x0000000702a00000|100%| O|  |TAMS 0x0000000702900000, 0x0000000702900000| Untracked 
|  42|0x0000000702a00000, 0x0000000702b00000, 0x0000000702b00000|100%| O|  |TAMS 0x0000000702a00000, 0x0000000702a00000| Untracked 
|  43|0x0000000702b00000, 0x0000000702c00000, 0x0000000702c00000|100%| O|  |TAMS 0x0000000702b00000, 0x0000000702b00000| Untracked 
|  44|0x0000000702c00000, 0x0000000702d00000, 0x0000000702d00000|100%| O|  |TAMS 0x0000000702c00000, 0x0000000702c00000| Untracked 
|  45|0x0000000702d00000, 0x0000000702daca00, 0x0000000702e00000| 67%| O|  |TAMS 0x0000000702d00000, 0x0000000702d00000| Untracked 
|  46|0x0000000702e00000, 0x0000000702e00000, 0x0000000702f00000|  0%| F|  |TAMS 0x0000000702e00000, 0x0000000702e00000| Untracked 
|  47|0x0000000702f00000, 0x0000000702f00000, 0x0000000703000000|  0%| F|  |TAMS 0x0000000702f00000, 0x0000000702f00000| Untracked 
|  48|0x0000000703000000, 0x0000000703000000, 0x0000000703100000|  0%| F|  |TAMS 0x0000000703000000, 0x0000000703000000| Untracked 
|  49|0x0000000703100000, 0x0000000703100000, 0x0000000703200000|  0%| F|  |TAMS 0x0000000703100000, 0x0000000703100000| Untracked 
|  50|0x0000000703200000, 0x0000000703200000, 0x0000000703300000|  0%| F|  |TAMS 0x0000000703200000, 0x0000000703200000| Untracked 
|  51|0x0000000703300000, 0x0000000703300000, 0x0000000703400000|  0%| F|  |TAMS 0x0000000703300000, 0x0000000703300000| Untracked 
|  52|0x0000000703400000, 0x0000000703400000, 0x0000000703500000|  0%| F|  |TAMS 0x0000000703400000, 0x0000000703400000| Untracked 
|  53|0x0000000703500000, 0x0000000703500000, 0x0000000703600000|  0%| F|  |TAMS 0x0000000703500000, 0x0000000703500000| Untracked 
|  54|0x0000000703600000, 0x0000000703600000, 0x0000000703700000|  0%| F|  |TAMS 0x0000000703600000, 0x0000000703600000| Untracked 
|  55|0x0000000703700000, 0x0000000703700000, 0x0000000703800000|  0%| F|  |TAMS 0x0000000703700000, 0x0000000703700000| Untracked 
|  56|0x0000000703800000, 0x0000000703800000, 0x0000000703900000|  0%| F|  |TAMS 0x0000000703800000, 0x0000000703800000| Untracked 
|  57|0x0000000703900000, 0x0000000703900000, 0x0000000703a00000|  0%| F|  |TAMS 0x0000000703900000, 0x0000000703900000| Untracked 
|  58|0x0000000703a00000, 0x0000000703a00000, 0x0000000703b00000|  0%| F|  |TAMS 0x0000000703a00000, 0x0000000703a00000| Untracked 
|  59|0x0000000703b00000, 0x0000000703b4d838, 0x0000000703c00000| 30%| S|CS|TAMS 0x0000000703b00000, 0x0000000703b00000| Complete 
|  60|0x0000000703c00000, 0x0000000703d00000, 0x0000000703d00000|100%| S|CS|TAMS 0x0000000703c00000, 0x0000000703c00000| Complete 
|  61|0x0000000703d00000, 0x0000000703d00000, 0x0000000703e00000|  0%| F|  |TAMS 0x0000000703d00000, 0x0000000703d00000| Untracked 
|  62|0x0000000703e00000, 0x0000000703e00000, 0x0000000703f00000|  0%| F|  |TAMS 0x0000000703e00000, 0x0000000703e00000| Untracked 
|  63|0x0000000703f00000, 0x0000000703f00000, 0x0000000704000000|  0%| F|  |TAMS 0x0000000703f00000, 0x0000000703f00000| Untracked 
|  64|0x0000000704000000, 0x0000000704000000, 0x0000000704100000|  0%| F|  |TAMS 0x0000000704000000, 0x0000000704000000| Untracked 
|  65|0x0000000704100000, 0x0000000704200000, 0x0000000704200000|100%| S|CS|TAMS 0x0000000704100000, 0x0000000704100000| Complete 
|  66|0x0000000704200000, 0x0000000704300000, 0x0000000704300000|100%| S|CS|TAMS 0x0000000704200000, 0x0000000704200000| Complete 
|  67|0x0000000704300000, 0x0000000704300000, 0x0000000704400000|  0%| F|  |TAMS 0x0000000704300000, 0x0000000704300000| Untracked 
|  68|0x0000000704400000, 0x0000000704400000, 0x0000000704500000|  0%| F|  |TAMS 0x0000000704400000, 0x0000000704400000| Untracked 
|  69|0x0000000704500000, 0x0000000704600000, 0x0000000704600000|100%| S|CS|TAMS 0x0000000704500000, 0x0000000704500000| Complete 
|  70|0x0000000704600000, 0x0000000704600000, 0x0000000704700000|  0%| F|  |TAMS 0x0000000704600000, 0x0000000704600000| Untracked 
|  71|0x0000000704700000, 0x0000000704700000, 0x0000000704800000|  0%| F|  |TAMS 0x0000000704700000, 0x0000000704700000| Untracked 
|  72|0x0000000704800000, 0x0000000704800000, 0x0000000704900000|  0%| F|  |TAMS 0x0000000704800000, 0x0000000704800000| Untracked 
|  73|0x0000000704900000, 0x0000000704900000, 0x0000000704a00000|  0%| F|  |TAMS 0x0000000704900000, 0x0000000704900000| Untracked 
|  74|0x0000000704a00000, 0x0000000704a00000, 0x0000000704b00000|  0%| F|  |TAMS 0x0000000704a00000, 0x0000000704a00000| Untracked 
|  75|0x0000000704b00000, 0x0000000704b00000, 0x0000000704c00000|  0%| F|  |TAMS 0x0000000704b00000, 0x0000000704b00000| Untracked 
|  76|0x0000000704c00000, 0x0000000704c00000, 0x0000000704d00000|  0%| F|  |TAMS 0x0000000704c00000, 0x0000000704c00000| Untracked 
|  77|0x0000000704d00000, 0x0000000704d00000, 0x0000000704e00000|  0%| F|  |TAMS 0x0000000704d00000, 0x0000000704d00000| Untracked 
|  78|0x0000000704e00000, 0x0000000704e00000, 0x0000000704f00000|  0%| F|  |TAMS 0x0000000704e00000, 0x0000000704e00000| Untracked 
|  79|0x0000000704f00000, 0x0000000704f00000, 0x0000000705000000|  0%| F|  |TAMS 0x0000000704f00000, 0x0000000704f00000| Untracked 
|  80|0x0000000705000000, 0x0000000705000000, 0x0000000705100000|  0%| F|  |TAMS 0x0000000705000000, 0x0000000705000000| Untracked 
|  81|0x0000000705100000, 0x0000000705100000, 0x0000000705200000|  0%| F|  |TAMS 0x0000000705100000, 0x0000000705100000| Untracked 
|  82|0x0000000705200000, 0x0000000705200000, 0x0000000705300000|  0%| F|  |TAMS 0x0000000705200000, 0x0000000705200000| Untracked 
|  83|0x0000000705300000, 0x0000000705300000, 0x0000000705400000|  0%| F|  |TAMS 0x0000000705300000, 0x0000000705300000| Untracked 
|  84|0x0000000705400000, 0x0000000705400000, 0x0000000705500000|  0%| F|  |TAMS 0x0000000705400000, 0x0000000705400000| Untracked 
|  85|0x0000000705500000, 0x0000000705500000, 0x0000000705600000|  0%| F|  |TAMS 0x0000000705500000, 0x0000000705500000| Untracked 
|  86|0x0000000705600000, 0x0000000705600000, 0x0000000705700000|  0%| F|  |TAMS 0x0000000705600000, 0x0000000705600000| Untracked 
|  87|0x0000000705700000, 0x0000000705700000, 0x0000000705800000|  0%| F|  |TAMS 0x0000000705700000, 0x0000000705700000| Untracked 
|  88|0x0000000705800000, 0x0000000705800000, 0x0000000705900000|  0%| F|  |TAMS 0x0000000705800000, 0x0000000705800000| Untracked 
|  89|0x0000000705900000, 0x0000000705900000, 0x0000000705a00000|  0%| F|  |TAMS 0x0000000705900000, 0x0000000705900000| Untracked 
|  90|0x0000000705a00000, 0x0000000705a00000, 0x0000000705b00000|  0%| F|  |TAMS 0x0000000705a00000, 0x0000000705a00000| Untracked 
|  91|0x0000000705b00000, 0x0000000705b00000, 0x0000000705c00000|  0%| F|  |TAMS 0x0000000705b00000, 0x0000000705b00000| Untracked 
|  92|0x0000000705c00000, 0x0000000705c00000, 0x0000000705d00000|  0%| F|  |TAMS 0x0000000705c00000, 0x0000000705c00000| Untracked 
|  93|0x0000000705d00000, 0x0000000705d00000, 0x0000000705e00000|  0%| F|  |TAMS 0x0000000705d00000, 0x0000000705d00000| Untracked 
|  94|0x0000000705e00000, 0x0000000705e00000, 0x0000000705f00000|  0%| F|  |TAMS 0x0000000705e00000, 0x0000000705e00000| Untracked 
|  95|0x0000000705f00000, 0x0000000705f00000, 0x0000000706000000|  0%| F|  |TAMS 0x0000000705f00000, 0x0000000705f00000| Untracked 
|  96|0x0000000706000000, 0x0000000706000000, 0x0000000706100000|  0%| F|  |TAMS 0x0000000706000000, 0x0000000706000000| Untracked 
|  97|0x0000000706100000, 0x0000000706100000, 0x0000000706200000|  0%| F|  |TAMS 0x0000000706100000, 0x0000000706100000| Untracked 
|  98|0x0000000706200000, 0x0000000706200000, 0x0000000706300000|  0%| F|  |TAMS 0x0000000706200000, 0x0000000706200000| Untracked 
|  99|0x0000000706300000, 0x0000000706300000, 0x0000000706400000|  0%| F|  |TAMS 0x0000000706300000, 0x0000000706300000| Untracked 
| 100|0x0000000706400000, 0x0000000706400000, 0x0000000706500000|  0%| F|  |TAMS 0x0000000706400000, 0x0000000706400000| Untracked 
| 101|0x0000000706500000, 0x0000000706500000, 0x0000000706600000|  0%| F|  |TAMS 0x0000000706500000, 0x0000000706500000| Untracked 
| 102|0x0000000706600000, 0x0000000706600000, 0x0000000706700000|  0%| F|  |TAMS 0x0000000706600000, 0x0000000706600000| Untracked 
| 103|0x0000000706700000, 0x0000000706700000, 0x0000000706800000|  0%| F|  |TAMS 0x0000000706700000, 0x0000000706700000| Untracked 
| 104|0x0000000706800000, 0x0000000706800000, 0x0000000706900000|  0%| F|  |TAMS 0x0000000706800000, 0x0000000706800000| Untracked 
| 105|0x0000000706900000, 0x0000000706900000, 0x0000000706a00000|  0%| F|  |TAMS 0x0000000706900000, 0x0000000706900000| Untracked 
| 106|0x0000000706a00000, 0x0000000706a00000, 0x0000000706b00000|  0%| F|  |TAMS 0x0000000706a00000, 0x0000000706a00000| Untracked 
| 107|0x0000000706b00000, 0x0000000706b00000, 0x0000000706c00000|  0%| F|  |TAMS 0x0000000706b00000, 0x0000000706b00000| Untracked 
| 108|0x0000000706c00000, 0x0000000706c00000, 0x0000000706d00000|  0%| F|  |TAMS 0x0000000706c00000, 0x0000000706c00000| Untracked 
| 109|0x0000000706d00000, 0x0000000706d00000, 0x0000000706e00000|  0%| F|  |TAMS 0x0000000706d00000, 0x0000000706d00000| Untracked 
| 110|0x0000000706e00000, 0x0000000706e00000, 0x0000000706f00000|  0%| F|  |TAMS 0x0000000706e00000, 0x0000000706e00000| Untracked 
| 111|0x0000000706f00000, 0x0000000706f00000, 0x0000000707000000|  0%| F|  |TAMS 0x0000000706f00000, 0x0000000706f00000| Untracked 
| 112|0x0000000707000000, 0x0000000707000000, 0x0000000707100000|  0%| F|  |TAMS 0x0000000707000000, 0x0000000707000000| Untracked 
| 113|0x0000000707100000, 0x0000000707100000, 0x0000000707200000|  0%| F|  |TAMS 0x0000000707100000, 0x0000000707100000| Untracked 
| 114|0x0000000707200000, 0x0000000707200000, 0x0000000707300000|  0%| F|  |TAMS 0x0000000707200000, 0x0000000707200000| Untracked 
| 115|0x0000000707300000, 0x0000000707300000, 0x0000000707400000|  0%| F|  |TAMS 0x0000000707300000, 0x0000000707300000| Untracked 
| 116|0x0000000707400000, 0x0000000707400000, 0x0000000707500000|  0%| F|  |TAMS 0x0000000707400000, 0x0000000707400000| Untracked 
| 117|0x0000000707500000, 0x0000000707500000, 0x0000000707600000|  0%| F|  |TAMS 0x0000000707500000, 0x0000000707500000| Untracked 
| 118|0x0000000707600000, 0x0000000707700000, 0x0000000707700000|100%| E|  |TAMS 0x0000000707600000, 0x0000000707600000| Complete 
| 119|0x0000000707700000, 0x0000000707800000, 0x0000000707800000|100%| E|CS|TAMS 0x0000000707700000, 0x0000000707700000| Complete 
| 120|0x0000000707800000, 0x0000000707900000, 0x0000000707900000|100%| E|CS|TAMS 0x0000000707800000, 0x0000000707800000| Complete 
| 121|0x0000000707900000, 0x0000000707a00000, 0x0000000707a00000|100%| E|CS|TAMS 0x0000000707900000, 0x0000000707900000| Complete 
| 122|0x0000000707a00000, 0x0000000707b00000, 0x0000000707b00000|100%| E|CS|TAMS 0x0000000707a00000, 0x0000000707a00000| Complete 
| 123|0x0000000707b00000, 0x0000000707c00000, 0x0000000707c00000|100%| E|CS|TAMS 0x0000000707b00000, 0x0000000707b00000| Complete 
| 124|0x0000000707c00000, 0x0000000707d00000, 0x0000000707d00000|100%| E|CS|TAMS 0x0000000707c00000, 0x0000000707c00000| Complete 
| 125|0x0000000707d00000, 0x0000000707e00000, 0x0000000707e00000|100%| E|CS|TAMS 0x0000000707d00000, 0x0000000707d00000| Complete 
| 126|0x0000000707e00000, 0x0000000707f00000, 0x0000000707f00000|100%| E|CS|TAMS 0x0000000707e00000, 0x0000000707e00000| Complete 
| 127|0x0000000707f00000, 0x0000000708000000, 0x0000000708000000|100%| E|CS|TAMS 0x0000000707f00000, 0x0000000707f00000| Complete 

Card table byte_map: [0x00000001257be000,0x0000000125fbe000] _byte_map_base: 0x0000000121fbe000

Marking Bits (Prev, Next): (CMBitMap*) 0x00007f9fe583d018, (CMBitMap*) 0x00007f9fe583d050
 Prev Bits: [0x00000001267be000, 0x000000012a7be000)
 Next Bits: [0x000000012a7be000, 0x000000012e7be000)

Polling page: 0x0000000102a48000

Metaspace:

Usage:
  Non-class:     33.20 MB capacity,    32.90 MB (>99%) used,   254.38 KB ( <1%) free+waste,    54.62 KB ( <1%) overhead. 
      Class:      5.51 MB capacity,     5.35 MB ( 97%) used,   140.58 KB (  2%) free+waste,    23.88 KB ( <1%) overhead. 
       Both:     38.72 MB capacity,    38.25 MB ( 99%) used,   394.95 KB ( <1%) free+waste,    78.50 KB ( <1%) overhead. 

Virtual space:
  Non-class space:       34.00 MB reserved,      33.67 MB (>99%) committed 
      Class space:        1.00 GB reserved,       5.62 MB ( <1%) committed 
             Both:        1.03 GB reserved,      39.30 MB (  4%) committed 

Chunk freelists:
   Non-Class:  452.00 KB
       Class:  18.00 KB
        Both:  470.00 KB

MaxMetaspaceSize: unlimited
CompressedClassSpaceSize: 1.00 GB

CodeHeap 'non-profiled nmethods': size=120032Kb used=2214Kb max_used=2214Kb free=117818Kb
 bounds [0x000000011e286000, 0x000000011e4f6000, 0x00000001257be000]
CodeHeap 'profiled nmethods': size=120028Kb used=7480Kb max_used=7480Kb free=112547Kb
 bounds [0x0000000116d4f000, 0x000000011749f000, 0x000000011e286000]
CodeHeap 'non-nmethods': size=5700Kb used=1167Kb max_used=1224Kb free=4532Kb
 bounds [0x00000001167be000, 0x0000000116a2e000, 0x0000000116d4f000]
 total_blobs=3797 nmethods=3271 adapters=439
 compilation: enabled
              stopped_count=0, restarted_count=0
 full_count=0

Compilation events (20 events):
Event: 15.216 Thread 0x00007f9fe58bd000 nmethod 3266 0x0000000117497810 code [0x0000000117497a20, 0x0000000117497e60]
Event: 15.216 Thread 0x00007f9fe58bd000 3267       3       org.processmining.contexts.uitopia.hub.ProMViewManager$1::<init> (15 bytes)
Event: 15.216 Thread 0x00007f9fe58bd000 nmethod 3267 0x0000000117498090 code [0x0000000117498240, 0x0000000117498450]
Event: 15.216 Thread 0x00007f9fe58bd000 3268       3       java.util.Collections::sort (8 bytes)
Event: 15.216 Thread 0x00007f9fe58bd000 nmethod 3268 0x0000000117498510 code [0x00000001174986c0, 0x0000000117498860]
Event: 15.246 Thread 0x00007f9fe58bc000 nmethod 3260 0x000000011e4a8110 code [0x000000011e4a8520, 0x000000011e4abaf0]
Event: 15.246 Thread 0x00007f9fe58bc000 3261       4       java.util.Arrays::fill (21 bytes)
Event: 15.247 Thread 0x00007f9fe58bc000 nmethod 3261 0x000000011e4add10 code [0x000000011e4adea0, 0x000000011e4adf58]
Event: 15.247 Thread 0x00007f9fe58bc000 3262       4       org.processmining.framework.plugin.impl.PluginManagerImpl::isParameterAssignable (32 bytes)
Event: 15.248 Thread 0x00007f9fe58bc000 nmethod 3262 0x000000011e4ae090 code [0x000000011e4ae220, 0x000000011e4ae398]
Event: 15.264 Thread 0x00007f9fe58bd000 3270       3       org.processmining.contexts.uitopia.hub.ProMViewManager::registerResourceType (266 bytes)
Event: 15.264 Thread 0x00007f9fe58bc000 3271       4       org.processmining.framework.plugin.impl.PluginManagerImpl::checkIfRequestedReturnTypeIsPresent (50 bytes)
Event: 15.265 Thread 0x00007f9fe58bd000 nmethod 3270 0x0000000117498910 code [0x0000000117498d00, 0x000000011749b130]
Event: 15.265 Thread 0x00007f9fe58bd000 3269       3       java.util.Arrays::legacyMergeSort (37 bytes)
Event: 15.266 Thread 0x00007f9fe58bd000 nmethod 3269 0x000000011749ba10 code [0x000000011749bc00, 0x000000011749bea0]
Event: 15.276 Thread 0x00007f9fe58bd000 3272       3       org.processmining.framework.util.collection.ComparablePair::compareTo (9 bytes)
Event: 15.276 Thread 0x00007f9fe58bd000 nmethod 3272 0x000000011749c010 code [0x000000011749c1e0, 0x000000011749c420]
Event: 15.276 Thread 0x00007f9fe58bd000 3273       3       org.processmining.framework.util.collection.ComparablePair::compareTo (52 bytes)
Event: 15.276 Thread 0x00007f9fe58bd000 nmethod 3273 0x000000011749c510 code [0x000000011749c740, 0x000000011749d130]
Event: 15.284 Thread 0x00007f9fe58bc000 nmethod 3271 0x000000011e4ae510 code [0x000000011e4ae700, 0x000000011e4af458]

GC Heap History (20 events):
Event: 10.499 GC heap before
{Heap before GC invocations=13 (full 0):
 garbage-first heap   total 131072K, used 102498K [0x0000000700000000, 0x0000000800000000)
  region size 1024K, 70 young (71680K), 6 survivors (6144K)
 Metaspace       used 33501K, capacity 33941K, committed 34352K, reserved 1079296K
  class space    used 4515K, capacity 4685K, committed 4736K, reserved 1048576K
}
Event: 10.502 GC heap after
{Heap after GC invocations=14 (full 0):
 garbage-first heap   total 131072K, used 38993K [0x0000000700000000, 0x0000000800000000)
  region size 1024K, 7 young (7168K), 7 survivors (7168K)
 Metaspace       used 33501K, capacity 33941K, committed 34352K, reserved 1079296K
  class space    used 4515K, capacity 4685K, committed 4736K, reserved 1048576K
}
Event: 11.091 GC heap before
{Heap before GC invocations=14 (full 0):
 garbage-first heap   total 131072K, used 102481K [0x0000000700000000, 0x0000000800000000)
  region size 1024K, 70 young (71680K), 7 survivors (7168K)
 Metaspace       used 34436K, capacity 34933K, committed 35504K, reserved 1079296K
  class space    used 4672K, capacity 4845K, committed 4864K, reserved 1048576K
}
Event: 11.093 GC heap after
{Heap after GC invocations=15 (full 0):
 garbage-first heap   total 131072K, used 40766K [0x0000000700000000, 0x0000000800000000)
  region size 1024K, 6 young (6144K), 6 survivors (6144K)
 Metaspace       used 34436K, capacity 34933K, committed 35504K, reserved 1079296K
  class space    used 4672K, capacity 4845K, committed 4864K, reserved 1048576K
}
Event: 11.643 GC heap before
{Heap before GC invocations=15 (full 0):
 garbage-first heap   total 131072K, used 98110K [0x0000000700000000, 0x0000000800000000)
  region size 1024K, 63 young (64512K), 6 survivors (6144K)
 Metaspace       used 34994K, capacity 35445K, committed 35888K, reserved 1081344K
  class space    used 4794K, capacity 4973K, committed 4992K, reserved 1048576K
}
Event: 11.645 GC heap after
{Heap after GC invocations=16 (full 0):
 garbage-first heap   total 131072K, used 42244K [0x0000000700000000, 0x0000000800000000)
  region size 1024K, 6 young (6144K), 6 survivors (6144K)
 Metaspace       used 34994K, capacity 35445K, committed 35888K, reserved 1081344K
  class space    used 4794K, capacity 4973K, committed 4992K, reserved 1048576K
}
Event: 12.280 GC heap before
{Heap before GC invocations=17 (full 0):
 garbage-first heap   total 131072K, used 105732K [0x0000000700000000, 0x0000000800000000)
  region size 1024K, 68 young (69632K), 6 survivors (6144K)
 Metaspace       used 35753K, capacity 36178K, committed 36912K, reserved 1081344K
  class space    used 4960K, capacity 5132K, committed 5248K, reserved 1048576K
}
Event: 12.282 GC heap after
{Heap after GC invocations=18 (full 0):
 garbage-first heap   total 131072K, used 42166K [0x0000000700000000, 0x0000000800000000)
  region size 1024K, 4 young (4096K), 4 survivors (4096K)
 Metaspace       used 35753K, capacity 36178K, committed 36912K, reserved 1081344K
  class space    used 4960K, capacity 5132K, committed 5248K, reserved 1048576K
}
Event: 12.898 GC heap before
{Heap before GC invocations=18 (full 0):
 garbage-first heap   total 131072K, used 105654K [0x0000000700000000, 0x0000000800000000)
  region size 1024K, 66 young (67584K), 4 survivors (4096K)
 Metaspace       used 36595K, capacity 37042K, committed 37552K, reserved 1081344K
  class space    used 5137K, capacity 5292K, committed 5376K, reserved 1048576K
}
Event: 12.900 GC heap after
{Heap after GC invocations=19 (full 0):
 garbage-first heap   total 131072K, used 42768K [0x0000000700000000, 0x0000000800000000)
  region size 1024K, 4 young (4096K), 4 survivors (4096K)
 Metaspace       used 36595K, capacity 37042K, committed 37552K, reserved 1081344K
  class space    used 5137K, capacity 5292K, committed 5376K, reserved 1048576K
}
Event: 13.506 GC heap before
{Heap before GC invocations=19 (full 0):
 garbage-first heap   total 131072K, used 107280K [0x0000000700000000, 0x0000000800000000)
  region size 1024K, 67 young (68608K), 4 survivors (4096K)
 Metaspace       used 37362K, capacity 37778K, committed 38448K, reserved 1083392K
  class space    used 5239K, capacity 5388K, committed 5504K, reserved 1048576K
}
Event: 13.508 GC heap after
{Heap after GC invocations=20 (full 0):
 garbage-first heap   total 131072K, used 43777K [0x0000000700000000, 0x0000000800000000)
  region size 1024K, 5 young (5120K), 5 survivors (5120K)
 Metaspace       used 37362K, capacity 37778K, committed 38448K, reserved 1083392K
  class space    used 5239K, capacity 5388K, committed 5504K, reserved 1048576K
}
Event: 14.076 GC heap before
{Heap before GC invocations=20 (full 0):
 garbage-first heap   total 131072K, used 109313K [0x0000000700000000, 0x0000000800000000)
  region size 1024K, 68 young (69632K), 5 survivors (5120K)
 Metaspace       used 37962K, capacity 38386K, committed 38960K, reserved 1083392K
  class space    used 5339K, capacity 5484K, committed 5504K, reserved 1048576K
}
Event: 14.078 GC heap after
{Heap after GC invocations=21 (full 0):
 garbage-first heap   total 131072K, used 46657K [0x0000000700000000, 0x0000000800000000)
  region size 1024K, 7 young (7168K), 7 survivors (7168K)
 Metaspace       used 37962K, capacity 38386K, committed 38960K, reserved 1083392K
  class space    used 5339K, capacity 5484K, committed 5504K, reserved 1048576K
}
Event: 14.791 GC heap before
{Heap before GC invocations=21 (full 0):
 garbage-first heap   total 131072K, used 108097K [0x0000000700000000, 0x0000000800000000)
  region size 1024K, 68 young (69632K), 7 survivors (7168K)
 Metaspace       used 38885K, capacity 39320K, committed 39984K, reserved 1083392K
  class space    used 5466K, capacity 5645K, committed 5760K, reserved 1048576K
}
Event: 14.794 GC heap after
{Heap after GC invocations=22 (full 0):
 garbage-first heap   total 131072K, used 49244K [0x0000000700000000, 0x0000000800000000)
  region size 1024K, 7 young (7168K), 7 survivors (7168K)
 Metaspace       used 38885K, capacity 39320K, committed 39984K, reserved 1083392K
  class space    used 5466K, capacity 5645K, committed 5760K, reserved 1048576K
}
Event: 15.140 GC heap before
{Heap before GC invocations=22 (full 0):
 garbage-first heap   total 131072K, used 109660K [0x0000000700000000, 0x0000000800000000)
  region size 1024K, 66 young (67584K), 7 survivors (7168K)
 Metaspace       used 39160K, capacity 39646K, committed 40240K, reserved 1083392K
  class space    used 5481K, capacity 5646K, committed 5760K, reserved 1048576K
}
Event: 15.144 GC heap after
{Heap after GC invocations=23 (full 0):
 garbage-first heap   total 131072K, used 50999K [0x0000000700000000, 0x0000000800000000)
  region size 1024K, 6 young (6144K), 6 survivors (6144K)
 Metaspace       used 39160K, capacity 39646K, committed 40240K, reserved 1083392K
  class space    used 5481K, capacity 5646K, committed 5760K, reserved 1048576K
}
Event: 15.270 GC heap before
{Heap before GC invocations=23 (full 0):
 garbage-first heap   total 131072K, used 110391K [0x0000000700000000, 0x0000000800000000)
  region size 1024K, 64 young (65536K), 6 survivors (6144K)
 Metaspace       used 39171K, capacity 39646K, committed 40240K, reserved 1083392K
  class space    used 5481K, capacity 5646K, committed 5760K, reserved 1048576K
}
Event: 15.272 GC heap after
{Heap after GC invocations=24 (full 0):
 garbage-first heap   total 131072K, used 51176K [0x0000000700000000, 0x0000000800000000)
  region size 1024K, 5 young (5120K), 5 survivors (5120K)
 Metaspace       used 39171K, capacity 39646K, committed 40240K, reserved 1083392K
  class space    used 5481K, capacity 5646K, committed 5760K, reserved 1048576K
}

Deoptimization events (20 events):
Event: 15.160 Thread 0x00007f9fe480d800 DEOPT PACKING pc=0x000000011e4a4514 sp=0x0000000309a4ce80
Event: 15.160 Thread 0x00007f9fe480d800 DEOPT UNPACKING pc=0x00000001167e359f sp=0x0000000309a4ce20 mode 2
Event: 15.162 Thread 0x00007f9fe480d800 DEOPT PACKING pc=0x0000000117488b63 sp=0x0000000309a4cde0
Event: 15.162 Thread 0x00007f9fe480d800 DEOPT UNPACKING pc=0x00000001167e39ab sp=0x0000000309a4c298 mode 0
Event: 15.172 Thread 0x00007f9fe480d800 DEOPT PACKING pc=0x0000000117488b63 sp=0x0000000309a4cde0
Event: 15.172 Thread 0x00007f9fe480d800 DEOPT UNPACKING pc=0x00000001167e39ab sp=0x0000000309a4c298 mode 0
Event: 15.181 Thread 0x00007f9fe480d800 DEOPT PACKING pc=0x0000000117488b63 sp=0x0000000309a4cde0
Event: 15.181 Thread 0x00007f9fe480d800 DEOPT UNPACKING pc=0x00000001167e39ab sp=0x0000000309a4c298 mode 0
Event: 15.190 Thread 0x00007f9fe480d800 DEOPT PACKING pc=0x0000000117488b63 sp=0x0000000309a4cde0
Event: 15.190 Thread 0x00007f9fe480d800 DEOPT UNPACKING pc=0x00000001167e39ab sp=0x0000000309a4c298 mode 0
Event: 15.200 Thread 0x00007f9fe480d800 DEOPT PACKING pc=0x0000000117488b63 sp=0x0000000309a4cde0
Event: 15.200 Thread 0x00007f9fe480d800 DEOPT UNPACKING pc=0x00000001167e39ab sp=0x0000000309a4c298 mode 0
Event: 15.209 Thread 0x00007f9fe480d800 DEOPT PACKING pc=0x0000000117488b63 sp=0x0000000309a4cde0
Event: 15.209 Thread 0x00007f9fe480d800 DEOPT UNPACKING pc=0x00000001167e39ab sp=0x0000000309a4c298 mode 0
Event: 15.219 Thread 0x00007f9fe480d800 DEOPT PACKING pc=0x0000000117488b63 sp=0x0000000309a4cde0
Event: 15.219 Thread 0x00007f9fe480d800 DEOPT UNPACKING pc=0x00000001167e39ab sp=0x0000000309a4c298 mode 0
Event: 15.228 Thread 0x00007f9fe480d800 DEOPT PACKING pc=0x0000000117488b63 sp=0x0000000309a4cde0
Event: 15.228 Thread 0x00007f9fe480d800 DEOPT UNPACKING pc=0x00000001167e39ab sp=0x0000000309a4c298 mode 0
Event: 15.238 Thread 0x00007f9fe480d800 DEOPT PACKING pc=0x0000000117488b63 sp=0x0000000309a4cde0
Event: 15.238 Thread 0x00007f9fe480d800 DEOPT UNPACKING pc=0x00000001167e39ab sp=0x0000000309a4c298 mode 0

Classes redefined (0 events):
No events

Internal exceptions (20 events):
Event: 4.569 Thread 0x00007f9fd55e2800 Exception <a 'java/security/PrivilegedActionException'{0x0000000704de5538}> (0x0000000704de5538) thrown at [./src/hotspot/share/prims/jvm.cpp, line 1306]
Event: 4.569 Thread 0x00007f9fd55e2800 Exception <a 'java/security/PrivilegedActionException'{0x0000000704de5fb8}> (0x0000000704de5fb8) thrown at [./src/hotspot/share/prims/jvm.cpp, line 1306]
Event: 4.569 Thread 0x00007f9fd55e2800 Exception <a 'java/security/PrivilegedActionException'{0x0000000704de6288}> (0x0000000704de6288) thrown at [./src/hotspot/share/prims/jvm.cpp, line 1306]
Event: 4.569 Thread 0x00007f9fd55e2800 Exception <a 'java/security/PrivilegedActionException'{0x0000000704de6d18}> (0x0000000704de6d18) thrown at [./src/hotspot/share/prims/jvm.cpp, line 1306]
Event: 4.569 Thread 0x00007f9fd55e2800 Exception <a 'java/security/PrivilegedActionException'{0x0000000704de6fe8}> (0x0000000704de6fe8) thrown at [./src/hotspot/share/prims/jvm.cpp, line 1306]
Event: 4.570 Thread 0x00007f9fd55e2800 Exception <a 'java/security/PrivilegedActionException'{0x0000000704de7a68}> (0x0000000704de7a68) thrown at [./src/hotspot/share/prims/jvm.cpp, line 1306]
Event: 4.570 Thread 0x00007f9fd55e2800 Exception <a 'java/security/PrivilegedActionException'{0x0000000704de7d38}> (0x0000000704de7d38) thrown at [./src/hotspot/share/prims/jvm.cpp, line 1306]
Event: 4.578 Thread 0x00007f9fd55e2800 Exception <a 'java/security/PrivilegedActionException'{0x00000007047ed798}> (0x00000007047ed798) thrown at [./src/hotspot/share/prims/jvm.cpp, line 1306]
Event: 4.578 Thread 0x00007f9fd55e2800 Exception <a 'java/security/PrivilegedActionException'{0x00000007047eda68}> (0x00000007047eda68) thrown at [./src/hotspot/share/prims/jvm.cpp, line 1306]
Event: 4.916 Thread 0x00007f9fe4a14000 Exception <a 'java/lang/ClassNotFoundException'{0x0000000706cad130}: sun/awt/resources/spi/awtProvider> (0x0000000706cad130) thrown at [./src/hotspot/share/classfile/systemDictionary.cpp, line 231]
Event: 4.939 Thread 0x00007f9fe4a14000 Exception <a 'java/io/FileNotFoundException'{0x0000000706cf7d00}> (0x0000000706cf7d00) thrown at [./src/hotspot/share/prims/jni.cpp, line 615]
Event: 4.939 Thread 0x00007f9fe4a14000 Exception <a 'java/io/FileNotFoundException'{0x0000000706cfb828}> (0x0000000706cfb828) thrown at [./src/hotspot/share/prims/jni.cpp, line 615]
Event: 5.050 Thread 0x00007f9fe4a14000 Exception <a 'java/lang/ClassNotFoundException'{0x0000000707f25fe8}: sun/awt/resources/spi/awtosxProvider> (0x0000000707f25fe8) thrown at [./src/hotspot/share/classfile/systemDictionary.cpp, line 231]
Event: 5.079 Thread 0x00007f9fe4a14000 Exception <a 'java/lang/NoSuchMethodError'{0x0000000707f9cba8}: 'java.lang.Object java.lang.invoke.DirectMethodHandle$Holder.invokeStatic(java.lang.Object, java.lang.Object, java.lang.Object, java.lang.Object, java.lang.Object, java.lang.Object, java.lang.Object, java.lang.Object, int)'> (0x0000000707f9cba8) thrown at [./src/hotspot/share/interpreter/linkResolver.cpp, line 773]
Event: 5.083 Thread 0x00007f9fe4a14000 Exception <a 'java/lang/NoSuchMethodError'{0x0000000707fb6d60}: 'java.lang.Object java.lang.invoke.DirectMethodHandle$Holder.invokeStatic(java.lang.Object, java.lang.Object, java.lang.Object, java.lang.Object, java.lang.Object, java.lang.Object, java.lang.Object, java.lang.Object, int, int)'> (0x0000000707fb6d60) thrown at [./src/hotspot/share/interpreter/linkResolver.cpp, line 773]
Event: 8.421 Thread 0x00007f9fe490b000 Exception <a 'java/security/PrivilegedActionException'{0x0000000706a92020}> (0x0000000706a92020) thrown at [./src/hotspot/share/prims/jvm.cpp, line 1306]
Event: 8.421 Thread 0x00007f9fe490b000 Exception <a 'java/security/PrivilegedActionException'{0x0000000706a922f0}> (0x0000000706a922f0) thrown at [./src/hotspot/share/prims/jvm.cpp, line 1306]
Event: 10.398 Thread 0x00007f9fc49b5800 Exception <a 'java/security/PrivilegedActionException'{0x0000000704a03f00}> (0x0000000704a03f00) thrown at [./src/hotspot/share/prims/jvm.cpp, line 1306]
Event: 10.398 Thread 0x00007f9fc49b5800 Exception <a 'java/security/PrivilegedActionException'{0x0000000704a041d0}> (0x0000000704a041d0) thrown at [./src/hotspot/share/prims/jvm.cpp, line 1306]
Event: 14.493 Thread 0x00007f9fe480d800 Implicit null exception at 0x000000011e3d8e89 to 0x000000011e3d95b4

Events (20 events):
Event: 15.154 Executing VM operation: RevokeBias
Event: 15.154 Executing VM operation: RevokeBias done
Event: 15.155 Executing VM operation: RevokeBias
Event: 15.155 Executing VM operation: RevokeBias done
Event: 15.155 Executing VM operation: RevokeBias
Event: 15.155 Executing VM operation: RevokeBias done
Event: 15.156 Executing VM operation: RevokeBias
Event: 15.156 Executing VM operation: RevokeBias done
Event: 15.156 Executing VM operation: RevokeBias
Event: 15.157 Executing VM operation: RevokeBias done
Event: 15.157 Executing VM operation: RevokeBias
Event: 15.157 Executing VM operation: RevokeBias done
Event: 15.157 Executing VM operation: RevokeBias
Event: 15.157 Executing VM operation: RevokeBias done
Event: 15.158 Executing VM operation: RevokeBias
Event: 15.158 Executing VM operation: RevokeBias done
Event: 15.158 Executing VM operation: BulkRevokeBias
Event: 15.158 Executing VM operation: BulkRevokeBias done
Event: 15.269 Executing VM operation: G1CollectForAllocation
Event: 15.272 Executing VM operation: G1CollectForAllocation done


Dynamic libraries:
0x000000010b077000 	/Library/Java/JavaVirtualMachines/adoptopenjdk-11.jdk/Contents/Home/lib/jli/libjli.dylib
0x00007ff834390000 	/System/Library/Frameworks/Cocoa.framework/Versions/A/Cocoa
0x00007ff81fa7c000 	/System/Library/Frameworks/AppKit.framework/Versions/C/AppKit
0x00007ff822fed000 	/System/Library/Frameworks/CoreData.framework/Versions/A/CoreData
0x00007ff81de80000 	/System/Library/Frameworks/Foundation.framework/Versions/C/Foundation
0x00007ff828267000 	/usr/lib/libSystem.B.dylib
0x00007ff82090b000 	/System/Library/PrivateFrameworks/UIFoundation.framework/Versions/A/UIFoundation
0x00007ff82e294000 	/System/Library/PrivateFrameworks/RemoteViewServices.framework/Versions/A/RemoteViewServices
0x00007ff826533000 	/System/Library/PrivateFrameworks/XCTTargetBootstrap.framework/Versions/A/XCTTargetBootstrap
0x00007ff82a12c000 	/System/Library/PrivateFrameworks/InternationalSupport.framework/Versions/A/InternationalSupport
0x00007ff82a1b6000 	/System/Library/PrivateFrameworks/UserActivity.framework/Versions/A/UserActivity
0x00007ff829510000 	/usr/lib/libspindump.dylib
0x00007ff820b99000 	/System/Library/Frameworks/UniformTypeIdentifiers.framework/Versions/A/UniformTypeIdentifiers
0x00007ff824c5b000 	/usr/lib/libapp_launch_measurement.dylib
0x00007ff8239ce000 	/System/Library/PrivateFrameworks/CoreAnalytics.framework/Versions/A/CoreAnalytics
0x00007ff824c5e000 	/System/Library/PrivateFrameworks/CoreAutoLayout.framework/Versions/A/CoreAutoLayout
0x00007ff825e8d000 	/System/Library/Frameworks/Metal.framework/Versions/A/Metal
0x00007ff826bb9000 	/usr/lib/liblangid.dylib
0x00007ff826538000 	/System/Library/PrivateFrameworks/CoreSVG.framework/Versions/A/CoreSVG
0x00007ff821f84000 	/System/Library/PrivateFrameworks/SkyLight.framework/Versions/A/SkyLight
0x00007ff822322000 	/System/Library/Frameworks/CoreGraphics.framework/Versions/A/CoreGraphics
0x00007ff82e954000 	/System/Library/Frameworks/Accelerate.framework/Versions/A/Accelerate
0x00007ff828f8f000 	/System/Library/PrivateFrameworks/IconServices.framework/Versions/A/IconServices
0x00007ff825e72000 	/System/Library/Frameworks/IOSurface.framework/Versions/A/IOSurface
0x00007ff8239fc000 	/usr/lib/libDiagnosticMessagesClient.dylib
0x00007ff828181000 	/usr/lib/libz.1.dylib
0x00007ff832034000 	/System/Library/Frameworks/ApplicationServices.framework/Versions/A/ApplicationServices
0x00007ff82651f000 	/System/Library/PrivateFrameworks/DFRFoundation.framework/Versions/A/DFRFoundation
0x00007ff81f364000 	/usr/lib/libicucore.A.dylib
0x00007ff82af21000 	/System/Library/Frameworks/AudioToolbox.framework/Versions/A/AudioToolbox
0x00007ff82a138000 	/System/Library/PrivateFrameworks/DataDetectorsCore.framework/Versions/A/DataDetectorsCore
0x00007ff926230000 	/System/Library/PrivateFrameworks/TextInput.framework/Versions/A/TextInput
0x00007ff821f07000 	/usr/lib/libMobileGestalt.dylib
0x00007ff82622b000 	/System/Library/Frameworks/Carbon.framework/Versions/A/Frameworks/HIToolbox.framework/Versions/A/HIToolbox
0x00007ff824661000 	/System/Library/Frameworks/QuartzCore.framework/Versions/A/QuartzCore
0x00007ff81f009000 	/System/Library/Frameworks/Security.framework/Versions/A/Security
0x00007ff82e2cc000 	/System/Library/Frameworks/Carbon.framework/Versions/A/Frameworks/SpeechRecognition.framework/Versions/A/SpeechRecognition
0x00007ff8249bb000 	/System/Library/PrivateFrameworks/CoreUI.framework/Versions/A/CoreUI
0x00007ff81e8d4000 	/System/Library/Frameworks/CoreAudio.framework/Versions/A/CoreAudio
0x00007ff823aeb000 	/System/Library/Frameworks/DiskArbitration.framework/Versions/A/DiskArbitration
0x00007ff8298fc000 	/System/Library/PrivateFrameworks/MultitouchSupport.framework/Versions/A/MultitouchSupport
0x00007ff821f06000 	/usr/lib/libenergytrace.dylib
0x00007ff81f968000 	/System/Library/Frameworks/IOKit.framework/Versions/A/IOKit
0x00007ff82e6bc000 	/System/Library/Frameworks/CoreServices.framework/Versions/A/CoreServices
0x00007ff824bf5000 	/System/Library/PrivateFrameworks/PerformanceAnalysis.framework/Versions/A/PerformanceAnalysis
0x00007ffa35e61000 	/System/Library/Frameworks/OpenGL.framework/Versions/A/OpenGL
0x00007ff82779d000 	/System/Library/PrivateFrameworks/MobileKeyBag.framework/Versions/A/MobileKeyBag
0x00007ff81cf0e000 	/usr/lib/libobjc.A.dylib
0x00007ff822a4c000 	/System/Library/Frameworks/ColorSync.framework/Versions/A/ColorSync
0x00007ff81d0c8000 	/System/Library/Frameworks/CoreFoundation.framework/Versions/A/CoreFoundation
0x00007ff8267af000 	/System/Library/Frameworks/CoreImage.framework/Versions/A/CoreImage
0x00007ff81e6e8000 	/System/Library/Frameworks/CoreText.framework/Versions/A/CoreText
0x00007ff826568000 	/System/Library/Frameworks/ImageIO.framework/Versions/A/ImageIO
0x00007ff82826d000 	/System/Library/PrivateFrameworks/SoftLinking.framework/Versions/A/SoftLinking
0x00007ff824ca6000 	/usr/lib/libxml2.2.dylib
0x00007ff81cfd4000 	/usr/lib/libc++.1.dylib
0x00007ff8284ee000 	/usr/lib/libcompression.dylib
0x00007ff82a05f000 	/System/Library/PrivateFrameworks/TextureIO.framework/Versions/A/TextureIO
0x00007ff828c08000 	/usr/lib/libate.dylib
0x00007ff828262000 	/usr/lib/system/libcache.dylib
0x00007ff82821e000 	/usr/lib/system/libcommonCrypto.dylib
0x00007ff828247000 	/usr/lib/system/libcompiler_rt.dylib
0x00007ff82823d000 	/usr/lib/system/libcopyfile.dylib
0x00007ff81ce09000 	/usr/lib/system/libcorecrypto.dylib
0x00007ff81cec7000 	/usr/lib/system/libdispatch.dylib
0x00007ff81d087000 	/usr/lib/system/libdyld.dylib
0x00007ff828259000 	/usr/lib/system/libkeymgr.dylib
0x00007ff8281fc000 	/usr/lib/system/libmacho.dylib
0x00007ff827877000 	/usr/lib/system/libquarantine.dylib
0x00007ff828257000 	/usr/lib/system/libremovefile.dylib
0x00007ff821f54000 	/usr/lib/system/libsystem_asl.dylib
0x00007ff81cdb2000 	/usr/lib/system/libsystem_blocks.dylib
0x00007ff81cf4b000 	/usr/lib/system/libsystem_c.dylib
0x00007ff82824f000 	/usr/lib/system/libsystem_collections.dylib
0x00007ff826ba9000 	/usr/lib/system/libsystem_configuration.dylib
0x00007ff825e55000 	/usr/lib/system/libsystem_containermanager.dylib
0x00007ff827f2e000 	/usr/lib/system/libsystem_coreservices.dylib
0x00007ff81f5f8000 	/usr/lib/system/libsystem_darwin.dylib
0x00007ff82825a000 	/usr/lib/system/libsystem_dnssd.dylib
0x00007ff81cf48000 	/usr/lib/system/libsystem_featureflags.dylib
0x00007ff81d09d000 	/usr/lib/system/libsystem_info.dylib
0x00007ff828194000 	/usr/lib/system/libsystem_m.dylib
0x00007ff81ce9b000 	/usr/lib/system/libsystem_malloc.dylib
0x00007ff821eef000 	/usr/lib/system/libsystem_networkextension.dylib
0x00007ff81fa1e000 	/usr/lib/system/libsystem_notify.dylib
0x00007ff82e591000 	/usr/lib/system/libsystem_product_info_filter.dylib
0x00007ff826bad000 	/usr/lib/system/libsystem_sandbox.dylib
0x00007ff828254000 	/usr/lib/system/libsystem_secinit.dylib
0x00007ff81d043000 	/usr/lib/system/libsystem_kernel.dylib
0x00007ff81d093000 	/usr/lib/system/libsystem_platform.dylib
0x00007ff81d07b000 	/usr/lib/system/libsystem_pthread.dylib
0x00007ff82380e000 	/usr/lib/system/libsystem_symptoms.dylib
0x00007ff81cdf0000 	/usr/lib/system/libsystem_trace.dylib
0x00007ff82822a000 	/usr/lib/system/libunwind.dylib
0x00007ff81cdb4000 	/usr/lib/system/libxpc.dylib
0x00007ff81d02d000 	/usr/lib/libc++abi.dylib
0x00007ff828235000 	/usr/lib/liboah.dylib
0x00007ff8289c6000 	/usr/lib/liblzma.5.dylib
0x00007ff81db8f000 	/System/Library/Frameworks/SystemConfiguration.framework/Versions/A/SystemConfiguration
0x00007ff828269000 	/usr/lib/libfakelink.dylib
0x00007ff821a60000 	/System/Library/Frameworks/CFNetwork.framework/Versions/A/CFNetwork
0x00007ff8283aa000 	/usr/lib/libarchive.2.dylib
0x00007ff826bb5000 	/System/Library/PrivateFrameworks/AppleSystemInfo.framework/Versions/A/AppleSystemInfo
0x00007ff82789e000 	/usr/lib/libbsm.0.dylib
0x00007ff82106f000 	/usr/lib/libnetwork.dylib
0x00007ff828202000 	/usr/lib/system/libkxld.dylib
0x00007ff8274d1000 	/System/Library/PrivateFrameworks/IOMobileFramebuffer.framework/Versions/A/IOMobileFramebuffer
0x00007ffb35225000 	/usr/lib/libCoreEntitlements.dylib
0x00007ff827f10000 	/System/Library/PrivateFrameworks/AppleFSCompression.framework/Versions/A/AppleFSCompression
0x00007ff827886000 	/usr/lib/libcoretls.dylib
0x00007ff8289e0000 	/usr/lib/libcoretls_cfhelpers.dylib
0x00007ff8284e9000 	/usr/lib/libpam.2.dylib
0x00007ff823431000 	/usr/lib/libsqlite3.dylib
0x00007ff828a4f000 	/usr/lib/libxar.1.dylib
0x00007ff827f20000 	/usr/lib/libbz2.1.0.dylib
0x00007ff82826e000 	/usr/lib/libpcap.A.dylib
0x00007ff823806000 	/usr/lib/libdns_services.dylib
0x00007ff8284bc000 	/usr/lib/libapple_nghttp2.dylib
0x00007ff8282a8000 	/usr/lib/libiconv.2.dylib
0x00007ff8281fb000 	/usr/lib/libcharset.1.dylib
0x00007ff824c29000 	/System/Library/Frameworks/CoreServices.framework/Versions/A/Frameworks/FSEvents.framework/Versions/A/FSEvents
0x00007ff81f602000 	/System/Library/Frameworks/CoreServices.framework/Versions/A/Frameworks/CarbonCore.framework/Versions/A/CarbonCore
0x00007ff823a4f000 	/System/Library/Frameworks/CoreServices.framework/Versions/A/Frameworks/Metadata.framework/Versions/A/Metadata
0x00007ff827f33000 	/System/Library/Frameworks/CoreServices.framework/Versions/A/Frameworks/OSServices.framework/Versions/A/OSServices
0x00007ff828431000 	/System/Library/Frameworks/CoreServices.framework/Versions/A/Frameworks/SearchKit.framework/Versions/A/SearchKit
0x00007ff823799000 	/System/Library/Frameworks/CoreServices.framework/Versions/A/Frameworks/AE.framework/Versions/A/AE
0x00007ff81d5c9000 	/System/Library/Frameworks/CoreServices.framework/Versions/A/Frameworks/LaunchServices.framework/Versions/A/LaunchServices
0x00007ff828977000 	/System/Library/Frameworks/CoreServices.framework/Versions/A/Frameworks/DictionaryServices.framework/Versions/A/DictionaryServices
0x00007ff824c36000 	/System/Library/Frameworks/CoreServices.framework/Versions/A/Frameworks/SharedFileList.framework/Versions/A/SharedFileList
0x00007ff82787a000 	/usr/lib/libCheckFix.dylib
0x00007ff821f6b000 	/System/Library/PrivateFrameworks/TCC.framework/Versions/A/TCC
0x00007ff826bbb000 	/System/Library/PrivateFrameworks/CoreNLP.framework/Versions/A/CoreNLP
0x00007ff8239ff000 	/System/Library/PrivateFrameworks/MetadataUtilities.framework/Versions/A/MetadataUtilities
0x00007ff81dc43000 	/usr/lib/libmecabra.dylib
0x00007ff8278ae000 	/usr/lib/libmecab.dylib
0x00007ff81dc0e000 	/usr/lib/libCRFSuite.dylib
0x00007ff827908000 	/usr/lib/libgermantok.dylib
0x00007ff828497000 	/usr/lib/libThaiTokenizer.dylib
0x00007ff823af2000 	/System/Library/Frameworks/Accelerate.framework/Versions/A/Frameworks/vImage.framework/Versions/A/vImage
0x00007ff82e693000 	/System/Library/Frameworks/Accelerate.framework/Versions/A/Frameworks/vecLib.framework/Versions/A/vecLib
0x00007ff828a90000 	/System/Library/Frameworks/Accelerate.framework/Versions/A/Frameworks/vecLib.framework/Versions/A/libvMisc.dylib
0x00007ff8272d0000 	/System/Library/Frameworks/Accelerate.framework/Versions/A/Frameworks/vecLib.framework/Versions/A/libvDSP.dylib
0x00007ff81d947000 	/System/Library/Frameworks/Accelerate.framework/Versions/A/Frameworks/vecLib.framework/Versions/A/libBLAS.dylib
0x00007ff8285cc000 	/System/Library/Frameworks/Accelerate.framework/Versions/A/Frameworks/vecLib.framework/Versions/A/libLAPACK.dylib
0x00007ff82790b000 	/System/Library/Frameworks/Accelerate.framework/Versions/A/Frameworks/vecLib.framework/Versions/A/libLinearAlgebra.dylib
0x00007ff8284d4000 	/System/Library/Frameworks/Accelerate.framework/Versions/A/Frameworks/vecLib.framework/Versions/A/libSparseBLAS.dylib
0x00007ff8285c6000 	/System/Library/Frameworks/Accelerate.framework/Versions/A/Frameworks/vecLib.framework/Versions/A/libQuadrature.dylib
0x00007ff826ca6000 	/System/Library/Frameworks/Accelerate.framework/Versions/A/Frameworks/vecLib.framework/Versions/A/libBNNS.dylib
0x00007ff81db19000 	/System/Library/Frameworks/Accelerate.framework/Versions/A/Frameworks/vecLib.framework/Versions/A/libSparse.dylib
0x00007ff826c9f000 	/System/Library/PrivateFrameworks/LinguisticData.framework/Versions/A/LinguisticData
0x00007ff81dacf000 	/System/Library/PrivateFrameworks/Lexicon.framework/Versions/A/Lexicon
0x00007ff828a89000 	/usr/lib/libChineseTokenizer.dylib
0x00007ff81e23d000 	/System/Library/PrivateFrameworks/LanguageModeling.framework/Versions/A/LanguageModeling
0x00007ff828499000 	/System/Library/PrivateFrameworks/AppleSauce.framework/Versions/A/AppleSauce
0x00007ff8274bf000 	/System/Library/PrivateFrameworks/CoreEmoji.framework/Versions/A/CoreEmoji
0x00007ff828399000 	/usr/lib/libcmph.dylib
0x00007ff824c0d000 	/System/Library/Frameworks/OpenDirectory.framework/Versions/A/Frameworks/CFOpenDirectory.framework/Versions/A/CFOpenDirectory
0x00007ff824c01000 	/System/Library/Frameworks/OpenDirectory.framework/Versions/A/OpenDirectory
0x00007ff8289e2000 	/System/Library/PrivateFrameworks/APFS.framework/Versions/A/APFS
0x00007ff8277d5000 	/System/Library/Frameworks/SecurityFoundation.framework/Versions/A/SecurityFoundation
0x00007ff828a5d000 	/usr/lib/libutil.dylib
0x00007ff81f92c000 	/System/Library/PrivateFrameworks/CoreServicesStore.framework/Versions/A/CoreServicesStore
0x00007ff828a61000 	/usr/lib/libxslt.1.dylib
0x00007ff827862000 	/System/Library/PrivateFrameworks/BackgroundTaskManagement.framework/Versions/A/BackgroundTaskManagement
0x00007ff829f80000 	/System/Library/Frameworks/ImageIO.framework/Versions/A/Resources/libRadiance.dylib
0x00007ff829f89000 	/System/Library/Frameworks/ImageIO.framework/Versions/A/Resources/libJPEG.dylib
0x00007ff829edb000 	/System/Library/Frameworks/ImageIO.framework/Versions/A/Resources/libPng.dylib
0x00007ff829efc000 	/System/Library/Frameworks/ImageIO.framework/Versions/A/Resources/libTIFF.dylib
0x00007ff829fe8000 	/System/Library/Frameworks/ImageIO.framework/Versions/A/Resources/libGIF.dylib
0x00007ff829818000 	/System/Library/Frameworks/ImageIO.framework/Versions/A/Resources/libJP2.dylib
0x00007ff828f56000 	/usr/lib/libexpat.1.dylib
0x00007ff8297cd000 	/System/Library/PrivateFrameworks/AppleJPEG.framework/Versions/A/AppleJPEG
0x00007ff8260ef000 	/System/Library/PrivateFrameworks/FontServices.framework/libFontParser.dylib
0x00007ff823743000 	/System/Library/PrivateFrameworks/RunningBoardServices.framework/Versions/A/RunningBoardServices
0x00007ff83494b000 	/System/Library/PrivateFrameworks/IOSurfaceAccelerator.framework/Versions/A/IOSurfaceAccelerator
0x00007ff8298f8000 	/System/Library/PrivateFrameworks/WatchdogClient.framework/Versions/A/WatchdogClient
0x00007ff81e32b000 	/System/Library/Frameworks/CoreDisplay.framework/Versions/A/CoreDisplay
0x00007ff825fed000 	/System/Library/Frameworks/CoreMedia.framework/Versions/A/CoreMedia
0x00007ff825e84000 	/System/Library/PrivateFrameworks/IOAccelerator.framework/Versions/A/IOAccelerator
0x00007ff824d8a000 	/System/Library/Frameworks/CoreVideo.framework/Versions/A/CoreVideo
0x00007ff8284e7000 	/System/Library/Frameworks/MetalPerformanceShaders.framework/Versions/A/MetalPerformanceShaders
0x00007ff829935000 	/System/Library/Frameworks/VideoToolbox.framework/Versions/A/VideoToolbox
0x00007ff82368d000 	/System/Library/PrivateFrameworks/BaseBoard.framework/Versions/A/BaseBoard
0x00007ff823417000 	/System/Library/PrivateFrameworks/ProtocolBuffer.framework/Versions/A/ProtocolBuffer
0x00007ff829f79000 	/System/Library/PrivateFrameworks/GPUWrangler.framework/Versions/A/GPUWrangler
0x00007ff829f5d000 	/System/Library/PrivateFrameworks/IOPresentment.framework/Versions/A/IOPresentment
0x00007ff829f83000 	/System/Library/PrivateFrameworks/DSExternalDisplay.framework/Versions/A/DSExternalDisplay
0x00007ffa35e55000 	/System/Library/Frameworks/OpenGL.framework/Versions/A/Libraries/libCoreFSCache.dylib
0x00007ffb22949000 	/System/Library/PrivateFrameworks/GPUCompiler.framework/Versions/31001/Libraries/libGPUCompilerUtils.dylib
0x00007ff829fed000 	/System/Library/PrivateFrameworks/CMCaptureCore.framework/Versions/A/CMCaptureCore
0x00007ff8294fe000 	/System/Library/PrivateFrameworks/AppServerSupport.framework/Versions/A/AppServerSupport
0x00007ff82b7b9000 	/System/Library/PrivateFrameworks/perfdata.framework/Versions/A/perfdata
0x00007ff81e457000 	/System/Library/PrivateFrameworks/AudioToolboxCore.framework/Versions/A/AudioToolboxCore
0x00007ff825fcb000 	/System/Library/PrivateFrameworks/caulk.framework/Versions/A/caulk
0x00007ff82b0cb000 	/usr/lib/libAudioStatistics.dylib
0x00007ff9229d3000 	/System/Library/PrivateFrameworks/SystemPolicy.framework/Versions/A/SystemPolicy
0x00007ff82b326000 	/usr/lib/libSMC.dylib
0x00007ff834243000 	/System/Library/Frameworks/CoreMIDI.framework/Versions/A/CoreMIDI
0x00007ff829eaa000 	/usr/lib/libAudioToolboxUtility.dylib
0x00007ff91ec08000 	/System/Library/PrivateFrameworks/OSAServicesClient.framework/Versions/A/OSAServicesClient
0x00007ff82b7c6000 	/usr/lib/libperfcheck.dylib
0x00007ff92347d000 	/usr/lib/libmis.dylib
0x00007ffa35eb0000 	/System/Library/Frameworks/OpenGL.framework/Versions/A/Libraries/libGLU.dylib
0x00007ffa35e74000 	/System/Library/Frameworks/OpenGL.framework/Versions/A/Libraries/libGFXShared.dylib
0x00007ffa3607d000 	/System/Library/Frameworks/OpenGL.framework/Versions/A/Libraries/libGL.dylib
0x00007ffa35e7d000 	/System/Library/Frameworks/OpenGL.framework/Versions/A/Libraries/libGLImage.dylib
0x00007ffa35e71000 	/System/Library/Frameworks/OpenGL.framework/Versions/A/Libraries/libCVMSPluginSupport.dylib
0x00007ffa35e5c000 	/System/Library/Frameworks/OpenGL.framework/Versions/A/Libraries/libCoreVMClient.dylib
0x00007ff826b37000 	/System/Library/Frameworks/MetalPerformanceShaders.framework/Versions/A/Frameworks/MPSCore.framework/Versions/A/MPSCore
0x00007ff827e7b000 	/System/Library/Frameworks/MetalPerformanceShaders.framework/Versions/A/Frameworks/MPSImage.framework/Versions/A/MPSImage
0x00007ff827921000 	/System/Library/Frameworks/MetalPerformanceShaders.framework/Versions/A/Frameworks/MPSNeuralNetwork.framework/Versions/A/MPSNeuralNetwork
0x00007ff827d95000 	/System/Library/Frameworks/MetalPerformanceShaders.framework/Versions/A/Frameworks/MPSMatrix.framework/Versions/A/MPSMatrix
0x00007ff827b50000 	/System/Library/Frameworks/MetalPerformanceShaders.framework/Versions/A/Frameworks/MPSRayIntersector.framework/Versions/A/MPSRayIntersector
0x00007ff827dcd000 	/System/Library/Frameworks/MetalPerformanceShaders.framework/Versions/A/Frameworks/MPSNDArray.framework/Versions/A/MPSNDArray
0x00007ffa3b077000 	/System/Library/Frameworks/MetalPerformanceShaders.framework/Versions/A/Frameworks/MPSFunctions.framework/Versions/A/MPSFunctions
0x00007ff81d820000 	/System/Library/PrivateFrameworks/MetalTools.framework/Versions/A/MetalTools
0x00007ff826bb3000 	/System/Library/PrivateFrameworks/AggregateDictionary.framework/Versions/A/AggregateDictionary
0x00007ff828d38000 	/usr/lib/libIOReport.dylib
0x00007ffa3748c000 	/System/Library/Frameworks/OpenCL.framework/Versions/A/OpenCL
0x00007ff82909c000 	/System/Library/PrivateFrameworks/FaceCore.framework/Versions/A/FaceCore
0x00007ff82908d000 	/System/Library/PrivateFrameworks/GraphVisualizer.framework/Versions/A/GraphVisualizer
0x00007ffb22854000 	/System/Library/PrivateFrameworks/FontServices.framework/Versions/A/FontServices
0x00007ff8294b6000 	/System/Library/PrivateFrameworks/OTSVG.framework/Versions/A/OTSVG
0x00007ff824971000 	/System/Library/Frameworks/ApplicationServices.framework/Versions/A/Frameworks/ATS.framework/Versions/A/Resources/libFontRegistry.dylib
0x00007ff829506000 	/System/Library/PrivateFrameworks/FontServices.framework/libhvf.dylib
0x00007ffb22855000 	/System/Library/PrivateFrameworks/FontServices.framework/libXTFontStaticRegistryData.dylib
0x00007ff828f06000 	/System/Library/PrivateFrameworks/AppleVA.framework/Versions/A/AppleVA
0x00007ff82b0eb000 	/System/Library/Frameworks/ApplicationServices.framework/Versions/A/Frameworks/ATS.framework/Versions/A/ATS
0x00007ff822b4a000 	/System/Library/Frameworks/ApplicationServices.framework/Versions/A/Frameworks/HIServices.framework/Versions/A/HIServices
0x00007ff829ff7000 	/System/Library/Frameworks/ApplicationServices.framework/Versions/A/Frameworks/PrintCore.framework/Versions/A/PrintCore
0x00007ff82b479000 	/System/Library/Frameworks/ApplicationServices.framework/Versions/A/Frameworks/QD.framework/Versions/A/QD
0x00007ff82b471000 	/System/Library/Frameworks/ApplicationServices.framework/Versions/A/Frameworks/ColorSyncLegacy.framework/Versions/A/ColorSyncLegacy
0x00007ff82b0db000 	/System/Library/Frameworks/ApplicationServices.framework/Versions/A/Frameworks/SpeechSynthesis.framework/Versions/A/SpeechSynthesis
0x00007ff829fb8000 	/System/Library/Frameworks/ApplicationServices.framework/Versions/A/Frameworks/ATSUI.framework/Versions/A/ATSUI
0x00007ff82b406000 	/usr/lib/libcups.2.dylib
0x00007ff82b7d5000 	/System/Library/Frameworks/Kerberos.framework/Versions/A/Kerberos
0x00007ff82b7e4000 	/System/Library/Frameworks/GSS.framework/Versions/A/GSS
0x00007ff82b157000 	/usr/lib/libresolv.9.dylib
0x00007ff829515000 	/System/Library/PrivateFrameworks/Heimdal.framework/Versions/A/Heimdal
0x00007ff8323c6000 	/System/Library/Frameworks/Kerberos.framework/Versions/A/Libraries/libHeimdalProxy.dylib
0x00007ff823816000 	/System/Library/Frameworks/Network.framework/Versions/A/Network
0x00007ff828f70000 	/usr/lib/libheimdal-asn1.dylib
0x00007ff82b82f000 	/System/Library/PrivateFrameworks/CommonAuth.framework/Versions/A/CommonAuth
0x00007ff82b05d000 	/System/Library/PrivateFrameworks/AudioSession.framework/Versions/A/AudioSession
0x00007ff829000000 	/System/Library/PrivateFrameworks/MediaExperience.framework/Versions/A/MediaExperience
0x00007ff82aef0000 	/System/Library/PrivateFrameworks/AudioSession.framework/libSessionUtility.dylib
0x00007ff82b485000 	/System/Library/PrivateFrameworks/AudioResourceArbitration.framework/Versions/A/AudioResourceArbitration
0x00007ff82f506000 	/System/Library/PrivateFrameworks/PowerLog.framework/Versions/A/PowerLog
0x00007ff828f79000 	/System/Library/PrivateFrameworks/IconFoundation.framework/Versions/A/IconFoundation
0x00007ff82e2bc000 	/System/Library/PrivateFrameworks/SpeechRecognitionCore.framework/Versions/A/SpeechRecognitionCore
0x000000010be71000 	/Library/Java/JavaVirtualMachines/adoptopenjdk-11.jdk/Contents/Home/lib/server/libjvm.dylib
0x000000010b155000 	/Library/Java/JavaVirtualMachines/adoptopenjdk-11.jdk/Contents/Home/lib/libverify.dylib
0x000000010b17a000 	/Library/Java/JavaVirtualMachines/adoptopenjdk-11.jdk/Contents/Home/lib/libjava.dylib
0x000000010b0e7000 	/Library/Java/JavaVirtualMachines/adoptopenjdk-11.jdk/Contents/Home/lib/libjimage.dylib
0x000000010b22d000 	/Library/Java/JavaVirtualMachines/adoptopenjdk-11.jdk/Contents/Home/lib/libzip.dylib
0x0000000132d39000 	/Library/Java/JavaVirtualMachines/adoptopenjdk-11.jdk/Contents/Home/lib/libnio.dylib
0x0000000132d7e000 	/Library/Java/JavaVirtualMachines/adoptopenjdk-11.jdk/Contents/Home/lib/libnet.dylib
0x0000000132e20000 	/Library/Java/JavaVirtualMachines/adoptopenjdk-11.jdk/Contents/Home/lib/libextnet.dylib
0x0000000132e72000 	/Library/Java/JavaVirtualMachines/adoptopenjdk-11.jdk/Contents/Home/lib/libsunec.dylib
0x000000013393a000 	/Library/Java/JavaVirtualMachines/adoptopenjdk-11.jdk/Contents/Home/lib/libprefs.dylib
0x000000013427a000 	/Library/Java/JavaVirtualMachines/adoptopenjdk-11.jdk/Contents/Home/lib/libawt.dylib
0x00000001343c0000 	/Library/Java/JavaVirtualMachines/adoptopenjdk-11.jdk/Contents/Home/lib/libmlib_image.dylib
0x00007ffa3afd4000 	/System/Library/Frameworks/JavaNativeFoundation.framework/Versions/A/JavaNativeFoundation
0x00007ffa3afe0000 	/System/Library/Frameworks/JavaRuntimeSupport.framework/Versions/A/JavaRuntimeSupport
0x00007ff9224f7000 	/System/Library/Frameworks/Carbon.framework/Versions/A/Carbon
0x00007ff830780000 	/System/Library/PrivateFrameworks/CoreSymbolication.framework/Versions/A/CoreSymbolication
0x00007ff835ce2000 	/System/Library/Frameworks/Carbon.framework/Versions/A/Frameworks/CommonPanels.framework/Versions/A/CommonPanels
0x00007ff831db4000 	/System/Library/Frameworks/Carbon.framework/Versions/A/Frameworks/Help.framework/Versions/A/Help
0x00007ff835ce6000 	/System/Library/Frameworks/Carbon.framework/Versions/A/Frameworks/ImageCapture.framework/Versions/A/ImageCapture
0x00007ff835cb6000 	/System/Library/Frameworks/Carbon.framework/Versions/A/Frameworks/OpenScripting.framework/Versions/A/OpenScripting
0x00007ff835cde000 	/System/Library/Frameworks/Carbon.framework/Versions/A/Frameworks/Ink.framework/Versions/A/Ink
0x00007ff9224f3000 	/System/Library/Frameworks/Carbon.framework/Versions/A/Frameworks/Print.framework/Versions/A/Print
0x00007ff835cda000 	/System/Library/Frameworks/Carbon.framework/Versions/A/Frameworks/SecurityHI.framework/Versions/A/SecurityHI
0x00007ff830745000 	/System/Library/PrivateFrameworks/DebugSymbols.framework/Versions/A/DebugSymbols
0x0000000134555000 	/Library/Java/JavaVirtualMachines/adoptopenjdk-11.jdk/Contents/Home/lib/libawt_lwawt.dylib
0x0000000134225000 	/Library/Java/JavaVirtualMachines/adoptopenjdk-11.jdk/Contents/Home/lib/libosxapp.dylib
0x00007ff9217c9000 	/System/Library/Frameworks/ExceptionHandling.framework/Versions/A/ExceptionHandling
0x00000001344df000 	/Library/Java/JavaVirtualMachines/adoptopenjdk-11.jdk/Contents/Home/lib/libfontmanager.dylib
0x00000001349be000 	/Library/Java/JavaVirtualMachines/adoptopenjdk-11.jdk/Contents/Home/lib/libharfbuzz.dylib
0x0000000134bd4000 	/Library/Java/JavaVirtualMachines/adoptopenjdk-11.jdk/Contents/Home/lib/libfreetype.dylib
0x00007ff81f8ee000 	/System/Library/PrivateFrameworks/CoreServicesInternal.framework/Versions/A/CoreServicesInternal
0x00007ff82faf7000 	/System/Library/Frameworks/FileProvider.framework/Versions/A/FileProvider
0x00007ff8235fa000 	/System/Library/Frameworks/Accounts.framework/Versions/A/Accounts
0x00007ff82fc70000 	/System/Library/PrivateFrameworks/GenerationalStorage.framework/Versions/A/GenerationalStorage
0x00007ff82f4fb000 	/System/Library/PrivateFrameworks/SymptomDiagnosticReporter.framework/Versions/A/SymptomDiagnosticReporter
0x00007ff820bad000 	/System/Library/PrivateFrameworks/DesktopServicesPriv.framework/Versions/A/DesktopServicesPriv
0x00007ff81fa2d000 	/usr/lib/libsandbox.1.dylib
0x00007ff824e09000 	/System/Library/PrivateFrameworks/UserManagement.framework/Versions/A/UserManagement
0x00007ff82b466000 	/System/Library/PrivateFrameworks/NetAuth.framework/Versions/A/NetAuth
0x00007ff82c375000 	/System/Library/PrivateFrameworks/Sharing.framework/Versions/A/Sharing
0x00007ff824ddc000 	/System/Library/PrivateFrameworks/login.framework/Versions/A/Frameworks/loginsupport.framework/Versions/A/loginsupport
0x00007ff8318e3000 	/System/Library/PrivateFrameworks/Apple80211.framework/Versions/A/Apple80211
0x00007ff827f60000 	/System/Library/PrivateFrameworks/AuthKit.framework/Versions/A/AuthKit
0x00007ff8275b5000 	/System/Library/PrivateFrameworks/CoreUtils.framework/Versions/A/CoreUtils
0x00007ff8274dc000 	/System/Library/Frameworks/CoreWLAN.framework/Versions/A/CoreWLAN
0x00007ff82c4d4000 	/System/Library/Frameworks/IOBluetooth.framework/Versions/A/IOBluetooth
0x00007ff83194b000 	/System/Library/PrivateFrameworks/CoreWiFi.framework/Versions/A/CoreWiFi
0x00007ff83031a000 	/System/Library/PrivateFrameworks/FrontBoardServices.framework/Versions/A/FrontBoardServices
0x00007ff8303ab000 	/System/Library/PrivateFrameworks/BoardServices.framework/Versions/A/BoardServices
0x00007ff8277c4000 	/System/Library/PrivateFrameworks/AssertionServices.framework/Versions/A/AssertionServices
0x00007ff831ace000 	/System/Library/PrivateFrameworks/BackBoardServices.framework/Versions/A/BackBoardServices
0x00007ff82b8c0000 	/System/Library/PrivateFrameworks/CorePhoneNumbers.framework/Versions/A/CorePhoneNumbers
0x00007ff82b184000 	/System/Library/PrivateFrameworks/MultiverseSupport.framework/Versions/A/MultiverseSupport
0x00007ff831d41000 	/System/Library/PrivateFrameworks/RemoteServiceDiscovery.framework/Versions/A/RemoteServiceDiscovery
0x00007ff82f618000 	/System/Library/PrivateFrameworks/DiskManagement.framework/Versions/A/DiskManagement
0x00007ff82f52c000 	/System/Library/PrivateFrameworks/AppleIDAuthSupport.framework/Versions/A/AppleIDAuthSupport
0x00007ffb1d1eb000 	/System/Library/PrivateFrameworks/AAAFoundation.framework/Versions/A/AAAFoundation
0x00007ff82b8a1000 	/System/Library/PrivateFrameworks/KeychainCircle.framework/Versions/A/KeychainCircle
0x00007ff831d51000 	/System/Library/PrivateFrameworks/RemoteXPC.framework/Versions/A/RemoteXPC
0x00007ff82f5e4000 	/System/Library/PrivateFrameworks/MediaKit.framework/Versions/A/MediaKit
0x00007ff82f538000 	/System/Library/Frameworks/DiscRecording.framework/Versions/A/DiscRecording
0x00007ff828e7e000 	/usr/lib/libCoreStorage.dylib
0x00007ff831dbc000 	/usr/lib/libcsfde.dylib
0x00007ff82c5a1000 	/System/Library/PrivateFrameworks/ProtectedCloudStorage.framework/Versions/A/ProtectedCloudStorage
0x00007ff831db8000 	/System/Library/PrivateFrameworks/EFILogin.framework/Versions/A/EFILogin
0x00007ff82fc96000 	/System/Library/PrivateFrameworks/OctagonTrust.framework/Versions/A/OctagonTrust
0x00007ffb21ab7000 	/System/Library/PrivateFrameworks/CoreUtilsExtras.framework/Versions/A/CoreUtilsExtras
0x00007ff82f45f000 	/System/Library/Frameworks/CoreBluetooth.framework/Versions/A/CoreBluetooth
0x00007ff83244b000 	/System/Library/Frameworks/AudioUnit.framework/Versions/A/AudioUnit
0x00007ff828e76000 	/usr/lib/libMatch.1.dylib
0x00007ff92a265000 	/System/Library/CoreServices/RawCamera.bundle/Contents/MacOS/RawCamera
0x00007ff82b83f000 	/System/Library/PrivateFrameworks/MobileAsset.framework/Versions/A/MobileAsset
0x00007ff832472000 	/System/Library/PrivateFrameworks/StreamingZip.framework/Versions/A/StreamingZip
0x00007ffb1edab000 	/System/Library/PrivateFrameworks/CMPhoto.framework/Versions/A/CMPhoto
0x00007ff83061b000 	/System/Library/PrivateFrameworks/AppleVPA.framework/Versions/A/AppleVPA
0x00007ff82a221000 	/System/Library/Frameworks/MediaToolbox.framework/Versions/A/MediaToolbox
0x00007ff82fac7000 	/System/Library/PrivateFrameworks/CoreAVCHD.framework/Versions/A/CoreAVCHD
0x00007ff82e99c000 	/System/Library/Frameworks/MediaAccessibility.framework/Versions/A/MediaAccessibility
0x00007ff82fac3000 	/System/Library/PrivateFrameworks/Mangrove.framework/Versions/A/Mangrove
0x00007ff82e9a7000 	/System/Library/PrivateFrameworks/AlgosScoreFramework.framework/Versions/A/AlgosScoreFramework
0x00007ff82f708000 	/System/Library/PrivateFrameworks/CoreAUC.framework/Versions/A/CoreAUC
0x00007ff927a8f000 	/System/Library/Frameworks/Accelerate.framework/Versions/A/Frameworks/vImage.framework/Versions/A/Libraries/libCGInterfaces.dylib
0x0000000137089000 	/usr/lib/libobjc-trampolines.dylib
0x00007ff824b01000 	/System/Library/PrivateFrameworks/ViewBridge.framework/Versions/A/ViewBridge
0x00007ff8295cc000 	/System/Library/PrivateFrameworks/login.framework/Versions/A/login
0x00007ffb35314000 	/usr/lib/libRosetta.dylib


VM Arguments:
jvm_args: -Xmx4G -da -Djava.library.path=./lib -Djava.system.class.loader=org.processmining.framework.util.ProMClassLoader -Djava.util.Arrays.useLegacyMergeSort=true 
java_command: org.processmining.contexts.uitopia.UI
java_class_path (initial): ./dist/ProM-Framework-6.11.121.jar:./dist/ProM-Contexts-6.11.67.jar:./dist/ProM-Models-6.10.43.jar:./dist/ProM-Plugins-6.9.75.jar:./lib/Spex-1.1.jar:./lib/TableLayout-20050920.jar:./lib/UITopiaResources-0.6-20190913.jar:./lib/Uitopia-0.6-20190913.jar:./lib/bsh-2.0b4.jar:./lib/commons-compress-1.13.jar:./lib/commons-logging-1.1.3.jar:./lib/google-analytics-java-1.1.2.jar:./lib/guava-16.0.1.jar:./lib/httpclient-4.5.3.jar:./lib/httpcore-4.4.6.jar:./lib/jargs-latest.jar:./lib/jgraph-5.13.0.4.jar:./lib/junit-4.12.jar:./lib/log4j-api-2.8.1.jar:./lib/log4j-core-2.8.1.jar:./lib/log4j-slf4j-impl-2.8.1.jar:./lib/slf4j-api-1.7.25.jar:./lib/slickerbox-1.0rc1.jar
Launcher Type: SUN_STANDARD

[Global flags]
     intx CICompilerCount                          = 4                                         {product} {ergonomic}
     uint ConcGCThreads                            = 2                                         {product} {ergonomic}
     uint G1ConcRefinementThreads                  = 8                                         {product} {ergonomic}
   size_t G1HeapRegionSize                         = 1048576                                   {product} {ergonomic}
    uintx GCDrainStackTargetSize                   = 64                                        {product} {ergonomic}
   size_t InitialHeapSize                          = 134217728                                 {product} {ergonomic}
   size_t MarkStackSize                            = 4194304                                   {product} {ergonomic}
   size_t MaxHeapSize                              = 4294967296                                {product} {command line}
   size_t MaxNewSize                               = 2576351232                                {product} {ergonomic}
   size_t MinHeapDeltaBytes                        = 1048576                                   {product} {ergonomic}
    uintx NonNMethodCodeHeapSize                   = 5836300                                {pd product} {ergonomic}
    uintx NonProfiledCodeHeapSize                  = 122910970                              {pd product} {ergonomic}
    uintx ProfiledCodeHeapSize                     = 122910970                              {pd product} {ergonomic}
    uintx ReservedCodeCacheSize                    = 251658240                              {pd product} {ergonomic}
     bool SegmentedCodeCache                       = true                                      {product} {ergonomic}
     bool UseCompressedClassPointers               = true                                 {lp64_product} {ergonomic}
     bool UseCompressedOops                        = true                                 {lp64_product} {ergonomic}
     bool UseG1GC                                  = true                                      {product} {ergonomic}

Logging:
Log output configuration:
 #0: stdout all=warning uptime,level,tags
 #1: stderr all=off uptime,level,tags

Environment Variables:
PATH=/Library/Frameworks/Python.framework/Versions/3.9/bin:/Library/Frameworks/Python.framework/Versions/3.10/bin:/opt/homebrew/bin:/opt/homebrew/sbin:/usr/local/bin:/usr/bin:/bin:/usr/sbin:/sbin:/Library/Apple/usr/bin
SHELL=/bin/zsh
LC_CTYPE=UTF-8

Signal Handlers:
SIGSEGV: [libjvm.dylib+0x7bc7ea], sa_mask[0]=11111111111111111111111111111111, sa_flags=SA_ONSTACK|SA_RESTART|SA_SIGINFO
SIGBUS: [libjvm.dylib+0x7bc7ea], sa_mask[0]=11111111111111111111111111111111, sa_flags=SA_RESTART|SA_SIGINFO
SIGFPE: [libjvm.dylib+0x7bc7ea], sa_mask[0]=11111111111111111111111111111111, sa_flags=SA_RESTART|SA_SIGINFO
SIGPIPE: [libjvm.dylib+0x62226b], sa_mask[0]=11111111111111111111111111111111, sa_flags=SA_RESTART|SA_SIGINFO
SIGXFSZ: [libjvm.dylib+0x62226b], sa_mask[0]=11111111111111111111111111111111, sa_flags=SA_RESTART|SA_SIGINFO
SIGILL: [libjvm.dylib+0x7bc7ea], sa_mask[0]=11111111111111111111111111111111, sa_flags=SA_RESTART|SA_SIGINFO
SIGUSR2: [libjvm.dylib+0x622853], sa_mask[0]=00000000000000000000000000000000, sa_flags=SA_RESTART|SA_SIGINFO
SIGHUP: [libjvm.dylib+0x6213f1], sa_mask[0]=11111111111111111111111111111111, sa_flags=SA_RESTART|SA_SIGINFO
SIGINT: [libjvm.dylib+0x6213f1], sa_mask[0]=11111111111111111111111111111111, sa_flags=SA_RESTART|SA_SIGINFO
SIGTERM: [libjvm.dylib+0x6213f1], sa_mask[0]=11111111111111111111111111111111, sa_flags=SA_RESTART|SA_SIGINFO
SIGQUIT: [libjvm.dylib+0x6213f1], sa_mask[0]=11111111111111111111111111111111, sa_flags=SA_RESTART|SA_SIGINFO


---------------  S Y S T E M  ---------------

OS:uname:Darwin 21.5.0 Darwin Kernel Version 21.5.0: Tue Apr 26 21:08:29 PDT 2022; root:xnu-8020.121.3~4/RELEASE_ARM64_T8101 x86_64
OS uptime: 1 days 21:05 hours
rlimit (soft/hard): STACK 8176k/65520k , CORE 0k/infinity , NPROC 1333/2000 , NOFILE 10240/infinity , AS infinity/infinity , CPU infinity/infinity , DATA infinity/infinity , FSIZE infinity/infinity , MEMLOCK infinity/infinity , RSS infinity/infinity
load average:1.82 2.02 2.23

CPU:total 8 (initial active 8) (1 cores per cpu, 1 threads per core) family 6 model 44 stepping 0 microcode 0x0, cmov, cx8, fxsr, mmx, sse, sse2, sse3, ssse3, sse4.1, sse4.2, popcnt, aes, clmul, tsc, tscinvbit, tscinv

Memory: 4k page, physical 8388608k(605696k free), swap 1048576k(806144k free)

vm_info: OpenJDK 64-Bit Server VM (11.0.11+9) for bsd-amd64 JRE (11.0.11+9), built on Apr 20 2021 22:06:18 by "jenkins" with gcc 4.2.1 Compatible Apple LLVM 10.0.1 (clang-1001.0.46.4)

END.
