#
# A fatal error has been detected by the Java Runtime Environment:
#
#  SIGSEGV (0xb) at pc=0x00000001205372ae, pid=8625, tid=8195
#
# JRE version: OpenJDK Runtime Environment AdoptOpenJDK-11.0.11+9 (11.0.11+9) (build 11.0.11+9)
# Java VM: OpenJDK 64-Bit Server VM AdoptOpenJDK-11.0.11+9 (11.0.11+9, mixed mode, tiered, compressed oops, g1 gc, bsd-amd64)
# Problematic frame:
# J 3250 c2 org.processmining.framework.plugin.impl.PluginManagerImpl.checkIfRequestedReturnTypeIsPresent(Lorg/processmining/framework/plugin/PluginDescriptor;Ljava/lang/Class;)I (50 bytes) @ 0x00000001205372ae [0x0000000120537180+0x000000000000012e]
#
# No core dump will be written. Core dumps have been disabled. To enable core dumping, try "ulimit -c unlimited" before starting Java again
#
# If you would like to submit a bug report, please visit:
#   https://github.com/AdoptOpenJDK/openjdk-support/issues
#

---------------  S U M M A R Y ------------

Command Line: -Xmx4G -da -Djava.library.path=./lib -Djava.system.class.loader=org.processmining.framework.util.ProMClassLoader -Djava.util.Arrays.useLegacyMergeSort=true org.processmining.contexts.uitopia.UI

Host: MacBookPro17,1 x86_64 2400 MHz, 8 cores, 8G, Darwin 21.5.0
Time: Mon May 30 10:25:39 2022 PKT elapsed time: 13.772788 seconds (0d 0h 0m 13s)

---------------  T H R E A D  ---------------

Current thread (0x00007f8f6201a000):  JavaThread "main" [_thread_in_Java, id=8195, stack(0x000000030da88000,0x000000030db88000)]

Stack: [0x000000030da88000,0x000000030db88000],  sp=0x000000030db86e60,  free space=1019k
Native frames: (J=compiled Java code, A=aot compiled Java code, j=interpreted, Vv=VM code, C=native code)
J 3250 c2 org.processmining.framework.plugin.impl.PluginManagerImpl.checkIfRequestedReturnTypeIsPresent(Lorg/processmining/framework/plugin/PluginDescriptor;Ljava/lang/Class;)I (50 bytes) @ 0x00000001205372ae [0x0000000120537180+0x000000000000012e]
J 3221 c1 org.processmining.framework.plugin.impl.PluginManagerImpl.find(Ljava/lang/Class;Ljava/lang/Class;Ljava/lang/Class;ZZZ[Ljava/lang/Class;)Ljava/util/Set; (271 bytes) @ 0x0000000119525f84 [0x00000001195250a0+0x0000000000000ee4]
J 3248 c1 org.processmining.contexts.uitopia.hub.ProMViewManager.registerResourceType(Lorg/deckfour/uitopia/api/model/ResourceType;)V (266 bytes) @ 0x000000011953242c [0x0000000119531880+0x0000000000000bac]
j  org.processmining.contexts.uitopia.hub.ProMViewManager.<init>(Lorg/processmining/contexts/uitopia/UIContext;)V+65
j  org.processmining.contexts.uitopia.hub.ProMViewManager.initialize(Lorg/processmining/contexts/uitopia/UIContext;)Lorg/processmining/contexts/uitopia/hub/ProMViewManager;+11
j  org.processmining.contexts.uitopia.UIContext.initialize()V+26
j  org.processmining.contexts.uitopia.UI.main(Lorg/processmining/framework/util/CommandLineArgumentList;)Ljava/lang/Object;+9
v  ~StubRoutines::call_stub
V  [libjvm.dylib+0x3b09e0]  _ZN9JavaCalls11call_helperEP9JavaValueRK12methodHandleP17JavaCallArgumentsP6Thread+0x21a
V  [libjvm.dylib+0x67e9e5]  _ZL6invokeP13InstanceKlassRK12methodHandle6Handleb14objArrayHandle9BasicTypeS5_bP6Thread+0x541
V  [libjvm.dylib+0x67e45a]  _ZN10Reflection13invoke_methodEP7oopDesc6Handle14objArrayHandleP6Thread+0xf4
V  [libjvm.dylib+0x43a631]  JVM_InvokeMethod+0x21e
j  jdk.internal.reflect.NativeMethodAccessorImpl.invoke0(Ljava/lang/reflect/Method;Ljava/lang/Object;[Ljava/lang/Object;)Ljava/lang/Object;+0 java.base@11.0.11
j  jdk.internal.reflect.NativeMethodAccessorImpl.invoke(Ljava/lang/Object;[Ljava/lang/Object;)Ljava/lang/Object;+100 java.base@11.0.11
J 2396 c1 jdk.internal.reflect.DelegatingMethodAccessorImpl.invoke(Ljava/lang/Object;[Ljava/lang/Object;)Ljava/lang/Object; java.base@11.0.11 (10 bytes) @ 0x000000011930884c [0x0000000119308740+0x000000000000010c]
J 1927 c1 java.lang.reflect.Method.invoke(Ljava/lang/Object;[Ljava/lang/Object;)Ljava/lang/Object; java.base@11.0.11 (65 bytes) @ 0x00000001191d7764 [0x00000001191d7420+0x0000000000000344]
j  org.processmining.framework.boot.Boot.boot(Ljava/lang/Class;[Ljava/lang/String;)Ljava/lang/Object;+159
j  org.processmining.framework.boot.Boot.boot(Ljava/lang/Class;Ljava/lang/Class;[Ljava/lang/String;)V+786
j  org.processmining.contexts.uitopia.UI.main([Ljava/lang/String;)V+463
v  ~StubRoutines::call_stub
V  [libjvm.dylib+0x3b09e0]  _ZN9JavaCalls11call_helperEP9JavaValueRK12methodHandleP17JavaCallArgumentsP6Thread+0x21a
V  [libjvm.dylib+0x3f5d12]  _ZL17jni_invoke_staticP7JNIEnv_P9JavaValueP8_jobject11JNICallTypeP10_jmethodIDP18JNI_ArgumentPusherP6Thread+0x10a
V  [libjvm.dylib+0x3f9502]  jni_CallStaticVoidMethod+0x1d2
C  [libjli.dylib+0x4b29]  JavaMain+0xab0
C  [libsystem_pthread.dylib+0x64e1]  _pthread_start+0x7d
C  [libsystem_pthread.dylib+0x1f6b]  thread_start+0xf


siginfo: si_signo: 11 (SIGSEGV), si_code: 1 (SEGV_MAPERR), si_addr: 0xe00f787100000010

Register to memory mapping:

RAX=0x00000007007a57f0 is an oop: java.lang.Class 
{0x00000007007a57f0} - klass: 'java/lang/Class'
RBX=0x0000000000000001 is an unknown value
RCX=0x000000080001f170 is a pointer to class: 
java.util.RandomAccess {0x000000080001f170}
RDX=0x0000000000000001 is an unknown value
RSP=0x000000030db86e60 is pointing into the stack for thread: 0x00007f8f6201a000
RBP=0x00000007020dcde0 is an oop: java.util.Arrays$ArrayList 
{0x00000007020dcde0} - klass: 'java/util/Arrays$ArrayList'
RSI=0x00000008000bb688 is a pointer to class: 
java.util.Arrays$ArrayList {0x00000008000bb688}
RDI=0x0000000000001834 is an unknown value
R8 =767624 is a compressed pointer to class: 0x00000008000bb688
java.util.Arrays$ArrayList {0x00000008000bb688}
R9 =0x0000000000000048 is an unknown value
R10=3759110242 is a compressed pointer to object: [I 
{0x00000007007bc310} - klass: {type array int}
 - length: 0
R11=0x0 is NULL
R12=0x0 is NULL
R13=0x00000007020dcdf8 is an oop: [Ljava.lang.Class; 
{0x00000007020dcdf8} - klass: 'java/lang/Class'[]
 - length: 1
R14=0xe00f787100000000 is an unknown value
R15=0x00007f8f6201a000 is a thread


Registers:
RAX=0x00000007007a57f0, RBX=0x0000000000000001, RCX=0x000000080001f170, RDX=0x0000000000000001
RSP=0x000000030db86e60, RBP=0x00000007020dcde0, RSI=0x00000008000bb688, RDI=0x0000000000001834
R8 =0x00000000000bb688, R9 =0x0000000000000048, R10=0x00000000e00f7862, R11=0x0000000000000000
R12=0x0000000000000000, R13=0x00000007020dcdf8, R14=0xe00f787100000000, R15=0x00007f8f6201a000
RIP=0x00000001205372ae, EFLAGS=0x0000000000000297, ERR=0x0000000000000004
  TRAPNO=0x000000000000000e

Top of Stack: (sp=0x000000030db86e60)
0x000000030db86e60:   00000008001c4040 0000000700000001
0x000000030db86e70:   000000030db86eb0 000000030db86ea0
0x000000030db86e80:   0000000135702db0 00000007020db6b0
0x000000030db86e90:   00000007007a57f0 00000001205371a0
0x000000030db86ea0:   0000000700000000 0000000000000202
0x000000030db86eb0:   000000030db87150 0000000119525f84
0x000000030db86ec0:   0000000702df8e90 0000000702df8ea0
0x000000030db86ed0:   000000030db86ed0 0000000135aedd11
0x000000030db86ee0:   000000030db86f30 0000000135aee210
0x000000030db86ef0:   000000030db87150 000000011952b274
0x000000030db86f00:   00000001e0e713c6 000000007e20c725
0x000000030db86f10:   00000007020cea68 0000000707389e30
0x000000030db86f20:   0000000100000000 000000011886eda2
0x000000030db86f30:   0000000707389db8 0000000100000000
0x000000030db86f40:   0000000707389e00 000000013bbeb6c7
0x000000030db86f50:   00000007042c8938 000000070075f2b8
0x000000030db86f60:   00000007007a57f0 000000070075f360
0x000000030db86f70:   0000000000000001 0000000707396d00
0x000000030db86f80:   0000000707396d40 00000007020db6b0
0x000000030db86f90:   0000000000000001 00000007073b2360
0x000000030db86fa0:   0000000700ea0d90 0000000707396ce8
0x000000030db86fb0:   000000030db87150 000000011953242c
0x000000030db86fc0:   0000000700000001 0000000707396ce8
0x000000030db86fd0:   000000030db87040 000000011886eda2
0x000000030db86fe0:   000000011886eda2 0000000705753888
0x000000030db86ff0:   0000000700000008 000000013bbed258
0x000000030db87000:   000000030db870c8 000000011952fc45
0x000000030db87010:   000000030db870c8 0000000119530024
0x000000030db87020:   00000007049d0d98 0000000701d563c8
0x000000030db87030:   0000000000000000 000000030db87050
0x000000030db87040:   00000007042c8938 00000007020cea68
0x000000030db87050:   0000000707389e30 00000007045428c0 

Instructions: (pc=0x00000001205372ae)
0x00000001205371ae:   d9 66 48 0f 6e c6 44 8b 52 08 41 81 fa 98 c7 1c
0x00000001205371be:   00 0f 85 ef 09 00 00 44 8b 52 1c 47 8b 44 d4 08
0x00000001205371ce:   48 be 00 00 00 00 08 00 00 00 49 03 f0 4c 8b 76
0x00000001205371de:   20 49 b9 70 f1 01 00 08 00 00 00 4d 3b f1 0f 85
0x00000001205371ee:   9c 04 00 00 4b 8d 2c d4 41 81 f8 88 b6 0b 00 74
0x00000001205371fe:   16 41 81 f8 b8 02 03 00 0f 85 3b 0a 00 00 4c 8b
0x000000012053720e:   d5 41 8b 5a 10 eb 0c 4c 8b d5 45 8b 52 10 43 8b
0x000000012053721e:   5c d4 0c 85 db 0f 8e 0e 09 00 00 49 8b c3 49 8b
0x000000012053722e:   4b 50 44 8b 49 10 41 81 f8 88 b6 0b 00 0f 85 94
0x000000012053723e:   09 00 00 4c 8b d5 45 8b 52 10 47 8b 5c d4 0c 44
0x000000012053724e:   89 5c 24 08 66 48 0f 6e d2 48 89 0c 24 66 48 0f
0x000000012053725e:   6e c8 44 8b 59 08 66 41 0f 6e db 4f 8d 2c d4 4d
0x000000012053726e:   63 d1 66 49 0f 6e e2 44 8b 5c 24 08 41 ff cb 44
0x000000012053727e:   8b 50 24 48 b9 70 f1 01 00 08 00 00 00 4c 3b f1
0x000000012053728e:   0f 85 48 04 00 00 8b 54 24 08 85 d2 0f 86 54 09
0x000000012053729e:   00 00 44 3b da 0f 83 27 09 00 00 4f 8b 74 d4 50
0x00000001205372ae:   45 8b 56 10 49 63 d2 41 81 f8 b8 02 03 00 0f 84
0x00000001205372be:   d4 01 00 00 41 83 f9 20 0f 85 fe 00 00 00 45 33
0x00000001205372ce:   c0 45 8b d8 43 8b 4c 9d 10 45 8b 4c cc 08 48 c1
0x00000001205372de:   e1 03 41 81 f9 70 20 00 00 0f 85 09 0a 00 00 48
0x00000001205372ee:   8b 71 50 48 85 f6 0f 84 01 09 00 00 66 49 0f 7e
0x00000001205372fe:   e1 4a 8b 0c 0e 48 8b 1c 24 48 3b d9 0f 84 2e 03
0x000000012053730e:   00 00 48 3b f3 0f 84 25 03 00 00 48 8b c3 50 48
0x000000012053731e:   8b c0 48 8b 7e 28 8b 0f 48 83 c7 08 48 85 c0 f2
0x000000012053732e:   48 af 58 0f 85 04 00 00 00 48 89 46 20 0f 84 fd
0x000000012053733e:   02 00 00 66 0f 7e db 85 db 7d 44 48 8b 0c 16 4c
0x000000012053734e:   3b f1 0f 84 e8 02 00 00 41 83 fa 20 75 31 49 3b
0x000000012053735e:   f6 0f 84 d9 02 00 00 49 8b c6 50 48 8b c0 48 8b
0x000000012053736e:   7e 28 8b 0f 48 83 c7 08 48 85 c0 f2 48 af 58 0f
0x000000012053737e:   85 04 00 00 00 48 89 46 20 0f 84 b1 02 00 00 8b
0x000000012053738e:   74 24 08 41 2b f0 b9 e8 03 00 00 3b f1 0f 4f f1
0x000000012053739e:   41 03 f0 41 ff c3 44 3b de 0f 8c 25 ff ff ff 4d 


Stack slot to memory mapping:
stack at sp + 0 slots: 0x00000008001c4040 is a pointer to class: 
javax.swing.JComponent {0x00000008001c4040}
stack at sp + 1 slots: 0x0000000700000001 is pointing into object: java.security.Provider$Service 
{0x0000000700000000} - klass: 'java/security/Provider$Service'
stack at sp + 2 slots: 0x000000030db86eb0 is pointing into the stack for thread: 0x00007f8f6201a000
stack at sp + 3 slots: 0x000000030db86ea0 is pointing into the stack for thread: 0x00007f8f6201a000
stack at sp + 4 slots: {method} {0x0000000135702db0} 'checkIfRequestedReturnTypeIsPresent' '(Lorg/processmining/framework/plugin/PluginDescriptor;Ljava/lang/Class;)I' in 'org/processmining/framework/plugin/impl/PluginManagerImpl'
stack at sp + 5 slots: 0x00000007020db6b0 is an oop: org.processmining.framework.plugin.impl.PluginDescriptorImpl 
{0x00000007020db6b0} - klass: 'org/processmining/framework/plugin/impl/PluginDescriptorImpl'
stack at sp + 6 slots: 0x00000007007a57f0 is an oop: java.lang.Class 
{0x00000007007a57f0} - klass: 'java/lang/Class'
stack at sp + 7 slots: 0x00000001205371a0 is at entry_point+32 in (nmethod*)0x0000000120536f90



---------------  P R O C E S S  ---------------

Threads class SMR info:
_java_thread_list=0x0000600002981ac0, length=13, elements={
0x00007f8f6201a000, 0x00007f8f620be800, 0x00007f8f620c3800, 0x00007f8f6106c000,
0x00007f8f620ce800, 0x00007f8f6106e800, 0x00007f8f61071800, 0x00007f8f41008800,
0x00007f8f6100d800, 0x00007f8f6244b800, 0x00007f8f33af0800, 0x00007f8f34223800,
0x00007f8f1492d000
}

Java Threads: ( => current thread )
=>0x00007f8f6201a000 JavaThread "main" [_thread_in_Java, id=8195, stack(0x000000030da88000,0x000000030db88000)]
  0x00007f8f620be800 JavaThread "Reference Handler" daemon [_thread_blocked, id=16387, stack(0x000000030e19d000,0x000000030e29d000)]
  0x00007f8f620c3800 JavaThread "Finalizer" daemon [_thread_blocked, id=21763, stack(0x000000030e2a0000,0x000000030e3a0000)]
  0x00007f8f6106c000 JavaThread "Signal Dispatcher" daemon [_thread_blocked, id=41987, stack(0x000000030e4b3000,0x000000030e5b3000)]
  0x00007f8f620ce800 JavaThread "Service Thread" daemon [_thread_blocked, id=41219, stack(0x000000030e5b6000,0x000000030e6b6000)]
  0x00007f8f6106e800 JavaThread "C2 CompilerThread0" daemon [_thread_in_native, id=24323, stack(0x000000030e6b9000,0x000000030e7b9000)]
  0x00007f8f61071800 JavaThread "C1 CompilerThread0" daemon [_thread_blocked, id=40195, stack(0x000000030e7bc000,0x000000030e8bc000)]
  0x00007f8f41008800 JavaThread "Sweeper thread" daemon [_thread_blocked, id=25347, stack(0x000000030e8bf000,0x000000030e9bf000)]
  0x00007f8f6100d800 JavaThread "Common-Cleaner" daemon [_thread_blocked, id=26627, stack(0x000000030e9c2000,0x000000030eac2000)]
  0x00007f8f6244b800 JavaThread "Timer-0" daemon [_thread_blocked, id=28931, stack(0x000000030eed1000,0x000000030efd1000)]
  0x00007f8f33af0800 JavaThread "Java2D Disposer" daemon [_thread_blocked, id=30255, stack(0x000000030f1da000,0x000000030f2da000)]
  0x00007f8f34223800 JavaThread "AppKit Thread" daemon [_thread_in_native, id=259, stack(0x000000030d205000,0x000000030da05000)]
  0x00007f8f1492d000 JavaThread "C2 CompilerThread1" daemon [_thread_in_native, id=165687, stack(0x000000030ebc8000,0x000000030ecc8000)]

Other Threads:
  0x00007f8f6106d800 VMThread "VM Thread" [stack: 0x000000030e09a000,0x000000030e19a000] [id=17411]
  0x00007f8f4103b000 WatcherThread [stack: 0x000000030eac5000,0x000000030ebc5000] [id=27195]
  0x00007f8f61015000 GCTaskThread "GC Thread#0" [stack: 0x000000030db8b000,0x000000030dc8b000] [id=19971]
  0x00007f8f41087800 GCTaskThread "GC Thread#1" [stack: 0x000000030eccb000,0x000000030edcb000] [id=27819]
  0x00007f8f41189000 GCTaskThread "GC Thread#2" [stack: 0x000000030edce000,0x000000030eece000] [id=37903]
  0x00007f8f33a70800 GCTaskThread "GC Thread#3" [stack: 0x000000030f2dd000,0x000000030f3dd000] [id=87087]
  0x00007f8f33a71800 GCTaskThread "GC Thread#4" [stack: 0x000000030f4e3000,0x000000030f5e3000] [id=84027]
  0x00007f8f617ff800 GCTaskThread "GC Thread#5" [stack: 0x000000030f6e9000,0x000000030f7e9000] [id=33283]
  0x00007f8f61506800 GCTaskThread "GC Thread#6" [stack: 0x000000030f7ec000,0x000000030f8ec000] [id=45339]
  0x00007f8f6178b000 GCTaskThread "GC Thread#7" [stack: 0x000000030faf5000,0x000000030fbf5000] [id=43547]
  0x00007f8f62054800 ConcurrentGCThread "G1 Main Marker" [stack: 0x000000030dc8e000,0x000000030dd8e000] [id=13571]
  0x00007f8f62055800 ConcurrentGCThread "G1 Conc#0" [stack: 0x000000030dd91000,0x000000030de91000] [id=18691]
  0x00007f8f33cf8800 ConcurrentGCThread "G1 Conc#1" [stack: 0x000000030f3e0000,0x000000030f4e0000] [id=44063]
  0x00007f8f620b6000 ConcurrentGCThread "G1 Refine#0" [stack: 0x000000030de94000,0x000000030df94000] [id=14083]
  0x00007f8f620b7000 ConcurrentGCThread "G1 Young RemSet Sampling" [stack: 0x000000030df97000,0x000000030e097000] [id=14339]

Threads with active compile tasks:
C2 CompilerThread0  13780 3230 %     4       org.processmining.framework.plugin.impl.PluginManagerImpl::find @ 41 (271 bytes)
C2 CompilerThread1  13780 3251       4       org.processmining.framework.plugin.PluginParameterBinding$Factory::tryToBind (609 bytes)

VM state:not at safepoint (normal execution)

VM Mutex/Monitor currently owned by a thread: None

Heap address: 0x0000000700000000, size: 4096 MB, Compressed Oops mode: Zero based, Oop shift amount: 3
Narrow klass base: 0x0000000800000000, Narrow klass shift: 0
Compressed class space size: 1073741824 Address: 0x0000000800000000

Heap:
 garbage-first heap   total 131072K, used 63931K [0x0000000700000000, 0x0000000800000000)
  region size 1024K, 17 young (17408K), 4 survivors (4096K)
 Metaspace       used 39171K, capacity 39623K, committed 40112K, reserved 1083392K
  class space    used 5482K, capacity 5614K, committed 5632K, reserved 1048576K
Heap Regions: E=young(eden), S=young(survivor), O=old, HS=humongous(starts), HC=humongous(continues), CS=collection set, F=free, A=archive, TAMS=top-at-mark-start (previous, next)
|   0|0x0000000700000000, 0x0000000700100000, 0x0000000700100000|100%| O|  |TAMS 0x0000000700100000, 0x0000000700000000| Untracked 
|   1|0x0000000700100000, 0x0000000700200000, 0x0000000700200000|100%| O|  |TAMS 0x0000000700200000, 0x0000000700100000| Untracked 
|   2|0x0000000700200000, 0x0000000700300000, 0x0000000700300000|100%| O|  |TAMS 0x0000000700300000, 0x0000000700200000| Untracked 
|   3|0x0000000700300000, 0x0000000700400000, 0x0000000700400000|100%|HS|  |TAMS 0x0000000700400000, 0x0000000700300000| Complete 
|   4|0x0000000700400000, 0x0000000700500000, 0x0000000700500000|100%|HC|  |TAMS 0x0000000700500000, 0x0000000700400000| Complete 
|   5|0x0000000700500000, 0x0000000700600000, 0x0000000700600000|100%| O|  |TAMS 0x0000000700600000, 0x0000000700500000| Untracked 
|   6|0x0000000700600000, 0x0000000700700000, 0x0000000700700000|100%| O|  |TAMS 0x0000000700700000, 0x0000000700600000| Untracked 
|   7|0x0000000700700000, 0x0000000700800000, 0x0000000700800000|100%| O|  |TAMS 0x0000000700800000, 0x0000000700700000| Untracked 
|   8|0x0000000700800000, 0x0000000700900000, 0x0000000700900000|100%|HS|  |TAMS 0x0000000700900000, 0x0000000700800000| Complete 
|   9|0x0000000700900000, 0x0000000700a00000, 0x0000000700a00000|100%|HC|  |TAMS 0x0000000700a00000, 0x0000000700900000| Complete 
|  10|0x0000000700a00000, 0x0000000700b00000, 0x0000000700b00000|100%| O|  |TAMS 0x0000000700b00000, 0x0000000700a00000| Untracked 
|  11|0x0000000700b00000, 0x0000000700c00000, 0x0000000700c00000|100%| O|  |TAMS 0x0000000700c00000, 0x0000000700b00000| Untracked 
|  12|0x0000000700c00000, 0x0000000700d00000, 0x0000000700d00000|100%| O|  |TAMS 0x0000000700d00000, 0x0000000700c00000| Untracked 
|  13|0x0000000700d00000, 0x0000000700e00000, 0x0000000700e00000|100%| O|  |TAMS 0x0000000700e00000, 0x0000000700d00000| Untracked 
|  14|0x0000000700e00000, 0x0000000700f00000, 0x0000000700f00000|100%| O|  |TAMS 0x0000000700f00000, 0x0000000700e00000| Untracked 
|  15|0x0000000700f00000, 0x0000000701000000, 0x0000000701000000|100%|HS|  |TAMS 0x0000000701000000, 0x0000000700f00000| Complete 
|  16|0x0000000701000000, 0x0000000701100000, 0x0000000701100000|100%|HS|  |TAMS 0x0000000701100000, 0x0000000701000000| Complete 
|  17|0x0000000701100000, 0x0000000701200000, 0x0000000701200000|100%|HC|  |TAMS 0x0000000701200000, 0x0000000701100000| Complete 
|  18|0x0000000701200000, 0x0000000701300000, 0x0000000701300000|100%|HC|  |TAMS 0x0000000701300000, 0x0000000701200000| Complete 
|  19|0x0000000701300000, 0x0000000701400000, 0x0000000701400000|100%| O|  |TAMS 0x0000000701400000, 0x0000000701300000| Untracked 
|  20|0x0000000701400000, 0x0000000701500000, 0x0000000701500000|100%| O|  |TAMS 0x0000000701500000, 0x0000000701400000| Untracked 
|  21|0x0000000701500000, 0x0000000701600000, 0x0000000701600000|100%| O|  |TAMS 0x0000000701600000, 0x0000000701500000| Untracked 
|  22|0x0000000701600000, 0x0000000701700000, 0x0000000701700000|100%| O|  |TAMS 0x0000000701700000, 0x0000000701600000| Untracked 
|  23|0x0000000701700000, 0x0000000701800000, 0x0000000701800000|100%| O|  |TAMS 0x0000000701800000, 0x0000000701700000| Untracked 
|  24|0x0000000701800000, 0x0000000701900000, 0x0000000701900000|100%|HS|  |TAMS 0x0000000701900000, 0x0000000701800000| Complete 
|  25|0x0000000701900000, 0x0000000701a00000, 0x0000000701a00000|100%| O|  |TAMS 0x0000000701a00000, 0x0000000701900000| Untracked 
|  26|0x0000000701a00000, 0x0000000701b00000, 0x0000000701b00000|100%| O|  |TAMS 0x0000000701b00000, 0x0000000701a00000| Untracked 
|  27|0x0000000701b00000, 0x0000000701c00000, 0x0000000701c00000|100%| O|  |TAMS 0x0000000701c00000, 0x0000000701b00000| Untracked 
|  28|0x0000000701c00000, 0x0000000701d00000, 0x0000000701d00000|100%| O|  |TAMS 0x0000000701d00000, 0x0000000701c00000| Untracked 
|  29|0x0000000701d00000, 0x0000000701e00000, 0x0000000701e00000|100%| O|  |TAMS 0x0000000701e00000, 0x0000000701d00000| Untracked 
|  30|0x0000000701e00000, 0x0000000701f00000, 0x0000000701f00000|100%| O|  |TAMS 0x0000000701f00000, 0x0000000701e00000| Untracked 
|  31|0x0000000701f00000, 0x0000000702000000, 0x0000000702000000|100%| O|  |TAMS 0x0000000702000000, 0x0000000701f00000| Untracked 
|  32|0x0000000702000000, 0x0000000702100000, 0x0000000702100000|100%| O|  |TAMS 0x0000000702100000, 0x0000000702000000| Untracked 
|  33|0x0000000702100000, 0x0000000702200000, 0x0000000702200000|100%| O|  |TAMS 0x0000000702200000, 0x0000000702100000| Untracked 
|  34|0x0000000702200000, 0x0000000702300000, 0x0000000702300000|100%| O|  |TAMS 0x0000000702300000, 0x0000000702200000| Untracked 
|  35|0x0000000702300000, 0x0000000702400000, 0x0000000702400000|100%| O|  |TAMS 0x0000000702400000, 0x0000000702300000| Untracked 
|  36|0x0000000702400000, 0x0000000702500000, 0x0000000702500000|100%| O|  |TAMS 0x0000000702500000, 0x0000000702400000| Untracked 
|  37|0x0000000702500000, 0x0000000702600000, 0x0000000702600000|100%| O|  |TAMS 0x0000000702600000, 0x0000000702500000| Untracked 
|  38|0x0000000702600000, 0x0000000702700000, 0x0000000702700000|100%| O|  |TAMS 0x00000007026ab000, 0x0000000702600000| Untracked 
|  39|0x0000000702700000, 0x0000000702800000, 0x0000000702800000|100%|HS|  |TAMS 0x0000000702700000, 0x0000000702700000| Complete 
|  40|0x0000000702800000, 0x0000000702900000, 0x0000000702900000|100%| O|  |TAMS 0x0000000702800000, 0x0000000702800000| Untracked 
|  41|0x0000000702900000, 0x0000000702a00000, 0x0000000702a00000|100%| O|  |TAMS 0x0000000702900000, 0x0000000702900000| Untracked 
|  42|0x0000000702a00000, 0x0000000702b00000, 0x0000000702b00000|100%| O|  |TAMS 0x0000000702a00000, 0x0000000702a00000| Untracked 
|  43|0x0000000702b00000, 0x0000000702c00000, 0x0000000702c00000|100%| O|  |TAMS 0x0000000702b00000, 0x0000000702b00000| Untracked 
|  44|0x0000000702c00000, 0x0000000702d00000, 0x0000000702d00000|100%| O|  |TAMS 0x0000000702c00000, 0x0000000702c00000| Untracked 
|  45|0x0000000702d00000, 0x0000000702e00000, 0x0000000702e00000|100%| O|  |TAMS 0x0000000702d00000, 0x0000000702d00000| Untracked 
|  46|0x0000000702e00000, 0x0000000702e6ee00, 0x0000000702f00000| 43%| O|  |TAMS 0x0000000702e00000, 0x0000000702e00000| Untracked 
|  47|0x0000000702f00000, 0x0000000702f00000, 0x0000000703000000|  0%| F|  |TAMS 0x0000000702f00000, 0x0000000702f00000| Untracked 
|  48|0x0000000703000000, 0x0000000703000000, 0x0000000703100000|  0%| F|  |TAMS 0x0000000703000000, 0x0000000703000000| Untracked 
|  49|0x0000000703100000, 0x0000000703100000, 0x0000000703200000|  0%| F|  |TAMS 0x0000000703100000, 0x0000000703100000| Untracked 
|  50|0x0000000703200000, 0x0000000703200000, 0x0000000703300000|  0%| F|  |TAMS 0x0000000703200000, 0x0000000703200000| Untracked 
|  51|0x0000000703300000, 0x0000000703300000, 0x0000000703400000|  0%| F|  |TAMS 0x0000000703300000, 0x0000000703300000| Untracked 
|  52|0x0000000703400000, 0x0000000703400000, 0x0000000703500000|  0%| F|  |TAMS 0x0000000703400000, 0x0000000703400000| Untracked 
|  53|0x0000000703500000, 0x0000000703500000, 0x0000000703600000|  0%| F|  |TAMS 0x0000000703500000, 0x0000000703500000| Untracked 
|  54|0x0000000703600000, 0x0000000703600000, 0x0000000703700000|  0%| F|  |TAMS 0x0000000703600000, 0x0000000703600000| Untracked 
|  55|0x0000000703700000, 0x0000000703700000, 0x0000000703800000|  0%| F|  |TAMS 0x0000000703700000, 0x0000000703700000| Untracked 
|  56|0x0000000703800000, 0x0000000703800000, 0x0000000703900000|  0%| F|  |TAMS 0x0000000703800000, 0x0000000703800000| Untracked 
|  57|0x0000000703900000, 0x0000000703900000, 0x0000000703a00000|  0%| F|  |TAMS 0x0000000703900000, 0x0000000703900000| Untracked 
|  58|0x0000000703a00000, 0x0000000703a00000, 0x0000000703b00000|  0%| F|  |TAMS 0x0000000703a00000, 0x0000000703a00000| Untracked 
|  59|0x0000000703b00000, 0x0000000703b00000, 0x0000000703c00000|  0%| F|  |TAMS 0x0000000703b00000, 0x0000000703b00000| Untracked 
|  60|0x0000000703c00000, 0x0000000703c00000, 0x0000000703d00000|  0%| F|  |TAMS 0x0000000703c00000, 0x0000000703c00000| Untracked 
|  61|0x0000000703d00000, 0x0000000703d00000, 0x0000000703e00000|  0%| F|  |TAMS 0x0000000703d00000, 0x0000000703d00000| Untracked 
|  62|0x0000000703e00000, 0x0000000703e00000, 0x0000000703f00000|  0%| F|  |TAMS 0x0000000703e00000, 0x0000000703e00000| Untracked 
|  63|0x0000000703f00000, 0x0000000703f00000, 0x0000000704000000|  0%| F|  |TAMS 0x0000000703f00000, 0x0000000703f00000| Untracked 
|  64|0x0000000704000000, 0x0000000704000000, 0x0000000704100000|  0%| F|  |TAMS 0x0000000704000000, 0x0000000704000000| Untracked 
|  65|0x0000000704100000, 0x0000000704100000, 0x0000000704200000|  0%| F|  |TAMS 0x0000000704100000, 0x0000000704100000| Untracked 
|  66|0x0000000704200000, 0x0000000704300000, 0x0000000704300000|100%| S|CS|TAMS 0x0000000704200000, 0x0000000704200000| Complete 
|  67|0x0000000704300000, 0x0000000704400000, 0x0000000704400000|100%| S|CS|TAMS 0x0000000704300000, 0x0000000704300000| Complete 
|  68|0x0000000704400000, 0x0000000704500000, 0x0000000704500000|100%| S|CS|TAMS 0x0000000704400000, 0x0000000704400000| Complete 
|  69|0x0000000704500000, 0x0000000704600000, 0x0000000704600000|100%| S|CS|TAMS 0x0000000704500000, 0x0000000704500000| Complete 
|  70|0x0000000704600000, 0x0000000704600000, 0x0000000704700000|  0%| F|  |TAMS 0x0000000704600000, 0x0000000704600000| Untracked 
|  71|0x0000000704700000, 0x0000000704700000, 0x0000000704800000|  0%| F|  |TAMS 0x0000000704700000, 0x0000000704700000| Untracked 
|  72|0x0000000704800000, 0x0000000704800000, 0x0000000704900000|  0%| F|  |TAMS 0x0000000704800000, 0x0000000704800000| Untracked 
|  73|0x0000000704900000, 0x0000000704900000, 0x0000000704a00000|  0%| F|  |TAMS 0x0000000704900000, 0x0000000704900000| Untracked 
|  74|0x0000000704a00000, 0x0000000704a00000, 0x0000000704b00000|  0%| F|  |TAMS 0x0000000704a00000, 0x0000000704a00000| Untracked 
|  75|0x0000000704b00000, 0x0000000704b00000, 0x0000000704c00000|  0%| F|  |TAMS 0x0000000704b00000, 0x0000000704b00000| Untracked 
|  76|0x0000000704c00000, 0x0000000704c00000, 0x0000000704d00000|  0%| F|  |TAMS 0x0000000704c00000, 0x0000000704c00000| Untracked 
|  77|0x0000000704d00000, 0x0000000704d00000, 0x0000000704e00000|  0%| F|  |TAMS 0x0000000704d00000, 0x0000000704d00000| Untracked 
|  78|0x0000000704e00000, 0x0000000704e00000, 0x0000000704f00000|  0%| F|  |TAMS 0x0000000704e00000, 0x0000000704e00000| Untracked 
|  79|0x0000000704f00000, 0x0000000704f00000, 0x0000000705000000|  0%| F|  |TAMS 0x0000000704f00000, 0x0000000704f00000| Untracked 
|  80|0x0000000705000000, 0x0000000705000000, 0x0000000705100000|  0%| F|  |TAMS 0x0000000705000000, 0x0000000705000000| Untracked 
|  81|0x0000000705100000, 0x0000000705100000, 0x0000000705200000|  0%| F|  |TAMS 0x0000000705100000, 0x0000000705100000| Untracked 
|  82|0x0000000705200000, 0x0000000705200000, 0x0000000705300000|  0%| F|  |TAMS 0x0000000705200000, 0x0000000705200000| Untracked 
|  83|0x0000000705300000, 0x0000000705300000, 0x0000000705400000|  0%| F|  |TAMS 0x0000000705300000, 0x0000000705300000| Untracked 
|  84|0x0000000705400000, 0x0000000705400000, 0x0000000705500000|  0%| F|  |TAMS 0x0000000705400000, 0x0000000705400000| Untracked 
|  85|0x0000000705500000, 0x0000000705500000, 0x0000000705600000|  0%| F|  |TAMS 0x0000000705500000, 0x0000000705500000| Untracked 
|  86|0x0000000705600000, 0x0000000705600000, 0x0000000705700000|  0%| F|  |TAMS 0x0000000705600000, 0x0000000705600000| Untracked 
|  87|0x0000000705700000, 0x0000000705700000, 0x0000000705800000|  0%| F|  |TAMS 0x0000000705700000, 0x0000000705700000| Untracked 
|  88|0x0000000705800000, 0x0000000705800000, 0x0000000705900000|  0%| F|  |TAMS 0x0000000705800000, 0x0000000705800000| Untracked 
|  89|0x0000000705900000, 0x0000000705900000, 0x0000000705a00000|  0%| F|  |TAMS 0x0000000705900000, 0x0000000705900000| Untracked 
|  90|0x0000000705a00000, 0x0000000705a00000, 0x0000000705b00000|  0%| F|  |TAMS 0x0000000705a00000, 0x0000000705a00000| Untracked 
|  91|0x0000000705b00000, 0x0000000705b00000, 0x0000000705c00000|  0%| F|  |TAMS 0x0000000705b00000, 0x0000000705b00000| Untracked 
|  92|0x0000000705c00000, 0x0000000705c00000, 0x0000000705d00000|  0%| F|  |TAMS 0x0000000705c00000, 0x0000000705c00000| Untracked 
|  93|0x0000000705d00000, 0x0000000705d00000, 0x0000000705e00000|  0%| F|  |TAMS 0x0000000705d00000, 0x0000000705d00000| Untracked 
|  94|0x0000000705e00000, 0x0000000705e00000, 0x0000000705f00000|  0%| F|  |TAMS 0x0000000705e00000, 0x0000000705e00000| Untracked 
|  95|0x0000000705f00000, 0x0000000705f00000, 0x0000000706000000|  0%| F|  |TAMS 0x0000000705f00000, 0x0000000705f00000| Untracked 
|  96|0x0000000706000000, 0x0000000706000000, 0x0000000706100000|  0%| F|  |TAMS 0x0000000706000000, 0x0000000706000000| Untracked 
|  97|0x0000000706100000, 0x0000000706100000, 0x0000000706200000|  0%| F|  |TAMS 0x0000000706100000, 0x0000000706100000| Untracked 
|  98|0x0000000706200000, 0x0000000706200000, 0x0000000706300000|  0%| F|  |TAMS 0x0000000706200000, 0x0000000706200000| Untracked 
|  99|0x0000000706300000, 0x0000000706300000, 0x0000000706400000|  0%| F|  |TAMS 0x0000000706300000, 0x0000000706300000| Untracked 
| 100|0x0000000706400000, 0x0000000706400000, 0x0000000706500000|  0%| F|  |TAMS 0x0000000706400000, 0x0000000706400000| Untracked 
| 101|0x0000000706500000, 0x0000000706500000, 0x0000000706600000|  0%| F|  |TAMS 0x0000000706500000, 0x0000000706500000| Untracked 
| 102|0x0000000706600000, 0x0000000706600000, 0x0000000706700000|  0%| F|  |TAMS 0x0000000706600000, 0x0000000706600000| Untracked 
| 103|0x0000000706700000, 0x0000000706700000, 0x0000000706800000|  0%| F|  |TAMS 0x0000000706700000, 0x0000000706700000| Untracked 
| 104|0x0000000706800000, 0x0000000706800000, 0x0000000706900000|  0%| F|  |TAMS 0x0000000706800000, 0x0000000706800000| Untracked 
| 105|0x0000000706900000, 0x0000000706900000, 0x0000000706a00000|  0%| F|  |TAMS 0x0000000706900000, 0x0000000706900000| Untracked 
| 106|0x0000000706a00000, 0x0000000706a00000, 0x0000000706b00000|  0%| F|  |TAMS 0x0000000706a00000, 0x0000000706a00000| Untracked 
| 107|0x0000000706b00000, 0x0000000706b00000, 0x0000000706c00000|  0%| F|  |TAMS 0x0000000706b00000, 0x0000000706b00000| Untracked 
| 108|0x0000000706c00000, 0x0000000706c00000, 0x0000000706d00000|  0%| F|  |TAMS 0x0000000706c00000, 0x0000000706c00000| Untracked 
| 109|0x0000000706d00000, 0x0000000706d00000, 0x0000000706e00000|  0%| F|  |TAMS 0x0000000706d00000, 0x0000000706d00000| Untracked 
| 110|0x0000000706e00000, 0x0000000706e00000, 0x0000000706f00000|  0%| F|  |TAMS 0x0000000706e00000, 0x0000000706e00000| Untracked 
| 111|0x0000000706f00000, 0x0000000706f00000, 0x0000000707000000|  0%| F|  |TAMS 0x0000000706f00000, 0x0000000706f00000| Untracked 
| 112|0x0000000707000000, 0x0000000707000000, 0x0000000707100000|  0%| F|  |TAMS 0x0000000707000000, 0x0000000707000000| Untracked 
| 113|0x0000000707100000, 0x0000000707100000, 0x0000000707200000|  0%| F|  |TAMS 0x0000000707100000, 0x0000000707100000| Untracked 
| 114|0x0000000707200000, 0x0000000707200000, 0x0000000707300000|  0%| F|  |TAMS 0x0000000707200000, 0x0000000707200000| Untracked 
| 115|0x0000000707300000, 0x0000000707400000, 0x0000000707400000|100%| E|  |TAMS 0x0000000707300000, 0x0000000707300000| Complete 
| 116|0x0000000707400000, 0x0000000707500000, 0x0000000707500000|100%| E|CS|TAMS 0x0000000707400000, 0x0000000707400000| Complete 
| 117|0x0000000707500000, 0x0000000707600000, 0x0000000707600000|100%| E|CS|TAMS 0x0000000707500000, 0x0000000707500000| Complete 
| 118|0x0000000707600000, 0x0000000707700000, 0x0000000707700000|100%| E|CS|TAMS 0x0000000707600000, 0x0000000707600000| Complete 
| 119|0x0000000707700000, 0x0000000707800000, 0x0000000707800000|100%| E|CS|TAMS 0x0000000707700000, 0x0000000707700000| Complete 
| 120|0x0000000707800000, 0x0000000707900000, 0x0000000707900000|100%| E|CS|TAMS 0x0000000707800000, 0x0000000707800000| Complete 
| 121|0x0000000707900000, 0x0000000707a00000, 0x0000000707a00000|100%| E|CS|TAMS 0x0000000707900000, 0x0000000707900000| Complete 
| 122|0x0000000707a00000, 0x0000000707b00000, 0x0000000707b00000|100%| E|CS|TAMS 0x0000000707a00000, 0x0000000707a00000| Complete 
| 123|0x0000000707b00000, 0x0000000707c00000, 0x0000000707c00000|100%| E|CS|TAMS 0x0000000707b00000, 0x0000000707b00000| Complete 
| 124|0x0000000707c00000, 0x0000000707d00000, 0x0000000707d00000|100%| E|CS|TAMS 0x0000000707c00000, 0x0000000707c00000| Complete 
| 125|0x0000000707d00000, 0x0000000707e00000, 0x0000000707e00000|100%| E|CS|TAMS 0x0000000707d00000, 0x0000000707d00000| Complete 
| 126|0x0000000707e00000, 0x0000000707f00000, 0x0000000707f00000|100%| E|CS|TAMS 0x0000000707e00000, 0x0000000707e00000| Complete 
| 127|0x0000000707f00000, 0x0000000708000000, 0x0000000708000000|100%| E|CS|TAMS 0x0000000707f00000, 0x0000000707f00000| Complete 

Card table byte_map: [0x0000000127865000,0x0000000128065000] _byte_map_base: 0x0000000124065000

Marking Bits (Prev, Next): (CMBitMap*) 0x00007f8f62043e18, (CMBitMap*) 0x00007f8f62043e50
 Prev Bits: [0x0000000128865000, 0x000000012c865000)
 Next Bits: [0x000000012c865000, 0x0000000130865000)

Polling page: 0x0000000104aef000

Metaspace:

Usage:
  Non-class:     33.21 MB capacity,    32.90 MB (>99%) used,   264.51 KB ( <1%) free+waste,    54.81 KB ( <1%) overhead. 
      Class:      5.48 MB capacity,     5.35 MB ( 98%) used,   107.88 KB (  2%) free+waste,    23.81 KB ( <1%) overhead. 
       Both:     38.69 MB capacity,    38.25 MB ( 99%) used,   372.38 KB ( <1%) free+waste,    78.62 KB ( <1%) overhead. 

Virtual space:
  Non-class space:       34.00 MB reserved,      33.67 MB (>99%) committed 
      Class space:        1.00 GB reserved,       5.50 MB ( <1%) committed 
             Both:        1.03 GB reserved,      39.17 MB (  4%) committed 

Chunk freelists:
   Non-Class:  415.00 KB
       Class:  18.00 KB
        Both:  433.00 KB

MaxMetaspaceSize: unlimited
CompressedClassSpaceSize: 1.00 GB

CodeHeap 'non-profiled nmethods': size=120032Kb used=2092Kb max_used=2092Kb free=117939Kb
 bounds [0x000000012032d000, 0x000000012059d000, 0x0000000127865000]
CodeHeap 'profiled nmethods': size=120028Kb used=7422Kb max_used=7422Kb free=112606Kb
 bounds [0x0000000118df6000, 0x0000000119536000, 0x000000012032d000]
CodeHeap 'non-nmethods': size=5700Kb used=1163Kb max_used=1218Kb free=4536Kb
 bounds [0x0000000118865000, 0x0000000118ad5000, 0x0000000118df6000]
 total_blobs=3776 nmethods=3250 adapters=439
 compilation: enabled
              stopped_count=0, restarted_count=0
 full_count=0

Compilation events (20 events):
Event: 13.693 Thread 0x00007f8f61071800 3246       3       org.processmining.framework.util.collection.ComparablePair::compareTo (52 bytes)
Event: 13.693 Thread 0x00007f8f61071800 nmethod 3246 0x0000000119530690 code [0x00000001195308c0, 0x0000000119531290]
Event: 13.716 Thread 0x00007f8f61071800 3248       3       org.processmining.contexts.uitopia.hub.ProMViewManager::registerResourceType (266 bytes)
Event: 13.717 Thread 0x00007f8f61071800 nmethod 3248 0x0000000119531490 code [0x0000000119531880, 0x0000000119533cb0]
Event: 13.717 Thread 0x00007f8f61071800 3247       3       java.util.Arrays::legacyMergeSort (37 bytes)
Event: 13.718 Thread 0x00007f8f61071800 nmethod 3247 0x0000000119534590 code [0x0000000119534780, 0x0000000119534a20]
Event: 13.737 Thread 0x00007f8f1492d000 nmethod 3236 0x000000012052fd90 code [0x00000001205301c0, 0x0000000120533e60]
Event: 13.737 Thread 0x00007f8f1492d000 3238       4       java.util.Arrays::fill (21 bytes)
Event: 13.738 Thread 0x00007f8f1492d000 nmethod 3238 0x0000000120536190 code [0x0000000120536320, 0x00000001205363d8]
Event: 13.738 Thread 0x00007f8f1492d000 3237       4       org.processmining.framework.plugin.impl.PluginManagerImpl::isParameterAssignable (32 bytes)
Event: 13.739 Thread 0x00007f8f1492d000 nmethod 3237 0x0000000120536510 code [0x00000001205366a0, 0x0000000120536818]
Event: 13.745 Thread 0x00007f8f1492d000 3249       4       org.processmining.framework.plugin.impl.PluginDescriptorImpl::equals (28 bytes)
Event: 13.749 Thread 0x00007f8f1492d000 nmethod 3249 0x0000000120536990 code [0x0000000120536b40, 0x0000000120536db8]
Event: 13.754 Thread 0x00007f8f1492d000 3250       4       org.processmining.framework.plugin.impl.PluginManagerImpl::checkIfRequestedReturnTypeIsPresent (50 bytes)
Event: 13.770 Thread 0x00007f8f61071800 3253       3       org.processmining.framework.util.Pair::equals (26 bytes)
Event: 13.771 Thread 0x00007f8f61071800 nmethod 3253 0x0000000119534b90 code [0x0000000119534d60, 0x0000000119535000]
Event: 13.771 Thread 0x00007f8f61071800 3254       3       org.processmining.contexts.uitopia.model.ProMViewType::getPrimaryType (28 bytes)
Event: 13.771 Thread 0x00007f8f61071800 nmethod 3254 0x0000000119535110 code [0x00000001195352e0, 0x00000001195356c0]
Event: 13.772 Thread 0x00007f8f1492d000 nmethod 3250 0x0000000120536f90 code [0x0000000120537180, 0x0000000120537df8]
Event: 13.772 Thread 0x00007f8f1492d000 3251       4       org.processmining.framework.plugin.PluginParameterBinding$Factory::tryToBind (609 bytes)

GC Heap History (20 events):
Event: 10.134 GC heap before
{Heap before GC invocations=14 (full 0):
 garbage-first heap   total 131072K, used 107985K [0x0000000700000000, 0x0000000800000000)
  region size 1024K, 71 young (72704K), 6 survivors (6144K)
 Metaspace       used 34974K, capacity 35453K, committed 35888K, reserved 1081344K
  class space    used 4805K, capacity 4973K, committed 4992K, reserved 1048576K
}
Event: 10.136 GC heap after
{Heap after GC invocations=15 (full 0):
 garbage-first heap   total 131072K, used 43033K [0x0000000700000000, 0x0000000800000000)
  region size 1024K, 6 young (6144K), 6 survivors (6144K)
 Metaspace       used 34974K, capacity 35453K, committed 35888K, reserved 1081344K
  class space    used 4805K, capacity 4973K, committed 4992K, reserved 1048576K
}
Event: 10.180 GC heap before
{Heap before GC invocations=15 (full 0):
 garbage-first heap   total 131072K, used 48153K [0x0000000700000000, 0x0000000800000000)
  region size 1024K, 12 young (12288K), 6 survivors (6144K)
 Metaspace       used 35038K, capacity 35453K, committed 35888K, reserved 1081344K
  class space    used 4820K, capacity 4973K, committed 4992K, reserved 1048576K
}
Event: 10.182 GC heap after
{Heap after GC invocations=16 (full 0):
 garbage-first heap   total 131072K, used 42810K [0x0000000700000000, 0x0000000800000000)
  region size 1024K, 4 young (4096K), 4 survivors (4096K)
 Metaspace       used 35038K, capacity 35453K, committed 35888K, reserved 1081344K
  class space    used 4820K, capacity 4973K, committed 4992K, reserved 1048576K
}
Event: 10.710 GC heap before
{Heap before GC invocations=17 (full 0):
 garbage-first heap   total 131072K, used 94010K [0x0000000700000000, 0x0000000800000000)
  region size 1024K, 54 young (55296K), 4 survivors (4096K)
 Metaspace       used 35753K, capacity 36218K, committed 36784K, reserved 1081344K
  class space    used 4954K, capacity 5100K, committed 5120K, reserved 1048576K
}
Event: 10.711 GC heap after
{Heap after GC invocations=18 (full 0):
 garbage-first heap   total 131072K, used 43054K [0x0000000700000000, 0x0000000800000000)
  region size 1024K, 4 young (4096K), 4 survivors (4096K)
 Metaspace       used 35753K, capacity 36218K, committed 36784K, reserved 1081344K
  class space    used 4954K, capacity 5100K, committed 5120K, reserved 1048576K
}
Event: 11.238 GC heap before
{Heap before GC invocations=18 (full 0):
 garbage-first heap   total 131072K, used 96302K [0x0000000700000000, 0x0000000800000000)
  region size 1024K, 57 young (58368K), 4 survivors (4096K)
 Metaspace       used 36433K, capacity 36890K, committed 37552K, reserved 1081344K
  class space    used 5113K, capacity 5260K, committed 5376K, reserved 1048576K
}
Event: 11.240 GC heap after
{Heap after GC invocations=19 (full 0):
 garbage-first heap   total 131072K, used 43195K [0x0000000700000000, 0x0000000800000000)
  region size 1024K, 4 young (4096K), 4 survivors (4096K)
 Metaspace       used 36433K, capacity 36890K, committed 37552K, reserved 1081344K
  class space    used 5113K, capacity 5260K, committed 5376K, reserved 1048576K
}
Event: 11.775 GC heap before
{Heap before GC invocations=19 (full 0):
 garbage-first heap   total 131072K, used 100539K [0x0000000700000000, 0x0000000800000000)
  region size 1024K, 60 young (61440K), 4 survivors (4096K)
 Metaspace       used 37106K, capacity 37562K, committed 38064K, reserved 1081344K
  class space    used 5198K, capacity 5356K, committed 5376K, reserved 1048576K
}
Event: 11.777 GC heap after
{Heap after GC invocations=20 (full 0):
 garbage-first heap   total 131072K, used 44662K [0x0000000700000000, 0x0000000800000000)
  region size 1024K, 5 young (5120K), 5 survivors (5120K)
 Metaspace       used 37106K, capacity 37562K, committed 38064K, reserved 1081344K
  class space    used 5198K, capacity 5356K, committed 5376K, reserved 1048576K
}
Event: 12.302 GC heap before
{Heap before GC invocations=20 (full 0):
 garbage-first heap   total 131072K, used 103030K [0x0000000700000000, 0x0000000800000000)
  region size 1024K, 62 young (63488K), 5 survivors (5120K)
 Metaspace       used 37691K, capacity 38106K, committed 38704K, reserved 1083392K
  class space    used 5306K, capacity 5452K, committed 5504K, reserved 1048576K
}
Event: 12.304 GC heap after
{Heap after GC invocations=21 (full 0):
 garbage-first heap   total 131072K, used 46981K [0x0000000700000000, 0x0000000800000000)
  region size 1024K, 5 young (5120K), 5 survivors (5120K)
 Metaspace       used 37691K, capacity 38106K, committed 38704K, reserved 1083392K
  class space    used 5306K, capacity 5452K, committed 5504K, reserved 1048576K
}
Event: 12.847 GC heap before
{Heap before GC invocations=21 (full 0):
 garbage-first heap   total 131072K, used 104325K [0x0000000700000000, 0x0000000800000000)
  region size 1024K, 61 young (62464K), 5 survivors (5120K)
 Metaspace       used 38290K, capacity 38746K, committed 39344K, reserved 1083392K
  class space    used 5408K, capacity 5580K, committed 5632K, reserved 1048576K
}
Event: 12.849 GC heap after
{Heap after GC invocations=22 (full 0):
 garbage-first heap   total 131072K, used 47475K [0x0000000700000000, 0x0000000800000000)
  region size 1024K, 4 young (4096K), 4 survivors (4096K)
 Metaspace       used 38290K, capacity 38746K, committed 39344K, reserved 1083392K
  class space    used 5408K, capacity 5580K, committed 5632K, reserved 1048576K
}
Event: 13.518 GC heap before
{Heap before GC invocations=22 (full 0):
 garbage-first heap   total 131072K, used 104819K [0x0000000700000000, 0x0000000800000000)
  region size 1024K, 61 young (62464K), 4 survivors (4096K)
 Metaspace       used 39146K, capacity 39559K, committed 40112K, reserved 1083392K
  class space    used 5482K, capacity 5614K, committed 5632K, reserved 1048576K
}
Event: 13.522 GC heap after
{Heap after GC invocations=23 (full 0):
 garbage-first heap   total 131072K, used 51689K [0x0000000700000000, 0x0000000800000000)
  region size 1024K, 8 young (8192K), 8 survivors (8192K)
 Metaspace       used 39146K, capacity 39559K, committed 40112K, reserved 1083392K
  class space    used 5482K, capacity 5614K, committed 5632K, reserved 1048576K
}
Event: 13.626 GC heap before
{Heap before GC invocations=23 (full 0):
 garbage-first heap   total 131072K, used 106985K [0x0000000700000000, 0x0000000800000000)
  region size 1024K, 62 young (63488K), 8 survivors (8192K)
 Metaspace       used 39158K, capacity 39559K, committed 40112K, reserved 1083392K
  class space    used 5482K, capacity 5614K, committed 5632K, reserved 1048576K
}
Event: 13.630 GC heap after
{Heap after GC invocations=24 (full 0):
 garbage-first heap   total 131072K, used 51624K [0x0000000700000000, 0x0000000800000000)
  region size 1024K, 4 young (4096K), 4 survivors (4096K)
 Metaspace       used 39158K, capacity 39559K, committed 40112K, reserved 1083392K
  class space    used 5482K, capacity 5614K, committed 5632K, reserved 1048576K
}
Event: 13.745 GC heap before
{Heap before GC invocations=24 (full 0):
 garbage-first heap   total 131072K, used 106920K [0x0000000700000000, 0x0000000800000000)
  region size 1024K, 58 young (59392K), 4 survivors (4096K)
 Metaspace       used 39170K, capacity 39623K, committed 40112K, reserved 1083392K
  class space    used 5482K, capacity 5614K, committed 5632K, reserved 1048576K
}
Event: 13.746 GC heap after
{Heap after GC invocations=25 (full 0):
 garbage-first heap   total 131072K, used 51643K [0x0000000700000000, 0x0000000800000000)
  region size 1024K, 4 young (4096K), 4 survivors (4096K)
 Metaspace       used 39170K, capacity 39623K, committed 40112K, reserved 1083392K
  class space    used 5482K, capacity 5614K, committed 5632K, reserved 1048576K
}

Deoptimization events (20 events):
Event: 13.680 Thread 0x00007f8f6201a000 DEOPT PACKING pc=0x000000011951cee3 sp=0x000000030db86de0
Event: 13.680 Thread 0x00007f8f6201a000 DEOPT UNPACKING pc=0x000000011888a9ab sp=0x000000030db86298 mode 0
Event: 13.689 Thread 0x00007f8f6201a000 DEOPT PACKING pc=0x000000011951cee3 sp=0x000000030db86de0
Event: 13.689 Thread 0x00007f8f6201a000 DEOPT UNPACKING pc=0x000000011888a9ab sp=0x000000030db86298 mode 0
Event: 13.699 Thread 0x00007f8f6201a000 DEOPT PACKING pc=0x000000011951cee3 sp=0x000000030db86de0
Event: 13.699 Thread 0x00007f8f6201a000 DEOPT UNPACKING pc=0x000000011888a9ab sp=0x000000030db86298 mode 0
Event: 13.707 Thread 0x00007f8f6201a000 DEOPT PACKING pc=0x000000011951cee3 sp=0x000000030db86de0
Event: 13.707 Thread 0x00007f8f6201a000 DEOPT UNPACKING pc=0x000000011888a9ab sp=0x000000030db86298 mode 0
Event: 13.716 Thread 0x00007f8f6201a000 DEOPT PACKING pc=0x000000011951cee3 sp=0x000000030db86de0
Event: 13.716 Thread 0x00007f8f6201a000 DEOPT UNPACKING pc=0x000000011888a9ab sp=0x000000030db86298 mode 0
Event: 13.729 Thread 0x00007f8f6201a000 DEOPT PACKING pc=0x000000011951cee3 sp=0x000000030db86d80
Event: 13.729 Thread 0x00007f8f6201a000 DEOPT UNPACKING pc=0x000000011888a9ab sp=0x000000030db86238 mode 0
Event: 13.755 Thread 0x00007f8f6201a000 Uncommon trap: trap_request=0xfffffff4 fr.pc=0x0000000120532240 relative=0x0000000000002080
Event: 13.755 Thread 0x00007f8f6201a000 Uncommon trap: reason=null_check action=make_not_entrant pc=0x0000000120532240 method=org.processmining.framework.plugin.impl.PluginManagerImpl.isParameterAssignable(Ljava/lang/Class;Ljava/lang/Class;)Z @ 2 c2
Event: 13.755 Thread 0x00007f8f6201a000 DEOPT PACKING pc=0x0000000120532240 sp=0x000000030db86e10
Event: 13.755 Thread 0x00007f8f6201a000 DEOPT UNPACKING pc=0x000000011888a59f sp=0x000000030db86d50 mode 2
Event: 13.755 Thread 0x00007f8f6201a000 Uncommon trap: trap_request=0xfffffff4 fr.pc=0x00000001205367a0 relative=0x0000000000000100
Event: 13.755 Thread 0x00007f8f6201a000 Uncommon trap: reason=null_check action=make_not_entrant pc=0x00000001205367a0 method=org.processmining.framework.plugin.impl.PluginManagerImpl.isParameterAssignable(Ljava/lang/Class;Ljava/lang/Class;)Z @ 2 c2
Event: 13.755 Thread 0x00007f8f6201a000 DEOPT PACKING pc=0x00000001205367a0 sp=0x000000030db86d70
Event: 13.755 Thread 0x00007f8f6201a000 DEOPT UNPACKING pc=0x000000011888a59f sp=0x000000030db86d38 mode 2

Classes redefined (0 events):
No events

Internal exceptions (20 events):
Event: 3.244 Thread 0x00007f8f51124800 Exception <a 'java/security/PrivilegedActionException'{0x0000000707381ed8}> (0x0000000707381ed8) thrown at [./src/hotspot/share/prims/jvm.cpp, line 1306]
Event: 3.244 Thread 0x00007f8f51124800 Exception <a 'java/security/PrivilegedActionException'{0x0000000707382958}> (0x0000000707382958) thrown at [./src/hotspot/share/prims/jvm.cpp, line 1306]
Event: 3.244 Thread 0x00007f8f51124800 Exception <a 'java/security/PrivilegedActionException'{0x0000000707382c28}> (0x0000000707382c28) thrown at [./src/hotspot/share/prims/jvm.cpp, line 1306]
Event: 3.244 Thread 0x00007f8f51124800 Exception <a 'java/security/PrivilegedActionException'{0x00000007073836b8}> (0x00000007073836b8) thrown at [./src/hotspot/share/prims/jvm.cpp, line 1306]
Event: 3.244 Thread 0x00007f8f51124800 Exception <a 'java/security/PrivilegedActionException'{0x0000000707383988}> (0x0000000707383988) thrown at [./src/hotspot/share/prims/jvm.cpp, line 1306]
Event: 3.244 Thread 0x00007f8f51124800 Exception <a 'java/security/PrivilegedActionException'{0x0000000707384408}> (0x0000000707384408) thrown at [./src/hotspot/share/prims/jvm.cpp, line 1306]
Event: 3.244 Thread 0x00007f8f51124800 Exception <a 'java/security/PrivilegedActionException'{0x00000007073846d8}> (0x00000007073846d8) thrown at [./src/hotspot/share/prims/jvm.cpp, line 1306]
Event: 3.245 Thread 0x00007f8f51124800 Exception <a 'java/security/PrivilegedActionException'{0x000000070739b538}> (0x000000070739b538) thrown at [./src/hotspot/share/prims/jvm.cpp, line 1306]
Event: 3.245 Thread 0x00007f8f51124800 Exception <a 'java/security/PrivilegedActionException'{0x000000070739b808}> (0x000000070739b808) thrown at [./src/hotspot/share/prims/jvm.cpp, line 1306]
Event: 3.513 Thread 0x00007f8f51120800 Exception <a 'java/lang/ClassNotFoundException'{0x0000000705eab940}: sun/awt/resources/spi/awtProvider> (0x0000000705eab940) thrown at [./src/hotspot/share/classfile/systemDictionary.cpp, line 231]
Event: 3.532 Thread 0x00007f8f51120800 Exception <a 'java/io/FileNotFoundException'{0x0000000705ef6510}> (0x0000000705ef6510) thrown at [./src/hotspot/share/prims/jni.cpp, line 615]
Event: 3.532 Thread 0x00007f8f51120800 Exception <a 'java/io/FileNotFoundException'{0x0000000705efa288}> (0x0000000705efa288) thrown at [./src/hotspot/share/prims/jni.cpp, line 615]
Event: 3.639 Thread 0x00007f8f51120800 Exception <a 'java/lang/ClassNotFoundException'{0x0000000707f25fe8}: sun/awt/resources/spi/awtosxProvider> (0x0000000707f25fe8) thrown at [./src/hotspot/share/classfile/systemDictionary.cpp, line 231]
Event: 3.667 Thread 0x00007f8f51120800 Exception <a 'java/lang/NoSuchMethodError'{0x0000000707f4e5c8}: 'java.lang.Object java.lang.invoke.DirectMethodHandle$Holder.invokeStatic(java.lang.Object, java.lang.Object, java.lang.Object, java.lang.Object, java.lang.Object, java.lang.Object, java.lang.Object, java.lang.Object, int)'> (0x0000000707f4e5c8) thrown at [./src/hotspot/share/interpreter/linkResolver.cpp, line 773]
Event: 3.672 Thread 0x00007f8f51120800 Exception <a 'java/lang/NoSuchMethodError'{0x0000000707f9b590}: 'java.lang.Object java.lang.invoke.DirectMethodHandle$Holder.invokeStatic(java.lang.Object, java.lang.Object, java.lang.Object, java.lang.Object, java.lang.Object, java.lang.Object, java.lang.Object, java.lang.Object, int, int)'> (0x0000000707f9b590) thrown at [./src/hotspot/share/interpreter/linkResolver.cpp, line 773]
Event: 6.925 Thread 0x00007f8f33e18000 Exception <a 'java/security/PrivilegedActionException'{0x00000007050ef278}> (0x00000007050ef278) thrown at [./src/hotspot/share/prims/jvm.cpp, line 1306]
Event: 6.925 Thread 0x00007f8f33e18000 Exception <a 'java/security/PrivilegedActionException'{0x00000007050ef548}> (0x00000007050ef548) thrown at [./src/hotspot/share/prims/jvm.cpp, line 1306]
Event: 8.855 Thread 0x00007f8f33e18000 Exception <a 'java/security/PrivilegedActionException'{0x00000007043b55b0}> (0x00000007043b55b0) thrown at [./src/hotspot/share/prims/jvm.cpp, line 1306]
Event: 8.855 Thread 0x00007f8f33e18000 Exception <a 'java/security/PrivilegedActionException'{0x00000007043b5880}> (0x00000007043b5880) thrown at [./src/hotspot/share/prims/jvm.cpp, line 1306]
Event: 12.966 Thread 0x00007f8f6201a000 Implicit null exception at 0x000000012045f089 to 0x000000012045f7b4

Events (20 events):
Event: 13.530 Executing VM operation: RevokeBias
Event: 13.531 Executing VM operation: RevokeBias done
Event: 13.531 Executing VM operation: RevokeBias
Event: 13.531 Executing VM operation: RevokeBias done
Event: 13.531 Executing VM operation: RevokeBias
Event: 13.532 Executing VM operation: RevokeBias done
Event: 13.532 Executing VM operation: RevokeBias
Event: 13.533 Executing VM operation: RevokeBias done
Event: 13.533 Executing VM operation: RevokeBias
Event: 13.533 Executing VM operation: RevokeBias done
Event: 13.534 Executing VM operation: RevokeBias
Event: 13.534 Executing VM operation: RevokeBias done
Event: 13.534 Executing VM operation: RevokeBias
Event: 13.534 Executing VM operation: RevokeBias done
Event: 13.535 Executing VM operation: BulkRevokeBias
Event: 13.535 Executing VM operation: BulkRevokeBias done
Event: 13.626 Executing VM operation: G1CollectForAllocation
Event: 13.630 Executing VM operation: G1CollectForAllocation done
Event: 13.745 Executing VM operation: G1CollectForAllocation
Event: 13.746 Executing VM operation: G1CollectForAllocation done


Dynamic libraries:
0x000000010d11e000 	/Library/Java/JavaVirtualMachines/adoptopenjdk-11.jdk/Contents/Home/lib/jli/libjli.dylib
0x00007ff834390000 	/System/Library/Frameworks/Cocoa.framework/Versions/A/Cocoa
0x00007ff81fa7c000 	/System/Library/Frameworks/AppKit.framework/Versions/C/AppKit
0x00007ff822fed000 	/System/Library/Frameworks/CoreData.framework/Versions/A/CoreData
0x00007ff81de80000 	/System/Library/Frameworks/Foundation.framework/Versions/C/Foundation
0x00007ff828267000 	/usr/lib/libSystem.B.dylib
0x00007ff82090b000 	/System/Library/PrivateFrameworks/UIFoundation.framework/Versions/A/UIFoundation
0x00007ff82e294000 	/System/Library/PrivateFrameworks/RemoteViewServices.framework/Versions/A/RemoteViewServices
0x00007ff826533000 	/System/Library/PrivateFrameworks/XCTTargetBootstrap.framework/Versions/A/XCTTargetBootstrap
0x00007ff82a12c000 	/System/Library/PrivateFrameworks/InternationalSupport.framework/Versions/A/InternationalSupport
0x00007ff82a1b6000 	/System/Library/PrivateFrameworks/UserActivity.framework/Versions/A/UserActivity
0x00007ff829510000 	/usr/lib/libspindump.dylib
0x00007ff820b99000 	/System/Library/Frameworks/UniformTypeIdentifiers.framework/Versions/A/UniformTypeIdentifiers
0x00007ff824c5b000 	/usr/lib/libapp_launch_measurement.dylib
0x00007ff8239ce000 	/System/Library/PrivateFrameworks/CoreAnalytics.framework/Versions/A/CoreAnalytics
0x00007ff824c5e000 	/System/Library/PrivateFrameworks/CoreAutoLayout.framework/Versions/A/CoreAutoLayout
0x00007ff825e8d000 	/System/Library/Frameworks/Metal.framework/Versions/A/Metal
0x00007ff826bb9000 	/usr/lib/liblangid.dylib
0x00007ff826538000 	/System/Library/PrivateFrameworks/CoreSVG.framework/Versions/A/CoreSVG
0x00007ff821f84000 	/System/Library/PrivateFrameworks/SkyLight.framework/Versions/A/SkyLight
0x00007ff822322000 	/System/Library/Frameworks/CoreGraphics.framework/Versions/A/CoreGraphics
0x00007ff82e954000 	/System/Library/Frameworks/Accelerate.framework/Versions/A/Accelerate
0x00007ff828f8f000 	/System/Library/PrivateFrameworks/IconServices.framework/Versions/A/IconServices
0x00007ff825e72000 	/System/Library/Frameworks/IOSurface.framework/Versions/A/IOSurface
0x00007ff8239fc000 	/usr/lib/libDiagnosticMessagesClient.dylib
0x00007ff828181000 	/usr/lib/libz.1.dylib
0x00007ff832034000 	/System/Library/Frameworks/ApplicationServices.framework/Versions/A/ApplicationServices
0x00007ff82651f000 	/System/Library/PrivateFrameworks/DFRFoundation.framework/Versions/A/DFRFoundation
0x00007ff81f364000 	/usr/lib/libicucore.A.dylib
0x00007ff82af21000 	/System/Library/Frameworks/AudioToolbox.framework/Versions/A/AudioToolbox
0x00007ff82a138000 	/System/Library/PrivateFrameworks/DataDetectorsCore.framework/Versions/A/DataDetectorsCore
0x00007ff926230000 	/System/Library/PrivateFrameworks/TextInput.framework/Versions/A/TextInput
0x00007ff821f07000 	/usr/lib/libMobileGestalt.dylib
0x00007ff82622b000 	/System/Library/Frameworks/Carbon.framework/Versions/A/Frameworks/HIToolbox.framework/Versions/A/HIToolbox
0x00007ff824661000 	/System/Library/Frameworks/QuartzCore.framework/Versions/A/QuartzCore
0x00007ff81f009000 	/System/Library/Frameworks/Security.framework/Versions/A/Security
0x00007ff82e2cc000 	/System/Library/Frameworks/Carbon.framework/Versions/A/Frameworks/SpeechRecognition.framework/Versions/A/SpeechRecognition
0x00007ff8249bb000 	/System/Library/PrivateFrameworks/CoreUI.framework/Versions/A/CoreUI
0x00007ff81e8d4000 	/System/Library/Frameworks/CoreAudio.framework/Versions/A/CoreAudio
0x00007ff823aeb000 	/System/Library/Frameworks/DiskArbitration.framework/Versions/A/DiskArbitration
0x00007ff8298fc000 	/System/Library/PrivateFrameworks/MultitouchSupport.framework/Versions/A/MultitouchSupport
0x00007ff821f06000 	/usr/lib/libenergytrace.dylib
0x00007ff81f968000 	/System/Library/Frameworks/IOKit.framework/Versions/A/IOKit
0x00007ff82e6bc000 	/System/Library/Frameworks/CoreServices.framework/Versions/A/CoreServices
0x00007ff824bf5000 	/System/Library/PrivateFrameworks/PerformanceAnalysis.framework/Versions/A/PerformanceAnalysis
0x00007ffa35e61000 	/System/Library/Frameworks/OpenGL.framework/Versions/A/OpenGL
0x00007ff82779d000 	/System/Library/PrivateFrameworks/MobileKeyBag.framework/Versions/A/MobileKeyBag
0x00007ff81cf0e000 	/usr/lib/libobjc.A.dylib
0x00007ff822a4c000 	/System/Library/Frameworks/ColorSync.framework/Versions/A/ColorSync
0x00007ff81d0c8000 	/System/Library/Frameworks/CoreFoundation.framework/Versions/A/CoreFoundation
0x00007ff8267af000 	/System/Library/Frameworks/CoreImage.framework/Versions/A/CoreImage
0x00007ff81e6e8000 	/System/Library/Frameworks/CoreText.framework/Versions/A/CoreText
0x00007ff826568000 	/System/Library/Frameworks/ImageIO.framework/Versions/A/ImageIO
0x00007ff82826d000 	/System/Library/PrivateFrameworks/SoftLinking.framework/Versions/A/SoftLinking
0x00007ff824ca6000 	/usr/lib/libxml2.2.dylib
0x00007ff81cfd4000 	/usr/lib/libc++.1.dylib
0x00007ff8284ee000 	/usr/lib/libcompression.dylib
0x00007ff82a05f000 	/System/Library/PrivateFrameworks/TextureIO.framework/Versions/A/TextureIO
0x00007ff828c08000 	/usr/lib/libate.dylib
0x00007ff828262000 	/usr/lib/system/libcache.dylib
0x00007ff82821e000 	/usr/lib/system/libcommonCrypto.dylib
0x00007ff828247000 	/usr/lib/system/libcompiler_rt.dylib
0x00007ff82823d000 	/usr/lib/system/libcopyfile.dylib
0x00007ff81ce09000 	/usr/lib/system/libcorecrypto.dylib
0x00007ff81cec7000 	/usr/lib/system/libdispatch.dylib
0x00007ff81d087000 	/usr/lib/system/libdyld.dylib
0x00007ff828259000 	/usr/lib/system/libkeymgr.dylib
0x00007ff8281fc000 	/usr/lib/system/libmacho.dylib
0x00007ff827877000 	/usr/lib/system/libquarantine.dylib
0x00007ff828257000 	/usr/lib/system/libremovefile.dylib
0x00007ff821f54000 	/usr/lib/system/libsystem_asl.dylib
0x00007ff81cdb2000 	/usr/lib/system/libsystem_blocks.dylib
0x00007ff81cf4b000 	/usr/lib/system/libsystem_c.dylib
0x00007ff82824f000 	/usr/lib/system/libsystem_collections.dylib
0x00007ff826ba9000 	/usr/lib/system/libsystem_configuration.dylib
0x00007ff825e55000 	/usr/lib/system/libsystem_containermanager.dylib
0x00007ff827f2e000 	/usr/lib/system/libsystem_coreservices.dylib
0x00007ff81f5f8000 	/usr/lib/system/libsystem_darwin.dylib
0x00007ff82825a000 	/usr/lib/system/libsystem_dnssd.dylib
0x00007ff81cf48000 	/usr/lib/system/libsystem_featureflags.dylib
0x00007ff81d09d000 	/usr/lib/system/libsystem_info.dylib
0x00007ff828194000 	/usr/lib/system/libsystem_m.dylib
0x00007ff81ce9b000 	/usr/lib/system/libsystem_malloc.dylib
0x00007ff821eef000 	/usr/lib/system/libsystem_networkextension.dylib
0x00007ff81fa1e000 	/usr/lib/system/libsystem_notify.dylib
0x00007ff82e591000 	/usr/lib/system/libsystem_product_info_filter.dylib
0x00007ff826bad000 	/usr/lib/system/libsystem_sandbox.dylib
0x00007ff828254000 	/usr/lib/system/libsystem_secinit.dylib
0x00007ff81d043000 	/usr/lib/system/libsystem_kernel.dylib
0x00007ff81d093000 	/usr/lib/system/libsystem_platform.dylib
0x00007ff81d07b000 	/usr/lib/system/libsystem_pthread.dylib
0x00007ff82380e000 	/usr/lib/system/libsystem_symptoms.dylib
0x00007ff81cdf0000 	/usr/lib/system/libsystem_trace.dylib
0x00007ff82822a000 	/usr/lib/system/libunwind.dylib
0x00007ff81cdb4000 	/usr/lib/system/libxpc.dylib
0x00007ff81d02d000 	/usr/lib/libc++abi.dylib
0x00007ff828235000 	/usr/lib/liboah.dylib
0x00007ff8289c6000 	/usr/lib/liblzma.5.dylib
0x00007ff81db8f000 	/System/Library/Frameworks/SystemConfiguration.framework/Versions/A/SystemConfiguration
0x00007ff828269000 	/usr/lib/libfakelink.dylib
0x00007ff821a60000 	/System/Library/Frameworks/CFNetwork.framework/Versions/A/CFNetwork
0x00007ff8283aa000 	/usr/lib/libarchive.2.dylib
0x00007ff826bb5000 	/System/Library/PrivateFrameworks/AppleSystemInfo.framework/Versions/A/AppleSystemInfo
0x00007ff82789e000 	/usr/lib/libbsm.0.dylib
0x00007ff82106f000 	/usr/lib/libnetwork.dylib
0x00007ff828202000 	/usr/lib/system/libkxld.dylib
0x00007ff8274d1000 	/System/Library/PrivateFrameworks/IOMobileFramebuffer.framework/Versions/A/IOMobileFramebuffer
0x00007ffb35225000 	/usr/lib/libCoreEntitlements.dylib
0x00007ff827f10000 	/System/Library/PrivateFrameworks/AppleFSCompression.framework/Versions/A/AppleFSCompression
0x00007ff827886000 	/usr/lib/libcoretls.dylib
0x00007ff8289e0000 	/usr/lib/libcoretls_cfhelpers.dylib
0x00007ff8284e9000 	/usr/lib/libpam.2.dylib
0x00007ff823431000 	/usr/lib/libsqlite3.dylib
0x00007ff828a4f000 	/usr/lib/libxar.1.dylib
0x00007ff827f20000 	/usr/lib/libbz2.1.0.dylib
0x00007ff82826e000 	/usr/lib/libpcap.A.dylib
0x00007ff823806000 	/usr/lib/libdns_services.dylib
0x00007ff8284bc000 	/usr/lib/libapple_nghttp2.dylib
0x00007ff8282a8000 	/usr/lib/libiconv.2.dylib
0x00007ff8281fb000 	/usr/lib/libcharset.1.dylib
0x00007ff824c29000 	/System/Library/Frameworks/CoreServices.framework/Versions/A/Frameworks/FSEvents.framework/Versions/A/FSEvents
0x00007ff81f602000 	/System/Library/Frameworks/CoreServices.framework/Versions/A/Frameworks/CarbonCore.framework/Versions/A/CarbonCore
0x00007ff823a4f000 	/System/Library/Frameworks/CoreServices.framework/Versions/A/Frameworks/Metadata.framework/Versions/A/Metadata
0x00007ff827f33000 	/System/Library/Frameworks/CoreServices.framework/Versions/A/Frameworks/OSServices.framework/Versions/A/OSServices
0x00007ff828431000 	/System/Library/Frameworks/CoreServices.framework/Versions/A/Frameworks/SearchKit.framework/Versions/A/SearchKit
0x00007ff823799000 	/System/Library/Frameworks/CoreServices.framework/Versions/A/Frameworks/AE.framework/Versions/A/AE
0x00007ff81d5c9000 	/System/Library/Frameworks/CoreServices.framework/Versions/A/Frameworks/LaunchServices.framework/Versions/A/LaunchServices
0x00007ff828977000 	/System/Library/Frameworks/CoreServices.framework/Versions/A/Frameworks/DictionaryServices.framework/Versions/A/DictionaryServices
0x00007ff824c36000 	/System/Library/Frameworks/CoreServices.framework/Versions/A/Frameworks/SharedFileList.framework/Versions/A/SharedFileList
0x00007ff82787a000 	/usr/lib/libCheckFix.dylib
0x00007ff821f6b000 	/System/Library/PrivateFrameworks/TCC.framework/Versions/A/TCC
0x00007ff826bbb000 	/System/Library/PrivateFrameworks/CoreNLP.framework/Versions/A/CoreNLP
0x00007ff8239ff000 	/System/Library/PrivateFrameworks/MetadataUtilities.framework/Versions/A/MetadataUtilities
0x00007ff81dc43000 	/usr/lib/libmecabra.dylib
0x00007ff8278ae000 	/usr/lib/libmecab.dylib
0x00007ff81dc0e000 	/usr/lib/libCRFSuite.dylib
0x00007ff827908000 	/usr/lib/libgermantok.dylib
0x00007ff828497000 	/usr/lib/libThaiTokenizer.dylib
0x00007ff823af2000 	/System/Library/Frameworks/Accelerate.framework/Versions/A/Frameworks/vImage.framework/Versions/A/vImage
0x00007ff82e693000 	/System/Library/Frameworks/Accelerate.framework/Versions/A/Frameworks/vecLib.framework/Versions/A/vecLib
0x00007ff828a90000 	/System/Library/Frameworks/Accelerate.framework/Versions/A/Frameworks/vecLib.framework/Versions/A/libvMisc.dylib
0x00007ff8272d0000 	/System/Library/Frameworks/Accelerate.framework/Versions/A/Frameworks/vecLib.framework/Versions/A/libvDSP.dylib
0x00007ff81d947000 	/System/Library/Frameworks/Accelerate.framework/Versions/A/Frameworks/vecLib.framework/Versions/A/libBLAS.dylib
0x00007ff8285cc000 	/System/Library/Frameworks/Accelerate.framework/Versions/A/Frameworks/vecLib.framework/Versions/A/libLAPACK.dylib
0x00007ff82790b000 	/System/Library/Frameworks/Accelerate.framework/Versions/A/Frameworks/vecLib.framework/Versions/A/libLinearAlgebra.dylib
0x00007ff8284d4000 	/System/Library/Frameworks/Accelerate.framework/Versions/A/Frameworks/vecLib.framework/Versions/A/libSparseBLAS.dylib
0x00007ff8285c6000 	/System/Library/Frameworks/Accelerate.framework/Versions/A/Frameworks/vecLib.framework/Versions/A/libQuadrature.dylib
0x00007ff826ca6000 	/System/Library/Frameworks/Accelerate.framework/Versions/A/Frameworks/vecLib.framework/Versions/A/libBNNS.dylib
0x00007ff81db19000 	/System/Library/Frameworks/Accelerate.framework/Versions/A/Frameworks/vecLib.framework/Versions/A/libSparse.dylib
0x00007ff826c9f000 	/System/Library/PrivateFrameworks/LinguisticData.framework/Versions/A/LinguisticData
0x00007ff81dacf000 	/System/Library/PrivateFrameworks/Lexicon.framework/Versions/A/Lexicon
0x00007ff828a89000 	/usr/lib/libChineseTokenizer.dylib
0x00007ff81e23d000 	/System/Library/PrivateFrameworks/LanguageModeling.framework/Versions/A/LanguageModeling
0x00007ff828499000 	/System/Library/PrivateFrameworks/AppleSauce.framework/Versions/A/AppleSauce
0x00007ff8274bf000 	/System/Library/PrivateFrameworks/CoreEmoji.framework/Versions/A/CoreEmoji
0x00007ff828399000 	/usr/lib/libcmph.dylib
0x00007ff824c0d000 	/System/Library/Frameworks/OpenDirectory.framework/Versions/A/Frameworks/CFOpenDirectory.framework/Versions/A/CFOpenDirectory
0x00007ff824c01000 	/System/Library/Frameworks/OpenDirectory.framework/Versions/A/OpenDirectory
0x00007ff8289e2000 	/System/Library/PrivateFrameworks/APFS.framework/Versions/A/APFS
0x00007ff8277d5000 	/System/Library/Frameworks/SecurityFoundation.framework/Versions/A/SecurityFoundation
0x00007ff828a5d000 	/usr/lib/libutil.dylib
0x00007ff81f92c000 	/System/Library/PrivateFrameworks/CoreServicesStore.framework/Versions/A/CoreServicesStore
0x00007ff828a61000 	/usr/lib/libxslt.1.dylib
0x00007ff827862000 	/System/Library/PrivateFrameworks/BackgroundTaskManagement.framework/Versions/A/BackgroundTaskManagement
0x00007ff829f80000 	/System/Library/Frameworks/ImageIO.framework/Versions/A/Resources/libRadiance.dylib
0x00007ff829f89000 	/System/Library/Frameworks/ImageIO.framework/Versions/A/Resources/libJPEG.dylib
0x00007ff829edb000 	/System/Library/Frameworks/ImageIO.framework/Versions/A/Resources/libPng.dylib
0x00007ff829efc000 	/System/Library/Frameworks/ImageIO.framework/Versions/A/Resources/libTIFF.dylib
0x00007ff829fe8000 	/System/Library/Frameworks/ImageIO.framework/Versions/A/Resources/libGIF.dylib
0x00007ff829818000 	/System/Library/Frameworks/ImageIO.framework/Versions/A/Resources/libJP2.dylib
0x00007ff828f56000 	/usr/lib/libexpat.1.dylib
0x00007ff8297cd000 	/System/Library/PrivateFrameworks/AppleJPEG.framework/Versions/A/AppleJPEG
0x00007ff8260ef000 	/System/Library/PrivateFrameworks/FontServices.framework/libFontParser.dylib
0x00007ff823743000 	/System/Library/PrivateFrameworks/RunningBoardServices.framework/Versions/A/RunningBoardServices
0x00007ff83494b000 	/System/Library/PrivateFrameworks/IOSurfaceAccelerator.framework/Versions/A/IOSurfaceAccelerator
0x00007ff8298f8000 	/System/Library/PrivateFrameworks/WatchdogClient.framework/Versions/A/WatchdogClient
0x00007ff81e32b000 	/System/Library/Frameworks/CoreDisplay.framework/Versions/A/CoreDisplay
0x00007ff825fed000 	/System/Library/Frameworks/CoreMedia.framework/Versions/A/CoreMedia
0x00007ff825e84000 	/System/Library/PrivateFrameworks/IOAccelerator.framework/Versions/A/IOAccelerator
0x00007ff824d8a000 	/System/Library/Frameworks/CoreVideo.framework/Versions/A/CoreVideo
0x00007ff8284e7000 	/System/Library/Frameworks/MetalPerformanceShaders.framework/Versions/A/MetalPerformanceShaders
0x00007ff829935000 	/System/Library/Frameworks/VideoToolbox.framework/Versions/A/VideoToolbox
0x00007ff82368d000 	/System/Library/PrivateFrameworks/BaseBoard.framework/Versions/A/BaseBoard
0x00007ff823417000 	/System/Library/PrivateFrameworks/ProtocolBuffer.framework/Versions/A/ProtocolBuffer
0x00007ff829f79000 	/System/Library/PrivateFrameworks/GPUWrangler.framework/Versions/A/GPUWrangler
0x00007ff829f5d000 	/System/Library/PrivateFrameworks/IOPresentment.framework/Versions/A/IOPresentment
0x00007ff829f83000 	/System/Library/PrivateFrameworks/DSExternalDisplay.framework/Versions/A/DSExternalDisplay
0x00007ffa35e55000 	/System/Library/Frameworks/OpenGL.framework/Versions/A/Libraries/libCoreFSCache.dylib
0x00007ffb22949000 	/System/Library/PrivateFrameworks/GPUCompiler.framework/Versions/31001/Libraries/libGPUCompilerUtils.dylib
0x00007ff829fed000 	/System/Library/PrivateFrameworks/CMCaptureCore.framework/Versions/A/CMCaptureCore
0x00007ff8294fe000 	/System/Library/PrivateFrameworks/AppServerSupport.framework/Versions/A/AppServerSupport
0x00007ff82b7b9000 	/System/Library/PrivateFrameworks/perfdata.framework/Versions/A/perfdata
0x00007ff81e457000 	/System/Library/PrivateFrameworks/AudioToolboxCore.framework/Versions/A/AudioToolboxCore
0x00007ff825fcb000 	/System/Library/PrivateFrameworks/caulk.framework/Versions/A/caulk
0x00007ff82b0cb000 	/usr/lib/libAudioStatistics.dylib
0x00007ff9229d3000 	/System/Library/PrivateFrameworks/SystemPolicy.framework/Versions/A/SystemPolicy
0x00007ff82b326000 	/usr/lib/libSMC.dylib
0x00007ff834243000 	/System/Library/Frameworks/CoreMIDI.framework/Versions/A/CoreMIDI
0x00007ff829eaa000 	/usr/lib/libAudioToolboxUtility.dylib
0x00007ff91ec08000 	/System/Library/PrivateFrameworks/OSAServicesClient.framework/Versions/A/OSAServicesClient
0x00007ff82b7c6000 	/usr/lib/libperfcheck.dylib
0x00007ff92347d000 	/usr/lib/libmis.dylib
0x00007ffa35eb0000 	/System/Library/Frameworks/OpenGL.framework/Versions/A/Libraries/libGLU.dylib
0x00007ffa35e74000 	/System/Library/Frameworks/OpenGL.framework/Versions/A/Libraries/libGFXShared.dylib
0x00007ffa3607d000 	/System/Library/Frameworks/OpenGL.framework/Versions/A/Libraries/libGL.dylib
0x00007ffa35e7d000 	/System/Library/Frameworks/OpenGL.framework/Versions/A/Libraries/libGLImage.dylib
0x00007ffa35e71000 	/System/Library/Frameworks/OpenGL.framework/Versions/A/Libraries/libCVMSPluginSupport.dylib
0x00007ffa35e5c000 	/System/Library/Frameworks/OpenGL.framework/Versions/A/Libraries/libCoreVMClient.dylib
0x00007ff826b37000 	/System/Library/Frameworks/MetalPerformanceShaders.framework/Versions/A/Frameworks/MPSCore.framework/Versions/A/MPSCore
0x00007ff827e7b000 	/System/Library/Frameworks/MetalPerformanceShaders.framework/Versions/A/Frameworks/MPSImage.framework/Versions/A/MPSImage
0x00007ff827921000 	/System/Library/Frameworks/MetalPerformanceShaders.framework/Versions/A/Frameworks/MPSNeuralNetwork.framework/Versions/A/MPSNeuralNetwork
0x00007ff827d95000 	/System/Library/Frameworks/MetalPerformanceShaders.framework/Versions/A/Frameworks/MPSMatrix.framework/Versions/A/MPSMatrix
0x00007ff827b50000 	/System/Library/Frameworks/MetalPerformanceShaders.framework/Versions/A/Frameworks/MPSRayIntersector.framework/Versions/A/MPSRayIntersector
0x00007ff827dcd000 	/System/Library/Frameworks/MetalPerformanceShaders.framework/Versions/A/Frameworks/MPSNDArray.framework/Versions/A/MPSNDArray
0x00007ffa3b077000 	/System/Library/Frameworks/MetalPerformanceShaders.framework/Versions/A/Frameworks/MPSFunctions.framework/Versions/A/MPSFunctions
0x00007ff81d820000 	/System/Library/PrivateFrameworks/MetalTools.framework/Versions/A/MetalTools
0x00007ff826bb3000 	/System/Library/PrivateFrameworks/AggregateDictionary.framework/Versions/A/AggregateDictionary
0x00007ff828d38000 	/usr/lib/libIOReport.dylib
0x00007ffa3748c000 	/System/Library/Frameworks/OpenCL.framework/Versions/A/OpenCL
0x00007ff82909c000 	/System/Library/PrivateFrameworks/FaceCore.framework/Versions/A/FaceCore
0x00007ff82908d000 	/System/Library/PrivateFrameworks/GraphVisualizer.framework/Versions/A/GraphVisualizer
0x00007ffb22854000 	/System/Library/PrivateFrameworks/FontServices.framework/Versions/A/FontServices
0x00007ff8294b6000 	/System/Library/PrivateFrameworks/OTSVG.framework/Versions/A/OTSVG
0x00007ff824971000 	/System/Library/Frameworks/ApplicationServices.framework/Versions/A/Frameworks/ATS.framework/Versions/A/Resources/libFontRegistry.dylib
0x00007ff829506000 	/System/Library/PrivateFrameworks/FontServices.framework/libhvf.dylib
0x00007ffb22855000 	/System/Library/PrivateFrameworks/FontServices.framework/libXTFontStaticRegistryData.dylib
0x00007ff828f06000 	/System/Library/PrivateFrameworks/AppleVA.framework/Versions/A/AppleVA
0x00007ff82b0eb000 	/System/Library/Frameworks/ApplicationServices.framework/Versions/A/Frameworks/ATS.framework/Versions/A/ATS
0x00007ff822b4a000 	/System/Library/Frameworks/ApplicationServices.framework/Versions/A/Frameworks/HIServices.framework/Versions/A/HIServices
0x00007ff829ff7000 	/System/Library/Frameworks/ApplicationServices.framework/Versions/A/Frameworks/PrintCore.framework/Versions/A/PrintCore
0x00007ff82b479000 	/System/Library/Frameworks/ApplicationServices.framework/Versions/A/Frameworks/QD.framework/Versions/A/QD
0x00007ff82b471000 	/System/Library/Frameworks/ApplicationServices.framework/Versions/A/Frameworks/ColorSyncLegacy.framework/Versions/A/ColorSyncLegacy
0x00007ff82b0db000 	/System/Library/Frameworks/ApplicationServices.framework/Versions/A/Frameworks/SpeechSynthesis.framework/Versions/A/SpeechSynthesis
0x00007ff829fb8000 	/System/Library/Frameworks/ApplicationServices.framework/Versions/A/Frameworks/ATSUI.framework/Versions/A/ATSUI
0x00007ff82b406000 	/usr/lib/libcups.2.dylib
0x00007ff82b7d5000 	/System/Library/Frameworks/Kerberos.framework/Versions/A/Kerberos
0x00007ff82b7e4000 	/System/Library/Frameworks/GSS.framework/Versions/A/GSS
0x00007ff82b157000 	/usr/lib/libresolv.9.dylib
0x00007ff829515000 	/System/Library/PrivateFrameworks/Heimdal.framework/Versions/A/Heimdal
0x00007ff8323c6000 	/System/Library/Frameworks/Kerberos.framework/Versions/A/Libraries/libHeimdalProxy.dylib
0x00007ff823816000 	/System/Library/Frameworks/Network.framework/Versions/A/Network
0x00007ff828f70000 	/usr/lib/libheimdal-asn1.dylib
0x00007ff82b82f000 	/System/Library/PrivateFrameworks/CommonAuth.framework/Versions/A/CommonAuth
0x00007ff82b05d000 	/System/Library/PrivateFrameworks/AudioSession.framework/Versions/A/AudioSession
0x00007ff829000000 	/System/Library/PrivateFrameworks/MediaExperience.framework/Versions/A/MediaExperience
0x00007ff82aef0000 	/System/Library/PrivateFrameworks/AudioSession.framework/libSessionUtility.dylib
0x00007ff82b485000 	/System/Library/PrivateFrameworks/AudioResourceArbitration.framework/Versions/A/AudioResourceArbitration
0x00007ff82f506000 	/System/Library/PrivateFrameworks/PowerLog.framework/Versions/A/PowerLog
0x00007ff828f79000 	/System/Library/PrivateFrameworks/IconFoundation.framework/Versions/A/IconFoundation
0x00007ff82e2bc000 	/System/Library/PrivateFrameworks/SpeechRecognitionCore.framework/Versions/A/SpeechRecognitionCore
0x000000010df18000 	/Library/Java/JavaVirtualMachines/adoptopenjdk-11.jdk/Contents/Home/lib/server/libjvm.dylib
0x000000010d1fc000 	/Library/Java/JavaVirtualMachines/adoptopenjdk-11.jdk/Contents/Home/lib/libverify.dylib
0x000000010d221000 	/Library/Java/JavaVirtualMachines/adoptopenjdk-11.jdk/Contents/Home/lib/libjava.dylib
0x000000010d18e000 	/Library/Java/JavaVirtualMachines/adoptopenjdk-11.jdk/Contents/Home/lib/libjimage.dylib
0x000000010d2d4000 	/Library/Java/JavaVirtualMachines/adoptopenjdk-11.jdk/Contents/Home/lib/libzip.dylib
0x0000000134dd9000 	/Library/Java/JavaVirtualMachines/adoptopenjdk-11.jdk/Contents/Home/lib/libnio.dylib
0x0000000134e1f000 	/Library/Java/JavaVirtualMachines/adoptopenjdk-11.jdk/Contents/Home/lib/libnet.dylib
0x0000000134eb4000 	/Library/Java/JavaVirtualMachines/adoptopenjdk-11.jdk/Contents/Home/lib/libextnet.dylib
0x0000000134f0b000 	/Library/Java/JavaVirtualMachines/adoptopenjdk-11.jdk/Contents/Home/lib/libsunec.dylib
0x000000010dec5000 	/Library/Java/JavaVirtualMachines/adoptopenjdk-11.jdk/Contents/Home/lib/libprefs.dylib
0x00000001362ad000 	/Library/Java/JavaVirtualMachines/adoptopenjdk-11.jdk/Contents/Home/lib/libawt.dylib
0x00000001363f3000 	/Library/Java/JavaVirtualMachines/adoptopenjdk-11.jdk/Contents/Home/lib/libmlib_image.dylib
0x00007ffa3afd4000 	/System/Library/Frameworks/JavaNativeFoundation.framework/Versions/A/JavaNativeFoundation
0x00007ffa3afe0000 	/System/Library/Frameworks/JavaRuntimeSupport.framework/Versions/A/JavaRuntimeSupport
0x00007ff9224f7000 	/System/Library/Frameworks/Carbon.framework/Versions/A/Carbon
0x00007ff830780000 	/System/Library/PrivateFrameworks/CoreSymbolication.framework/Versions/A/CoreSymbolication
0x00007ff835ce2000 	/System/Library/Frameworks/Carbon.framework/Versions/A/Frameworks/CommonPanels.framework/Versions/A/CommonPanels
0x00007ff831db4000 	/System/Library/Frameworks/Carbon.framework/Versions/A/Frameworks/Help.framework/Versions/A/Help
0x00007ff835ce6000 	/System/Library/Frameworks/Carbon.framework/Versions/A/Frameworks/ImageCapture.framework/Versions/A/ImageCapture
0x00007ff835cb6000 	/System/Library/Frameworks/Carbon.framework/Versions/A/Frameworks/OpenScripting.framework/Versions/A/OpenScripting
0x00007ff835cde000 	/System/Library/Frameworks/Carbon.framework/Versions/A/Frameworks/Ink.framework/Versions/A/Ink
0x00007ff9224f3000 	/System/Library/Frameworks/Carbon.framework/Versions/A/Frameworks/Print.framework/Versions/A/Print
0x00007ff835cda000 	/System/Library/Frameworks/Carbon.framework/Versions/A/Frameworks/SecurityHI.framework/Versions/A/SecurityHI
0x00007ff830745000 	/System/Library/PrivateFrameworks/DebugSymbols.framework/Versions/A/DebugSymbols
0x0000000136588000 	/Library/Java/JavaVirtualMachines/adoptopenjdk-11.jdk/Contents/Home/lib/libawt_lwawt.dylib
0x0000000136257000 	/Library/Java/JavaVirtualMachines/adoptopenjdk-11.jdk/Contents/Home/lib/libosxapp.dylib
0x00007ff9217c9000 	/System/Library/Frameworks/ExceptionHandling.framework/Versions/A/ExceptionHandling
0x0000000136510000 	/Library/Java/JavaVirtualMachines/adoptopenjdk-11.jdk/Contents/Home/lib/libfontmanager.dylib
0x00000001369f1000 	/Library/Java/JavaVirtualMachines/adoptopenjdk-11.jdk/Contents/Home/lib/libharfbuzz.dylib
0x0000000136c07000 	/Library/Java/JavaVirtualMachines/adoptopenjdk-11.jdk/Contents/Home/lib/libfreetype.dylib
0x00007ff81f8ee000 	/System/Library/PrivateFrameworks/CoreServicesInternal.framework/Versions/A/CoreServicesInternal
0x00007ff82faf7000 	/System/Library/Frameworks/FileProvider.framework/Versions/A/FileProvider
0x00007ff8235fa000 	/System/Library/Frameworks/Accounts.framework/Versions/A/Accounts
0x00007ff82fc70000 	/System/Library/PrivateFrameworks/GenerationalStorage.framework/Versions/A/GenerationalStorage
0x00007ff82f4fb000 	/System/Library/PrivateFrameworks/SymptomDiagnosticReporter.framework/Versions/A/SymptomDiagnosticReporter
0x00007ff820bad000 	/System/Library/PrivateFrameworks/DesktopServicesPriv.framework/Versions/A/DesktopServicesPriv
0x00007ff81fa2d000 	/usr/lib/libsandbox.1.dylib
0x00007ff824e09000 	/System/Library/PrivateFrameworks/UserManagement.framework/Versions/A/UserManagement
0x00007ff82b466000 	/System/Library/PrivateFrameworks/NetAuth.framework/Versions/A/NetAuth
0x00007ff82c375000 	/System/Library/PrivateFrameworks/Sharing.framework/Versions/A/Sharing
0x00007ff824ddc000 	/System/Library/PrivateFrameworks/login.framework/Versions/A/Frameworks/loginsupport.framework/Versions/A/loginsupport
0x00007ff8318e3000 	/System/Library/PrivateFrameworks/Apple80211.framework/Versions/A/Apple80211
0x00007ff827f60000 	/System/Library/PrivateFrameworks/AuthKit.framework/Versions/A/AuthKit
0x00007ff8275b5000 	/System/Library/PrivateFrameworks/CoreUtils.framework/Versions/A/CoreUtils
0x00007ff8274dc000 	/System/Library/Frameworks/CoreWLAN.framework/Versions/A/CoreWLAN
0x00007ff82c4d4000 	/System/Library/Frameworks/IOBluetooth.framework/Versions/A/IOBluetooth
0x00007ff83194b000 	/System/Library/PrivateFrameworks/CoreWiFi.framework/Versions/A/CoreWiFi
0x00007ff83031a000 	/System/Library/PrivateFrameworks/FrontBoardServices.framework/Versions/A/FrontBoardServices
0x00007ff8303ab000 	/System/Library/PrivateFrameworks/BoardServices.framework/Versions/A/BoardServices
0x00007ff8277c4000 	/System/Library/PrivateFrameworks/AssertionServices.framework/Versions/A/AssertionServices
0x00007ff831ace000 	/System/Library/PrivateFrameworks/BackBoardServices.framework/Versions/A/BackBoardServices
0x00007ff82b8c0000 	/System/Library/PrivateFrameworks/CorePhoneNumbers.framework/Versions/A/CorePhoneNumbers
0x00007ff82b184000 	/System/Library/PrivateFrameworks/MultiverseSupport.framework/Versions/A/MultiverseSupport
0x00007ff831d41000 	/System/Library/PrivateFrameworks/RemoteServiceDiscovery.framework/Versions/A/RemoteServiceDiscovery
0x00007ff82f618000 	/System/Library/PrivateFrameworks/DiskManagement.framework/Versions/A/DiskManagement
0x00007ff82f52c000 	/System/Library/PrivateFrameworks/AppleIDAuthSupport.framework/Versions/A/AppleIDAuthSupport
0x00007ffb1d1eb000 	/System/Library/PrivateFrameworks/AAAFoundation.framework/Versions/A/AAAFoundation
0x00007ff82b8a1000 	/System/Library/PrivateFrameworks/KeychainCircle.framework/Versions/A/KeychainCircle
0x00007ff831d51000 	/System/Library/PrivateFrameworks/RemoteXPC.framework/Versions/A/RemoteXPC
0x00007ff82f5e4000 	/System/Library/PrivateFrameworks/MediaKit.framework/Versions/A/MediaKit
0x00007ff82f538000 	/System/Library/Frameworks/DiscRecording.framework/Versions/A/DiscRecording
0x00007ff828e7e000 	/usr/lib/libCoreStorage.dylib
0x00007ff831dbc000 	/usr/lib/libcsfde.dylib
0x00007ff82c5a1000 	/System/Library/PrivateFrameworks/ProtectedCloudStorage.framework/Versions/A/ProtectedCloudStorage
0x00007ff831db8000 	/System/Library/PrivateFrameworks/EFILogin.framework/Versions/A/EFILogin
0x00007ff82fc96000 	/System/Library/PrivateFrameworks/OctagonTrust.framework/Versions/A/OctagonTrust
0x00007ffb21ab7000 	/System/Library/PrivateFrameworks/CoreUtilsExtras.framework/Versions/A/CoreUtilsExtras
0x00007ff82f45f000 	/System/Library/Frameworks/CoreBluetooth.framework/Versions/A/CoreBluetooth
0x00007ff83244b000 	/System/Library/Frameworks/AudioUnit.framework/Versions/A/AudioUnit
0x00007ff828e76000 	/usr/lib/libMatch.1.dylib
0x00007ff92a265000 	/System/Library/CoreServices/RawCamera.bundle/Contents/MacOS/RawCamera
0x00007ff82b83f000 	/System/Library/PrivateFrameworks/MobileAsset.framework/Versions/A/MobileAsset
0x00007ff832472000 	/System/Library/PrivateFrameworks/StreamingZip.framework/Versions/A/StreamingZip
0x00007ffb1edab000 	/System/Library/PrivateFrameworks/CMPhoto.framework/Versions/A/CMPhoto
0x00007ff83061b000 	/System/Library/PrivateFrameworks/AppleVPA.framework/Versions/A/AppleVPA
0x00007ff82a221000 	/System/Library/Frameworks/MediaToolbox.framework/Versions/A/MediaToolbox
0x00007ff82fac7000 	/System/Library/PrivateFrameworks/CoreAVCHD.framework/Versions/A/CoreAVCHD
0x00007ff82e99c000 	/System/Library/Frameworks/MediaAccessibility.framework/Versions/A/MediaAccessibility
0x00007ff82fac3000 	/System/Library/PrivateFrameworks/Mangrove.framework/Versions/A/Mangrove
0x00007ff82e9a7000 	/System/Library/PrivateFrameworks/AlgosScoreFramework.framework/Versions/A/AlgosScoreFramework
0x00007ff82f708000 	/System/Library/PrivateFrameworks/CoreAUC.framework/Versions/A/CoreAUC
0x00007ff927a8f000 	/System/Library/Frameworks/Accelerate.framework/Versions/A/Frameworks/vImage.framework/Versions/A/Libraries/libCGInterfaces.dylib
0x00000001390bd000 	/usr/lib/libobjc-trampolines.dylib
0x00007ff824b01000 	/System/Library/PrivateFrameworks/ViewBridge.framework/Versions/A/ViewBridge
0x00007ff8295cc000 	/System/Library/PrivateFrameworks/login.framework/Versions/A/login
0x00007ffb35314000 	/usr/lib/libRosetta.dylib


VM Arguments:
jvm_args: -Xmx4G -da -Djava.library.path=./lib -Djava.system.class.loader=org.processmining.framework.util.ProMClassLoader -Djava.util.Arrays.useLegacyMergeSort=true 
java_command: org.processmining.contexts.uitopia.UI
java_class_path (initial): ./dist/ProM-Framework-6.11.121.jar:./dist/ProM-Contexts-6.11.67.jar:./dist/ProM-Models-6.10.43.jar:./dist/ProM-Plugins-6.9.75.jar:./lib/Spex-1.1.jar:./lib/TableLayout-20050920.jar:./lib/UITopiaResources-0.6-20190913.jar:./lib/Uitopia-0.6-20190913.jar:./lib/bsh-2.0b4.jar:./lib/commons-compress-1.13.jar:./lib/commons-logging-1.1.3.jar:./lib/google-analytics-java-1.1.2.jar:./lib/guava-16.0.1.jar:./lib/httpclient-4.5.3.jar:./lib/httpcore-4.4.6.jar:./lib/jargs-latest.jar:./lib/jgraph-5.13.0.4.jar:./lib/junit-4.12.jar:./lib/log4j-api-2.8.1.jar:./lib/log4j-core-2.8.1.jar:./lib/log4j-slf4j-impl-2.8.1.jar:./lib/slf4j-api-1.7.25.jar:./lib/slickerbox-1.0rc1.jar
Launcher Type: SUN_STANDARD

[Global flags]
     intx CICompilerCount                          = 4                                         {product} {ergonomic}
     uint ConcGCThreads                            = 2                                         {product} {ergonomic}
     uint G1ConcRefinementThreads                  = 8                                         {product} {ergonomic}
   size_t G1HeapRegionSize                         = 1048576                                   {product} {ergonomic}
    uintx GCDrainStackTargetSize                   = 64                                        {product} {ergonomic}
   size_t InitialHeapSize                          = 134217728                                 {product} {ergonomic}
   size_t MarkStackSize                            = 4194304                                   {product} {ergonomic}
   size_t MaxHeapSize                              = 4294967296                                {product} {command line}
   size_t MaxNewSize                               = 2576351232                                {product} {ergonomic}
   size_t MinHeapDeltaBytes                        = 1048576                                   {product} {ergonomic}
    uintx NonNMethodCodeHeapSize                   = 5836300                                {pd product} {ergonomic}
    uintx NonProfiledCodeHeapSize                  = 122910970                              {pd product} {ergonomic}
    uintx ProfiledCodeHeapSize                     = 122910970                              {pd product} {ergonomic}
    uintx ReservedCodeCacheSize                    = 251658240                              {pd product} {ergonomic}
     bool SegmentedCodeCache                       = true                                      {product} {ergonomic}
     bool UseCompressedClassPointers               = true                                 {lp64_product} {ergonomic}
     bool UseCompressedOops                        = true                                 {lp64_product} {ergonomic}
     bool UseG1GC                                  = true                                      {product} {ergonomic}

Logging:
Log output configuration:
 #0: stdout all=warning uptime,level,tags
 #1: stderr all=off uptime,level,tags

Environment Variables:
PATH=/Library/Frameworks/Python.framework/Versions/3.9/bin:/Library/Frameworks/Python.framework/Versions/3.10/bin:/opt/homebrew/bin:/opt/homebrew/sbin:/usr/local/bin:/usr/bin:/bin:/usr/sbin:/sbin:/Library/Apple/usr/bin
SHELL=/bin/zsh
LC_CTYPE=UTF-8

Signal Handlers:
SIGSEGV: [libjvm.dylib+0x7bc7ea], sa_mask[0]=11111111111111111111111111111111, sa_flags=SA_ONSTACK|SA_RESTART|SA_SIGINFO
SIGBUS: [libjvm.dylib+0x7bc7ea], sa_mask[0]=11111111111111111111111111111111, sa_flags=SA_RESTART|SA_SIGINFO
SIGFPE: [libjvm.dylib+0x7bc7ea], sa_mask[0]=11111111111111111111111111111111, sa_flags=SA_RESTART|SA_SIGINFO
SIGPIPE: [libjvm.dylib+0x62226b], sa_mask[0]=11111111111111111111111111111111, sa_flags=SA_RESTART|SA_SIGINFO
SIGXFSZ: [libjvm.dylib+0x62226b], sa_mask[0]=11111111111111111111111111111111, sa_flags=SA_RESTART|SA_SIGINFO
SIGILL: [libjvm.dylib+0x7bc7ea], sa_mask[0]=11111111111111111111111111111111, sa_flags=SA_RESTART|SA_SIGINFO
SIGUSR2: [libjvm.dylib+0x622853], sa_mask[0]=00000000000000000000000000000000, sa_flags=SA_RESTART|SA_SIGINFO
SIGHUP: [libjvm.dylib+0x6213f1], sa_mask[0]=11111111111111111111111111111111, sa_flags=SA_RESTART|SA_SIGINFO
SIGINT: [libjvm.dylib+0x6213f1], sa_mask[0]=11111111111111111111111111111111, sa_flags=SA_RESTART|SA_SIGINFO
SIGTERM: [libjvm.dylib+0x6213f1], sa_mask[0]=11111111111111111111111111111111, sa_flags=SA_RESTART|SA_SIGINFO
SIGQUIT: [libjvm.dylib+0x6213f1], sa_mask[0]=11111111111111111111111111111111, sa_flags=SA_RESTART|SA_SIGINFO


---------------  S Y S T E M  ---------------

OS:uname:Darwin 21.5.0 Darwin Kernel Version 21.5.0: Tue Apr 26 21:08:29 PDT 2022; root:xnu-8020.121.3~4/RELEASE_ARM64_T8101 x86_64
OS uptime: 1 days 21:06 hours
rlimit (soft/hard): STACK 8176k/65520k , CORE 0k/infinity , NPROC 1333/2000 , NOFILE 10240/infinity , AS infinity/infinity , CPU infinity/infinity , DATA infinity/infinity , FSIZE infinity/infinity , MEMLOCK infinity/infinity , RSS infinity/infinity
load average:2.23 2.09 2.24

CPU:total 8 (initial active 8) (1 cores per cpu, 1 threads per core) family 6 model 44 stepping 0 microcode 0x0, cmov, cx8, fxsr, mmx, sse, sse2, sse3, ssse3, sse4.1, sse4.2, popcnt, aes, clmul, tsc, tscinvbit, tscinv

Memory: 4k page, physical 8388608k(594352k free), swap 1048576k(806144k free)

vm_info: OpenJDK 64-Bit Server VM (11.0.11+9) for bsd-amd64 JRE (11.0.11+9), built on Apr 20 2021 22:06:18 by "jenkins" with gcc 4.2.1 Compatible Apple LLVM 10.0.1 (clang-1001.0.46.4)

END.
