#
# A fatal error has been detected by the Java Runtime Environment:
#
#  SIGSEGV (0xb) at pc=0x00000001200efaab, pid=8622, tid=6659
#
# JRE version: OpenJDK Runtime Environment AdoptOpenJDK-11.0.11+9 (11.0.11+9) (build 11.0.11+9)
# Java VM: OpenJDK 64-Bit Server VM AdoptOpenJDK-11.0.11+9 (11.0.11+9, mixed mode, tiered, compressed oops, g1 gc, bsd-amd64)
# Problematic frame:
# J 3234 c2 org.processmining.framework.plugin.impl.PluginManagerImpl.checkIfRequestedReturnTypeIsPresent(Lorg/processmining/framework/plugin/PluginDescriptor;Ljava/lang/Class;)I (50 bytes) @ 0x00000001200efaab [0x00000001200ef980+0x000000000000012b]
#
# No core dump will be written. Core dumps have been disabled. To enable core dumping, try "ulimit -c unlimited" before starting Java again
#
# If you would like to submit a bug report, please visit:
#   https://github.com/AdoptOpenJDK/openjdk-support/issues
#

---------------  S U M M A R Y ------------

Command Line: -Xmx4G -da -Djava.library.path=./lib -Djava.system.class.loader=org.processmining.framework.util.ProMClassLoader -Djava.util.Arrays.useLegacyMergeSort=true org.processmining.contexts.uitopia.UI

Host: MacBookPro17,1 x86_64 2400 MHz, 8 cores, 8G, Darwin 21.5.0
Time: Mon May 30 10:25:21 2022 PKT elapsed time: 13.789941 seconds (0d 0h 0m 13s)

---------------  T H R E A D  ---------------

Current thread (0x00007f9a6d808800):  JavaThread "main" [_thread_in_Java, id=6659, stack(0x000000030cfe9000,0x000000030d0e9000)]

Stack: [0x000000030cfe9000,0x000000030d0e9000],  sp=0x000000030d0e7e60,  free space=1019k
Native frames: (J=compiled Java code, A=aot compiled Java code, j=interpreted, Vv=VM code, C=native code)
J 3234 c2 org.processmining.framework.plugin.impl.PluginManagerImpl.checkIfRequestedReturnTypeIsPresent(Lorg/processmining/framework/plugin/PluginDescriptor;Ljava/lang/Class;)I (50 bytes) @ 0x00000001200efaab [0x00000001200ef980+0x000000000000012b]
J 3202 c1 org.processmining.framework.plugin.impl.PluginManagerImpl.find(Ljava/lang/Class;Ljava/lang/Class;Ljava/lang/Class;ZZZ[Ljava/lang/Class;)Ljava/util/Set; (271 bytes) @ 0x00000001190d3b04 [0x00000001190d2c20+0x0000000000000ee4]
J 3233 c1 org.processmining.contexts.uitopia.hub.ProMViewManager.registerResourceType(Lorg/deckfour/uitopia/api/model/ResourceType;)V (266 bytes) @ 0x00000001190e162c [0x00000001190e0a80+0x0000000000000bac]
j  org.processmining.contexts.uitopia.hub.ProMViewManager.<init>(Lorg/processmining/contexts/uitopia/UIContext;)V+65
j  org.processmining.contexts.uitopia.hub.ProMViewManager.initialize(Lorg/processmining/contexts/uitopia/UIContext;)Lorg/processmining/contexts/uitopia/hub/ProMViewManager;+11
j  org.processmining.contexts.uitopia.UIContext.initialize()V+26
j  org.processmining.contexts.uitopia.UI.main(Lorg/processmining/framework/util/CommandLineArgumentList;)Ljava/lang/Object;+9
v  ~StubRoutines::call_stub
V  [libjvm.dylib+0x3b09e0]  _ZN9JavaCalls11call_helperEP9JavaValueRK12methodHandleP17JavaCallArgumentsP6Thread+0x21a
V  [libjvm.dylib+0x67e9e5]  _ZL6invokeP13InstanceKlassRK12methodHandle6Handleb14objArrayHandle9BasicTypeS5_bP6Thread+0x541
V  [libjvm.dylib+0x67e45a]  _ZN10Reflection13invoke_methodEP7oopDesc6Handle14objArrayHandleP6Thread+0xf4
V  [libjvm.dylib+0x43a631]  JVM_InvokeMethod+0x21e
j  jdk.internal.reflect.NativeMethodAccessorImpl.invoke0(Ljava/lang/reflect/Method;Ljava/lang/Object;[Ljava/lang/Object;)Ljava/lang/Object;+0 java.base@11.0.11
j  jdk.internal.reflect.NativeMethodAccessorImpl.invoke(Ljava/lang/Object;[Ljava/lang/Object;)Ljava/lang/Object;+100 java.base@11.0.11
J 2413 c1 jdk.internal.reflect.DelegatingMethodAccessorImpl.invoke(Ljava/lang/Object;[Ljava/lang/Object;)Ljava/lang/Object; java.base@11.0.11 (10 bytes) @ 0x0000000118ecbccc [0x0000000118ecbbc0+0x000000000000010c]
j  java.lang.reflect.Method.invoke(Ljava/lang/Object;[Ljava/lang/Object;)Ljava/lang/Object;+59 java.base@11.0.11
j  org.processmining.framework.boot.Boot.boot(Ljava/lang/Class;[Ljava/lang/String;)Ljava/lang/Object;+159
j  org.processmining.framework.boot.Boot.boot(Ljava/lang/Class;Ljava/lang/Class;[Ljava/lang/String;)V+786
j  org.processmining.contexts.uitopia.UI.main([Ljava/lang/String;)V+463
v  ~StubRoutines::call_stub
V  [libjvm.dylib+0x3b09e0]  _ZN9JavaCalls11call_helperEP9JavaValueRK12methodHandleP17JavaCallArgumentsP6Thread+0x21a
V  [libjvm.dylib+0x3f5d12]  _ZL17jni_invoke_staticP7JNIEnv_P9JavaValueP8_jobject11JNICallTypeP10_jmethodIDP18JNI_ArgumentPusherP6Thread+0x10a
V  [libjvm.dylib+0x3f9502]  jni_CallStaticVoidMethod+0x1d2
C  [libjli.dylib+0x4b29]  JavaMain+0xab0
C  [libsystem_pthread.dylib+0x64e1]  _pthread_start+0x7d
C  [libsystem_pthread.dylib+0x1f6b]  thread_start+0xf


siginfo: si_signo: 11 (SIGSEGV), si_code: 1 (SEGV_MAPERR), si_addr: 0xe01928ea00000010

Register to memory mapping:

RAX=0x00000001200ef9a0 is at entry_point+32 in (nmethod*)0x00000001200ef790
RBX=0x000000080001f170 is a pointer to class: 
java.util.RandomAccess {0x000000080001f170}
RCX=0x000000080001f170 is a pointer to class: 
java.util.RandomAccess {0x000000080001f170}
RDX=0x00000007046b2130 is an oop: [Ljava.lang.Class; 
{0x00000007046b2130} - klass: 'java/lang/Class'[]
 - length: 1
RSP=0x000000030d0e7e60 is pointing into the stack for thread: 0x00007f9a6d808800
RBP=0x0000000000000048 is an unknown value
RSI=0x00000008000bb688 is a pointer to class: 
java.util.Arrays$ArrayList {0x00000008000bb688}
RDI=0x0000000000001553 is an unknown value
R8 =767624 is a compressed pointer to class: 0x00000008000bb688
java.util.Arrays$ArrayList {0x00000008000bb688}
R9 =0x0 is NULL
R10=0xe01928ea00000000 is an unknown value
R11=0x0000000000000001 is an unknown value
R12=0x0 is NULL
R13=0x00000007046b2118 is an oop: java.util.Arrays$ArrayList 
{0x00000007046b2118} - klass: 'java/util/Arrays$ArrayList'
R14=0x0000000000000001 is an unknown value
R15=0x00007f9a6d808800 is a thread


Registers:
RAX=0x00000001200ef9a0, RBX=0x000000080001f170, RCX=0x000000080001f170, RDX=0x00000007046b2130
RSP=0x000000030d0e7e60, RBP=0x0000000000000048, RSI=0x00000008000bb688, RDI=0x0000000000001553
R8 =0x00000000000bb688, R9 =0x0000000000000000, R10=0xe01928ea00000000, R11=0x0000000000000001
R12=0x0000000000000000, R13=0x00000007046b2118, R14=0x0000000000000001, R15=0x00007f9a6d808800
RIP=0x00000001200efaab, EFLAGS=0x0000000000000297, ERR=0x0000000000000004
  TRAPNO=0x000000000000000e

Top of Stack: (sp=0x000000030d0e7e60)
0x000000030d0e7e60:   00000008001c2ab8 e01928ea00000000
0x000000030d0e7e70:   000000030d0e7eb0 000000030d0e7ea0
0x000000030d0e7e80:   0000000135292db0 00000007046b1ed8
0x000000030d0e7e90:   0000000700c4a7a8 00000001200ef9a0
0x000000030d0e7ea0:   00000007011887f0 0000000000000206
0x000000030d0e7eb0:   000000030d0e8150 00000001190d3b04
0x000000030d0e7ec0:   00000007018331e0 00000007018331f0
0x000000030d0e7ed0:   000000030d0e7ed0 000000013566eb99
0x000000030d0e7ee0:   000000030d0e7f30 000000013566f098
0x000000030d0e7ef0:   000000002fbda2c4 0000000120069e6c
0x000000030d0e7f00:   000000013566ebc8 000000002fbda2c4
0x000000030d0e7f10:   0000000702c52a08 00000007074b9088
0x000000030d0e7f20:   0000000100000000 0000000707481448
0x000000030d0e7f30:   00000007046c2518 0000000100000000
0x000000030d0e7f40:   00000007074b9058 000000013b72c0df
0x000000030d0e7f50:   000000030d0e8150 00000007008f50b8
0x000000030d0e7f60:   0000000700c4a7a8 00000007008f5170
0x000000030d0e7f70:   0000000000000001 00000007074c2520
0x000000030d0e7f80:   00000007074c2560 00000007046b1ed8
0x000000030d0e7f90:   0000000000000002 00000007074ea6c0
0x000000030d0e7fa0:   0000000701184780 00000007074c2508
0x000000030d0e7fb0:   000000030d0e8150 00000001190e162c
0x000000030d0e7fc0:   0000000700000001 00000007074c2508
0x000000030d0e7fd0:   0000000000000001 0000000704649aa8
0x000000030d0e7fe0:   0000000704649a88 00000007046ca698
0x000000030d0e7ff0:   0000000700000000 000000013b72dea0
0x000000030d0e8000:   000000030d0e80c8 00000001190dd245
0x000000030d0e8010:   000000030d0e80c8 00000001190dd624
0x000000030d0e8020:   00000007046c2518 0000000701d68530
0x000000030d0e8030:   0000000000000001 000000011841ada2
0x000000030d0e8040:   00000007046c2518 0000000702c52a08
0x000000030d0e8050:   00000007074b9088 0000000704649b30 

Instructions: (pc=0x00000001200efaab)
0x00000001200ef9ab:   50 4c 8b c9 66 48 0f 6e c6 44 8b 52 08 41 81 fa
0x00000001200ef9bb:   98 c7 1c 00 0f 85 f2 09 00 00 44 8b 52 1c 47 8b
0x00000001200ef9cb:   44 d4 08 48 be 00 00 00 00 08 00 00 00 49 03 f0
0x00000001200ef9db:   48 8b 5e 20 49 bb 70 f1 01 00 08 00 00 00 49 3b
0x00000001200ef9eb:   db 0f 85 a8 04 00 00 4f 8d 2c d4 41 81 f8 88 b6
0x00000001200ef9fb:   0b 00 74 16 41 81 f8 b8 02 03 00 0f 85 66 0a 00
0x00000001200efa0b:   00 4d 8b d5 45 8b 5a 10 eb 0c 4d 8b d5 45 8b 52
0x00000001200efa1b:   10 47 8b 5c d4 0c 45 85 db 0f 8e 42 09 00 00 49
0x00000001200efa2b:   8b 49 50 8b 69 10 41 81 f8 88 b6 0b 00 0f 85 9c
0x00000001200efa3b:   09 00 00 4d 8b d5 45 8b 52 10 47 8b 74 d4 0c 66
0x00000001200efa4b:   48 0f 6e d2 48 89 0c 24 66 49 0f 6e c9 44 8b 49
0x00000001200efa5b:   08 66 41 0f 6e e1 4b 8d 14 d4 4c 63 d5 66 49 0f
0x00000001200efa6b:   6e da 45 8b ce 41 ff c9 66 49 0f 7e ca 45 8b 52
0x00000001200efa7b:   24 48 b9 70 f1 01 00 08 00 00 00 48 3b d9 0f 85
0x00000001200efa8b:   59 04 00 00 45 85 f6 0f 86 60 09 00 00 45 3b ce
0x00000001200efa9b:   0f 83 2f 09 00 00 4f 8b 54 d4 50 4c 89 54 24 08
0x00000001200efaab:   45 8b 52 10 49 63 da 41 81 f8 b8 02 03 00 0f 84
0x00000001200efabb:   e3 01 00 00 83 fd 20 0f 85 04 01 00 00 33 ed 44
0x00000001200efacb:   8b dd 66 66 90 46 8b 44 9a 10 43 8b 7c c4 08 4b
0x00000001200efadb:   8d 0c c4 81 ff 70 20 00 00 0f 85 40 0a 00 00 48
0x00000001200efaeb:   8b 71 50 48 85 f6 0f 84 0d 09 00 00 66 49 0f 7e
0x00000001200efafb:   dd 4e 8b 04 2e 4c 8b 0c 24 4d 3b c8 0f 84 39 03
0x00000001200efb0b:   00 00 49 3b f1 0f 84 30 03 00 00 49 8b c1 50 48
0x00000001200efb1b:   8b c0 48 8b 7e 28 8b 0f 48 83 c7 08 48 85 c0 f2
0x00000001200efb2b:   48 af 58 0f 85 04 00 00 00 48 89 46 20 0f 84 08
0x00000001200efb3b:   03 00 00 66 41 0f 7e e0 45 85 c0 7d 49 4c 8b 0c
0x00000001200efb4b:   1e 48 8b 4c 24 08 49 3b c9 0f 84 ec 02 00 00 41
0x00000001200efb5b:   83 fa 20 75 31 48 3b f1 0f 84 dd 02 00 00 48 8b
0x00000001200efb6b:   c1 50 48 8b c0 48 8b 7e 28 8b 0f 48 83 c7 08 48
0x00000001200efb7b:   85 c0 f2 48 af 58 0f 85 04 00 00 00 48 89 46 20
0x00000001200efb8b:   0f 84 b5 02 00 00 41 8b fe 2b fd 41 b9 e8 03 00
0x00000001200efb9b:   00 41 3b f9 41 0f 4f f9 03 fd 41 ff c3 44 3b df 


Stack slot to memory mapping:
stack at sp + 0 slots: 0x00000008001c2ab8 is a pointer to class: 
javax.swing.JComponent {0x00000008001c2ab8}
stack at sp + 1 slots: 0xe01928ea00000000 is an unknown value
stack at sp + 2 slots: 0x000000030d0e7eb0 is pointing into the stack for thread: 0x00007f9a6d808800
stack at sp + 3 slots: 0x000000030d0e7ea0 is pointing into the stack for thread: 0x00007f9a6d808800
stack at sp + 4 slots: {method} {0x0000000135292db0} 'checkIfRequestedReturnTypeIsPresent' '(Lorg/processmining/framework/plugin/PluginDescriptor;Ljava/lang/Class;)I' in 'org/processmining/framework/plugin/impl/PluginManagerImpl'
stack at sp + 5 slots: 0x00000007046b1ed8 is an oop: org.processmining.framework.plugin.impl.PluginDescriptorImpl 
{0x00000007046b1ed8} - klass: 'org/processmining/framework/plugin/impl/PluginDescriptorImpl'
stack at sp + 6 slots: 0x0000000700c4a7a8 is an oop: java.lang.Class 
{0x0000000700c4a7a8} - klass: 'java/lang/Class'
stack at sp + 7 slots: 0x00000001200ef9a0 is at entry_point+32 in (nmethod*)0x00000001200ef790



---------------  P R O C E S S  ---------------

Threads class SMR info:
_java_thread_list=0x0000600003f759c0, length=13, elements={
0x00007f9a6d808800, 0x00007f9a6d826800, 0x00007f9a6d82b800, 0x00007f9a6d828000,
0x00007f9a6d849800, 0x00007f9a6d84a800, 0x00007f9a5c809000, 0x00007f9a6d863800,
0x00007f9a6d8de000, 0x00007f9a6c8b7800, 0x00007f9a5c9ff000, 0x00007f9a0c844800,
0x00007f9a6ccc5000
}

Java Threads: ( => current thread )
=>0x00007f9a6d808800 JavaThread "main" [_thread_in_Java, id=6659, stack(0x000000030cfe9000,0x000000030d0e9000)]
  0x00007f9a6d826800 JavaThread "Reference Handler" daemon [_thread_blocked, id=17411, stack(0x000000030d6fe000,0x000000030d7fe000)]
  0x00007f9a6d82b800 JavaThread "Finalizer" daemon [_thread_blocked, id=21763, stack(0x000000030d801000,0x000000030d901000)]
  0x00007f9a6d828000 JavaThread "Signal Dispatcher" daemon [_thread_blocked, id=41475, stack(0x000000030da13000,0x000000030db13000)]
  0x00007f9a6d849800 JavaThread "Service Thread" daemon [_thread_blocked, id=23811, stack(0x000000030db16000,0x000000030dc16000)]
  0x00007f9a6d84a800 JavaThread "C2 CompilerThread0" daemon [_thread_in_native, id=24323, stack(0x000000030dc19000,0x000000030dd19000)]
  0x00007f9a5c809000 JavaThread "C1 CompilerThread0" daemon [_thread_blocked, id=39939, stack(0x000000030dd1c000,0x000000030de1c000)]
  0x00007f9a6d863800 JavaThread "Sweeper thread" daemon [_thread_blocked, id=24835, stack(0x000000030de1f000,0x000000030df1f000)]
  0x00007f9a6d8de000 JavaThread "Common-Cleaner" daemon [_thread_blocked, id=38915, stack(0x000000030df22000,0x000000030e022000)]
  0x00007f9a6c8b7800 JavaThread "Timer-0" daemon [_thread_blocked, id=28219, stack(0x000000030e431000,0x000000030e531000)]
  0x00007f9a5c9ff000 JavaThread "Java2D Disposer" daemon [_thread_blocked, id=44055, stack(0x000000030e940000,0x000000030ea40000)]
  0x00007f9a0c844800 JavaThread "AppKit Thread" daemon [_thread_in_native, id=259, stack(0x000000030c766000,0x000000030cf66000)]
  0x00007f9a6ccc5000 JavaThread "C2 CompilerThread1" daemon [_thread_blocked, id=22807, stack(0x000000030e128000,0x000000030e228000)]

Other Threads:
  0x00007f9a6c906000 VMThread "VM Thread" [stack: 0x000000030d5fb000,0x000000030d6fb000] [id=18179]
  0x00007f9a6c961800 WatcherThread [stack: 0x000000030e025000,0x000000030e125000] [id=26175]
  0x00007f9a6c814000 GCTaskThread "GC Thread#0" [stack: 0x000000030d0ec000,0x000000030d1ec000] [id=13315]
  0x00007f9a6da3e000 GCTaskThread "GC Thread#1" [stack: 0x000000030e22b000,0x000000030e32b000] [id=36543]
  0x00007f9a6dbfd800 GCTaskThread "GC Thread#2" [stack: 0x000000030e32e000,0x000000030e42e000] [id=37143]
  0x00007f9a5cb96000 GCTaskThread "GC Thread#3" [stack: 0x000000030e73a000,0x000000030e83a000] [id=86575]
  0x00007f9a0c8e0800 GCTaskThread "GC Thread#4" [stack: 0x000000030eddf000,0x000000030eedf000] [id=171547]
  0x00007f9a0c93d800 GCTaskThread "GC Thread#5" [stack: 0x000000030ff10000,0x0000000310010000] [id=165419]
  0x00007f9a0c93e800 GCTaskThread "GC Thread#6" [stack: 0x0000000310013000,0x0000000310113000] [id=95747]
  0x00007f9a0c93f000 GCTaskThread "GC Thread#7" [stack: 0x0000000310116000,0x0000000310216000] [id=164867]
  0x00007f9a6c84a000 ConcurrentGCThread "G1 Main Marker" [stack: 0x000000030d1ef000,0x000000030d2ef000] [id=13827]
  0x00007f9a6c84b000 ConcurrentGCThread "G1 Conc#0" [stack: 0x000000030d2f2000,0x000000030d3f2000] [id=14339]
  0x00007f9a2d970800 ConcurrentGCThread "G1 Conc#1" [stack: 0x000000030ea43000,0x000000030eb43000] [id=29499]
  0x00007f9a6c8ab800 ConcurrentGCThread "G1 Refine#0" [stack: 0x000000030d3f5000,0x000000030d4f5000] [id=18947]
  0x00007f9a2c84b000 ConcurrentGCThread "G1 Refine#1" [stack: 0x000000030e83d000,0x000000030e93d000] [id=34003]
  0x00007f9a6c8ac800 ConcurrentGCThread "G1 Young RemSet Sampling" [stack: 0x000000030d4f8000,0x000000030d5f8000] [id=18435]

Threads with active compile tasks:
C2 CompilerThread0  13796 3209 %     4       org.processmining.framework.plugin.impl.PluginManagerImpl::find @ 151 (271 bytes)

VM state:not at safepoint (normal execution)

VM Mutex/Monitor currently owned by a thread: None

Heap address: 0x0000000700000000, size: 4096 MB, Compressed Oops mode: Zero based, Oop shift amount: 3
Narrow klass base: 0x0000000800000000, Narrow klass shift: 0
Compressed class space size: 1073741824 Address: 0x0000000800000000

Heap:
 garbage-first heap   total 131072K, used 62617K [0x0000000700000000, 0x0000000800000000)
  region size 1024K, 16 young (16384K), 4 survivors (4096K)
 Metaspace       used 39177K, capacity 39622K, committed 40112K, reserved 1083392K
  class space    used 5482K, capacity 5614K, committed 5632K, reserved 1048576K
Heap Regions: E=young(eden), S=young(survivor), O=old, HS=humongous(starts), HC=humongous(continues), CS=collection set, F=free, A=archive, TAMS=top-at-mark-start (previous, next)
|   0|0x0000000700000000, 0x0000000700100000, 0x0000000700100000|100%| O|  |TAMS 0x0000000700100000, 0x0000000700000000| Untracked 
|   1|0x0000000700100000, 0x0000000700200000, 0x0000000700200000|100%| O|  |TAMS 0x0000000700200000, 0x0000000700100000| Untracked 
|   2|0x0000000700200000, 0x0000000700300000, 0x0000000700300000|100%| O|  |TAMS 0x0000000700300000, 0x0000000700200000| Untracked 
|   3|0x0000000700300000, 0x0000000700400000, 0x0000000700400000|100%|HS|  |TAMS 0x0000000700400000, 0x0000000700300000| Complete 
|   4|0x0000000700400000, 0x0000000700500000, 0x0000000700500000|100%|HC|  |TAMS 0x0000000700500000, 0x0000000700400000| Complete 
|   5|0x0000000700500000, 0x0000000700600000, 0x0000000700600000|100%|HS|  |TAMS 0x0000000700600000, 0x0000000700500000| Complete 
|   6|0x0000000700600000, 0x0000000700700000, 0x0000000700700000|100%|HC|  |TAMS 0x0000000700700000, 0x0000000700600000| Complete 
|   7|0x0000000700700000, 0x0000000700800000, 0x0000000700800000|100%| O|  |TAMS 0x0000000700800000, 0x0000000700700000| Untracked 
|   8|0x0000000700800000, 0x0000000700900000, 0x0000000700900000|100%| O|  |TAMS 0x0000000700900000, 0x0000000700800000| Untracked 
|   9|0x0000000700900000, 0x0000000700a00000, 0x0000000700a00000|100%| O|  |TAMS 0x0000000700a00000, 0x0000000700900000| Untracked 
|  10|0x0000000700a00000, 0x0000000700b00000, 0x0000000700b00000|100%| O|  |TAMS 0x0000000700b00000, 0x0000000700a00000| Untracked 
|  11|0x0000000700b00000, 0x0000000700c00000, 0x0000000700c00000|100%| O|  |TAMS 0x0000000700c00000, 0x0000000700b00000| Untracked 
|  12|0x0000000700c00000, 0x0000000700d00000, 0x0000000700d00000|100%| O|  |TAMS 0x0000000700d00000, 0x0000000700c00000| Untracked 
|  13|0x0000000700d00000, 0x0000000700e00000, 0x0000000700e00000|100%| O|  |TAMS 0x0000000700e00000, 0x0000000700d00000| Untracked 
|  14|0x0000000700e00000, 0x0000000700f00000, 0x0000000700f00000|100%| O|  |TAMS 0x0000000700f00000, 0x0000000700e00000| Untracked 
|  15|0x0000000700f00000, 0x0000000701000000, 0x0000000701000000|100%| O|  |TAMS 0x0000000701000000, 0x0000000700f00000| Untracked 
|  16|0x0000000701000000, 0x0000000701100000, 0x0000000701100000|100%| O|  |TAMS 0x0000000701100000, 0x0000000701000000| Untracked 
|  17|0x0000000701100000, 0x0000000701200000, 0x0000000701200000|100%| O|  |TAMS 0x0000000701200000, 0x0000000701100000| Untracked 
|  18|0x0000000701200000, 0x0000000701300000, 0x0000000701300000|100%| O|  |TAMS 0x0000000701300000, 0x0000000701200000| Untracked 
|  19|0x0000000701300000, 0x0000000701400000, 0x0000000701400000|100%|HS|  |TAMS 0x0000000701400000, 0x0000000701300000| Complete 
|  20|0x0000000701400000, 0x0000000701500000, 0x0000000701500000|100%|HS|  |TAMS 0x0000000701500000, 0x0000000701400000| Complete 
|  21|0x0000000701500000, 0x0000000701600000, 0x0000000701600000|100%|HC|  |TAMS 0x0000000701600000, 0x0000000701500000| Complete 
|  22|0x0000000701600000, 0x0000000701700000, 0x0000000701700000|100%|HC|  |TAMS 0x0000000701700000, 0x0000000701600000| Complete 
|  23|0x0000000701700000, 0x0000000701800000, 0x0000000701800000|100%|HS|  |TAMS 0x0000000701800000, 0x0000000701700000| Complete 
|  24|0x0000000701800000, 0x0000000701900000, 0x0000000701900000|100%| O|  |TAMS 0x0000000701900000, 0x0000000701800000| Untracked 
|  25|0x0000000701900000, 0x0000000701a00000, 0x0000000701a00000|100%| O|  |TAMS 0x0000000701a00000, 0x0000000701900000| Untracked 
|  26|0x0000000701a00000, 0x0000000701b00000, 0x0000000701b00000|100%| O|  |TAMS 0x0000000701b00000, 0x0000000701a00000| Untracked 
|  27|0x0000000701b00000, 0x0000000701c00000, 0x0000000701c00000|100%| O|  |TAMS 0x0000000701c00000, 0x0000000701b00000| Untracked 
|  28|0x0000000701c00000, 0x0000000701d00000, 0x0000000701d00000|100%| O|  |TAMS 0x0000000701d00000, 0x0000000701c00000| Untracked 
|  29|0x0000000701d00000, 0x0000000701e00000, 0x0000000701e00000|100%| O|  |TAMS 0x0000000701e00000, 0x0000000701d00000| Untracked 
|  30|0x0000000701e00000, 0x0000000701f00000, 0x0000000701f00000|100%| O|  |TAMS 0x0000000701f00000, 0x0000000701e00000| Untracked 
|  31|0x0000000701f00000, 0x0000000702000000, 0x0000000702000000|100%| O|  |TAMS 0x0000000702000000, 0x0000000701f00000| Untracked 
|  32|0x0000000702000000, 0x0000000702100000, 0x0000000702100000|100%| O|  |TAMS 0x0000000702100000, 0x0000000702000000| Untracked 
|  33|0x0000000702100000, 0x0000000702200000, 0x0000000702200000|100%| O|  |TAMS 0x0000000702200000, 0x0000000702100000| Untracked 
|  34|0x0000000702200000, 0x0000000702300000, 0x0000000702300000|100%| O|  |TAMS 0x0000000702300000, 0x0000000702200000| Untracked 
|  35|0x0000000702300000, 0x0000000702400000, 0x0000000702400000|100%| O|  |TAMS 0x0000000702400000, 0x0000000702300000| Untracked 
|  36|0x0000000702400000, 0x0000000702500000, 0x0000000702500000|100%| O|  |TAMS 0x000000070241a000, 0x0000000702400000| Untracked 
|  37|0x0000000702500000, 0x0000000702600000, 0x0000000702600000|100%| O|  |TAMS 0x0000000702500000, 0x0000000702500000| Untracked 
|  38|0x0000000702600000, 0x0000000702700000, 0x0000000702700000|100%| O|  |TAMS 0x0000000702600000, 0x0000000702600000| Untracked 
|  39|0x0000000702700000, 0x0000000702800000, 0x0000000702800000|100%|HS|  |TAMS 0x0000000702700000, 0x0000000702700000| Complete 
|  40|0x0000000702800000, 0x0000000702900000, 0x0000000702900000|100%| O|  |TAMS 0x0000000702800000, 0x0000000702800000| Untracked 
|  41|0x0000000702900000, 0x0000000702a00000, 0x0000000702a00000|100%| O|  |TAMS 0x0000000702900000, 0x0000000702900000| Untracked 
|  42|0x0000000702a00000, 0x0000000702b00000, 0x0000000702b00000|100%| O|  |TAMS 0x0000000702a00000, 0x0000000702a00000| Untracked 
|  43|0x0000000702b00000, 0x0000000702c00000, 0x0000000702c00000|100%| O|  |TAMS 0x0000000702b00000, 0x0000000702b00000| Untracked 
|  44|0x0000000702c00000, 0x0000000702d00000, 0x0000000702d00000|100%| O|  |TAMS 0x0000000702c00000, 0x0000000702c00000| Untracked 
|  45|0x0000000702d00000, 0x0000000702e00000, 0x0000000702e00000|100%| O|  |TAMS 0x0000000702d00000, 0x0000000702d00000| Untracked 
|  46|0x0000000702e00000, 0x0000000702e26600, 0x0000000702f00000| 14%| O|  |TAMS 0x0000000702e00000, 0x0000000702e00000| Untracked 
|  47|0x0000000702f00000, 0x0000000702f00000, 0x0000000703000000|  0%| F|  |TAMS 0x0000000702f00000, 0x0000000702f00000| Untracked 
|  48|0x0000000703000000, 0x0000000703000000, 0x0000000703100000|  0%| F|  |TAMS 0x0000000703000000, 0x0000000703000000| Untracked 
|  49|0x0000000703100000, 0x0000000703100000, 0x0000000703200000|  0%| F|  |TAMS 0x0000000703100000, 0x0000000703100000| Untracked 
|  50|0x0000000703200000, 0x0000000703200000, 0x0000000703300000|  0%| F|  |TAMS 0x0000000703200000, 0x0000000703200000| Untracked 
|  51|0x0000000703300000, 0x0000000703300000, 0x0000000703400000|  0%| F|  |TAMS 0x0000000703300000, 0x0000000703300000| Untracked 
|  52|0x0000000703400000, 0x0000000703400000, 0x0000000703500000|  0%| F|  |TAMS 0x0000000703400000, 0x0000000703400000| Untracked 
|  53|0x0000000703500000, 0x0000000703500000, 0x0000000703600000|  0%| F|  |TAMS 0x0000000703500000, 0x0000000703500000| Untracked 
|  54|0x0000000703600000, 0x0000000703600000, 0x0000000703700000|  0%| F|  |TAMS 0x0000000703600000, 0x0000000703600000| Untracked 
|  55|0x0000000703700000, 0x0000000703700000, 0x0000000703800000|  0%| F|  |TAMS 0x0000000703700000, 0x0000000703700000| Untracked 
|  56|0x0000000703800000, 0x0000000703800000, 0x0000000703900000|  0%| F|  |TAMS 0x0000000703800000, 0x0000000703800000| Untracked 
|  57|0x0000000703900000, 0x0000000703900000, 0x0000000703a00000|  0%| F|  |TAMS 0x0000000703900000, 0x0000000703900000| Untracked 
|  58|0x0000000703a00000, 0x0000000703a00000, 0x0000000703b00000|  0%| F|  |TAMS 0x0000000703a00000, 0x0000000703a00000| Untracked 
|  59|0x0000000703b00000, 0x0000000703b00000, 0x0000000703c00000|  0%| F|  |TAMS 0x0000000703b00000, 0x0000000703b00000| Untracked 
|  60|0x0000000703c00000, 0x0000000703c00000, 0x0000000703d00000|  0%| F|  |TAMS 0x0000000703c00000, 0x0000000703c00000| Untracked 
|  61|0x0000000703d00000, 0x0000000703e00000, 0x0000000703e00000|100%| S|CS|TAMS 0x0000000703d00000, 0x0000000703d00000| Complete 
|  62|0x0000000703e00000, 0x0000000703e00000, 0x0000000703f00000|  0%| F|  |TAMS 0x0000000703e00000, 0x0000000703e00000| Untracked 
|  63|0x0000000703f00000, 0x0000000703f00000, 0x0000000704000000|  0%| F|  |TAMS 0x0000000703f00000, 0x0000000703f00000| Untracked 
|  64|0x0000000704000000, 0x0000000704000000, 0x0000000704100000|  0%| F|  |TAMS 0x0000000704000000, 0x0000000704000000| Untracked 
|  65|0x0000000704100000, 0x0000000704100000, 0x0000000704200000|  0%| F|  |TAMS 0x0000000704100000, 0x0000000704100000| Untracked 
|  66|0x0000000704200000, 0x0000000704300000, 0x0000000704300000|100%| S|CS|TAMS 0x0000000704200000, 0x0000000704200000| Complete 
|  67|0x0000000704300000, 0x0000000704300000, 0x0000000704400000|  0%| F|  |TAMS 0x0000000704300000, 0x0000000704300000| Untracked 
|  68|0x0000000704400000, 0x0000000704400000, 0x0000000704500000|  0%| F|  |TAMS 0x0000000704400000, 0x0000000704400000| Untracked 
|  69|0x0000000704500000, 0x0000000704600000, 0x0000000704600000|100%| S|CS|TAMS 0x0000000704500000, 0x0000000704500000| Complete 
|  70|0x0000000704600000, 0x0000000704700000, 0x0000000704700000|100%| S|CS|TAMS 0x0000000704600000, 0x0000000704600000| Complete 
|  71|0x0000000704700000, 0x0000000704700000, 0x0000000704800000|  0%| F|  |TAMS 0x0000000704700000, 0x0000000704700000| Untracked 
|  72|0x0000000704800000, 0x0000000704800000, 0x0000000704900000|  0%| F|  |TAMS 0x0000000704800000, 0x0000000704800000| Untracked 
|  73|0x0000000704900000, 0x0000000704900000, 0x0000000704a00000|  0%| F|  |TAMS 0x0000000704900000, 0x0000000704900000| Untracked 
|  74|0x0000000704a00000, 0x0000000704a00000, 0x0000000704b00000|  0%| F|  |TAMS 0x0000000704a00000, 0x0000000704a00000| Untracked 
|  75|0x0000000704b00000, 0x0000000704b00000, 0x0000000704c00000|  0%| F|  |TAMS 0x0000000704b00000, 0x0000000704b00000| Untracked 
|  76|0x0000000704c00000, 0x0000000704c00000, 0x0000000704d00000|  0%| F|  |TAMS 0x0000000704c00000, 0x0000000704c00000| Untracked 
|  77|0x0000000704d00000, 0x0000000704d00000, 0x0000000704e00000|  0%| F|  |TAMS 0x0000000704d00000, 0x0000000704d00000| Untracked 
|  78|0x0000000704e00000, 0x0000000704e00000, 0x0000000704f00000|  0%| F|  |TAMS 0x0000000704e00000, 0x0000000704e00000| Untracked 
|  79|0x0000000704f00000, 0x0000000704f00000, 0x0000000705000000|  0%| F|  |TAMS 0x0000000704f00000, 0x0000000704f00000| Untracked 
|  80|0x0000000705000000, 0x0000000705000000, 0x0000000705100000|  0%| F|  |TAMS 0x0000000705000000, 0x0000000705000000| Untracked 
|  81|0x0000000705100000, 0x0000000705100000, 0x0000000705200000|  0%| F|  |TAMS 0x0000000705100000, 0x0000000705100000| Untracked 
|  82|0x0000000705200000, 0x0000000705200000, 0x0000000705300000|  0%| F|  |TAMS 0x0000000705200000, 0x0000000705200000| Untracked 
|  83|0x0000000705300000, 0x0000000705300000, 0x0000000705400000|  0%| F|  |TAMS 0x0000000705300000, 0x0000000705300000| Untracked 
|  84|0x0000000705400000, 0x0000000705400000, 0x0000000705500000|  0%| F|  |TAMS 0x0000000705400000, 0x0000000705400000| Untracked 
|  85|0x0000000705500000, 0x0000000705500000, 0x0000000705600000|  0%| F|  |TAMS 0x0000000705500000, 0x0000000705500000| Untracked 
|  86|0x0000000705600000, 0x0000000705600000, 0x0000000705700000|  0%| F|  |TAMS 0x0000000705600000, 0x0000000705600000| Untracked 
|  87|0x0000000705700000, 0x0000000705700000, 0x0000000705800000|  0%| F|  |TAMS 0x0000000705700000, 0x0000000705700000| Untracked 
|  88|0x0000000705800000, 0x0000000705800000, 0x0000000705900000|  0%| F|  |TAMS 0x0000000705800000, 0x0000000705800000| Untracked 
|  89|0x0000000705900000, 0x0000000705900000, 0x0000000705a00000|  0%| F|  |TAMS 0x0000000705900000, 0x0000000705900000| Untracked 
|  90|0x0000000705a00000, 0x0000000705a00000, 0x0000000705b00000|  0%| F|  |TAMS 0x0000000705a00000, 0x0000000705a00000| Untracked 
|  91|0x0000000705b00000, 0x0000000705b00000, 0x0000000705c00000|  0%| F|  |TAMS 0x0000000705b00000, 0x0000000705b00000| Untracked 
|  92|0x0000000705c00000, 0x0000000705c00000, 0x0000000705d00000|  0%| F|  |TAMS 0x0000000705c00000, 0x0000000705c00000| Untracked 
|  93|0x0000000705d00000, 0x0000000705d00000, 0x0000000705e00000|  0%| F|  |TAMS 0x0000000705d00000, 0x0000000705d00000| Untracked 
|  94|0x0000000705e00000, 0x0000000705e00000, 0x0000000705f00000|  0%| F|  |TAMS 0x0000000705e00000, 0x0000000705e00000| Untracked 
|  95|0x0000000705f00000, 0x0000000705f00000, 0x0000000706000000|  0%| F|  |TAMS 0x0000000705f00000, 0x0000000705f00000| Untracked 
|  96|0x0000000706000000, 0x0000000706000000, 0x0000000706100000|  0%| F|  |TAMS 0x0000000706000000, 0x0000000706000000| Untracked 
|  97|0x0000000706100000, 0x0000000706100000, 0x0000000706200000|  0%| F|  |TAMS 0x0000000706100000, 0x0000000706100000| Untracked 
|  98|0x0000000706200000, 0x0000000706200000, 0x0000000706300000|  0%| F|  |TAMS 0x0000000706200000, 0x0000000706200000| Untracked 
|  99|0x0000000706300000, 0x0000000706300000, 0x0000000706400000|  0%| F|  |TAMS 0x0000000706300000, 0x0000000706300000| Untracked 
| 100|0x0000000706400000, 0x0000000706400000, 0x0000000706500000|  0%| F|  |TAMS 0x0000000706400000, 0x0000000706400000| Untracked 
| 101|0x0000000706500000, 0x0000000706500000, 0x0000000706600000|  0%| F|  |TAMS 0x0000000706500000, 0x0000000706500000| Untracked 
| 102|0x0000000706600000, 0x0000000706600000, 0x0000000706700000|  0%| F|  |TAMS 0x0000000706600000, 0x0000000706600000| Untracked 
| 103|0x0000000706700000, 0x0000000706700000, 0x0000000706800000|  0%| F|  |TAMS 0x0000000706700000, 0x0000000706700000| Untracked 
| 104|0x0000000706800000, 0x0000000706800000, 0x0000000706900000|  0%| F|  |TAMS 0x0000000706800000, 0x0000000706800000| Untracked 
| 105|0x0000000706900000, 0x0000000706900000, 0x0000000706a00000|  0%| F|  |TAMS 0x0000000706900000, 0x0000000706900000| Untracked 
| 106|0x0000000706a00000, 0x0000000706a00000, 0x0000000706b00000|  0%| F|  |TAMS 0x0000000706a00000, 0x0000000706a00000| Untracked 
| 107|0x0000000706b00000, 0x0000000706b00000, 0x0000000706c00000|  0%| F|  |TAMS 0x0000000706b00000, 0x0000000706b00000| Untracked 
| 108|0x0000000706c00000, 0x0000000706c00000, 0x0000000706d00000|  0%| F|  |TAMS 0x0000000706c00000, 0x0000000706c00000| Untracked 
| 109|0x0000000706d00000, 0x0000000706d00000, 0x0000000706e00000|  0%| F|  |TAMS 0x0000000706d00000, 0x0000000706d00000| Untracked 
| 110|0x0000000706e00000, 0x0000000706e00000, 0x0000000706f00000|  0%| F|  |TAMS 0x0000000706e00000, 0x0000000706e00000| Untracked 
| 111|0x0000000706f00000, 0x0000000706f00000, 0x0000000707000000|  0%| F|  |TAMS 0x0000000706f00000, 0x0000000706f00000| Untracked 
| 112|0x0000000707000000, 0x0000000707000000, 0x0000000707100000|  0%| F|  |TAMS 0x0000000707000000, 0x0000000707000000| Untracked 
| 113|0x0000000707100000, 0x0000000707100000, 0x0000000707200000|  0%| F|  |TAMS 0x0000000707100000, 0x0000000707100000| Untracked 
| 114|0x0000000707200000, 0x0000000707200000, 0x0000000707300000|  0%| F|  |TAMS 0x0000000707200000, 0x0000000707200000| Untracked 
| 115|0x0000000707300000, 0x0000000707300000, 0x0000000707400000|  0%| F|  |TAMS 0x0000000707300000, 0x0000000707300000| Untracked 
| 116|0x0000000707400000, 0x0000000707500000, 0x0000000707500000|100%| E|  |TAMS 0x0000000707400000, 0x0000000707400000| Complete 
| 117|0x0000000707500000, 0x0000000707600000, 0x0000000707600000|100%| E|CS|TAMS 0x0000000707500000, 0x0000000707500000| Complete 
| 118|0x0000000707600000, 0x0000000707700000, 0x0000000707700000|100%| E|CS|TAMS 0x0000000707600000, 0x0000000707600000| Complete 
| 119|0x0000000707700000, 0x0000000707800000, 0x0000000707800000|100%| E|CS|TAMS 0x0000000707700000, 0x0000000707700000| Complete 
| 120|0x0000000707800000, 0x0000000707900000, 0x0000000707900000|100%| E|CS|TAMS 0x0000000707800000, 0x0000000707800000| Complete 
| 121|0x0000000707900000, 0x0000000707a00000, 0x0000000707a00000|100%| E|CS|TAMS 0x0000000707900000, 0x0000000707900000| Complete 
| 122|0x0000000707a00000, 0x0000000707b00000, 0x0000000707b00000|100%| E|CS|TAMS 0x0000000707a00000, 0x0000000707a00000| Complete 
| 123|0x0000000707b00000, 0x0000000707c00000, 0x0000000707c00000|100%| E|CS|TAMS 0x0000000707b00000, 0x0000000707b00000| Complete 
| 124|0x0000000707c00000, 0x0000000707d00000, 0x0000000707d00000|100%| E|CS|TAMS 0x0000000707c00000, 0x0000000707c00000| Complete 
| 125|0x0000000707d00000, 0x0000000707e00000, 0x0000000707e00000|100%| E|CS|TAMS 0x0000000707d00000, 0x0000000707d00000| Complete 
| 126|0x0000000707e00000, 0x0000000707f00000, 0x0000000707f00000|100%| E|CS|TAMS 0x0000000707e00000, 0x0000000707e00000| Complete 
| 127|0x0000000707f00000, 0x0000000708000000, 0x0000000708000000|100%| E|CS|TAMS 0x0000000707f00000, 0x0000000707f00000| Complete 

Card table byte_map: [0x0000000127411000,0x0000000127c11000] _byte_map_base: 0x0000000123c11000

Marking Bits (Prev, Next): (CMBitMap*) 0x00007f9a6c839618, (CMBitMap*) 0x00007f9a6c839650
 Prev Bits: [0x0000000128411000, 0x000000012c411000)
 Next Bits: [0x000000012c411000, 0x0000000130411000)

Polling page: 0x000000010469b000

Metaspace:

Usage:
  Non-class:     33.21 MB capacity,    32.90 MB (>99%) used,   258.66 KB ( <1%) free+waste,    54.75 KB ( <1%) overhead. 
      Class:      5.48 MB capacity,     5.35 MB ( 98%) used,   107.57 KB (  2%) free+waste,    23.81 KB ( <1%) overhead. 
       Both:     38.69 MB capacity,    38.26 MB ( 99%) used,   366.23 KB ( <1%) free+waste,    78.56 KB ( <1%) overhead. 

Virtual space:
  Non-class space:       34.00 MB reserved,      33.67 MB (>99%) committed 
      Class space:        1.00 GB reserved,       5.50 MB ( <1%) committed 
             Both:        1.03 GB reserved,      39.17 MB (  4%) committed 

Chunk freelists:
   Non-Class:  344.00 KB
       Class:  18.00 KB
        Both:  362.00 KB

MaxMetaspaceSize: unlimited
CompressedClassSpaceSize: 1.00 GB

CodeHeap 'non-profiled nmethods': size=120032Kb used=2142Kb max_used=2142Kb free=117889Kb
 bounds [0x000000011fed9000, 0x0000000120149000, 0x0000000127411000]
CodeHeap 'profiled nmethods': size=120028Kb used=7434Kb max_used=7434Kb free=112593Kb
 bounds [0x00000001189a2000, 0x00000001190f2000, 0x000000011fed9000]
CodeHeap 'non-nmethods': size=5700Kb used=1167Kb max_used=1222Kb free=4532Kb
 bounds [0x0000000118411000, 0x0000000118681000, 0x00000001189a2000]
 total_blobs=3760 nmethods=3234 adapters=439
 compilation: enabled
              stopped_count=0, restarted_count=0
 full_count=0

Compilation events (20 events):
Event: 13.750 Thread 0x00007f9a6ccc5000 3219       4       java.util.Arrays::fill (21 bytes)
Event: 13.751 Thread 0x00007f9a6ccc5000 nmethod 3219 0x00000001200ee990 code [0x00000001200eeb20, 0x00000001200eebd8]
Event: 13.751 Thread 0x00007f9a6ccc5000 3220       4       org.processmining.framework.plugin.impl.PluginManagerImpl::isParameterAssignable (32 bytes)
Event: 13.752 Thread 0x00007f9a6ccc5000 nmethod 3220 0x00000001200eed10 code [0x00000001200eeea0, 0x00000001200ef018]
Event: 13.754 Thread 0x00007f9a5c809000 3229       3       org.processmining.framework.util.collection.ComparablePair::compareTo (9 bytes)
Event: 13.754 Thread 0x00007f9a5c809000 nmethod 3229 0x00000001190df390 code [0x00000001190df560, 0x00000001190df7a0]
Event: 13.754 Thread 0x00007f9a5c809000 3230       3       org.processmining.framework.util.collection.ComparablePair::compareTo (52 bytes)
Event: 13.754 Thread 0x00007f9a5c809000 nmethod 3230 0x00000001190df890 code [0x00000001190dfac0, 0x00000001190e04b0]
Event: 13.754 Thread 0x00007f9a6ccc5000 3231       4       org.processmining.framework.plugin.impl.PluginDescriptorImpl::equals (28 bytes)
Event: 13.756 Thread 0x00007f9a6ccc5000 nmethod 3231 0x00000001200ef190 code [0x00000001200ef340, 0x00000001200ef5b8]
Event: 13.768 Thread 0x00007f9a5c809000 3233       3       org.processmining.contexts.uitopia.hub.ProMViewManager::registerResourceType (266 bytes)
Event: 13.768 Thread 0x00007f9a6ccc5000 3234       4       org.processmining.framework.plugin.impl.PluginManagerImpl::checkIfRequestedReturnTypeIsPresent (50 bytes)
Event: 13.771 Thread 0x00007f9a5c809000 nmethod 3233 0x00000001190e0690 code [0x00000001190e0a80, 0x00000001190e2eb0]
Event: 13.771 Thread 0x00007f9a5c809000 3232       3       java.util.Arrays::legacyMergeSort (37 bytes)
Event: 13.772 Thread 0x00007f9a5c809000 nmethod 3232 0x00000001190e3790 code [0x00000001190e3980, 0x00000001190e3c20]
Event: 13.786 Thread 0x00007f9a5c809000 3235       3       org.processmining.framework.util.Pair::equals (26 bytes)
Event: 13.786 Thread 0x00007f9a5c809000 nmethod 3235 0x00000001190e3d90 code [0x00000001190e3f60, 0x00000001190e4200]
Event: 13.786 Thread 0x00007f9a5c809000 3236       3       org.processmining.contexts.uitopia.model.ProMViewType::getPrimaryType (28 bytes)
Event: 13.787 Thread 0x00007f9a5c809000 nmethod 3236 0x00000001190e4310 code [0x00000001190e44e0, 0x00000001190e48c0]
Event: 13.789 Thread 0x00007f9a6ccc5000 nmethod 3234 0x00000001200ef790 code [0x00000001200ef980, 0x00000001200f0638]

GC Heap History (20 events):
Event: 9.102 GC heap before
{Heap before GC invocations=14 (full 0):
 garbage-first heap   total 131072K, used 99507K [0x0000000700000000, 0x0000000800000000)
  region size 1024K, 67 young (68608K), 6 survivors (6144K)
 Metaspace       used 33793K, capacity 34237K, committed 34608K, reserved 1079296K
  class space    used 4547K, capacity 4717K, committed 4736K, reserved 1048576K
}
Event: 9.104 GC heap after
{Heap after GC invocations=15 (full 0):
 garbage-first heap   total 131072K, used 39129K [0x0000000700000000, 0x0000000800000000)
  region size 1024K, 7 young (7168K), 7 survivors (7168K)
 Metaspace       used 33793K, capacity 34237K, committed 34608K, reserved 1079296K
  class space    used 4547K, capacity 4717K, committed 4736K, reserved 1048576K
}
Event: 9.671 GC heap before
{Heap before GC invocations=15 (full 0):
 garbage-first heap   total 131072K, used 101593K [0x0000000700000000, 0x0000000800000000)
  region size 1024K, 68 young (69632K), 7 survivors (7168K)
 Metaspace       used 34594K, capacity 35037K, committed 35632K, reserved 1079296K
  class space    used 4702K, capacity 4877K, committed 4992K, reserved 1048576K
}
Event: 9.673 GC heap after
{Heap after GC invocations=16 (full 0):
 garbage-first heap   total 131072K, used 40965K [0x0000000700000000, 0x0000000800000000)
  region size 1024K, 7 young (7168K), 7 survivors (7168K)
 Metaspace       used 34594K, capacity 35037K, committed 35632K, reserved 1079296K
  class space    used 4702K, capacity 4877K, committed 4992K, reserved 1048576K
}
Event: 10.147 GC heap before
{Heap before GC invocations=16 (full 0):
 garbage-first heap   total 131072K, used 90117K [0x0000000700000000, 0x0000000800000000)
  region size 1024K, 57 young (58368K), 7 survivors (7168K)
 Metaspace       used 35065K, capacity 35517K, committed 35888K, reserved 1081344K
  class space    used 4813K, capacity 4973K, committed 4992K, reserved 1048576K
}
Event: 10.149 GC heap after
{Heap after GC invocations=17 (full 0):
 garbage-first heap   total 131072K, used 42173K [0x0000000700000000, 0x0000000800000000)
  region size 1024K, 6 young (6144K), 6 survivors (6144K)
 Metaspace       used 35065K, capacity 35517K, committed 35888K, reserved 1081344K
  class space    used 4813K, capacity 4973K, committed 4992K, reserved 1048576K
}
Event: 10.759 GC heap before
{Heap before GC invocations=18 (full 0):
 garbage-first heap   total 131072K, used 103613K [0x0000000700000000, 0x0000000800000000)
  region size 1024K, 66 young (67584K), 6 survivors (6144K)
 Metaspace       used 35884K, capacity 36314K, committed 36912K, reserved 1081344K
  class space    used 4981K, capacity 5132K, committed 5248K, reserved 1048576K
}
Event: 10.760 GC heap after
{Heap after GC invocations=19 (full 0):
 garbage-first heap   total 131072K, used 42670K [0x0000000700000000, 0x0000000800000000)
  region size 1024K, 4 young (4096K), 4 survivors (4096K)
 Metaspace       used 35884K, capacity 36314K, committed 36912K, reserved 1081344K
  class space    used 4981K, capacity 5132K, committed 5248K, reserved 1048576K
}
Event: 11.366 GC heap before
{Heap before GC invocations=19 (full 0):
 garbage-first heap   total 131072K, used 105134K [0x0000000700000000, 0x0000000800000000)
  region size 1024K, 65 young (66560K), 4 survivors (4096K)
 Metaspace       used 36621K, capacity 37050K, committed 37552K, reserved 1081344K
  class space    used 5145K, capacity 5292K, committed 5376K, reserved 1048576K
}
Event: 11.368 GC heap after
{Heap after GC invocations=20 (full 0):
 garbage-first heap   total 131072K, used 42888K [0x0000000700000000, 0x0000000800000000)
  region size 1024K, 4 young (4096K), 4 survivors (4096K)
 Metaspace       used 36621K, capacity 37050K, committed 37552K, reserved 1081344K
  class space    used 5145K, capacity 5292K, committed 5376K, reserved 1048576K
}
Event: 11.957 GC heap before
{Heap before GC invocations=20 (full 0):
 garbage-first heap   total 131072K, used 107400K [0x0000000700000000, 0x0000000800000000)
  region size 1024K, 67 young (68608K), 4 survivors (4096K)
 Metaspace       used 37381K, capacity 37786K, committed 38448K, reserved 1083392K
  class space    used 5248K, capacity 5388K, committed 5504K, reserved 1048576K
}
Event: 11.959 GC heap after
{Heap after GC invocations=21 (full 0):
 garbage-first heap   total 131072K, used 44262K [0x0000000700000000, 0x0000000800000000)
  region size 1024K, 5 young (5120K), 5 survivors (5120K)
 Metaspace       used 37381K, capacity 37786K, committed 38448K, reserved 1083392K
  class space    used 5248K, capacity 5388K, committed 5504K, reserved 1048576K
}
Event: 12.515 GC heap before
{Heap before GC invocations=21 (full 0):
 garbage-first heap   total 131072K, used 107750K [0x0000000700000000, 0x0000000800000000)
  region size 1024K, 67 young (68608K), 5 survivors (5120K)
 Metaspace       used 37960K, capacity 38426K, committed 39088K, reserved 1083392K
  class space    used 5345K, capacity 5516K, committed 5632K, reserved 1048576K
}
Event: 12.517 GC heap after
{Heap after GC invocations=22 (full 0):
 garbage-first heap   total 131072K, used 47087K [0x0000000700000000, 0x0000000800000000)
  region size 1024K, 7 young (7168K), 7 survivors (7168K)
 Metaspace       used 37960K, capacity 38426K, committed 39088K, reserved 1083392K
  class space    used 5345K, capacity 5516K, committed 5632K, reserved 1048576K
}
Event: 13.218 GC heap before
{Heap before GC invocations=22 (full 0):
 garbage-first heap   total 131072K, used 108527K [0x0000000700000000, 0x0000000800000000)
  region size 1024K, 68 young (69632K), 7 survivors (7168K)
 Metaspace       used 38870K, capacity 39296K, committed 39856K, reserved 1083392K
  class space    used 5467K, capacity 5613K, committed 5632K, reserved 1048576K
}
Event: 13.221 GC heap after
{Heap after GC invocations=23 (full 0):
 garbage-first heap   total 131072K, used 49182K [0x0000000700000000, 0x0000000800000000)
  region size 1024K, 6 young (6144K), 6 survivors (6144K)
 Metaspace       used 38870K, capacity 39296K, committed 39856K, reserved 1083392K
  class space    used 5467K, capacity 5613K, committed 5632K, reserved 1048576K
}
Event: 13.646 GC heap before
{Heap before GC invocations=23 (full 0):
 garbage-first heap   total 131072K, used 109598K [0x0000000700000000, 0x0000000800000000)
  region size 1024K, 65 young (66560K), 6 survivors (6144K)
 Metaspace       used 39163K, capacity 39558K, committed 40112K, reserved 1083392K
  class space    used 5482K, capacity 5614K, committed 5632K, reserved 1048576K
}
Event: 13.650 GC heap after
{Heap after GC invocations=24 (full 0):
 garbage-first heap   total 131072K, used 51375K [0x0000000700000000, 0x0000000800000000)
  region size 1024K, 6 young (6144K), 6 survivors (6144K)
 Metaspace       used 39163K, capacity 39558K, committed 40112K, reserved 1083392K
  class space    used 5482K, capacity 5614K, committed 5632K, reserved 1048576K
}
Event: 13.769 GC heap before
{Heap before GC invocations=24 (full 0):
 garbage-first heap   total 131072K, used 109743K [0x0000000700000000, 0x0000000800000000)
  region size 1024K, 63 young (64512K), 6 survivors (6144K)
 Metaspace       used 39175K, capacity 39622K, committed 40112K, reserved 1083392K
  class space    used 5482K, capacity 5614K, committed 5632K, reserved 1048576K
}
Event: 13.771 GC heap after
{Heap after GC invocations=25 (full 0):
 garbage-first heap   total 131072K, used 51353K [0x0000000700000000, 0x0000000800000000)
  region size 1024K, 4 young (4096K), 4 survivors (4096K)
 Metaspace       used 39175K, capacity 39622K, committed 40112K, reserved 1083392K
  class space    used 5482K, capacity 5614K, committed 5632K, reserved 1048576K
}

Deoptimization events (20 events):
Event: 13.664 Thread 0x00007f9a6d808800 DEOPT PACKING pc=0x00000001190d0a63 sp=0x000000030d0e7de0
Event: 13.664 Thread 0x00007f9a6d808800 DEOPT UNPACKING pc=0x00000001184369ab sp=0x000000030d0e7298 mode 0
Event: 13.673 Thread 0x00007f9a6d808800 DEOPT PACKING pc=0x00000001190d0a63 sp=0x000000030d0e7de0
Event: 13.673 Thread 0x00007f9a6d808800 DEOPT UNPACKING pc=0x00000001184369ab sp=0x000000030d0e7298 mode 0
Event: 13.683 Thread 0x00007f9a6d808800 DEOPT PACKING pc=0x00000001190d0a63 sp=0x000000030d0e7de0
Event: 13.683 Thread 0x00007f9a6d808800 DEOPT UNPACKING pc=0x00000001184369ab sp=0x000000030d0e7298 mode 0
Event: 13.692 Thread 0x00007f9a6d808800 DEOPT PACKING pc=0x00000001190d0a63 sp=0x000000030d0e7de0
Event: 13.692 Thread 0x00007f9a6d808800 DEOPT UNPACKING pc=0x00000001184369ab sp=0x000000030d0e7298 mode 0
Event: 13.701 Thread 0x00007f9a6d808800 DEOPT PACKING pc=0x00000001190d0a63 sp=0x000000030d0e7de0
Event: 13.701 Thread 0x00007f9a6d808800 DEOPT UNPACKING pc=0x00000001184369ab sp=0x000000030d0e7298 mode 0
Event: 13.710 Thread 0x00007f9a6d808800 DEOPT PACKING pc=0x00000001190d0a63 sp=0x000000030d0e7de0
Event: 13.710 Thread 0x00007f9a6d808800 DEOPT UNPACKING pc=0x00000001184369ab sp=0x000000030d0e7298 mode 0
Event: 13.720 Thread 0x00007f9a6d808800 DEOPT PACKING pc=0x00000001190d0a63 sp=0x000000030d0e7de0
Event: 13.720 Thread 0x00007f9a6d808800 DEOPT UNPACKING pc=0x00000001184369ab sp=0x000000030d0e7298 mode 0
Event: 13.729 Thread 0x00007f9a6d808800 DEOPT PACKING pc=0x00000001190d0a63 sp=0x000000030d0e7de0
Event: 13.729 Thread 0x00007f9a6d808800 DEOPT UNPACKING pc=0x00000001184369ab sp=0x000000030d0e7298 mode 0
Event: 13.740 Thread 0x00007f9a6d808800 DEOPT PACKING pc=0x00000001190d0a63 sp=0x000000030d0e7de0
Event: 13.740 Thread 0x00007f9a6d808800 DEOPT UNPACKING pc=0x00000001184369ab sp=0x000000030d0e7298 mode 0
Event: 13.749 Thread 0x00007f9a6d808800 DEOPT PACKING pc=0x00000001190d0a63 sp=0x000000030d0e7de0
Event: 13.749 Thread 0x00007f9a6d808800 DEOPT UNPACKING pc=0x00000001184369ab sp=0x000000030d0e7298 mode 0

Classes redefined (0 events):
No events

Internal exceptions (20 events):
Event: 3.140 Thread 0x00007f9a6ceed800 Exception <a 'java/security/PrivilegedActionException'{0x000000070488c4e8}> (0x000000070488c4e8) thrown at [./src/hotspot/share/prims/jvm.cpp, line 1306]
Event: 3.140 Thread 0x00007f9a6ceed800 Exception <a 'java/security/PrivilegedActionException'{0x000000070488cf68}> (0x000000070488cf68) thrown at [./src/hotspot/share/prims/jvm.cpp, line 1306]
Event: 3.140 Thread 0x00007f9a6ceed800 Exception <a 'java/security/PrivilegedActionException'{0x000000070488d238}> (0x000000070488d238) thrown at [./src/hotspot/share/prims/jvm.cpp, line 1306]
Event: 3.140 Thread 0x00007f9a6ceed800 Exception <a 'java/security/PrivilegedActionException'{0x000000070488dcc8}> (0x000000070488dcc8) thrown at [./src/hotspot/share/prims/jvm.cpp, line 1306]
Event: 3.140 Thread 0x00007f9a6ceed800 Exception <a 'java/security/PrivilegedActionException'{0x000000070488df98}> (0x000000070488df98) thrown at [./src/hotspot/share/prims/jvm.cpp, line 1306]
Event: 3.140 Thread 0x00007f9a6ceed800 Exception <a 'java/security/PrivilegedActionException'{0x000000070488ea18}> (0x000000070488ea18) thrown at [./src/hotspot/share/prims/jvm.cpp, line 1306]
Event: 3.140 Thread 0x00007f9a6ceed800 Exception <a 'java/security/PrivilegedActionException'{0x000000070488ece8}> (0x000000070488ece8) thrown at [./src/hotspot/share/prims/jvm.cpp, line 1306]
Event: 3.149 Thread 0x00007f9a6ccf4000 Exception <a 'java/security/PrivilegedActionException'{0x0000000704715ee0}> (0x0000000704715ee0) thrown at [./src/hotspot/share/prims/jvm.cpp, line 1306]
Event: 3.149 Thread 0x00007f9a6ccf4000 Exception <a 'java/security/PrivilegedActionException'{0x00000007047161b0}> (0x00000007047161b0) thrown at [./src/hotspot/share/prims/jvm.cpp, line 1306]
Event: 3.480 Thread 0x00007f9a6ceed800 Exception <a 'java/lang/ClassNotFoundException'{0x0000000707ca1090}: sun/awt/resources/spi/awtProvider> (0x0000000707ca1090) thrown at [./src/hotspot/share/classfile/systemDictionary.cpp, line 231]
Event: 3.508 Thread 0x00007f9a6ceed800 Exception <a 'java/io/FileNotFoundException'{0x0000000707cebc48}> (0x0000000707cebc48) thrown at [./src/hotspot/share/prims/jni.cpp, line 615]
Event: 3.508 Thread 0x00007f9a6ceed800 Exception <a 'java/io/FileNotFoundException'{0x0000000707cef770}> (0x0000000707cef770) thrown at [./src/hotspot/share/prims/jni.cpp, line 615]
Event: 3.617 Thread 0x00007f9a6ceed800 Exception <a 'java/lang/ClassNotFoundException'{0x0000000707f265e8}: sun/awt/resources/spi/awtosxProvider> (0x0000000707f265e8) thrown at [./src/hotspot/share/classfile/systemDictionary.cpp, line 231]
Event: 3.647 Thread 0x00007f9a6ceed800 Exception <a 'java/lang/NoSuchMethodError'{0x0000000707f91730}: 'java.lang.Object java.lang.invoke.DirectMethodHandle$Holder.invokeStatic(java.lang.Object, java.lang.Object, java.lang.Object, java.lang.Object, java.lang.Object, java.lang.Object, java.lang.Object, java.lang.Object, int)'> (0x0000000707f91730) thrown at [./src/hotspot/share/interpreter/linkResolver.cpp, line 773]
Event: 3.651 Thread 0x00007f9a6ceed800 Exception <a 'java/lang/NoSuchMethodError'{0x0000000707fab8e8}: 'java.lang.Object java.lang.invoke.DirectMethodHandle$Holder.invokeStatic(java.lang.Object, java.lang.Object, java.lang.Object, java.lang.Object, java.lang.Object, java.lang.Object, java.lang.Object, java.lang.Object, int, int)'> (0x0000000707fab8e8) thrown at [./src/hotspot/share/interpreter/linkResolver.cpp, line 773]
Event: 6.966 Thread 0x00007f9a5ce10000 Exception <a 'java/security/PrivilegedActionException'{0x0000000707965750}> (0x0000000707965750) thrown at [./src/hotspot/share/prims/jvm.cpp, line 1306]
Event: 6.966 Thread 0x00007f9a5ce10000 Exception <a 'java/security/PrivilegedActionException'{0x0000000707965a20}> (0x0000000707965a20) thrown at [./src/hotspot/share/prims/jvm.cpp, line 1306]
Event: 8.838 Thread 0x00007f9a0caf4800 Exception <a 'java/security/PrivilegedActionException'{0x0000000705e20db8}> (0x0000000705e20db8) thrown at [./src/hotspot/share/prims/jvm.cpp, line 1306]
Event: 8.838 Thread 0x00007f9a0caf4800 Exception <a 'java/security/PrivilegedActionException'{0x0000000705e21088}> (0x0000000705e21088) thrown at [./src/hotspot/share/prims/jvm.cpp, line 1306]
Event: 12.943 Thread 0x00007f9a6d808800 Implicit null exception at 0x000000012001ef09 to 0x000000012001f634

Events (20 events):
Event: 13.659 Executing VM operation: RevokeBias
Event: 13.659 Executing VM operation: RevokeBias done
Event: 13.660 Executing VM operation: RevokeBias
Event: 13.660 Executing VM operation: RevokeBias done
Event: 13.660 Executing VM operation: RevokeBias
Event: 13.660 Executing VM operation: RevokeBias done
Event: 13.661 Executing VM operation: RevokeBias
Event: 13.661 Executing VM operation: RevokeBias done
Event: 13.661 Executing VM operation: RevokeBias
Event: 13.661 Executing VM operation: RevokeBias done
Event: 13.662 Executing VM operation: RevokeBias
Event: 13.662 Executing VM operation: RevokeBias done
Event: 13.662 Executing VM operation: RevokeBias
Event: 13.662 Executing VM operation: RevokeBias done
Event: 13.662 Executing VM operation: RevokeBias
Event: 13.662 Executing VM operation: RevokeBias done
Event: 13.663 Executing VM operation: BulkRevokeBias
Event: 13.663 Executing VM operation: BulkRevokeBias done
Event: 13.769 Executing VM operation: G1CollectForAllocation
Event: 13.771 Executing VM operation: G1CollectForAllocation done


Dynamic libraries:
0x000000010ccca000 	/Library/Java/JavaVirtualMachines/adoptopenjdk-11.jdk/Contents/Home/lib/jli/libjli.dylib
0x00007ff834390000 	/System/Library/Frameworks/Cocoa.framework/Versions/A/Cocoa
0x00007ff81fa7c000 	/System/Library/Frameworks/AppKit.framework/Versions/C/AppKit
0x00007ff822fed000 	/System/Library/Frameworks/CoreData.framework/Versions/A/CoreData
0x00007ff81de80000 	/System/Library/Frameworks/Foundation.framework/Versions/C/Foundation
0x00007ff828267000 	/usr/lib/libSystem.B.dylib
0x00007ff82090b000 	/System/Library/PrivateFrameworks/UIFoundation.framework/Versions/A/UIFoundation
0x00007ff82e294000 	/System/Library/PrivateFrameworks/RemoteViewServices.framework/Versions/A/RemoteViewServices
0x00007ff826533000 	/System/Library/PrivateFrameworks/XCTTargetBootstrap.framework/Versions/A/XCTTargetBootstrap
0x00007ff82a12c000 	/System/Library/PrivateFrameworks/InternationalSupport.framework/Versions/A/InternationalSupport
0x00007ff82a1b6000 	/System/Library/PrivateFrameworks/UserActivity.framework/Versions/A/UserActivity
0x00007ff829510000 	/usr/lib/libspindump.dylib
0x00007ff820b99000 	/System/Library/Frameworks/UniformTypeIdentifiers.framework/Versions/A/UniformTypeIdentifiers
0x00007ff824c5b000 	/usr/lib/libapp_launch_measurement.dylib
0x00007ff8239ce000 	/System/Library/PrivateFrameworks/CoreAnalytics.framework/Versions/A/CoreAnalytics
0x00007ff824c5e000 	/System/Library/PrivateFrameworks/CoreAutoLayout.framework/Versions/A/CoreAutoLayout
0x00007ff825e8d000 	/System/Library/Frameworks/Metal.framework/Versions/A/Metal
0x00007ff826bb9000 	/usr/lib/liblangid.dylib
0x00007ff826538000 	/System/Library/PrivateFrameworks/CoreSVG.framework/Versions/A/CoreSVG
0x00007ff821f84000 	/System/Library/PrivateFrameworks/SkyLight.framework/Versions/A/SkyLight
0x00007ff822322000 	/System/Library/Frameworks/CoreGraphics.framework/Versions/A/CoreGraphics
0x00007ff82e954000 	/System/Library/Frameworks/Accelerate.framework/Versions/A/Accelerate
0x00007ff828f8f000 	/System/Library/PrivateFrameworks/IconServices.framework/Versions/A/IconServices
0x00007ff825e72000 	/System/Library/Frameworks/IOSurface.framework/Versions/A/IOSurface
0x00007ff8239fc000 	/usr/lib/libDiagnosticMessagesClient.dylib
0x00007ff828181000 	/usr/lib/libz.1.dylib
0x00007ff832034000 	/System/Library/Frameworks/ApplicationServices.framework/Versions/A/ApplicationServices
0x00007ff82651f000 	/System/Library/PrivateFrameworks/DFRFoundation.framework/Versions/A/DFRFoundation
0x00007ff81f364000 	/usr/lib/libicucore.A.dylib
0x00007ff82af21000 	/System/Library/Frameworks/AudioToolbox.framework/Versions/A/AudioToolbox
0x00007ff82a138000 	/System/Library/PrivateFrameworks/DataDetectorsCore.framework/Versions/A/DataDetectorsCore
0x00007ff926230000 	/System/Library/PrivateFrameworks/TextInput.framework/Versions/A/TextInput
0x00007ff821f07000 	/usr/lib/libMobileGestalt.dylib
0x00007ff82622b000 	/System/Library/Frameworks/Carbon.framework/Versions/A/Frameworks/HIToolbox.framework/Versions/A/HIToolbox
0x00007ff824661000 	/System/Library/Frameworks/QuartzCore.framework/Versions/A/QuartzCore
0x00007ff81f009000 	/System/Library/Frameworks/Security.framework/Versions/A/Security
0x00007ff82e2cc000 	/System/Library/Frameworks/Carbon.framework/Versions/A/Frameworks/SpeechRecognition.framework/Versions/A/SpeechRecognition
0x00007ff8249bb000 	/System/Library/PrivateFrameworks/CoreUI.framework/Versions/A/CoreUI
0x00007ff81e8d4000 	/System/Library/Frameworks/CoreAudio.framework/Versions/A/CoreAudio
0x00007ff823aeb000 	/System/Library/Frameworks/DiskArbitration.framework/Versions/A/DiskArbitration
0x00007ff8298fc000 	/System/Library/PrivateFrameworks/MultitouchSupport.framework/Versions/A/MultitouchSupport
0x00007ff821f06000 	/usr/lib/libenergytrace.dylib
0x00007ff81f968000 	/System/Library/Frameworks/IOKit.framework/Versions/A/IOKit
0x00007ff82e6bc000 	/System/Library/Frameworks/CoreServices.framework/Versions/A/CoreServices
0x00007ff824bf5000 	/System/Library/PrivateFrameworks/PerformanceAnalysis.framework/Versions/A/PerformanceAnalysis
0x00007ffa35e61000 	/System/Library/Frameworks/OpenGL.framework/Versions/A/OpenGL
0x00007ff82779d000 	/System/Library/PrivateFrameworks/MobileKeyBag.framework/Versions/A/MobileKeyBag
0x00007ff81cf0e000 	/usr/lib/libobjc.A.dylib
0x00007ff822a4c000 	/System/Library/Frameworks/ColorSync.framework/Versions/A/ColorSync
0x00007ff81d0c8000 	/System/Library/Frameworks/CoreFoundation.framework/Versions/A/CoreFoundation
0x00007ff8267af000 	/System/Library/Frameworks/CoreImage.framework/Versions/A/CoreImage
0x00007ff81e6e8000 	/System/Library/Frameworks/CoreText.framework/Versions/A/CoreText
0x00007ff826568000 	/System/Library/Frameworks/ImageIO.framework/Versions/A/ImageIO
0x00007ff82826d000 	/System/Library/PrivateFrameworks/SoftLinking.framework/Versions/A/SoftLinking
0x00007ff824ca6000 	/usr/lib/libxml2.2.dylib
0x00007ff81cfd4000 	/usr/lib/libc++.1.dylib
0x00007ff8284ee000 	/usr/lib/libcompression.dylib
0x00007ff82a05f000 	/System/Library/PrivateFrameworks/TextureIO.framework/Versions/A/TextureIO
0x00007ff828c08000 	/usr/lib/libate.dylib
0x00007ff828262000 	/usr/lib/system/libcache.dylib
0x00007ff82821e000 	/usr/lib/system/libcommonCrypto.dylib
0x00007ff828247000 	/usr/lib/system/libcompiler_rt.dylib
0x00007ff82823d000 	/usr/lib/system/libcopyfile.dylib
0x00007ff81ce09000 	/usr/lib/system/libcorecrypto.dylib
0x00007ff81cec7000 	/usr/lib/system/libdispatch.dylib
0x00007ff81d087000 	/usr/lib/system/libdyld.dylib
0x00007ff828259000 	/usr/lib/system/libkeymgr.dylib
0x00007ff8281fc000 	/usr/lib/system/libmacho.dylib
0x00007ff827877000 	/usr/lib/system/libquarantine.dylib
0x00007ff828257000 	/usr/lib/system/libremovefile.dylib
0x00007ff821f54000 	/usr/lib/system/libsystem_asl.dylib
0x00007ff81cdb2000 	/usr/lib/system/libsystem_blocks.dylib
0x00007ff81cf4b000 	/usr/lib/system/libsystem_c.dylib
0x00007ff82824f000 	/usr/lib/system/libsystem_collections.dylib
0x00007ff826ba9000 	/usr/lib/system/libsystem_configuration.dylib
0x00007ff825e55000 	/usr/lib/system/libsystem_containermanager.dylib
0x00007ff827f2e000 	/usr/lib/system/libsystem_coreservices.dylib
0x00007ff81f5f8000 	/usr/lib/system/libsystem_darwin.dylib
0x00007ff82825a000 	/usr/lib/system/libsystem_dnssd.dylib
0x00007ff81cf48000 	/usr/lib/system/libsystem_featureflags.dylib
0x00007ff81d09d000 	/usr/lib/system/libsystem_info.dylib
0x00007ff828194000 	/usr/lib/system/libsystem_m.dylib
0x00007ff81ce9b000 	/usr/lib/system/libsystem_malloc.dylib
0x00007ff821eef000 	/usr/lib/system/libsystem_networkextension.dylib
0x00007ff81fa1e000 	/usr/lib/system/libsystem_notify.dylib
0x00007ff82e591000 	/usr/lib/system/libsystem_product_info_filter.dylib
0x00007ff826bad000 	/usr/lib/system/libsystem_sandbox.dylib
0x00007ff828254000 	/usr/lib/system/libsystem_secinit.dylib
0x00007ff81d043000 	/usr/lib/system/libsystem_kernel.dylib
0x00007ff81d093000 	/usr/lib/system/libsystem_platform.dylib
0x00007ff81d07b000 	/usr/lib/system/libsystem_pthread.dylib
0x00007ff82380e000 	/usr/lib/system/libsystem_symptoms.dylib
0x00007ff81cdf0000 	/usr/lib/system/libsystem_trace.dylib
0x00007ff82822a000 	/usr/lib/system/libunwind.dylib
0x00007ff81cdb4000 	/usr/lib/system/libxpc.dylib
0x00007ff81d02d000 	/usr/lib/libc++abi.dylib
0x00007ff828235000 	/usr/lib/liboah.dylib
0x00007ff8289c6000 	/usr/lib/liblzma.5.dylib
0x00007ff81db8f000 	/System/Library/Frameworks/SystemConfiguration.framework/Versions/A/SystemConfiguration
0x00007ff828269000 	/usr/lib/libfakelink.dylib
0x00007ff821a60000 	/System/Library/Frameworks/CFNetwork.framework/Versions/A/CFNetwork
0x00007ff8283aa000 	/usr/lib/libarchive.2.dylib
0x00007ff826bb5000 	/System/Library/PrivateFrameworks/AppleSystemInfo.framework/Versions/A/AppleSystemInfo
0x00007ff82789e000 	/usr/lib/libbsm.0.dylib
0x00007ff82106f000 	/usr/lib/libnetwork.dylib
0x00007ff828202000 	/usr/lib/system/libkxld.dylib
0x00007ff8274d1000 	/System/Library/PrivateFrameworks/IOMobileFramebuffer.framework/Versions/A/IOMobileFramebuffer
0x00007ffb35225000 	/usr/lib/libCoreEntitlements.dylib
0x00007ff827f10000 	/System/Library/PrivateFrameworks/AppleFSCompression.framework/Versions/A/AppleFSCompression
0x00007ff827886000 	/usr/lib/libcoretls.dylib
0x00007ff8289e0000 	/usr/lib/libcoretls_cfhelpers.dylib
0x00007ff8284e9000 	/usr/lib/libpam.2.dylib
0x00007ff823431000 	/usr/lib/libsqlite3.dylib
0x00007ff828a4f000 	/usr/lib/libxar.1.dylib
0x00007ff827f20000 	/usr/lib/libbz2.1.0.dylib
0x00007ff82826e000 	/usr/lib/libpcap.A.dylib
0x00007ff823806000 	/usr/lib/libdns_services.dylib
0x00007ff8284bc000 	/usr/lib/libapple_nghttp2.dylib
0x00007ff8282a8000 	/usr/lib/libiconv.2.dylib
0x00007ff8281fb000 	/usr/lib/libcharset.1.dylib
0x00007ff824c29000 	/System/Library/Frameworks/CoreServices.framework/Versions/A/Frameworks/FSEvents.framework/Versions/A/FSEvents
0x00007ff81f602000 	/System/Library/Frameworks/CoreServices.framework/Versions/A/Frameworks/CarbonCore.framework/Versions/A/CarbonCore
0x00007ff823a4f000 	/System/Library/Frameworks/CoreServices.framework/Versions/A/Frameworks/Metadata.framework/Versions/A/Metadata
0x00007ff827f33000 	/System/Library/Frameworks/CoreServices.framework/Versions/A/Frameworks/OSServices.framework/Versions/A/OSServices
0x00007ff828431000 	/System/Library/Frameworks/CoreServices.framework/Versions/A/Frameworks/SearchKit.framework/Versions/A/SearchKit
0x00007ff823799000 	/System/Library/Frameworks/CoreServices.framework/Versions/A/Frameworks/AE.framework/Versions/A/AE
0x00007ff81d5c9000 	/System/Library/Frameworks/CoreServices.framework/Versions/A/Frameworks/LaunchServices.framework/Versions/A/LaunchServices
0x00007ff828977000 	/System/Library/Frameworks/CoreServices.framework/Versions/A/Frameworks/DictionaryServices.framework/Versions/A/DictionaryServices
0x00007ff824c36000 	/System/Library/Frameworks/CoreServices.framework/Versions/A/Frameworks/SharedFileList.framework/Versions/A/SharedFileList
0x00007ff82787a000 	/usr/lib/libCheckFix.dylib
0x00007ff821f6b000 	/System/Library/PrivateFrameworks/TCC.framework/Versions/A/TCC
0x00007ff826bbb000 	/System/Library/PrivateFrameworks/CoreNLP.framework/Versions/A/CoreNLP
0x00007ff8239ff000 	/System/Library/PrivateFrameworks/MetadataUtilities.framework/Versions/A/MetadataUtilities
0x00007ff81dc43000 	/usr/lib/libmecabra.dylib
0x00007ff8278ae000 	/usr/lib/libmecab.dylib
0x00007ff81dc0e000 	/usr/lib/libCRFSuite.dylib
0x00007ff827908000 	/usr/lib/libgermantok.dylib
0x00007ff828497000 	/usr/lib/libThaiTokenizer.dylib
0x00007ff823af2000 	/System/Library/Frameworks/Accelerate.framework/Versions/A/Frameworks/vImage.framework/Versions/A/vImage
0x00007ff82e693000 	/System/Library/Frameworks/Accelerate.framework/Versions/A/Frameworks/vecLib.framework/Versions/A/vecLib
0x00007ff828a90000 	/System/Library/Frameworks/Accelerate.framework/Versions/A/Frameworks/vecLib.framework/Versions/A/libvMisc.dylib
0x00007ff8272d0000 	/System/Library/Frameworks/Accelerate.framework/Versions/A/Frameworks/vecLib.framework/Versions/A/libvDSP.dylib
0x00007ff81d947000 	/System/Library/Frameworks/Accelerate.framework/Versions/A/Frameworks/vecLib.framework/Versions/A/libBLAS.dylib
0x00007ff8285cc000 	/System/Library/Frameworks/Accelerate.framework/Versions/A/Frameworks/vecLib.framework/Versions/A/libLAPACK.dylib
0x00007ff82790b000 	/System/Library/Frameworks/Accelerate.framework/Versions/A/Frameworks/vecLib.framework/Versions/A/libLinearAlgebra.dylib
0x00007ff8284d4000 	/System/Library/Frameworks/Accelerate.framework/Versions/A/Frameworks/vecLib.framework/Versions/A/libSparseBLAS.dylib
0x00007ff8285c6000 	/System/Library/Frameworks/Accelerate.framework/Versions/A/Frameworks/vecLib.framework/Versions/A/libQuadrature.dylib
0x00007ff826ca6000 	/System/Library/Frameworks/Accelerate.framework/Versions/A/Frameworks/vecLib.framework/Versions/A/libBNNS.dylib
0x00007ff81db19000 	/System/Library/Frameworks/Accelerate.framework/Versions/A/Frameworks/vecLib.framework/Versions/A/libSparse.dylib
0x00007ff826c9f000 	/System/Library/PrivateFrameworks/LinguisticData.framework/Versions/A/LinguisticData
0x00007ff81dacf000 	/System/Library/PrivateFrameworks/Lexicon.framework/Versions/A/Lexicon
0x00007ff828a89000 	/usr/lib/libChineseTokenizer.dylib
0x00007ff81e23d000 	/System/Library/PrivateFrameworks/LanguageModeling.framework/Versions/A/LanguageModeling
0x00007ff828499000 	/System/Library/PrivateFrameworks/AppleSauce.framework/Versions/A/AppleSauce
0x00007ff8274bf000 	/System/Library/PrivateFrameworks/CoreEmoji.framework/Versions/A/CoreEmoji
0x00007ff828399000 	/usr/lib/libcmph.dylib
0x00007ff824c0d000 	/System/Library/Frameworks/OpenDirectory.framework/Versions/A/Frameworks/CFOpenDirectory.framework/Versions/A/CFOpenDirectory
0x00007ff824c01000 	/System/Library/Frameworks/OpenDirectory.framework/Versions/A/OpenDirectory
0x00007ff8289e2000 	/System/Library/PrivateFrameworks/APFS.framework/Versions/A/APFS
0x00007ff8277d5000 	/System/Library/Frameworks/SecurityFoundation.framework/Versions/A/SecurityFoundation
0x00007ff828a5d000 	/usr/lib/libutil.dylib
0x00007ff81f92c000 	/System/Library/PrivateFrameworks/CoreServicesStore.framework/Versions/A/CoreServicesStore
0x00007ff828a61000 	/usr/lib/libxslt.1.dylib
0x00007ff827862000 	/System/Library/PrivateFrameworks/BackgroundTaskManagement.framework/Versions/A/BackgroundTaskManagement
0x00007ff829f80000 	/System/Library/Frameworks/ImageIO.framework/Versions/A/Resources/libRadiance.dylib
0x00007ff829f89000 	/System/Library/Frameworks/ImageIO.framework/Versions/A/Resources/libJPEG.dylib
0x00007ff829edb000 	/System/Library/Frameworks/ImageIO.framework/Versions/A/Resources/libPng.dylib
0x00007ff829efc000 	/System/Library/Frameworks/ImageIO.framework/Versions/A/Resources/libTIFF.dylib
0x00007ff829fe8000 	/System/Library/Frameworks/ImageIO.framework/Versions/A/Resources/libGIF.dylib
0x00007ff829818000 	/System/Library/Frameworks/ImageIO.framework/Versions/A/Resources/libJP2.dylib
0x00007ff828f56000 	/usr/lib/libexpat.1.dylib
0x00007ff8297cd000 	/System/Library/PrivateFrameworks/AppleJPEG.framework/Versions/A/AppleJPEG
0x00007ff8260ef000 	/System/Library/PrivateFrameworks/FontServices.framework/libFontParser.dylib
0x00007ff823743000 	/System/Library/PrivateFrameworks/RunningBoardServices.framework/Versions/A/RunningBoardServices
0x00007ff83494b000 	/System/Library/PrivateFrameworks/IOSurfaceAccelerator.framework/Versions/A/IOSurfaceAccelerator
0x00007ff8298f8000 	/System/Library/PrivateFrameworks/WatchdogClient.framework/Versions/A/WatchdogClient
0x00007ff81e32b000 	/System/Library/Frameworks/CoreDisplay.framework/Versions/A/CoreDisplay
0x00007ff825fed000 	/System/Library/Frameworks/CoreMedia.framework/Versions/A/CoreMedia
0x00007ff825e84000 	/System/Library/PrivateFrameworks/IOAccelerator.framework/Versions/A/IOAccelerator
0x00007ff824d8a000 	/System/Library/Frameworks/CoreVideo.framework/Versions/A/CoreVideo
0x00007ff8284e7000 	/System/Library/Frameworks/MetalPerformanceShaders.framework/Versions/A/MetalPerformanceShaders
0x00007ff829935000 	/System/Library/Frameworks/VideoToolbox.framework/Versions/A/VideoToolbox
0x00007ff82368d000 	/System/Library/PrivateFrameworks/BaseBoard.framework/Versions/A/BaseBoard
0x00007ff823417000 	/System/Library/PrivateFrameworks/ProtocolBuffer.framework/Versions/A/ProtocolBuffer
0x00007ff829f79000 	/System/Library/PrivateFrameworks/GPUWrangler.framework/Versions/A/GPUWrangler
0x00007ff829f5d000 	/System/Library/PrivateFrameworks/IOPresentment.framework/Versions/A/IOPresentment
0x00007ff829f83000 	/System/Library/PrivateFrameworks/DSExternalDisplay.framework/Versions/A/DSExternalDisplay
0x00007ffa35e55000 	/System/Library/Frameworks/OpenGL.framework/Versions/A/Libraries/libCoreFSCache.dylib
0x00007ffb22949000 	/System/Library/PrivateFrameworks/GPUCompiler.framework/Versions/31001/Libraries/libGPUCompilerUtils.dylib
0x00007ff829fed000 	/System/Library/PrivateFrameworks/CMCaptureCore.framework/Versions/A/CMCaptureCore
0x00007ff8294fe000 	/System/Library/PrivateFrameworks/AppServerSupport.framework/Versions/A/AppServerSupport
0x00007ff82b7b9000 	/System/Library/PrivateFrameworks/perfdata.framework/Versions/A/perfdata
0x00007ff81e457000 	/System/Library/PrivateFrameworks/AudioToolboxCore.framework/Versions/A/AudioToolboxCore
0x00007ff825fcb000 	/System/Library/PrivateFrameworks/caulk.framework/Versions/A/caulk
0x00007ff82b0cb000 	/usr/lib/libAudioStatistics.dylib
0x00007ff9229d3000 	/System/Library/PrivateFrameworks/SystemPolicy.framework/Versions/A/SystemPolicy
0x00007ff82b326000 	/usr/lib/libSMC.dylib
0x00007ff834243000 	/System/Library/Frameworks/CoreMIDI.framework/Versions/A/CoreMIDI
0x00007ff829eaa000 	/usr/lib/libAudioToolboxUtility.dylib
0x00007ff91ec08000 	/System/Library/PrivateFrameworks/OSAServicesClient.framework/Versions/A/OSAServicesClient
0x00007ff82b7c6000 	/usr/lib/libperfcheck.dylib
0x00007ff92347d000 	/usr/lib/libmis.dylib
0x00007ffa35eb0000 	/System/Library/Frameworks/OpenGL.framework/Versions/A/Libraries/libGLU.dylib
0x00007ffa35e74000 	/System/Library/Frameworks/OpenGL.framework/Versions/A/Libraries/libGFXShared.dylib
0x00007ffa3607d000 	/System/Library/Frameworks/OpenGL.framework/Versions/A/Libraries/libGL.dylib
0x00007ffa35e7d000 	/System/Library/Frameworks/OpenGL.framework/Versions/A/Libraries/libGLImage.dylib
0x00007ffa35e71000 	/System/Library/Frameworks/OpenGL.framework/Versions/A/Libraries/libCVMSPluginSupport.dylib
0x00007ffa35e5c000 	/System/Library/Frameworks/OpenGL.framework/Versions/A/Libraries/libCoreVMClient.dylib
0x00007ff826b37000 	/System/Library/Frameworks/MetalPerformanceShaders.framework/Versions/A/Frameworks/MPSCore.framework/Versions/A/MPSCore
0x00007ff827e7b000 	/System/Library/Frameworks/MetalPerformanceShaders.framework/Versions/A/Frameworks/MPSImage.framework/Versions/A/MPSImage
0x00007ff827921000 	/System/Library/Frameworks/MetalPerformanceShaders.framework/Versions/A/Frameworks/MPSNeuralNetwork.framework/Versions/A/MPSNeuralNetwork
0x00007ff827d95000 	/System/Library/Frameworks/MetalPerformanceShaders.framework/Versions/A/Frameworks/MPSMatrix.framework/Versions/A/MPSMatrix
0x00007ff827b50000 	/System/Library/Frameworks/MetalPerformanceShaders.framework/Versions/A/Frameworks/MPSRayIntersector.framework/Versions/A/MPSRayIntersector
0x00007ff827dcd000 	/System/Library/Frameworks/MetalPerformanceShaders.framework/Versions/A/Frameworks/MPSNDArray.framework/Versions/A/MPSNDArray
0x00007ffa3b077000 	/System/Library/Frameworks/MetalPerformanceShaders.framework/Versions/A/Frameworks/MPSFunctions.framework/Versions/A/MPSFunctions
0x00007ff81d820000 	/System/Library/PrivateFrameworks/MetalTools.framework/Versions/A/MetalTools
0x00007ff826bb3000 	/System/Library/PrivateFrameworks/AggregateDictionary.framework/Versions/A/AggregateDictionary
0x00007ff828d38000 	/usr/lib/libIOReport.dylib
0x00007ffa3748c000 	/System/Library/Frameworks/OpenCL.framework/Versions/A/OpenCL
0x00007ff82909c000 	/System/Library/PrivateFrameworks/FaceCore.framework/Versions/A/FaceCore
0x00007ff82908d000 	/System/Library/PrivateFrameworks/GraphVisualizer.framework/Versions/A/GraphVisualizer
0x00007ffb22854000 	/System/Library/PrivateFrameworks/FontServices.framework/Versions/A/FontServices
0x00007ff8294b6000 	/System/Library/PrivateFrameworks/OTSVG.framework/Versions/A/OTSVG
0x00007ff824971000 	/System/Library/Frameworks/ApplicationServices.framework/Versions/A/Frameworks/ATS.framework/Versions/A/Resources/libFontRegistry.dylib
0x00007ff829506000 	/System/Library/PrivateFrameworks/FontServices.framework/libhvf.dylib
0x00007ffb22855000 	/System/Library/PrivateFrameworks/FontServices.framework/libXTFontStaticRegistryData.dylib
0x00007ff828f06000 	/System/Library/PrivateFrameworks/AppleVA.framework/Versions/A/AppleVA
0x00007ff82b0eb000 	/System/Library/Frameworks/ApplicationServices.framework/Versions/A/Frameworks/ATS.framework/Versions/A/ATS
0x00007ff822b4a000 	/System/Library/Frameworks/ApplicationServices.framework/Versions/A/Frameworks/HIServices.framework/Versions/A/HIServices
0x00007ff829ff7000 	/System/Library/Frameworks/ApplicationServices.framework/Versions/A/Frameworks/PrintCore.framework/Versions/A/PrintCore
0x00007ff82b479000 	/System/Library/Frameworks/ApplicationServices.framework/Versions/A/Frameworks/QD.framework/Versions/A/QD
0x00007ff82b471000 	/System/Library/Frameworks/ApplicationServices.framework/Versions/A/Frameworks/ColorSyncLegacy.framework/Versions/A/ColorSyncLegacy
0x00007ff82b0db000 	/System/Library/Frameworks/ApplicationServices.framework/Versions/A/Frameworks/SpeechSynthesis.framework/Versions/A/SpeechSynthesis
0x00007ff829fb8000 	/System/Library/Frameworks/ApplicationServices.framework/Versions/A/Frameworks/ATSUI.framework/Versions/A/ATSUI
0x00007ff82b406000 	/usr/lib/libcups.2.dylib
0x00007ff82b7d5000 	/System/Library/Frameworks/Kerberos.framework/Versions/A/Kerberos
0x00007ff82b7e4000 	/System/Library/Frameworks/GSS.framework/Versions/A/GSS
0x00007ff82b157000 	/usr/lib/libresolv.9.dylib
0x00007ff829515000 	/System/Library/PrivateFrameworks/Heimdal.framework/Versions/A/Heimdal
0x00007ff8323c6000 	/System/Library/Frameworks/Kerberos.framework/Versions/A/Libraries/libHeimdalProxy.dylib
0x00007ff823816000 	/System/Library/Frameworks/Network.framework/Versions/A/Network
0x00007ff828f70000 	/usr/lib/libheimdal-asn1.dylib
0x00007ff82b82f000 	/System/Library/PrivateFrameworks/CommonAuth.framework/Versions/A/CommonAuth
0x00007ff82b05d000 	/System/Library/PrivateFrameworks/AudioSession.framework/Versions/A/AudioSession
0x00007ff829000000 	/System/Library/PrivateFrameworks/MediaExperience.framework/Versions/A/MediaExperience
0x00007ff82aef0000 	/System/Library/PrivateFrameworks/AudioSession.framework/libSessionUtility.dylib
0x00007ff82b485000 	/System/Library/PrivateFrameworks/AudioResourceArbitration.framework/Versions/A/AudioResourceArbitration
0x00007ff82f506000 	/System/Library/PrivateFrameworks/PowerLog.framework/Versions/A/PowerLog
0x00007ff828f79000 	/System/Library/PrivateFrameworks/IconFoundation.framework/Versions/A/IconFoundation
0x00007ff82e2bc000 	/System/Library/PrivateFrameworks/SpeechRecognitionCore.framework/Versions/A/SpeechRecognitionCore
0x000000010dac4000 	/Library/Java/JavaVirtualMachines/adoptopenjdk-11.jdk/Contents/Home/lib/server/libjvm.dylib
0x000000010cda8000 	/Library/Java/JavaVirtualMachines/adoptopenjdk-11.jdk/Contents/Home/lib/libverify.dylib
0x000000010cdcd000 	/Library/Java/JavaVirtualMachines/adoptopenjdk-11.jdk/Contents/Home/lib/libjava.dylib
0x000000010cd3a000 	/Library/Java/JavaVirtualMachines/adoptopenjdk-11.jdk/Contents/Home/lib/libjimage.dylib
0x000000010ce80000 	/Library/Java/JavaVirtualMachines/adoptopenjdk-11.jdk/Contents/Home/lib/libzip.dylib
0x0000000134985000 	/Library/Java/JavaVirtualMachines/adoptopenjdk-11.jdk/Contents/Home/lib/libnio.dylib
0x00000001349ca000 	/Library/Java/JavaVirtualMachines/adoptopenjdk-11.jdk/Contents/Home/lib/libnet.dylib
0x0000000134a59000 	/Library/Java/JavaVirtualMachines/adoptopenjdk-11.jdk/Contents/Home/lib/libextnet.dylib
0x0000000134aac000 	/Library/Java/JavaVirtualMachines/adoptopenjdk-11.jdk/Contents/Home/lib/libsunec.dylib
0x000000010da6c000 	/Library/Java/JavaVirtualMachines/adoptopenjdk-11.jdk/Contents/Home/lib/libprefs.dylib
0x0000000135e13000 	/Library/Java/JavaVirtualMachines/adoptopenjdk-11.jdk/Contents/Home/lib/libawt.dylib
0x0000000135f58000 	/Library/Java/JavaVirtualMachines/adoptopenjdk-11.jdk/Contents/Home/lib/libmlib_image.dylib
0x00007ffa3afd4000 	/System/Library/Frameworks/JavaNativeFoundation.framework/Versions/A/JavaNativeFoundation
0x00007ffa3afe0000 	/System/Library/Frameworks/JavaRuntimeSupport.framework/Versions/A/JavaRuntimeSupport
0x00007ff9224f7000 	/System/Library/Frameworks/Carbon.framework/Versions/A/Carbon
0x00007ff830780000 	/System/Library/PrivateFrameworks/CoreSymbolication.framework/Versions/A/CoreSymbolication
0x00007ff835ce2000 	/System/Library/Frameworks/Carbon.framework/Versions/A/Frameworks/CommonPanels.framework/Versions/A/CommonPanels
0x00007ff831db4000 	/System/Library/Frameworks/Carbon.framework/Versions/A/Frameworks/Help.framework/Versions/A/Help
0x00007ff835ce6000 	/System/Library/Frameworks/Carbon.framework/Versions/A/Frameworks/ImageCapture.framework/Versions/A/ImageCapture
0x00007ff835cb6000 	/System/Library/Frameworks/Carbon.framework/Versions/A/Frameworks/OpenScripting.framework/Versions/A/OpenScripting
0x00007ff835cde000 	/System/Library/Frameworks/Carbon.framework/Versions/A/Frameworks/Ink.framework/Versions/A/Ink
0x00007ff9224f3000 	/System/Library/Frameworks/Carbon.framework/Versions/A/Frameworks/Print.framework/Versions/A/Print
0x00007ff835cda000 	/System/Library/Frameworks/Carbon.framework/Versions/A/Frameworks/SecurityHI.framework/Versions/A/SecurityHI
0x00007ff830745000 	/System/Library/PrivateFrameworks/DebugSymbols.framework/Versions/A/DebugSymbols
0x00000001360ed000 	/Library/Java/JavaVirtualMachines/adoptopenjdk-11.jdk/Contents/Home/lib/libawt_lwawt.dylib
0x0000000135dbf000 	/Library/Java/JavaVirtualMachines/adoptopenjdk-11.jdk/Contents/Home/lib/libosxapp.dylib
0x00007ff9217c9000 	/System/Library/Frameworks/ExceptionHandling.framework/Versions/A/ExceptionHandling
0x00000001360a1000 	/Library/Java/JavaVirtualMachines/adoptopenjdk-11.jdk/Contents/Home/lib/libfontmanager.dylib
0x0000000136556000 	/Library/Java/JavaVirtualMachines/adoptopenjdk-11.jdk/Contents/Home/lib/libharfbuzz.dylib
0x000000013676c000 	/Library/Java/JavaVirtualMachines/adoptopenjdk-11.jdk/Contents/Home/lib/libfreetype.dylib
0x00007ff81f8ee000 	/System/Library/PrivateFrameworks/CoreServicesInternal.framework/Versions/A/CoreServicesInternal
0x00007ff82faf7000 	/System/Library/Frameworks/FileProvider.framework/Versions/A/FileProvider
0x00007ff8235fa000 	/System/Library/Frameworks/Accounts.framework/Versions/A/Accounts
0x00007ff82fc70000 	/System/Library/PrivateFrameworks/GenerationalStorage.framework/Versions/A/GenerationalStorage
0x00007ff82f4fb000 	/System/Library/PrivateFrameworks/SymptomDiagnosticReporter.framework/Versions/A/SymptomDiagnosticReporter
0x00007ff820bad000 	/System/Library/PrivateFrameworks/DesktopServicesPriv.framework/Versions/A/DesktopServicesPriv
0x00007ff81fa2d000 	/usr/lib/libsandbox.1.dylib
0x00007ff824e09000 	/System/Library/PrivateFrameworks/UserManagement.framework/Versions/A/UserManagement
0x00007ff82b466000 	/System/Library/PrivateFrameworks/NetAuth.framework/Versions/A/NetAuth
0x00007ff82c375000 	/System/Library/PrivateFrameworks/Sharing.framework/Versions/A/Sharing
0x00007ff824ddc000 	/System/Library/PrivateFrameworks/login.framework/Versions/A/Frameworks/loginsupport.framework/Versions/A/loginsupport
0x00007ff8318e3000 	/System/Library/PrivateFrameworks/Apple80211.framework/Versions/A/Apple80211
0x00007ff827f60000 	/System/Library/PrivateFrameworks/AuthKit.framework/Versions/A/AuthKit
0x00007ff8275b5000 	/System/Library/PrivateFrameworks/CoreUtils.framework/Versions/A/CoreUtils
0x00007ff8274dc000 	/System/Library/Frameworks/CoreWLAN.framework/Versions/A/CoreWLAN
0x00007ff82c4d4000 	/System/Library/Frameworks/IOBluetooth.framework/Versions/A/IOBluetooth
0x00007ff83194b000 	/System/Library/PrivateFrameworks/CoreWiFi.framework/Versions/A/CoreWiFi
0x00007ff83031a000 	/System/Library/PrivateFrameworks/FrontBoardServices.framework/Versions/A/FrontBoardServices
0x00007ff8303ab000 	/System/Library/PrivateFrameworks/BoardServices.framework/Versions/A/BoardServices
0x00007ff8277c4000 	/System/Library/PrivateFrameworks/AssertionServices.framework/Versions/A/AssertionServices
0x00007ff831ace000 	/System/Library/PrivateFrameworks/BackBoardServices.framework/Versions/A/BackBoardServices
0x00007ff82b8c0000 	/System/Library/PrivateFrameworks/CorePhoneNumbers.framework/Versions/A/CorePhoneNumbers
0x00007ff82b184000 	/System/Library/PrivateFrameworks/MultiverseSupport.framework/Versions/A/MultiverseSupport
0x00007ff831d41000 	/System/Library/PrivateFrameworks/RemoteServiceDiscovery.framework/Versions/A/RemoteServiceDiscovery
0x00007ff82f618000 	/System/Library/PrivateFrameworks/DiskManagement.framework/Versions/A/DiskManagement
0x00007ff82f52c000 	/System/Library/PrivateFrameworks/AppleIDAuthSupport.framework/Versions/A/AppleIDAuthSupport
0x00007ffb1d1eb000 	/System/Library/PrivateFrameworks/AAAFoundation.framework/Versions/A/AAAFoundation
0x00007ff82b8a1000 	/System/Library/PrivateFrameworks/KeychainCircle.framework/Versions/A/KeychainCircle
0x00007ff831d51000 	/System/Library/PrivateFrameworks/RemoteXPC.framework/Versions/A/RemoteXPC
0x00007ff82f5e4000 	/System/Library/PrivateFrameworks/MediaKit.framework/Versions/A/MediaKit
0x00007ff82f538000 	/System/Library/Frameworks/DiscRecording.framework/Versions/A/DiscRecording
0x00007ff828e7e000 	/usr/lib/libCoreStorage.dylib
0x00007ff831dbc000 	/usr/lib/libcsfde.dylib
0x00007ff82c5a1000 	/System/Library/PrivateFrameworks/ProtectedCloudStorage.framework/Versions/A/ProtectedCloudStorage
0x00007ff831db8000 	/System/Library/PrivateFrameworks/EFILogin.framework/Versions/A/EFILogin
0x00007ff82fc96000 	/System/Library/PrivateFrameworks/OctagonTrust.framework/Versions/A/OctagonTrust
0x00007ffb21ab7000 	/System/Library/PrivateFrameworks/CoreUtilsExtras.framework/Versions/A/CoreUtilsExtras
0x00007ff82f45f000 	/System/Library/Frameworks/CoreBluetooth.framework/Versions/A/CoreBluetooth
0x00007ff83244b000 	/System/Library/Frameworks/AudioUnit.framework/Versions/A/AudioUnit
0x00007ff828e76000 	/usr/lib/libMatch.1.dylib
0x00007ff92a265000 	/System/Library/CoreServices/RawCamera.bundle/Contents/MacOS/RawCamera
0x00007ff82b83f000 	/System/Library/PrivateFrameworks/MobileAsset.framework/Versions/A/MobileAsset
0x00007ff832472000 	/System/Library/PrivateFrameworks/StreamingZip.framework/Versions/A/StreamingZip
0x00007ffb1edab000 	/System/Library/PrivateFrameworks/CMPhoto.framework/Versions/A/CMPhoto
0x00007ff83061b000 	/System/Library/PrivateFrameworks/AppleVPA.framework/Versions/A/AppleVPA
0x00007ff82a221000 	/System/Library/Frameworks/MediaToolbox.framework/Versions/A/MediaToolbox
0x00007ff82fac7000 	/System/Library/PrivateFrameworks/CoreAVCHD.framework/Versions/A/CoreAVCHD
0x00007ff82e99c000 	/System/Library/Frameworks/MediaAccessibility.framework/Versions/A/MediaAccessibility
0x00007ff82fac3000 	/System/Library/PrivateFrameworks/Mangrove.framework/Versions/A/Mangrove
0x00007ff82e9a7000 	/System/Library/PrivateFrameworks/AlgosScoreFramework.framework/Versions/A/AlgosScoreFramework
0x00007ff82f708000 	/System/Library/PrivateFrameworks/CoreAUC.framework/Versions/A/CoreAUC
0x00007ff927a8f000 	/System/Library/Frameworks/Accelerate.framework/Versions/A/Frameworks/vImage.framework/Versions/A/Libraries/libCGInterfaces.dylib
0x0000000138c45000 	/usr/lib/libobjc-trampolines.dylib
0x00007ff824b01000 	/System/Library/PrivateFrameworks/ViewBridge.framework/Versions/A/ViewBridge
0x00007ff8295cc000 	/System/Library/PrivateFrameworks/login.framework/Versions/A/login
0x00007ffb35314000 	/usr/lib/libRosetta.dylib


VM Arguments:
jvm_args: -Xmx4G -da -Djava.library.path=./lib -Djava.system.class.loader=org.processmining.framework.util.ProMClassLoader -Djava.util.Arrays.useLegacyMergeSort=true 
java_command: org.processmining.contexts.uitopia.UI
java_class_path (initial): ./dist/ProM-Framework-6.11.121.jar:./dist/ProM-Contexts-6.11.67.jar:./dist/ProM-Models-6.10.43.jar:./dist/ProM-Plugins-6.9.75.jar:./lib/Spex-1.1.jar:./lib/TableLayout-20050920.jar:./lib/UITopiaResources-0.6-20190913.jar:./lib/Uitopia-0.6-20190913.jar:./lib/bsh-2.0b4.jar:./lib/commons-compress-1.13.jar:./lib/commons-logging-1.1.3.jar:./lib/google-analytics-java-1.1.2.jar:./lib/guava-16.0.1.jar:./lib/httpclient-4.5.3.jar:./lib/httpcore-4.4.6.jar:./lib/jargs-latest.jar:./lib/jgraph-5.13.0.4.jar:./lib/junit-4.12.jar:./lib/log4j-api-2.8.1.jar:./lib/log4j-core-2.8.1.jar:./lib/log4j-slf4j-impl-2.8.1.jar:./lib/slf4j-api-1.7.25.jar:./lib/slickerbox-1.0rc1.jar
Launcher Type: SUN_STANDARD

[Global flags]
     intx CICompilerCount                          = 4                                         {product} {ergonomic}
     uint ConcGCThreads                            = 2                                         {product} {ergonomic}
     uint G1ConcRefinementThreads                  = 8                                         {product} {ergonomic}
   size_t G1HeapRegionSize                         = 1048576                                   {product} {ergonomic}
    uintx GCDrainStackTargetSize                   = 64                                        {product} {ergonomic}
   size_t InitialHeapSize                          = 134217728                                 {product} {ergonomic}
   size_t MarkStackSize                            = 4194304                                   {product} {ergonomic}
   size_t MaxHeapSize                              = 4294967296                                {product} {command line}
   size_t MaxNewSize                               = 2576351232                                {product} {ergonomic}
   size_t MinHeapDeltaBytes                        = 1048576                                   {product} {ergonomic}
    uintx NonNMethodCodeHeapSize                   = 5836300                                {pd product} {ergonomic}
    uintx NonProfiledCodeHeapSize                  = 122910970                              {pd product} {ergonomic}
    uintx ProfiledCodeHeapSize                     = 122910970                              {pd product} {ergonomic}
    uintx ReservedCodeCacheSize                    = 251658240                              {pd product} {ergonomic}
     bool SegmentedCodeCache                       = true                                      {product} {ergonomic}
     bool UseCompressedClassPointers               = true                                 {lp64_product} {ergonomic}
     bool UseCompressedOops                        = true                                 {lp64_product} {ergonomic}
     bool UseG1GC                                  = true                                      {product} {ergonomic}

Logging:
Log output configuration:
 #0: stdout all=warning uptime,level,tags
 #1: stderr all=off uptime,level,tags

Environment Variables:
PATH=/Library/Frameworks/Python.framework/Versions/3.9/bin:/Library/Frameworks/Python.framework/Versions/3.10/bin:/opt/homebrew/bin:/opt/homebrew/sbin:/usr/local/bin:/usr/bin:/bin:/usr/sbin:/sbin:/Library/Apple/usr/bin
SHELL=/bin/zsh
LC_CTYPE=UTF-8

Signal Handlers:
SIGSEGV: [libjvm.dylib+0x7bc7ea], sa_mask[0]=11111111111111111111111111111111, sa_flags=SA_ONSTACK|SA_RESTART|SA_SIGINFO
SIGBUS: [libjvm.dylib+0x7bc7ea], sa_mask[0]=11111111111111111111111111111111, sa_flags=SA_RESTART|SA_SIGINFO
SIGFPE: [libjvm.dylib+0x7bc7ea], sa_mask[0]=11111111111111111111111111111111, sa_flags=SA_RESTART|SA_SIGINFO
SIGPIPE: [libjvm.dylib+0x62226b], sa_mask[0]=11111111111111111111111111111111, sa_flags=SA_RESTART|SA_SIGINFO
SIGXFSZ: [libjvm.dylib+0x62226b], sa_mask[0]=11111111111111111111111111111111, sa_flags=SA_RESTART|SA_SIGINFO
SIGILL: [libjvm.dylib+0x7bc7ea], sa_mask[0]=11111111111111111111111111111111, sa_flags=SA_RESTART|SA_SIGINFO
SIGUSR2: [libjvm.dylib+0x622853], sa_mask[0]=00000000000000000000000000000000, sa_flags=SA_RESTART|SA_SIGINFO
SIGHUP: [libjvm.dylib+0x6213f1], sa_mask[0]=11111111111111111111111111111111, sa_flags=SA_RESTART|SA_SIGINFO
SIGINT: [libjvm.dylib+0x6213f1], sa_mask[0]=11111111111111111111111111111111, sa_flags=SA_RESTART|SA_SIGINFO
SIGTERM: [libjvm.dylib+0x6213f1], sa_mask[0]=11111111111111111111111111111111, sa_flags=SA_RESTART|SA_SIGINFO
SIGQUIT: [libjvm.dylib+0x6213f1], sa_mask[0]=11111111111111111111111111111111, sa_flags=SA_RESTART|SA_SIGINFO


---------------  S Y S T E M  ---------------

OS:uname:Darwin 21.5.0 Darwin Kernel Version 21.5.0: Tue Apr 26 21:08:29 PDT 2022; root:xnu-8020.121.3~4/RELEASE_ARM64_T8101 x86_64
OS uptime: 1 days 21:06 hours
rlimit (soft/hard): STACK 8176k/65520k , CORE 0k/infinity , NPROC 1333/2000 , NOFILE 10240/infinity , AS infinity/infinity , CPU infinity/infinity , DATA infinity/infinity , FSIZE infinity/infinity , MEMLOCK infinity/infinity , RSS infinity/infinity
load average:1.86 2.01 2.22

CPU:total 8 (initial active 8) (1 cores per cpu, 1 threads per core) family 6 model 44 stepping 0 microcode 0x0, cmov, cx8, fxsr, mmx, sse, sse2, sse3, ssse3, sse4.1, sse4.2, popcnt, aes, clmul, tsc, tscinvbit, tscinv

Memory: 4k page, physical 8388608k(593740k free), swap 1048576k(806144k free)

vm_info: OpenJDK 64-Bit Server VM (11.0.11+9) for bsd-amd64 JRE (11.0.11+9), built on Apr 20 2021 22:06:18 by "jenkins" with gcc 4.2.1 Compatible Apple LLVM 10.0.1 (clang-1001.0.46.4)

END.
